load data..
vectorize data..
Vocab size: 32664199
['F' 'M']
Classifier accuracy train: 100.00
===== dev set ====
Classifier: 50.47
             precision    recall  f1-score   support

          F     0.8333    0.0118    0.0232       425
          M     0.5024    0.9976    0.6682       425

avg / total     0.6679    0.5047    0.3457       850

weighted f1: 34.6
accuracy: 50.5
===
first instance
Majority weighted F1: 33.33 acc: 50.00
n_gram 1-2
embeds None
analyze_features None
rm_uu False
C 1
only_mean False
pred False
test data/EN-data-200tweets.json.balanced
show_instance False
tf_idf False
c_n_gram 3-6
data data_4-1/4lang-data-200tweets.json.balanced.EN
folds 10
