load data..
vectorize data..
Vocab size: 19743833
['F' 'M']
Classifier accuracy train: 100.00
===== dev set ====
Classifier: 63.51
             precision    recall  f1-score   support

          F     0.8190    0.3469    0.4874      4056
          M     0.5857    0.9233    0.7167      4056

avg / total     0.7023    0.6351    0.6021      8112

weighted f1: 60.2
accuracy: 63.5
===
first instance
Majority weighted F1: 33.33 acc: 50.00
folds 10
embeds None
pred False
tf_idf False
test data/ES-data-200tweets.json.balanced
show_instance False
analyze_features None
only_mean False
C 1
n_gram 1-2
rm_uu False
data data_4-1/4lang-data-200tweets.json.balanced.ES
c_n_gram 3-6
