load data..
vectorize data..
Vocab size: 22072195
['F' 'M']
Classifier accuracy train: 98.79
===== dev set ====
Classifier: 65.38
             precision    recall  f1-score   support

          F     0.6213    0.7877    0.6947       504
          M     0.7100    0.5198    0.6002       504

avg / total     0.6657    0.6538    0.6474      1008

weighted f1: 64.7
accuracy: 65.4
===
first instance
Majority weighted F1: 33.33 acc: 50.00
vectorize data..
Vocab size: 22072195
['F' 'M']
(22072195, (-0.035758635159436926, 0.020440232336063086), -3.292641022939586e-07, 5.2555547365319145e-08, -0.8959523661271221, 528.1582855045217)
['F' 'M']
data data_4-1/4lang-data-200tweets.json.balanced.FR.comb
c_n_gram 0
only_mean False
n_gram 5
show_instance False
C 1
analyze_features runs/3.4-1//FR.comb.feats
folds 10
test data/FR-data-200tweets.json.balanced.comb
tf_idf False
rm_uu False
embeds None
pred False
