load data..
vectorize data..
Vocab size: 32253059
['F' 'M']
Classifier accuracy train: 100.00
===== dev set ====
Classifier: 50.00
             precision    recall  f1-score   support

          F     0.5000    0.0022    0.0045       447
          M     0.5000    0.9978    0.6662       447

avg / total     0.5000    0.5000    0.3353       894

weighted f1: 33.5
accuracy: 50.0
===
first instance
Majority weighted F1: 33.33 acc: 50.00
vectorize data..
Vocab size: 32253059
['F' 'M']
(32253059, (-0.02091375149148179, 0.01643698042480854), -6.230966603338126e-08, 4.361185983698063e-09, -1.0446808111472041, 1133.2576561709382)
['F' 'M']
c_n_gram 3-6
data data_4-1/4lang-data-200tweets.json.balanced.NL
pred False
embeds None
rm_uu False
analyze_features runs/3.4-1//NL.feats
C 1
folds 10
show_instance False
tf_idf False
only_mean False
test data/NL-data-200tweets.json.balanced
n_gram 1-2
