load data..
vectorize data..
Vocab size: 29020862
['F' 'M']
Classifier accuracy train: 100.00
===== dev set ====
Classifier: 63.76
             precision    recall  f1-score   support

          F     0.8768    0.3203    0.4692      1533
          M     0.5842    0.9550    0.7249      1533

avg / total     0.7305    0.6376    0.5971      3066

weighted f1: 59.7
accuracy: 63.8
===
first instance
Majority weighted F1: 33.33 acc: 50.00
pred False
analyze_features None
folds 10
test data/PT-data-200tweets.json.balanced
data data_4-1/4lang-data-200tweets.json.balanced.PT
only_mean False
embeds None
C 1
n_gram 1-2
show_instance False
rm_uu False
c_n_gram 3-6
tf_idf False
