load data..
vectorize data..
Vocab size: 3077132
['F' 'M']
Classifier accuracy train: 91.36
===== dev set ====
Classifier: 60.47
             precision    recall  f1-score   support

          F     0.5738    0.8140    0.6731        43
          M     0.6800    0.3953    0.5000        43

avg / total     0.6269    0.6047    0.5865        86

weighted f1: 58.7
['F' 'M']
Classifier accuracy train: 89.40
===== dev set ====
Classifier: 66.28
             precision    recall  f1-score   support

          F     0.7917    0.4419    0.5672        43
          M     0.6129    0.8837    0.7238        43

avg / total     0.7023    0.6628    0.6455        86

weighted f1: 64.5
['F' 'M']
Classifier accuracy train: 95.68
===== dev set ====
Classifier: 72.09
             precision    recall  f1-score   support

          F     0.7021    0.7674    0.7333        43
          M     0.7436    0.6744    0.7073        43

avg / total     0.7229    0.7209    0.7203        86

weighted f1: 72.0
['F' 'M']
Classifier accuracy train: 90.97
===== dev set ====
Classifier: 67.44
             precision    recall  f1-score   support

          F     0.6154    0.9302    0.7407        43
          M     0.8571    0.4186    0.5625        43

avg / total     0.7363    0.6744    0.6516        86

weighted f1: 65.2
['F' 'M']
Classifier accuracy train: 95.16
===== dev set ====
Classifier: 65.12
             precision    recall  f1-score   support

          F     0.6857    0.5581    0.6154        43
          M     0.6275    0.7442    0.6809        43

avg / total     0.6566    0.6512    0.6481        86

weighted f1: 64.8
['F' 'M']
Classifier accuracy train: 91.91
===== dev set ====
Classifier: 58.33
             precision    recall  f1-score   support

          F     0.5614    0.7619    0.6465        42
          M     0.6296    0.4048    0.4928        42

avg / total     0.5955    0.5833    0.5696        84

weighted f1: 57.0
['F' 'M']
Classifier accuracy train: 80.16
===== dev set ====
Classifier: 61.90
             precision    recall  f1-score   support

          F     0.8125    0.3095    0.4483        42
          M     0.5735    0.9286    0.7091        42

avg / total     0.6930    0.6190    0.5787        84

weighted f1: 57.9
['F' 'M']
Classifier accuracy train: 90.21
===== dev set ====
Classifier: 64.29
             precision    recall  f1-score   support

          F     0.6071    0.8095    0.6939        42
          M     0.7143    0.4762    0.5714        42

avg / total     0.6607    0.6429    0.6327        84

weighted f1: 63.3
['F' 'M']
Classifier accuracy train: 96.08
===== dev set ====
Classifier: 61.90
             precision    recall  f1-score   support

          F     0.6000    0.7143    0.6522        42
          M     0.6471    0.5238    0.5789        42

avg / total     0.6235    0.6190    0.6156        84

weighted f1: 61.6
['F' 'M']
Classifier accuracy train: 94.39
===== dev set ====
Classifier: 71.43
             precision    recall  f1-score   support

          F     0.8750    0.5000    0.6364        42
          M     0.6500    0.9286    0.7647        42

avg / total     0.7625    0.7143    0.7005        84

weighted f1: 70.1
==================================
mean f1: 63.49 (4.72)
mean acc: 64.93 (4.29)
===
first instance
Majority weighted F1: 33.33 acc: 50.00
show_instance False
tf_idf False
analyze_features None
folds 10
C 1
c_n_gram 0
data data/EN-data-200tweets.json.balanced.comb
test None
n_gram 1-4
only_mean False
pred False
rm_uu False
embeds None
