load data..
vectorize data..
Vocab size: 5320325
['F' 'M']
Classifier accuracy train: 91.10
===== dev set ====
Classifier: 60.47
             precision    recall  f1-score   support

          F     0.5714    0.8372    0.6792        43
          M     0.6957    0.3721    0.4848        43

avg / total     0.6335    0.6047    0.5820        86

weighted f1: 58.2
['F' 'M']
Classifier accuracy train: 97.51
===== dev set ====
Classifier: 70.93
             precision    recall  f1-score   support

          F     0.6875    0.7674    0.7253        43
          M     0.7368    0.6512    0.6914        43

avg / total     0.7122    0.7093    0.7083        86

weighted f1: 70.8
['F' 'M']
Classifier accuracy train: 94.11
===== dev set ====
Classifier: 68.60
             precision    recall  f1-score   support

          F     0.7500    0.5581    0.6400        43
          M     0.6481    0.8140    0.7216        43

avg / total     0.6991    0.6860    0.6808        86

weighted f1: 68.1
['F' 'M']
Classifier accuracy train: 94.11
===== dev set ====
Classifier: 68.60
             precision    recall  f1-score   support

          F     0.7500    0.5581    0.6400        43
          M     0.6481    0.8140    0.7216        43

avg / total     0.6991    0.6860    0.6808        86

weighted f1: 68.1
['F' 'M']
Classifier accuracy train: 94.76
===== dev set ====
Classifier: 60.47
             precision    recall  f1-score   support

          F     0.6800    0.3953    0.5000        43
          M     0.5738    0.8140    0.6731        43

avg / total     0.6269    0.6047    0.5865        86

weighted f1: 58.7
['F' 'M']
Classifier accuracy train: 98.04
===== dev set ====
Classifier: 58.33
             precision    recall  f1-score   support

          F     0.5714    0.6667    0.6154        42
          M     0.6000    0.5000    0.5455        42

avg / total     0.5857    0.5833    0.5804        84

weighted f1: 58.0
['F' 'M']
Classifier accuracy train: 96.48
===== dev set ====
Classifier: 69.05
             precision    recall  f1-score   support

          F     0.6333    0.9048    0.7451        42
          M     0.8333    0.4762    0.6061        42

avg / total     0.7333    0.6905    0.6756        84

weighted f1: 67.6
['F' 'M']
Classifier accuracy train: 96.34
===== dev set ====
Classifier: 59.52
             precision    recall  f1-score   support

          F     0.5800    0.6905    0.6304        42
          M     0.6176    0.5000    0.5526        42

avg / total     0.5988    0.5952    0.5915        84

weighted f1: 59.2
['F' 'M']
Classifier accuracy train: 90.47
===== dev set ====
Classifier: 59.52
             precision    recall  f1-score   support

          F     0.6538    0.4048    0.5000        42
          M     0.5690    0.7857    0.6600        42

avg / total     0.6114    0.5952    0.5800        84

weighted f1: 58.0
['F' 'M']
Classifier accuracy train: 63.19
===== dev set ====
Classifier: 53.57
             precision    recall  f1-score   support

          F     0.5195    0.9524    0.6723        42
          M     0.7143    0.1190    0.2041        42

avg / total     0.6169    0.5357    0.4382        84

weighted f1: 43.8
==================================
mean f1: 61.04 (7.55)
mean acc: 62.91 (5.57)
===
first instance
Majority weighted F1: 33.33 acc: 50.00
data data/EN-data-200tweets.json.balanced.comb
pred False
analyze_features None
embeds None
C 1
folds 10
show_instance False
only_mean False
tf_idf False
test None
c_n_gram 0
rm_uu False
n_gram 1-5
