load data..
vectorize data..
Vocab size: 306163
['F' 'M']
Classifier accuracy train: 84.42
===== dev set ====
Classifier: 65.12
             precision    recall  f1-score   support

          F     0.7826    0.4186    0.5455        43
          M     0.6032    0.8837    0.7170        43

avg / total     0.6929    0.6512    0.6312        86

weighted f1: 63.1
['F' 'M']
Classifier accuracy train: 79.32
===== dev set ====
Classifier: 62.79
             precision    recall  f1-score   support

          F     0.7895    0.3488    0.4839        43
          M     0.5821    0.9070    0.7091        43

avg / total     0.6858    0.6279    0.5965        86

weighted f1: 59.6
['F' 'M']
Classifier accuracy train: 62.70
===== dev set ====
Classifier: 53.49
             precision    recall  f1-score   support

          F     0.5185    0.9767    0.6774        43
          M     0.8000    0.0930    0.1667        43

avg / total     0.6593    0.5349    0.4220        86

weighted f1: 42.2
['F' 'M']
Classifier accuracy train: 57.07
===== dev set ====
Classifier: 55.81
             precision    recall  f1-score   support

          F     0.8571    0.1395    0.2400        43
          M     0.5316    0.9767    0.6885        43

avg / total     0.6944    0.5581    0.4643        86

weighted f1: 46.4
['F' 'M']
Classifier accuracy train: 92.28
===== dev set ====
Classifier: 63.95
             precision    recall  f1-score   support

          F     0.6364    0.6512    0.6437        43
          M     0.6429    0.6279    0.6353        43

avg / total     0.6396    0.6395    0.6395        86

weighted f1: 63.9
['F' 'M']
Classifier accuracy train: 72.06
===== dev set ====
Classifier: 60.71
             precision    recall  f1-score   support

          F     0.5616    0.9762    0.7130        42
          M     0.9091    0.2381    0.3774        42

avg / total     0.7354    0.6071    0.5452        84

weighted f1: 54.5
['F' 'M']
Classifier accuracy train: 92.04
===== dev set ====
Classifier: 65.48
             precision    recall  f1-score   support

          F     0.6140    0.8333    0.7071        42
          M     0.7407    0.4762    0.5797        42

avg / total     0.6774    0.6548    0.6434        84

weighted f1: 64.3
['F' 'M']
Classifier accuracy train: 92.30
===== dev set ====
Classifier: 61.90
             precision    recall  f1-score   support

          F     0.6316    0.5714    0.6000        42
          M     0.6087    0.6667    0.6364        42

avg / total     0.6201    0.6190    0.6182        84

weighted f1: 61.8
['F' 'M']
Classifier accuracy train: 93.99
===== dev set ====
Classifier: 72.62
             precision    recall  f1-score   support

          F     0.7317    0.7143    0.7229        42
          M     0.7209    0.7381    0.7294        42

avg / total     0.7263    0.7262    0.7262        84

weighted f1: 72.6
['F' 'M']
Classifier accuracy train: 84.07
===== dev set ====
Classifier: 63.10
             precision    recall  f1-score   support

          F     0.8235    0.3333    0.4746        42
          M     0.5821    0.9286    0.7156        42

avg / total     0.7028    0.6310    0.5951        84

weighted f1: 59.5
==================================
mean f1: 58.82 (8.51)
mean acc: 62.50 (5.00)
===
first instance
Majority weighted F1: 33.33 acc: 50.00
C 1
folds 10
rm_uu False
analyze_features None
pred False
tf_idf False
data data/EN-data-200tweets.json.balanced.comb
show_instance False
test None
only_mean False
embeds None
c_n_gram 0
n_gram 2
