load data..
vectorize data..
Vocab size: 1330602
['F' 'M']
Classifier accuracy train: 65.97
===== dev set ====
Classifier: 51.16
             precision    recall  f1-score   support

          F     0.5060    0.9767    0.6667        43
          M     0.6667    0.0465    0.0870        43

avg / total     0.5863    0.5116    0.3768        86

weighted f1: 37.7
['F' 'M']
Classifier accuracy train: 56.02
===== dev set ====
Classifier: 54.65
             precision    recall  f1-score   support

          F     1.0000    0.0930    0.1702        43
          M     0.5244    1.0000    0.6880        43

avg / total     0.7622    0.5465    0.4291        86

weighted f1: 42.9
['F' 'M']
Classifier accuracy train: 92.67
===== dev set ====
Classifier: 76.74
             precision    recall  f1-score   support

          F     0.7347    0.8372    0.7826        43
          M     0.8108    0.6977    0.7500        43

avg / total     0.7728    0.7674    0.7663        86

weighted f1: 76.6
['F' 'M']
Classifier accuracy train: 75.13
===== dev set ====
Classifier: 65.12
             precision    recall  f1-score   support

          F     0.5915    0.9767    0.7368        43
          M     0.9333    0.3256    0.4828        43

avg / total     0.7624    0.6512    0.6098        86

weighted f1: 61.0
['F' 'M']
Classifier accuracy train: 72.64
===== dev set ====
Classifier: 59.30
             precision    recall  f1-score   support

          F     1.0000    0.1860    0.3137        43
          M     0.5513    1.0000    0.7107        43

avg / total     0.7756    0.5930    0.5122        86

weighted f1: 51.2
['F' 'M']
Classifier accuracy train: 93.21
===== dev set ====
Classifier: 59.52
             precision    recall  f1-score   support

          F     0.5800    0.6905    0.6304        42
          M     0.6176    0.5000    0.5526        42

avg / total     0.5988    0.5952    0.5915        84

weighted f1: 59.2
['F' 'M']
Classifier accuracy train: 89.03
===== dev set ====
Classifier: 66.67
             precision    recall  f1-score   support

          F     0.7188    0.5476    0.6216        42
          M     0.6346    0.7857    0.7021        42

avg / total     0.6767    0.6667    0.6619        84

weighted f1: 66.2
['F' 'M']
Classifier accuracy train: 83.16
===== dev set ====
Classifier: 59.52
             precision    recall  f1-score   support

          F     0.5645    0.8333    0.6731        42
          M     0.6818    0.3571    0.4688        42

avg / total     0.6232    0.5952    0.5709        84

weighted f1: 57.1
['F' 'M']
Classifier accuracy train: 92.43
===== dev set ====
Classifier: 66.67
             precision    recall  f1-score   support

          F     0.6750    0.6429    0.6585        42
          M     0.6591    0.6905    0.6744        42

avg / total     0.6670    0.6667    0.6665        84

weighted f1: 66.6
['F' 'M']
Classifier accuracy train: 55.35
===== dev set ====
Classifier: 48.81
             precision    recall  f1-score   support

          F     0.0000    0.0000    0.0000        42
          M     0.4940    0.9762    0.6560        42

avg / total     0.2470    0.4881    0.3280        84

weighted f1: 32.8
==================================
mean f1: 55.13 (13.19)
mean acc: 60.82 (7.88)
===
first instance
Majority weighted F1: 33.33 acc: 50.00
rm_uu False
c_n_gram 0
analyze_features None
folds 10
C 1
pred False
tf_idf False
only_mean False
test None
n_gram 1-3
show_instance False
embeds None
data data/EN-data-200tweets.json.balanced.comb
