load data..
vectorize data..
Vocab size: 348447
['F' 'M']
Classifier accuracy train: 84.03
===== dev set ====
Classifier: 62.79
             precision    recall  f1-score   support

          F     0.5902    0.8372    0.6923        43
          M     0.7200    0.4186    0.5294        43

avg / total     0.6551    0.6279    0.6109        86

weighted f1: 61.1
['F' 'M']
Classifier accuracy train: 84.42
===== dev set ====
Classifier: 70.93
             precision    recall  f1-score   support

          F     0.6731    0.8140    0.7368        43
          M     0.7647    0.6047    0.6753        43

avg / total     0.7189    0.7093    0.7061        86

weighted f1: 70.6
['F' 'M']
Classifier accuracy train: 79.71
===== dev set ====
Classifier: 68.60
             precision    recall  f1-score   support

          F     0.6212    0.9535    0.7523        43
          M     0.9000    0.4186    0.5714        43

avg / total     0.7606    0.6860    0.6619        86

weighted f1: 66.2
['F' 'M']
Classifier accuracy train: 76.31
===== dev set ====
Classifier: 62.79
             precision    recall  f1-score   support

          F     0.7895    0.3488    0.4839        43
          M     0.5821    0.9070    0.7091        43

avg / total     0.6858    0.6279    0.5965        86

weighted f1: 59.6
['F' 'M']
Classifier accuracy train: 84.42
===== dev set ====
Classifier: 60.47
             precision    recall  f1-score   support

          F     0.6957    0.3721    0.4848        43
          M     0.5714    0.8372    0.6792        43

avg / total     0.6335    0.6047    0.5820        86

weighted f1: 58.2
['F' 'M']
Classifier accuracy train: 59.53
===== dev set ====
Classifier: 50.00
             precision    recall  f1-score   support

          F     0.5000    0.0952    0.1600        42
          M     0.5000    0.9048    0.6441        42

avg / total     0.5000    0.5000    0.4020        84

weighted f1: 40.2
['F' 'M']
Classifier accuracy train: 88.25
===== dev set ====
Classifier: 70.24
             precision    recall  f1-score   support

          F     0.6667    0.8095    0.7312        42
          M     0.7576    0.5952    0.6667        42

avg / total     0.7121    0.7024    0.6989        84

weighted f1: 69.9
['F' 'M']
Classifier accuracy train: 77.68
===== dev set ====
Classifier: 58.33
             precision    recall  f1-score   support

          F     0.6400    0.3810    0.4776        42
          M     0.5593    0.7857    0.6535        42

avg / total     0.5997    0.5833    0.5655        84

weighted f1: 56.6
['F' 'M']
Classifier accuracy train: 89.16
===== dev set ====
Classifier: 66.67
             precision    recall  f1-score   support

          F     0.6522    0.7143    0.6818        42
          M     0.6842    0.6190    0.6500        42

avg / total     0.6682    0.6667    0.6659        84

weighted f1: 66.6
['F' 'M']
Classifier accuracy train: 60.18
===== dev set ====
Classifier: 55.95
             precision    recall  f1-score   support

          F     0.5333    0.9524    0.6838        42
          M     0.7778    0.1667    0.2745        42

avg / total     0.6556    0.5595    0.4791        84

weighted f1: 47.9
==================================
mean f1: 59.69 (9.20)
mean acc: 62.68 (6.37)
===
first instance
Majority weighted F1: 33.33 acc: 50.00
n_gram 1-2
rm_uu False
only_mean False
folds 10
test None
C 1
embeds None
data data/EN-data-200tweets.json.balanced.comb
c_n_gram 0
pred False
tf_idf False
show_instance False
analyze_features None
