load data..
vectorize data..
Vocab size: 2707
['F' 'M']
Classifier accuracy train: 58.90
===== dev set ====
Classifier: 52.33
             precision    recall  f1-score   support

          F     0.7500    0.0698    0.1277        43
          M     0.5122    0.9767    0.6720        43

avg / total     0.6311    0.5233    0.3998        86

weighted f1: 40.0
['F' 'M']
Classifier accuracy train: 56.54
===== dev set ====
Classifier: 52.33
             precision    recall  f1-score   support

          F     0.5128    0.9302    0.6612        43
          M     0.6250    0.1163    0.1961        43

avg / total     0.5689    0.5233    0.4286        86

weighted f1: 42.9
['F' 'M']
Classifier accuracy train: 73.30
===== dev set ====
Classifier: 53.49
             precision    recall  f1-score   support

          F     0.5882    0.2326    0.3333        43
          M     0.5217    0.8372    0.6429        43

avg / total     0.5550    0.5349    0.4881        86

weighted f1: 48.8
['F' 'M']
Classifier accuracy train: 53.27
===== dev set ====
Classifier: 52.33
             precision    recall  f1-score   support

          F     0.7500    0.0698    0.1277        43
          M     0.5122    0.9767    0.6720        43

avg / total     0.6311    0.5233    0.3998        86

weighted f1: 40.0
['F' 'M']
Classifier accuracy train: 84.55
===== dev set ====
Classifier: 55.81
             precision    recall  f1-score   support

          F     0.6000    0.3488    0.4412        43
          M     0.5410    0.7674    0.6346        43

avg / total     0.5705    0.5581    0.5379        86

weighted f1: 53.8
['F' 'M']
Classifier accuracy train: 81.46
===== dev set ====
Classifier: 55.95
             precision    recall  f1-score   support

          F     0.6190    0.3095    0.4127        42
          M     0.5397    0.8095    0.6476        42

avg / total     0.5794    0.5595    0.5302        84

weighted f1: 53.0
['F' 'M']
Classifier accuracy train: 89.82
===== dev set ====
Classifier: 64.29
             precision    recall  f1-score   support

          F     0.6875    0.5238    0.5946        42
          M     0.6154    0.7619    0.6809        42

avg / total     0.6514    0.6429    0.6377        84

weighted f1: 63.8
['F' 'M']
Classifier accuracy train: 90.08
===== dev set ====
Classifier: 61.90
             precision    recall  f1-score   support

          F     0.6562    0.5000    0.5676        42
          M     0.5962    0.7381    0.6596        42

avg / total     0.6262    0.6190    0.6136        84

weighted f1: 61.4
['F' 'M']
Classifier accuracy train: 75.46
===== dev set ====
Classifier: 59.52
             precision    recall  f1-score   support

          F     0.5588    0.9048    0.6909        42
          M     0.7500    0.2857    0.4138        42

avg / total     0.6544    0.5952    0.5524        84

weighted f1: 55.2
['F' 'M']
Classifier accuracy train: 92.43
===== dev set ====
Classifier: 58.33
             precision    recall  f1-score   support

          F     0.6207    0.4286    0.5070        42
          M     0.5636    0.7381    0.6392        42

avg / total     0.5922    0.5833    0.5731        84

weighted f1: 57.3
==================================
mean f1: 51.61 (8.06)
mean acc: 56.63 (4.05)
===
first instance
Majority weighted F1: 33.33 acc: 50.00
only_mean False
analyze_features None
tf_idf False
n_gram 1-4
rm_uu False
show_instance False
data data/EN-data-200tweets.json.balanced.frequency
pred False
test None
C 1
embeds None
folds 10
c_n_gram 0
