load data..
vectorize data..
Vocab size: 50111
['F' 'M']
Classifier accuracy train: 100.00
===== dev set ====
Classifier: 54.65
             precision    recall  f1-score   support

          F     0.5435    0.5814    0.5618        43
          M     0.5500    0.5116    0.5301        43

avg / total     0.5467    0.5465    0.5460        86

weighted f1: 54.6
['F' 'M']
Classifier accuracy train: 100.00
===== dev set ====
Classifier: 56.98
             precision    recall  f1-score   support

          F     0.5682    0.5814    0.5747        43
          M     0.5714    0.5581    0.5647        43

avg / total     0.5698    0.5698    0.5697        86

weighted f1: 57.0
['F' 'M']
Classifier accuracy train: 100.00
===== dev set ====
Classifier: 51.16
             precision    recall  f1-score   support

          F     0.5143    0.4186    0.4615        43
          M     0.5098    0.6047    0.5532        43

avg / total     0.5120    0.5116    0.5074        86

weighted f1: 50.7
['F' 'M']
Classifier accuracy train: 100.00
===== dev set ====
Classifier: 59.30
             precision    recall  f1-score   support

          F     0.6000    0.5581    0.5783        43
          M     0.5870    0.6279    0.6067        43

avg / total     0.5935    0.5930    0.5925        86

weighted f1: 59.3
['F' 'M']
Classifier accuracy train: 100.00
===== dev set ====
Classifier: 65.12
             precision    recall  f1-score   support

          F     0.6383    0.6977    0.6667        43
          M     0.6667    0.6047    0.6341        43

avg / total     0.6525    0.6512    0.6504        86

weighted f1: 65.0
['F' 'M']
Classifier accuracy train: 100.00
===== dev set ====
Classifier: 50.00
             precision    recall  f1-score   support

          F     0.5000    0.5238    0.5116        42
          M     0.5000    0.4762    0.4878        42

avg / total     0.5000    0.5000    0.4997        84

weighted f1: 50.0
['F' 'M']
Classifier accuracy train: 100.00
===== dev set ====
Classifier: 52.38
             precision    recall  f1-score   support

          F     0.5208    0.5952    0.5556        42
          M     0.5278    0.4524    0.4872        42

avg / total     0.5243    0.5238    0.5214        84

weighted f1: 52.1
['F' 'M']
Classifier accuracy train: 100.00
===== dev set ====
Classifier: 60.71
             precision    recall  f1-score   support

          F     0.6286    0.5238    0.5714        42
          M     0.5918    0.6905    0.6374        42

avg / total     0.6102    0.6071    0.6044        84

weighted f1: 60.4
['F' 'M']
Classifier accuracy train: 100.00
===== dev set ====
Classifier: 57.14
             precision    recall  f1-score   support

          F     0.5714    0.5714    0.5714        42
          M     0.5714    0.5714    0.5714        42

avg / total     0.5714    0.5714    0.5714        84

weighted f1: 57.1
['F' 'M']
Classifier accuracy train: 100.00
===== dev set ====
Classifier: 55.95
             precision    recall  f1-score   support

          F     0.5610    0.5476    0.5542        42
          M     0.5581    0.5714    0.5647        42

avg / total     0.5596    0.5595    0.5595        84

weighted f1: 55.9
==================================
mean f1: 56.22 (4.41)
mean acc: 56.34 (4.38)
===
first instance
Majority weighted F1: 33.33 acc: 50.00
data data/EN-data-200tweets.json.balanced.frequency
analyze_features None
embeds None
tf_idf False
show_instance False
n_gram 6
folds 10
C 1
only_mean False
pred False
test None
rm_uu False
c_n_gram 0
