load data..
vectorize data..
Vocab size: 56
['F' 'M']
Classifier accuracy train: 55.24
===== dev set ====
Classifier: 48.84
             precision    recall  f1-score   support

          F     0.4286    0.0698    0.1200        43
          M     0.4937    0.9070    0.6393        43

avg / total     0.4611    0.4884    0.3797        86

weighted f1: 38.0
['F' 'M']
Classifier accuracy train: 58.25
===== dev set ====
Classifier: 50.00
             precision    recall  f1-score   support

          F     0.5000    0.1628    0.2456        43
          M     0.5000    0.8372    0.6261        43

avg / total     0.5000    0.5000    0.4359        86

weighted f1: 43.6
['F' 'M']
Classifier accuracy train: 51.18
===== dev set ====
Classifier: 53.49
             precision    recall  f1-score   support

          F     0.5181    1.0000    0.6825        43
          M     1.0000    0.0698    0.1304        43

avg / total     0.7590    0.5349    0.4065        86

weighted f1: 40.6
['F' 'M']
Classifier accuracy train: 53.93
===== dev set ====
Classifier: 54.65
             precision    recall  f1-score   support

          F     0.5256    0.9535    0.6777        43
          M     0.7500    0.1395    0.2353        43

avg / total     0.6378    0.5465    0.4565        86

weighted f1: 45.6
['F' 'M']
Classifier accuracy train: 51.57
===== dev set ====
Classifier: 50.00
             precision    recall  f1-score   support

          F     0.5000    0.0465    0.0851        43
          M     0.5000    0.9535    0.6560        43

avg / total     0.5000    0.5000    0.3706        86

weighted f1: 37.1
['F' 'M']
Classifier accuracy train: 50.13
===== dev set ====
Classifier: 50.00
             precision    recall  f1-score   support

          F     0.0000    0.0000    0.0000        42
          M     0.5000    1.0000    0.6667        42

avg / total     0.2500    0.5000    0.3333        84

weighted f1: 33.3
['F' 'M']
Classifier accuracy train: 60.44
===== dev set ====
Classifier: 59.52
             precision    recall  f1-score   support

          F     0.7000    0.3333    0.4516        42
          M     0.5625    0.8571    0.6792        42

avg / total     0.6312    0.5952    0.5654        84

weighted f1: 56.5
['F' 'M']
Classifier accuracy train: 51.04
===== dev set ====
Classifier: 52.38
             precision    recall  f1-score   support

          F     0.5122    1.0000    0.6774        42
          M     1.0000    0.0476    0.0909        42

avg / total     0.7561    0.5238    0.3842        84

weighted f1: 38.4
['F' 'M']
Classifier accuracy train: 50.13
===== dev set ====
Classifier: 51.19
             precision    recall  f1-score   support

          F     1.0000    0.0238    0.0465        42
          M     0.5060    1.0000    0.6720        42

avg / total     0.7530    0.5119    0.3593        84

weighted f1: 35.9
['F' 'M']
Classifier accuracy train: 53.39
===== dev set ====
Classifier: 52.38
             precision    recall  f1-score   support

          F     0.7500    0.0714    0.1304        42
          M     0.5125    0.9762    0.6721        42

avg / total     0.6312    0.5238    0.4013        84

weighted f1: 40.1
==================================
mean f1: 40.93 (6.22)
mean acc: 52.25 (2.97)
===
first instance
Majority weighted F1: 33.33 acc: 50.00
show_instance False
embeds None
test None
C 1
only_mean False
pred False
data data/EN-data-200tweets.json.balanced.frequency
rm_uu False
n_gram 1-2
tf_idf False
c_n_gram 0
folds 10
analyze_features None
