load data..
vectorize data..
Vocab size: 49
['F' 'M']
Classifier accuracy train: 50.92
===== dev set ====
Classifier: 47.67
             precision    recall  f1-score   support

          F     0.0000    0.0000    0.0000        43
          M     0.4881    0.9535    0.6457        43

avg / total     0.2440    0.4767    0.3228        86

weighted f1: 32.3
['F' 'M']
Classifier accuracy train: 51.70
===== dev set ====
Classifier: 52.33
             precision    recall  f1-score   support

          F     0.7500    0.0698    0.1277        43
          M     0.5122    0.9767    0.6720        43

avg / total     0.6311    0.5233    0.3998        86

weighted f1: 40.0
['F' 'M']
Classifier accuracy train: 58.51
===== dev set ====
Classifier: 58.14
             precision    recall  f1-score   support

          F     0.7059    0.2791    0.4000        43
          M     0.5507    0.8837    0.6786        43

avg / total     0.6283    0.5814    0.5393        86

weighted f1: 53.9
['F' 'M']
Classifier accuracy train: 50.52
===== dev set ====
Classifier: 51.16
             precision    recall  f1-score   support

          F     1.0000    0.0233    0.0455        43
          M     0.5059    1.0000    0.6719        43

avg / total     0.7529    0.5116    0.3587        86

weighted f1: 35.9
['F' 'M']
Classifier accuracy train: 63.74
===== dev set ====
Classifier: 61.63
             precision    recall  f1-score   support

          F     0.5862    0.7907    0.6733        43
          M     0.6786    0.4419    0.5352        43

avg / total     0.6324    0.6163    0.6042        86

weighted f1: 60.4
['F' 'M']
Classifier accuracy train: 50.39
===== dev set ====
Classifier: 51.19
             precision    recall  f1-score   support

          F     0.5060    1.0000    0.6720        42
          M     1.0000    0.0238    0.0465        42

avg / total     0.7530    0.5119    0.3593        84

weighted f1: 35.9
['F' 'M']
Classifier accuracy train: 50.26
===== dev set ====
Classifier: 50.00
             precision    recall  f1-score   support

          F     0.0000    0.0000    0.0000        42
          M     0.5000    1.0000    0.6667        42

avg / total     0.2500    0.5000    0.3333        84

weighted f1: 33.3
['F' 'M']
Classifier accuracy train: 53.26
===== dev set ====
Classifier: 52.38
             precision    recall  f1-score   support

          F     0.6667    0.0952    0.1667        42
          M     0.5128    0.9524    0.6667        42

avg / total     0.5897    0.5238    0.4167        84

weighted f1: 41.7
['F' 'M']
Classifier accuracy train: 50.39
===== dev set ====
Classifier: 50.00
             precision    recall  f1-score   support

          F     0.0000    0.0000    0.0000        42
          M     0.5000    1.0000    0.6667        42

avg / total     0.2500    0.5000    0.3333        84

weighted f1: 33.3
['F' 'M']
Classifier accuracy train: 55.35
===== dev set ====
Classifier: 53.57
             precision    recall  f1-score   support

          F     0.8000    0.0952    0.1702        42
          M     0.5190    0.9762    0.6777        42

avg / total     0.6595    0.5357    0.4239        84

weighted f1: 42.4
==================================
mean f1: 40.91 (8.91)
mean acc: 52.81 (3.93)
===
first instance
Majority weighted F1: 33.33 acc: 50.00
c_n_gram 0
folds 10
data data/EN-data-200tweets.json.balanced.frequency
n_gram 2
only_mean False
rm_uu False
test None
embeds None
analyze_features None
C 1
show_instance False
tf_idf False
pred False
