load data..
vectorize data..
Vocab size: 399
['F' 'M']
Classifier accuracy train: 54.19
===== dev set ====
Classifier: 48.84
             precision    recall  f1-score   support

          F     0.3333    0.0233    0.0435        43
          M     0.4940    0.9535    0.6508        43

avg / total     0.4137    0.4884    0.3471        86

weighted f1: 34.7
['F' 'M']
Classifier accuracy train: 59.16
===== dev set ====
Classifier: 51.16
             precision    recall  f1-score   support

          F     0.5714    0.0930    0.1600        43
          M     0.5063    0.9302    0.6557        43

avg / total     0.5389    0.5116    0.4079        86

weighted f1: 40.8
['F' 'M']
Classifier accuracy train: 74.61
===== dev set ====
Classifier: 52.33
             precision    recall  f1-score   support

          F     0.5185    0.6512    0.5773        43
          M     0.5312    0.3953    0.4533        43

avg / total     0.5249    0.5233    0.5153        86

weighted f1: 51.5
['F' 'M']
Classifier accuracy train: 60.08
===== dev set ====
Classifier: 53.49
             precision    recall  f1-score   support

          F     0.6000    0.2093    0.3103        43
          M     0.5211    0.8605    0.6491        43

avg / total     0.5606    0.5349    0.4797        86

weighted f1: 48.0
['F' 'M']
Classifier accuracy train: 76.57
===== dev set ====
Classifier: 56.98
             precision    recall  f1-score   support

          F     0.5714    0.5581    0.5647        43
          M     0.5682    0.5814    0.5747        43

avg / total     0.5698    0.5698    0.5697        86

weighted f1: 57.0
['F' 'M']
Classifier accuracy train: 75.85
===== dev set ====
Classifier: 50.00
             precision    recall  f1-score   support

          F     0.5000    0.5000    0.5000        42
          M     0.5000    0.5000    0.5000        42

avg / total     0.5000    0.5000    0.5000        84

weighted f1: 50.0
['F' 'M']
Classifier accuracy train: 62.53
===== dev set ====
Classifier: 53.57
             precision    recall  f1-score   support

          F     0.6667    0.1429    0.2353        42
          M     0.5200    0.9286    0.6667        42

avg / total     0.5933    0.5357    0.4510        84

weighted f1: 45.1
['F' 'M']
Classifier accuracy train: 64.88
===== dev set ====
Classifier: 51.19
             precision    recall  f1-score   support

          F     0.5556    0.1190    0.1961        42
          M     0.5067    0.9048    0.6496        42

avg / total     0.5311    0.5119    0.4228        84

weighted f1: 42.3
['F' 'M']
Classifier accuracy train: 51.70
===== dev set ====
Classifier: 50.00
             precision    recall  f1-score   support

          F     0.5000    1.0000    0.6667        42
          M     0.0000    0.0000    0.0000        42

avg / total     0.2500    0.5000    0.3333        84

weighted f1: 33.3
['F' 'M']
Classifier accuracy train: 54.44
===== dev set ====
Classifier: 53.57
             precision    recall  f1-score   support

          F     0.8000    0.0952    0.1702        42
          M     0.5190    0.9762    0.6777        42

avg / total     0.6595    0.5357    0.4239        84

weighted f1: 42.4
==================================
mean f1: 44.51 (7.01)
mean acc: 52.11 (2.26)
===
first instance
Majority weighted F1: 33.33 acc: 50.00
test None
tf_idf False
show_instance False
data data/EN-data-200tweets.json.balanced.frequency
C 1
n_gram 1-3
embeds None
folds 10
rm_uu False
c_n_gram 0
only_mean False
analyze_features None
pred False
