load data..
vectorize data..
Vocab size: 2308
['F' 'M']
Classifier accuracy train: 100.00
===== dev set ====
Classifier: 41.86
             precision    recall  f1-score   support

          F     0.4255    0.4651    0.4444        43
          M     0.4103    0.3721    0.3902        43

avg / total     0.4179    0.4186    0.4173        86

weighted f1: 41.7
['F' 'M']
Classifier accuracy train: 100.00
===== dev set ====
Classifier: 47.67
             precision    recall  f1-score   support

          F     0.4792    0.5349    0.5055        43
          M     0.4737    0.4186    0.4444        43

avg / total     0.4764    0.4767    0.4750        86

weighted f1: 47.5
['F' 'M']
Classifier accuracy train: 100.00
===== dev set ====
Classifier: 47.67
             precision    recall  f1-score   support

          F     0.4737    0.4186    0.4444        43
          M     0.4792    0.5349    0.5055        43

avg / total     0.4764    0.4767    0.4750        86

weighted f1: 47.5
['F' 'M']
Classifier accuracy train: 100.00
===== dev set ====
Classifier: 60.47
             precision    recall  f1-score   support

          F     0.5918    0.6744    0.6304        43
          M     0.6216    0.5349    0.5750        43

avg / total     0.6067    0.6047    0.6027        86

weighted f1: 60.3
['F' 'M']
Classifier accuracy train: 100.00
===== dev set ====
Classifier: 52.33
             precision    recall  f1-score   support

          F     0.5238    0.5116    0.5176        43
          M     0.5227    0.5349    0.5287        43

avg / total     0.5233    0.5233    0.5232        86

weighted f1: 52.3
['F' 'M']
Classifier accuracy train: 100.00
===== dev set ====
Classifier: 60.71
             precision    recall  f1-score   support

          F     0.6098    0.5952    0.6024        42
          M     0.6047    0.6190    0.6118        42

avg / total     0.6072    0.6071    0.6071        84

weighted f1: 60.7
['F' 'M']
Classifier accuracy train: 100.00
===== dev set ====
Classifier: 60.71
             precision    recall  f1-score   support

          F     0.6216    0.5476    0.5823        42
          M     0.5957    0.6667    0.6292        42

avg / total     0.6087    0.6071    0.6057        84

weighted f1: 60.6
['F' 'M']
Classifier accuracy train: 100.00
===== dev set ====
Classifier: 54.76
             precision    recall  f1-score   support

          F     0.5526    0.5000    0.5250        42
          M     0.5435    0.5952    0.5682        42

avg / total     0.5481    0.5476    0.5466        84

weighted f1: 54.7
['F' 'M']
Classifier accuracy train: 100.00
===== dev set ====
Classifier: 54.76
             precision    recall  f1-score   support

          F     0.5476    0.5476    0.5476        42
          M     0.5476    0.5476    0.5476        42

avg / total     0.5476    0.5476    0.5476        84

weighted f1: 54.8
['F' 'M']
Classifier accuracy train: 100.00
===== dev set ====
Classifier: 50.00
             precision    recall  f1-score   support

          F     0.5000    0.5238    0.5116        42
          M     0.5000    0.4762    0.4878        42

avg / total     0.5000    0.5000    0.4997        84

weighted f1: 50.0
==================================
mean f1: 53.00 (6.10)
mean acc: 53.10 (6.09)
===
first instance
Majority weighted F1: 33.33 acc: 50.00
pred False
analyze_features None
data data/EN-data-200tweets.json.balanced.frequency
n_gram 4
C 1
c_n_gram 0
test None
rm_uu False
tf_idf False
only_mean False
folds 10
embeds None
show_instance False
