load data..
vectorize data..
Vocab size: 12544
['F' 'M']
Classifier accuracy train: 100.00
===== dev set ====
Classifier: 41.86
             precision    recall  f1-score   support

          F     0.4186    0.4186    0.4186        43
          M     0.4186    0.4186    0.4186        43

avg / total     0.4186    0.4186    0.4186        86

weighted f1: 41.9
['F' 'M']
Classifier accuracy train: 100.00
===== dev set ====
Classifier: 54.65
             precision    recall  f1-score   support

          F     0.5476    0.5349    0.5412        43
          M     0.5455    0.5581    0.5517        43

avg / total     0.5465    0.5465    0.5465        86

weighted f1: 54.6
['F' 'M']
Classifier accuracy train: 100.00
===== dev set ====
Classifier: 55.81
             precision    recall  f1-score   support

          F     0.5758    0.4419    0.5000        43
          M     0.5472    0.6744    0.6042        43

avg / total     0.5615    0.5581    0.5521        86

weighted f1: 55.2
['F' 'M']
Classifier accuracy train: 100.00
===== dev set ====
Classifier: 66.28
             precision    recall  f1-score   support

          F     0.6522    0.6977    0.6742        43
          M     0.6750    0.6279    0.6506        43

avg / total     0.6636    0.6628    0.6624        86

weighted f1: 66.2
['F' 'M']
Classifier accuracy train: 100.00
===== dev set ====
Classifier: 54.65
             precision    recall  f1-score   support

          F     0.5455    0.5581    0.5517        43
          M     0.5476    0.5349    0.5412        43

avg / total     0.5465    0.5465    0.5465        86

weighted f1: 54.6
['F' 'M']
Classifier accuracy train: 100.00
===== dev set ====
Classifier: 53.57
             precision    recall  f1-score   support

          F     0.5349    0.5476    0.5412        42
          M     0.5366    0.5238    0.5301        42

avg / total     0.5357    0.5357    0.5356        84

weighted f1: 53.6
['F' 'M']
Classifier accuracy train: 100.00
===== dev set ====
Classifier: 55.95
             precision    recall  f1-score   support

          F     0.5641    0.5238    0.5432        42
          M     0.5556    0.5952    0.5747        42

avg / total     0.5598    0.5595    0.5590        84

weighted f1: 55.9
['F' 'M']
Classifier accuracy train: 100.00
===== dev set ====
Classifier: 67.86
             precision    recall  f1-score   support

          F     0.6667    0.7143    0.6897        42
          M     0.6923    0.6429    0.6667        42

avg / total     0.6795    0.6786    0.6782        84

weighted f1: 67.8
['F' 'M']
Classifier accuracy train: 100.00
===== dev set ====
Classifier: 53.57
             precision    recall  f1-score   support

          F     0.5349    0.5476    0.5412        42
          M     0.5366    0.5238    0.5301        42

avg / total     0.5357    0.5357    0.5356        84

weighted f1: 53.6
['F' 'M']
Classifier accuracy train: 100.00
===== dev set ====
Classifier: 51.19
             precision    recall  f1-score   support

          F     0.5152    0.4048    0.4533        42
          M     0.5098    0.6190    0.5591        42

avg / total     0.5125    0.5119    0.5062        84

weighted f1: 50.6
==================================
mean f1: 55.41 (6.97)
mean acc: 55.54 (6.95)
===
first instance
Majority weighted F1: 33.33 acc: 50.00
folds 10
show_instance False
embeds None
c_n_gram 0
C 1
analyze_features None
tf_idf False
rm_uu False
pred False
test None
only_mean False
data data/EN-data-200tweets.json.balanced.frequency
n_gram 5
