load data..
vectorize data..
Vocab size: 65362
['F' 'M']
Classifier accuracy train: 100.00
===== dev set ====
Classifier: 45.35
             precision    recall  f1-score   support

          F     0.4500    0.4186    0.4337        43
          M     0.4565    0.4884    0.4719        43

avg / total     0.4533    0.4535    0.4528        86

weighted f1: 45.3
['F' 'M']
Classifier accuracy train: 100.00
===== dev set ====
Classifier: 54.65
             precision    recall  f1-score   support

          F     0.5417    0.6047    0.5714        43
          M     0.5526    0.4884    0.5185        43

avg / total     0.5471    0.5465    0.5450        86

weighted f1: 54.5
['F' 'M']
Classifier accuracy train: 100.00
===== dev set ====
Classifier: 47.67
             precision    recall  f1-score   support

          F     0.4737    0.4186    0.4444        43
          M     0.4792    0.5349    0.5055        43

avg / total     0.4764    0.4767    0.4750        86

weighted f1: 47.5
['F' 'M']
Classifier accuracy train: 100.00
===== dev set ====
Classifier: 60.47
             precision    recall  f1-score   support

          F     0.6000    0.6279    0.6136        43
          M     0.6098    0.5814    0.5952        43

avg / total     0.6049    0.6047    0.6044        86

weighted f1: 60.4
['F' 'M']
Classifier accuracy train: 100.00
===== dev set ====
Classifier: 58.14
             precision    recall  f1-score   support

          F     0.5946    0.5116    0.5500        43
          M     0.5714    0.6512    0.6087        43

avg / total     0.5830    0.5814    0.5793        86

weighted f1: 57.9
['F' 'M']
Classifier accuracy train: 100.00
===== dev set ====
Classifier: 57.14
             precision    recall  f1-score   support

          F     0.5556    0.7143    0.6250        42
          M     0.6000    0.4286    0.5000        42

avg / total     0.5778    0.5714    0.5625        84

weighted f1: 56.2
['F' 'M']
Classifier accuracy train: 100.00
===== dev set ====
Classifier: 55.95
             precision    recall  f1-score   support

          F     0.5510    0.6429    0.5934        42
          M     0.5714    0.4762    0.5195        42

avg / total     0.5612    0.5595    0.5564        84

weighted f1: 55.6
['F' 'M']
Classifier accuracy train: 99.87
===== dev set ====
Classifier: 65.48
             precision    recall  f1-score   support

          F     0.7241    0.5000    0.5915        42
          M     0.6182    0.8095    0.7010        42

avg / total     0.6712    0.6548    0.6463        84

weighted f1: 64.6
['F' 'M']
Classifier accuracy train: 100.00
===== dev set ====
Classifier: 61.90
             precision    recall  f1-score   support

          F     0.5926    0.7619    0.6667        42
          M     0.6667    0.4762    0.5556        42

avg / total     0.6296    0.6190    0.6111        84

weighted f1: 61.1
['F' 'M']
Classifier accuracy train: 100.00
===== dev set ====
Classifier: 60.71
             precision    recall  f1-score   support

          F     0.6452    0.4762    0.5479        42
          M     0.5849    0.7381    0.6526        42

avg / total     0.6150    0.6071    0.6003        84

weighted f1: 60.0
==================================
mean f1: 56.33 (5.73)
mean acc: 56.75 (5.93)
===
first instance
Majority weighted F1: 33.33 acc: 50.00
test None
rm_uu False
embeds None
analyze_features None
c_n_gram 0
pred False
n_gram 1-6
data data/EN-data-200tweets.json.balanced.frequency
show_instance False
folds 10
tf_idf False
C 1
only_mean False
