load data..
vectorize data..
Vocab size: 14065
['F' 'M']
Classifier accuracy train: 95.42
===== dev set ====
Classifier: 55.81
             precision    recall  f1-score   support

          F     0.6087    0.3256    0.4242        43
          M     0.5397    0.7907    0.6415        43

avg / total     0.5742    0.5581    0.5329        86

weighted f1: 53.3
['F' 'M']
Classifier accuracy train: 94.11
===== dev set ====
Classifier: 50.00
             precision    recall  f1-score   support

          F     0.5000    0.7209    0.5905        43
          M     0.5000    0.2791    0.3582        43

avg / total     0.5000    0.5000    0.4743        86

weighted f1: 47.4
['F' 'M']
Classifier accuracy train: 98.43
===== dev set ====
Classifier: 62.79
             precision    recall  f1-score   support

          F     0.6410    0.5814    0.6098        43
          M     0.6170    0.6744    0.6444        43

avg / total     0.6290    0.6279    0.6271        86

weighted f1: 62.7
['F' 'M']
Classifier accuracy train: 98.56
===== dev set ====
Classifier: 63.95
             precision    recall  f1-score   support

          F     0.6250    0.6977    0.6593        43
          M     0.6579    0.5814    0.6173        43

avg / total     0.6414    0.6395    0.6383        86

weighted f1: 63.8
['F' 'M']
Classifier accuracy train: 98.69
===== dev set ====
Classifier: 63.95
             precision    recall  f1-score   support

          F     0.6500    0.6047    0.6265        43
          M     0.6304    0.6744    0.6517        43

avg / total     0.6402    0.6395    0.6391        86

weighted f1: 63.9
['F' 'M']
Classifier accuracy train: 88.51
===== dev set ====
Classifier: 48.81
             precision    recall  f1-score   support

          F     0.4783    0.2619    0.3385        42
          M     0.4918    0.7143    0.5825        42

avg / total     0.4850    0.4881    0.4605        84

weighted f1: 46.0
['F' 'M']
Classifier accuracy train: 98.96
===== dev set ====
Classifier: 61.90
             precision    recall  f1-score   support

          F     0.6000    0.7143    0.6522        42
          M     0.6471    0.5238    0.5789        42

avg / total     0.6235    0.6190    0.6156        84

weighted f1: 61.6
['F' 'M']
Classifier accuracy train: 97.65
===== dev set ====
Classifier: 66.67
             precision    recall  f1-score   support

          F     0.6400    0.7619    0.6957        42
          M     0.7059    0.5714    0.6316        42

avg / total     0.6729    0.6667    0.6636        84

weighted f1: 66.4
['F' 'M']
Classifier accuracy train: 99.22
===== dev set ====
Classifier: 52.38
             precision    recall  f1-score   support

          F     0.5263    0.4762    0.5000        42
          M     0.5217    0.5714    0.5455        42

avg / total     0.5240    0.5238    0.5227        84

weighted f1: 52.3
['F' 'M']
Classifier accuracy train: 65.54
===== dev set ====
Classifier: 54.76
             precision    recall  f1-score   support

          F     0.7000    0.1667    0.2692        42
          M     0.5270    0.9286    0.6724        42

avg / total     0.6135    0.5476    0.4708        84

weighted f1: 47.1
==================================
mean f1: 56.45 (7.60)
mean acc: 58.10 (6.16)
===
first instance
Majority weighted F1: 33.33 acc: 50.00
data data/EN-data-200tweets.json.balanced.length
only_mean False
n_gram 1-3
show_instance False
c_n_gram 0
rm_uu False
folds 10
pred False
C 1
test None
tf_idf False
analyze_features None
embeds None
