load data..
vectorize data..
Vocab size: 980128
['F' 'M']
Classifier accuracy train: 100.00
===== dev set ====
Classifier: 59.30
             precision    recall  f1-score   support

          F     0.5870    0.6279    0.6067        43
          M     0.6000    0.5581    0.5783        43

avg / total     0.5935    0.5930    0.5925        86

weighted f1: 59.3
['F' 'M']
Classifier accuracy train: 100.00
===== dev set ====
Classifier: 58.14
             precision    recall  f1-score   support

          F     0.5814    0.5814    0.5814        43
          M     0.5814    0.5814    0.5814        43

avg / total     0.5814    0.5814    0.5814        86

weighted f1: 58.1
['F' 'M']
Classifier accuracy train: 100.00
===== dev set ====
Classifier: 70.93
             precision    recall  f1-score   support

          F     0.7045    0.7209    0.7126        43
          M     0.7143    0.6977    0.7059        43

avg / total     0.7094    0.7093    0.7093        86

weighted f1: 70.9
['F' 'M']
Classifier accuracy train: 100.00
===== dev set ====
Classifier: 73.26
             precision    recall  f1-score   support

          F     0.7174    0.7674    0.7416        43
          M     0.7500    0.6977    0.7229        43

avg / total     0.7337    0.7326    0.7322        86

weighted f1: 73.2
['F' 'M']
Classifier accuracy train: 100.00
===== dev set ====
Classifier: 62.79
             precision    recall  f1-score   support

          F     0.6122    0.6977    0.6522        43
          M     0.6486    0.5581    0.6000        43

avg / total     0.6304    0.6279    0.6261        86

weighted f1: 62.6
['F' 'M']
Classifier accuracy train: 100.00
===== dev set ====
Classifier: 48.81
             precision    recall  f1-score   support

          F     0.4878    0.4762    0.4819        42
          M     0.4884    0.5000    0.4941        42

avg / total     0.4881    0.4881    0.4880        84

weighted f1: 48.8
['F' 'M']
Classifier accuracy train: 100.00
===== dev set ====
Classifier: 63.10
             precision    recall  f1-score   support

          F     0.6170    0.6905    0.6517        42
          M     0.6486    0.5714    0.6076        42

avg / total     0.6328    0.6310    0.6296        84

weighted f1: 63.0
['F' 'M']
Classifier accuracy train: 99.87
===== dev set ====
Classifier: 66.67
             precision    recall  f1-score   support

          F     0.6842    0.6190    0.6500        42
          M     0.6522    0.7143    0.6818        42

avg / total     0.6682    0.6667    0.6659        84

weighted f1: 66.6
['F' 'M']
Classifier accuracy train: 100.00
===== dev set ====
Classifier: 58.33
             precision    recall  f1-score   support

          F     0.5778    0.6190    0.5977        42
          M     0.5897    0.5476    0.5679        42

avg / total     0.5838    0.5833    0.5828        84

weighted f1: 58.3
['F' 'M']
Classifier accuracy train: 100.00
===== dev set ====
Classifier: 67.86
             precision    recall  f1-score   support

          F     0.7273    0.5714    0.6400        42
          M     0.6471    0.7857    0.7097        42

avg / total     0.6872    0.6786    0.6748        84

weighted f1: 67.5
==================================
mean f1: 62.83 (6.79)
mean acc: 62.92 (6.82)
===
first instance
Majority weighted F1: 33.33 acc: 50.00
data data/EN-data-200tweets.json.balanced.length
show_instance False
analyze_features None
c_n_gram 0
only_mean False
test None
n_gram 1-6
C 1
pred False
folds 10
rm_uu False
embeds None
tf_idf False
