load data..
vectorize data..
Vocab size: 12722
['F' 'M']
Classifier accuracy train: 100.00
===== dev set ====
Classifier: 55.81
             precision    recall  f1-score   support

          F     0.5676    0.4884    0.5250        43
          M     0.5510    0.6279    0.5870        43

avg / total     0.5593    0.5581    0.5560        86

weighted f1: 55.6
['F' 'M']
Classifier accuracy train: 100.00
===== dev set ====
Classifier: 59.30
             precision    recall  f1-score   support

          F     0.5870    0.6279    0.6067        43
          M     0.6000    0.5581    0.5783        43

avg / total     0.5935    0.5930    0.5925        86

weighted f1: 59.3
['F' 'M']
Classifier accuracy train: 100.00
===== dev set ====
Classifier: 56.98
             precision    recall  f1-score   support

          F     0.5577    0.6744    0.6105        43
          M     0.5882    0.4651    0.5195        43

avg / total     0.5730    0.5698    0.5650        86

weighted f1: 56.5
['F' 'M']
Classifier accuracy train: 100.00
===== dev set ====
Classifier: 61.63
             precision    recall  f1-score   support

          F     0.6190    0.6047    0.6118        43
          M     0.6136    0.6279    0.6207        43

avg / total     0.6163    0.6163    0.6162        86

weighted f1: 61.6
['F' 'M']
Classifier accuracy train: 100.00
===== dev set ====
Classifier: 61.63
             precision    recall  f1-score   support

          F     0.6316    0.5581    0.5926        43
          M     0.6042    0.6744    0.6374        43

avg / total     0.6179    0.6163    0.6150        86

weighted f1: 61.5
['F' 'M']
Classifier accuracy train: 100.00
===== dev set ====
Classifier: 50.00
             precision    recall  f1-score   support

          F     0.5000    0.4762    0.4878        42
          M     0.5000    0.5238    0.5116        42

avg / total     0.5000    0.5000    0.4997        84

weighted f1: 50.0
['F' 'M']
Classifier accuracy train: 100.00
===== dev set ====
Classifier: 50.00
             precision    recall  f1-score   support

          F     0.5000    0.5714    0.5333        42
          M     0.5000    0.4286    0.4615        42

avg / total     0.5000    0.5000    0.4974        84

weighted f1: 49.7
['F' 'M']
Classifier accuracy train: 100.00
===== dev set ====
Classifier: 57.14
             precision    recall  f1-score   support

          F     0.5938    0.4524    0.5135        42
          M     0.5577    0.6905    0.6170        42

avg / total     0.5757    0.5714    0.5653        84

weighted f1: 56.5
['F' 'M']
Classifier accuracy train: 100.00
===== dev set ====
Classifier: 46.43
             precision    recall  f1-score   support

          F     0.4694    0.5476    0.5055        42
          M     0.4571    0.3810    0.4156        42

avg / total     0.4633    0.4643    0.4605        84

weighted f1: 46.1
['F' 'M']
Classifier accuracy train: 100.00
===== dev set ====
Classifier: 61.90
             precision    recall  f1-score   support

          F     0.6316    0.5714    0.6000        42
          M     0.6087    0.6667    0.6364        42

avg / total     0.6201    0.6190    0.6182        84

weighted f1: 61.8
==================================
mean f1: 55.86 (5.30)
mean acc: 56.08 (5.24)
===
first instance
Majority weighted F1: 33.33 acc: 50.00
folds 10
tf_idf False
test None
C 1
c_n_gram 0
analyze_features None
pred False
n_gram 3
rm_uu False
show_instance False
embeds None
only_mean False
data data/EN-data-200tweets.json.balanced.length
