load data..
vectorize data..
Vocab size: 259317
['F' 'M']
Classifier accuracy train: 100.00
===== dev set ====
Classifier: 60.47
             precision    recall  f1-score   support

          F     0.5957    0.6512    0.6222        43
          M     0.6154    0.5581    0.5854        43

avg / total     0.6056    0.6047    0.6038        86

weighted f1: 60.4
['F' 'M']
Classifier accuracy train: 100.00
===== dev set ====
Classifier: 54.65
             precision    recall  f1-score   support

          F     0.5588    0.4419    0.4935        43
          M     0.5385    0.6512    0.5895        43

avg / total     0.5486    0.5465    0.5415        86

weighted f1: 54.1
['F' 'M']
Classifier accuracy train: 100.00
===== dev set ====
Classifier: 66.28
             precision    recall  f1-score   support

          F     0.6842    0.6047    0.6420        43
          M     0.6458    0.7209    0.6813        43

avg / total     0.6650    0.6628    0.6616        86

weighted f1: 66.2
['F' 'M']
Classifier accuracy train: 100.00
===== dev set ====
Classifier: 52.33
             precision    recall  f1-score   support

          F     0.5208    0.5814    0.5495        43
          M     0.5263    0.4651    0.4938        43

avg / total     0.5236    0.5233    0.5216        86

weighted f1: 52.2
['F' 'M']
Classifier accuracy train: 100.00
===== dev set ====
Classifier: 58.14
             precision    recall  f1-score   support

          F     0.5854    0.5581    0.5714        43
          M     0.5778    0.6047    0.5909        43

avg / total     0.5816    0.5814    0.5812        86

weighted f1: 58.1
['F' 'M']
Classifier accuracy train: 100.00
===== dev set ====
Classifier: 52.38
             precision    recall  f1-score   support

          F     0.5217    0.5714    0.5455        42
          M     0.5263    0.4762    0.5000        42

avg / total     0.5240    0.5238    0.5227        84

weighted f1: 52.3
['F' 'M']
Classifier accuracy train: 100.00
===== dev set ====
Classifier: 58.33
             precision    recall  f1-score   support

          F     0.5686    0.6905    0.6237        42
          M     0.6061    0.4762    0.5333        42

avg / total     0.5873    0.5833    0.5785        84

weighted f1: 57.8
['F' 'M']
Classifier accuracy train: 100.00
===== dev set ====
Classifier: 53.57
             precision    recall  f1-score   support

          F     0.5405    0.4762    0.5063        42
          M     0.5319    0.5952    0.5618        42

avg / total     0.5362    0.5357    0.5341        84

weighted f1: 53.4
['F' 'M']
Classifier accuracy train: 100.00
===== dev set ====
Classifier: 53.57
             precision    recall  f1-score   support

          F     0.5319    0.5952    0.5618        42
          M     0.5405    0.4762    0.5063        42

avg / total     0.5362    0.5357    0.5341        84

weighted f1: 53.4
['F' 'M']
Classifier accuracy train: 100.00
===== dev set ====
Classifier: 67.86
             precision    recall  f1-score   support

          F     0.7027    0.6190    0.6582        42
          M     0.6596    0.7381    0.6966        42

avg / total     0.6811    0.6786    0.6774        84

weighted f1: 67.7
==================================
mean f1: 57.57 (5.38)
mean acc: 57.76 (5.34)
===
first instance
Majority weighted F1: 33.33 acc: 50.00
rm_uu False
analyze_features None
c_n_gram 0
show_instance False
folds 10
data data/EN-data-200tweets.json.balanced.length
tf_idf False
test None
only_mean False
n_gram 5
pred False
C 1
embeds None
