load data..
vectorize data..
Vocab size: 1266
['F' 'M']
Classifier accuracy train: 82.20
===== dev set ====
Classifier: 59.30
             precision    recall  f1-score   support

          F     0.6538    0.3953    0.4928        43
          M     0.5667    0.7907    0.6602        43

avg / total     0.6103    0.5930    0.5765        86

weighted f1: 57.6
['F' 'M']
Classifier accuracy train: 88.35
===== dev set ====
Classifier: 53.49
             precision    recall  f1-score   support

          F     0.5294    0.6279    0.5745        43
          M     0.5429    0.4419    0.4872        43

avg / total     0.5361    0.5349    0.5308        86

weighted f1: 53.1
['F' 'M']
Classifier accuracy train: 88.22
===== dev set ====
Classifier: 65.12
             precision    recall  f1-score   support

          F     0.6667    0.6047    0.6341        43
          M     0.6383    0.6977    0.6667        43

avg / total     0.6525    0.6512    0.6504        86

weighted f1: 65.0
['F' 'M']
Classifier accuracy train: 68.19
===== dev set ====
Classifier: 53.49
             precision    recall  f1-score   support

          F     0.6154    0.1860    0.2857        43
          M     0.5205    0.8837    0.6552        43

avg / total     0.5680    0.5349    0.4704        86

weighted f1: 47.0
['F' 'M']
Classifier accuracy train: 68.98
===== dev set ====
Classifier: 56.98
             precision    recall  f1-score   support

          F     0.7143    0.2326    0.3509        43
          M     0.5417    0.9070    0.6783        43

avg / total     0.6280    0.5698    0.5146        86

weighted f1: 51.5
['F' 'M']
Classifier accuracy train: 81.59
===== dev set ====
Classifier: 54.76
             precision    recall  f1-score   support

          F     0.5667    0.4048    0.4722        42
          M     0.5370    0.6905    0.6042        42

avg / total     0.5519    0.5476    0.5382        84

weighted f1: 53.8
['F' 'M']
Classifier accuracy train: 66.97
===== dev set ====
Classifier: 50.00
             precision    recall  f1-score   support

          F     0.5000    0.2143    0.3000        42
          M     0.5000    0.7857    0.6111        42

avg / total     0.5000    0.5000    0.4556        84

weighted f1: 45.6
['F' 'M']
Classifier accuracy train: 87.47
===== dev set ====
Classifier: 65.48
             precision    recall  f1-score   support

          F     0.6667    0.6190    0.6420        42
          M     0.6444    0.6905    0.6667        42

avg / total     0.6556    0.6548    0.6543        84

weighted f1: 65.4
['F' 'M']
Classifier accuracy train: 81.98
===== dev set ====
Classifier: 63.10
             precision    recall  f1-score   support

          F     0.6410    0.5952    0.6173        42
          M     0.6222    0.6667    0.6437        42

avg / total     0.6316    0.6310    0.6305        84

weighted f1: 63.0
['F' 'M']
Classifier accuracy train: 89.95
===== dev set ====
Classifier: 59.52
             precision    recall  f1-score   support

          F     0.6333    0.4524    0.5278        42
          M     0.5741    0.7381    0.6458        42

avg / total     0.6037    0.5952    0.5868        84

weighted f1: 58.7
==================================
mean f1: 56.08 (6.73)
mean acc: 58.12 (5.03)
===
first instance
Majority weighted F1: 33.33 acc: 50.00
test None
analyze_features None
folds 10
only_mean False
n_gram 2
c_n_gram 0
tf_idf False
rm_uu False
show_instance False
embeds None
pred False
data data/EN-data-200tweets.json.balanced.length
C 1
