load data..
vectorize data..
Vocab size: 344580
['F' 'M']
Classifier accuracy train: 100.00
===== dev set ====
Classifier: 59.30
             precision    recall  f1-score   support

          F     0.5870    0.6279    0.6067        43
          M     0.6000    0.5581    0.5783        43

avg / total     0.5935    0.5930    0.5925        86

weighted f1: 59.3
['F' 'M']
Classifier accuracy train: 100.00
===== dev set ====
Classifier: 58.14
             precision    recall  f1-score   support

          F     0.5778    0.6047    0.5909        43
          M     0.5854    0.5581    0.5714        43

avg / total     0.5816    0.5814    0.5812        86

weighted f1: 58.1
['F' 'M']
Classifier accuracy train: 100.00
===== dev set ====
Classifier: 70.93
             precision    recall  f1-score   support

          F     0.7045    0.7209    0.7126        43
          M     0.7143    0.6977    0.7059        43

avg / total     0.7094    0.7093    0.7093        86

weighted f1: 70.9
['F' 'M']
Classifier accuracy train: 100.00
===== dev set ====
Classifier: 67.44
             precision    recall  f1-score   support

          F     0.6596    0.7209    0.6889        43
          M     0.6923    0.6279    0.6585        43

avg / total     0.6759    0.6744    0.6737        86

weighted f1: 67.4
['F' 'M']
Classifier accuracy train: 100.00
===== dev set ====
Classifier: 63.95
             precision    recall  f1-score   support

          F     0.6250    0.6977    0.6593        43
          M     0.6579    0.5814    0.6173        43

avg / total     0.6414    0.6395    0.6383        86

weighted f1: 63.8
['F' 'M']
Classifier accuracy train: 100.00
===== dev set ====
Classifier: 50.00
             precision    recall  f1-score   support

          F     0.5000    0.5000    0.5000        42
          M     0.5000    0.5000    0.5000        42

avg / total     0.5000    0.5000    0.5000        84

weighted f1: 50.0
['F' 'M']
Classifier accuracy train: 100.00
===== dev set ====
Classifier: 65.48
             precision    recall  f1-score   support

          F     0.6444    0.6905    0.6667        42
          M     0.6667    0.6190    0.6420        42

avg / total     0.6556    0.6548    0.6543        84

weighted f1: 65.4
['F' 'M']
Classifier accuracy train: 99.87
===== dev set ====
Classifier: 64.29
             precision    recall  f1-score   support

          F     0.6579    0.5952    0.6250        42
          M     0.6304    0.6905    0.6591        42

avg / total     0.6442    0.6429    0.6420        84

weighted f1: 64.2
['F' 'M']
Classifier accuracy train: 100.00
===== dev set ====
Classifier: 58.33
             precision    recall  f1-score   support

          F     0.5778    0.6190    0.5977        42
          M     0.5897    0.5476    0.5679        42

avg / total     0.5838    0.5833    0.5828        84

weighted f1: 58.3
['F' 'M']
Classifier accuracy train: 100.00
===== dev set ====
Classifier: 66.67
             precision    recall  f1-score   support

          F     0.7059    0.5714    0.6316        42
          M     0.6400    0.7619    0.6957        42

avg / total     0.6729    0.6667    0.6636        84

weighted f1: 66.4
==================================
mean f1: 62.38 (5.71)
mean acc: 62.45 (5.74)
===
first instance
Majority weighted F1: 33.33 acc: 50.00
C 1
analyze_features None
only_mean False
show_instance False
data data/EN-data-200tweets.json.balanced.length
rm_uu False
folds 10
n_gram 1-5
c_n_gram 0
embeds None
test None
tf_idf False
pred False
