load data..
vectorize data..
Vocab size: 85263
['F' 'M']
Classifier accuracy train: 100.00
===== dev set ====
Classifier: 59.30
             precision    recall  f1-score   support

          F     0.5870    0.6279    0.6067        43
          M     0.6000    0.5581    0.5783        43

avg / total     0.5935    0.5930    0.5925        86

weighted f1: 59.3
['F' 'M']
Classifier accuracy train: 100.00
===== dev set ====
Classifier: 58.14
             precision    recall  f1-score   support

          F     0.5745    0.6279    0.6000        43
          M     0.5897    0.5349    0.5610        43

avg / total     0.5821    0.5814    0.5805        86

weighted f1: 58.0
['F' 'M']
Classifier accuracy train: 100.00
===== dev set ====
Classifier: 67.44
             precision    recall  f1-score   support

          F     0.6744    0.6744    0.6744        43
          M     0.6744    0.6744    0.6744        43

avg / total     0.6744    0.6744    0.6744        86

weighted f1: 67.4
['F' 'M']
Classifier accuracy train: 100.00
===== dev set ====
Classifier: 63.95
             precision    recall  f1-score   support

          F     0.6250    0.6977    0.6593        43
          M     0.6579    0.5814    0.6173        43

avg / total     0.6414    0.6395    0.6383        86

weighted f1: 63.8
['F' 'M']
Classifier accuracy train: 100.00
===== dev set ====
Classifier: 62.79
             precision    recall  f1-score   support

          F     0.6170    0.6744    0.6444        43
          M     0.6410    0.5814    0.6098        43

avg / total     0.6290    0.6279    0.6271        86

weighted f1: 62.7
['F' 'M']
Classifier accuracy train: 100.00
===== dev set ====
Classifier: 50.00
             precision    recall  f1-score   support

          F     0.5000    0.5000    0.5000        42
          M     0.5000    0.5000    0.5000        42

avg / total     0.5000    0.5000    0.5000        84

weighted f1: 50.0
['F' 'M']
Classifier accuracy train: 99.87
===== dev set ====
Classifier: 65.48
             precision    recall  f1-score   support

          F     0.6512    0.6667    0.6588        42
          M     0.6585    0.6429    0.6506        42

avg / total     0.6548    0.6548    0.6547        84

weighted f1: 65.5
['F' 'M']
Classifier accuracy train: 99.87
===== dev set ====
Classifier: 65.48
             precision    recall  f1-score   support

          F     0.6857    0.5714    0.6234        42
          M     0.6327    0.7381    0.6813        42

avg / total     0.6592    0.6548    0.6523        84

weighted f1: 65.2
['F' 'M']
Classifier accuracy train: 100.00
===== dev set ====
Classifier: 53.57
             precision    recall  f1-score   support

          F     0.5366    0.5238    0.5301        42
          M     0.5349    0.5476    0.5412        42

avg / total     0.5357    0.5357    0.5356        84

weighted f1: 53.6
['F' 'M']
Classifier accuracy train: 100.00
===== dev set ====
Classifier: 66.67
             precision    recall  f1-score   support

          F     0.6842    0.6190    0.6500        42
          M     0.6522    0.7143    0.6818        42

avg / total     0.6682    0.6667    0.6659        84

weighted f1: 66.6
==================================
mean f1: 61.21 (5.56)
mean acc: 61.28 (5.59)
===
first instance
Majority weighted F1: 33.33 acc: 50.00
c_n_gram 0
data data/EN-data-200tweets.json.balanced.length
embeds None
pred False
C 1
n_gram 1-4
only_mean False
tf_idf False
show_instance False
analyze_features None
rm_uu False
test None
folds 10
