load data..
vectorize data..
Vocab size: 30202
['F' 'M']
Classifier accuracy train: 56.94
===== dev set ====
Classifier: 51.16
             precision    recall  f1-score   support

          F     0.5059    1.0000    0.6719        43
          M     1.0000    0.0233    0.0455        43

avg / total     0.7529    0.5116    0.3587        86

weighted f1: 35.9
['F' 'M']
Classifier accuracy train: 59.95
===== dev set ====
Classifier: 53.49
             precision    recall  f1-score   support

          F     0.8000    0.0930    0.1667        43
          M     0.5185    0.9767    0.6774        43

avg / total     0.6593    0.5349    0.4220        86

weighted f1: 42.2
['F' 'M']
Classifier accuracy train: 50.52
===== dev set ====
Classifier: 50.00
             precision    recall  f1-score   support

          F     0.5000    0.9767    0.6614        43
          M     0.5000    0.0233    0.0444        43

avg / total     0.5000    0.5000    0.3529        86

weighted f1: 35.3
['F' 'M']
Classifier accuracy train: 65.05
===== dev set ====
Classifier: 61.63
             precision    recall  f1-score   support

          F     0.8571    0.2791    0.4211        43
          M     0.5694    0.9535    0.7130        43

avg / total     0.7133    0.6163    0.5670        86

weighted f1: 56.7
['F' 'M']
Classifier accuracy train: 75.52
===== dev set ====
Classifier: 58.14
             precision    recall  f1-score   support

          F     0.5593    0.7674    0.6471        43
          M     0.6296    0.3953    0.4857        43

avg / total     0.5945    0.5814    0.5664        86

weighted f1: 56.6
['F' 'M']
Classifier accuracy train: 70.10
===== dev set ====
Classifier: 57.14
             precision    recall  f1-score   support

          F     0.5455    0.8571    0.6667        42
          M     0.6667    0.2857    0.4000        42

avg / total     0.6061    0.5714    0.5333        84

weighted f1: 53.3
['F' 'M']
Classifier accuracy train: 77.02
===== dev set ====
Classifier: 72.62
             precision    recall  f1-score   support

          F     0.6939    0.8095    0.7473        42
          M     0.7714    0.6429    0.7013        42

avg / total     0.7327    0.7262    0.7243        84

weighted f1: 72.4
['F' 'M']
Classifier accuracy train: 53.52
===== dev set ====
Classifier: 52.38
             precision    recall  f1-score   support

          F     1.0000    0.0476    0.0909        42
          M     0.5122    1.0000    0.6774        42

avg / total     0.7561    0.5238    0.3842        84

weighted f1: 38.4
['F' 'M']
Classifier accuracy train: 73.63
===== dev set ====
Classifier: 58.33
             precision    recall  f1-score   support

          F     0.6400    0.3810    0.4776        42
          M     0.5593    0.7857    0.6535        42

avg / total     0.5997    0.5833    0.5655        84

weighted f1: 56.6
['F' 'M']
Classifier accuracy train: 61.75
===== dev set ====
Classifier: 54.76
             precision    recall  f1-score   support

          F     0.5278    0.9048    0.6667        42
          M     0.6667    0.1905    0.2963        42

avg / total     0.5972    0.5476    0.4815        84

weighted f1: 48.1
==================================
mean f1: 49.56 (11.22)
mean acc: 56.97 (6.25)
===
first instance
Majority weighted F1: 33.33 acc: 50.00
C 1
rm_uu False
n_gram 1-2
test None
tf_idf False
show_instance False
pred False
embeds None
only_mean False
folds 10
c_n_gram 0
data data/EN-data-200tweets.json.balanced.punctCons
analyze_features None
