load data..
vectorize data..
Vocab size: 161010
['F' 'M']
Classifier accuracy train: 97.91
===== dev set ====
Classifier: 65.12
             precision    recall  f1-score   support

          F     0.6444    0.6744    0.6591        43
          M     0.6585    0.6279    0.6429        43

avg / total     0.6515    0.6512    0.6510        86

weighted f1: 65.1
['F' 'M']
Classifier accuracy train: 97.91
===== dev set ====
Classifier: 56.98
             precision    recall  f1-score   support

          F     0.5750    0.5349    0.5542        43
          M     0.5652    0.6047    0.5843        43

avg / total     0.5701    0.5698    0.5692        86

weighted f1: 56.9
['F' 'M']
Classifier accuracy train: 98.69
===== dev set ====
Classifier: 70.93
             precision    recall  f1-score   support

          F     0.6800    0.7907    0.7312        43
          M     0.7500    0.6279    0.6835        43

avg / total     0.7150    0.7093    0.7074        86

weighted f1: 70.7
['F' 'M']
Classifier accuracy train: 94.11
===== dev set ====
Classifier: 58.14
             precision    recall  f1-score   support

          F     0.6400    0.3721    0.4706        43
          M     0.5574    0.7907    0.6538        43

avg / total     0.5987    0.5814    0.5622        86

weighted f1: 56.2
['F' 'M']
Classifier accuracy train: 97.12
===== dev set ====
Classifier: 61.63
             precision    recall  f1-score   support

          F     0.7273    0.3721    0.4923        43
          M     0.5781    0.8605    0.6916        43

avg / total     0.6527    0.6163    0.5919        86

weighted f1: 59.2
['F' 'M']
Classifier accuracy train: 98.83
===== dev set ====
Classifier: 55.95
             precision    recall  f1-score   support

          F     0.5532    0.6190    0.5843        42
          M     0.5676    0.5000    0.5316        42

avg / total     0.5604    0.5595    0.5580        84

weighted f1: 55.8
['F' 'M']
Classifier accuracy train: 98.83
===== dev set ====
Classifier: 61.90
             precision    recall  f1-score   support

          F     0.6136    0.6429    0.6279        42
          M     0.6250    0.5952    0.6098        42

avg / total     0.6193    0.6190    0.6188        84

weighted f1: 61.9
['F' 'M']
Classifier accuracy train: 98.83
===== dev set ====
Classifier: 61.90
             precision    recall  f1-score   support

          F     0.6136    0.6429    0.6279        42
          M     0.6250    0.5952    0.6098        42

avg / total     0.6193    0.6190    0.6188        84

weighted f1: 61.9
['F' 'M']
Classifier accuracy train: 98.56
===== dev set ====
Classifier: 61.90
             precision    recall  f1-score   support

          F     0.6250    0.5952    0.6098        42
          M     0.6136    0.6429    0.6279        42

avg / total     0.6193    0.6190    0.6188        84

weighted f1: 61.9
['F' 'M']
Classifier accuracy train: 97.78
===== dev set ====
Classifier: 59.52
             precision    recall  f1-score   support

          F     0.6176    0.5000    0.5526        42
          M     0.5800    0.6905    0.6304        42

avg / total     0.5988    0.5952    0.5915        84

weighted f1: 59.2
==================================
mean f1: 60.88 (4.32)
mean acc: 61.40 (4.11)
===
first instance
Majority weighted F1: 33.33 acc: 50.00
embeds None
c_n_gram 0
rm_uu False
n_gram 6
data data/EN-data-200tweets.json.balanced.punctCons
folds 10
test None
analyze_features None
pred False
only_mean False
tf_idf False
C 1
show_instance False
