load data..
vectorize data..
Vocab size: 82752
['F' 'M']
Classifier accuracy train: 81.28
===== dev set ====
Classifier: 65.12
             precision    recall  f1-score   support

          F     0.5970    0.9302    0.7273        43
          M     0.8421    0.3721    0.5161        43

avg / total     0.7196    0.6512    0.6217        86

weighted f1: 62.2
['F' 'M']
Classifier accuracy train: 73.56
===== dev set ====
Classifier: 53.49
             precision    recall  f1-score   support

          F     0.5200    0.9070    0.6610        43
          M     0.6364    0.1628    0.2593        43

avg / total     0.5782    0.5349    0.4601        86

weighted f1: 46.0
['F' 'M']
Classifier accuracy train: 85.99
===== dev set ====
Classifier: 54.65
             precision    recall  f1-score   support

          F     0.5769    0.3488    0.4348        43
          M     0.5333    0.7442    0.6214        43

avg / total     0.5551    0.5465    0.5281        86

weighted f1: 52.8
['F' 'M']
Classifier accuracy train: 54.97
===== dev set ====
Classifier: 55.81
             precision    recall  f1-score   support

          F     1.0000    0.1163    0.2083        43
          M     0.5309    1.0000    0.6935        43

avg / total     0.7654    0.5581    0.4509        86

weighted f1: 45.1
['F' 'M']
Classifier accuracy train: 56.15
===== dev set ====
Classifier: 51.16
             precision    recall  f1-score   support

          F     1.0000    0.0233    0.0455        43
          M     0.5059    1.0000    0.6719        43

avg / total     0.7529    0.5116    0.3587        86

weighted f1: 35.9
['F' 'M']
Classifier accuracy train: 75.33
===== dev set ====
Classifier: 57.14
             precision    recall  f1-score   support

          F     0.6364    0.3333    0.4375        42
          M     0.5484    0.8095    0.6538        42

avg / total     0.5924    0.5714    0.5457        84

weighted f1: 54.6
['F' 'M']
Classifier accuracy train: 90.21
===== dev set ====
Classifier: 64.29
             precision    recall  f1-score   support

          F     0.6875    0.5238    0.5946        42
          M     0.6154    0.7619    0.6809        42

avg / total     0.6514    0.6429    0.6377        84

weighted f1: 63.8
['F' 'M']
Classifier accuracy train: 76.50
===== dev set ====
Classifier: 54.76
             precision    recall  f1-score   support

          F     0.6000    0.2857    0.3871        42
          M     0.5312    0.8095    0.6415        42

avg / total     0.5656    0.5476    0.5143        84

weighted f1: 51.4
['F' 'M']
Classifier accuracy train: 83.55
===== dev set ====
Classifier: 58.33
             precision    recall  f1-score   support

          F     0.7059    0.2857    0.4068        42
          M     0.5522    0.8810    0.6789        42

avg / total     0.6291    0.5833    0.5428        84

weighted f1: 54.3
['F' 'M']
Classifier accuracy train: 81.85
===== dev set ====
Classifier: 53.57
             precision    recall  f1-score   support

          F     0.5224    0.8333    0.6422        42
          M     0.5882    0.2381    0.3390        42

avg / total     0.5553    0.5357    0.4906        84

weighted f1: 49.1
==================================
mean f1: 51.51 (7.78)
mean acc: 56.83 (4.37)
===
first instance
Majority weighted F1: 33.33 acc: 50.00
data data/EN-data-200tweets.json.balanced.punctCons
analyze_features None
test None
show_instance False
rm_uu False
embeds None
only_mean False
pred False
tf_idf False
C 1
folds 10
n_gram 4
c_n_gram 0
