load data..
vectorize data..
Vocab size: 23359
['F' 'M']
Classifier accuracy train: 52.75
===== dev set ====
Classifier: 51.16
             precision    recall  f1-score   support

          F     0.5059    1.0000    0.6719        43
          M     1.0000    0.0233    0.0455        43

avg / total     0.7529    0.5116    0.3587        86

weighted f1: 35.9
['F' 'M']
Classifier accuracy train: 50.92
===== dev set ====
Classifier: 50.00
             precision    recall  f1-score   support

          F     0.5000    1.0000    0.6667        43
          M     0.0000    0.0000    0.0000        43

avg / total     0.2500    0.5000    0.3333        86

weighted f1: 33.3
['F' 'M']
Classifier accuracy train: 63.48
===== dev set ====
Classifier: 58.14
             precision    recall  f1-score   support

          F     0.5479    0.9302    0.6897        43
          M     0.7692    0.2326    0.3571        43

avg / total     0.6586    0.5814    0.5234        86

weighted f1: 52.3
['F' 'M']
Classifier accuracy train: 55.24
===== dev set ====
Classifier: 54.65
             precision    recall  f1-score   support

          F     0.5250    0.9767    0.6829        43
          M     0.8333    0.1163    0.2041        43

avg / total     0.6792    0.5465    0.4435        86

weighted f1: 44.4
['F' 'M']
Classifier accuracy train: 65.84
===== dev set ====
Classifier: 53.49
             precision    recall  f1-score   support

          F     0.5190    0.9535    0.6721        43
          M     0.7143    0.1163    0.2000        43

avg / total     0.6166    0.5349    0.4361        86

weighted f1: 43.6
['F' 'M']
Classifier accuracy train: 63.58
===== dev set ====
Classifier: 53.57
             precision    recall  f1-score   support

          F     0.5195    0.9524    0.6723        42
          M     0.7143    0.1190    0.2041        42

avg / total     0.6169    0.5357    0.4382        84

weighted f1: 43.8
['F' 'M']
Classifier accuracy train: 52.61
===== dev set ====
Classifier: 51.19
             precision    recall  f1-score   support

          F     0.6000    0.0714    0.1277        42
          M     0.5063    0.9524    0.6612        42

avg / total     0.5532    0.5119    0.3944        84

weighted f1: 39.4
['F' 'M']
Classifier accuracy train: 60.44
===== dev set ====
Classifier: 51.19
             precision    recall  f1-score   support

          F     0.5714    0.0952    0.1633        42
          M     0.5065    0.9286    0.6555        42

avg / total     0.5390    0.5119    0.4094        84

weighted f1: 40.9
['F' 'M']
Classifier accuracy train: 59.14
===== dev set ====
Classifier: 53.57
             precision    recall  f1-score   support

          F     0.5195    0.9524    0.6723        42
          M     0.7143    0.1190    0.2041        42

avg / total     0.6169    0.5357    0.4382        84

weighted f1: 43.8
['F' 'M']
Classifier accuracy train: 60.70
===== dev set ====
Classifier: 51.19
             precision    recall  f1-score   support

          F     0.6000    0.0714    0.1277        42
          M     0.5063    0.9524    0.6612        42

avg / total     0.5532    0.5119    0.3944        84

weighted f1: 39.4
==================================
mean f1: 41.69 (4.98)
mean acc: 52.82 (2.28)
===
first instance
Majority weighted F1: 33.33 acc: 50.00
analyze_features None
test None
pred False
C 1
show_instance False
only_mean False
embeds None
rm_uu False
c_n_gram 0
n_gram 2
tf_idf False
folds 10
data data/EN-data-200tweets.json.balanced.punctCons
