load data..
vectorize data..
Vocab size: 5746
['F' 'M']
Classifier accuracy train: 65.18
===== dev set ====
Classifier: 50.00
             precision    recall  f1-score   support

          F     0.5000    0.1860    0.2712        43
          M     0.5000    0.8140    0.6195        43

avg / total     0.5000    0.5000    0.4453        86

weighted f1: 44.5
['F' 'M']
Classifier accuracy train: 57.33
===== dev set ====
Classifier: 47.67
             precision    recall  f1-score   support

          F     0.4875    0.9070    0.6341        43
          M     0.3333    0.0465    0.0816        43

avg / total     0.4104    0.4767    0.3579        86

weighted f1: 35.8
['F' 'M']
Classifier accuracy train: 62.96
===== dev set ====
Classifier: 61.63
             precision    recall  f1-score   support

          F     0.5714    0.9302    0.7080        43
          M     0.8125    0.3023    0.4407        43

avg / total     0.6920    0.6163    0.5743        86

weighted f1: 57.4
['F' 'M']
Classifier accuracy train: 52.75
===== dev set ====
Classifier: 51.16
             precision    recall  f1-score   support

          F     0.5059    1.0000    0.6719        43
          M     1.0000    0.0233    0.0455        43

avg / total     0.7529    0.5116    0.3587        86

weighted f1: 35.9
['F' 'M']
Classifier accuracy train: 60.21
===== dev set ====
Classifier: 58.14
             precision    recall  f1-score   support

          F     0.8889    0.1860    0.3077        43
          M     0.5455    0.9767    0.7000        43

avg / total     0.7172    0.5814    0.5038        86

weighted f1: 50.4
['F' 'M']
Classifier accuracy train: 69.32
===== dev set ====
Classifier: 58.33
             precision    recall  f1-score   support

          F     0.5556    0.8333    0.6667        42
          M     0.6667    0.3333    0.4444        42

avg / total     0.6111    0.5833    0.5556        84

weighted f1: 55.6
['F' 'M']
Classifier accuracy train: 55.61
===== dev set ====
Classifier: 54.76
             precision    recall  f1-score   support

          F     0.8333    0.1190    0.2083        42
          M     0.5256    0.9762    0.6833        42

avg / total     0.6795    0.5476    0.4458        84

weighted f1: 44.6
['F' 'M']
Classifier accuracy train: 51.31
===== dev set ====
Classifier: 50.00
             precision    recall  f1-score   support

          F     0.5000    1.0000    0.6667        42
          M     0.0000    0.0000    0.0000        42

avg / total     0.2500    0.5000    0.3333        84

weighted f1: 33.3
['F' 'M']
Classifier accuracy train: 57.70
===== dev set ====
Classifier: 57.14
             precision    recall  f1-score   support

          F     0.5395    0.9762    0.6949        42
          M     0.8750    0.1667    0.2800        42

avg / total     0.7072    0.5714    0.4875        84

weighted f1: 48.7
['F' 'M']
Classifier accuracy train: 52.87
===== dev set ====
Classifier: 50.00
             precision    recall  f1-score   support

          F     0.5000    1.0000    0.6667        42
          M     0.0000    0.0000    0.0000        42

avg / total     0.2500    0.5000    0.3333        84

weighted f1: 33.3
==================================
mean f1: 43.96 (8.60)
mean acc: 53.88 (4.48)
===
first instance
Majority weighted F1: 33.33 acc: 50.00
test None
c_n_gram 0
analyze_features None
show_instance False
folds 10
data data/EN-data-200tweets.json.balanced.punctAgr
rm_uu False
only_mean False
C 1
tf_idf False
pred False
embeds None
n_gram 1-3
