load data..
vectorize data..
Vocab size: 1068
['F' 'M']
Classifier accuracy train: 50.13
===== dev set ====
Classifier: 50.00
             precision    recall  f1-score   support

          F     0.0000    0.0000    0.0000        43
          M     0.5000    1.0000    0.6667        43

avg / total     0.2500    0.5000    0.3333        86

weighted f1: 33.3
['F' 'M']
Classifier accuracy train: 53.40
===== dev set ====
Classifier: 52.33
             precision    recall  f1-score   support

          F     1.0000    0.0465    0.0889        43
          M     0.5119    1.0000    0.6772        43

avg / total     0.7560    0.5233    0.3830        86

weighted f1: 38.3
['F' 'M']
Classifier accuracy train: 54.97
===== dev set ====
Classifier: 55.81
             precision    recall  f1-score   support

          F     0.7778    0.1628    0.2692        43
          M     0.5325    0.9535    0.6833        43

avg / total     0.6551    0.5581    0.4763        86

weighted f1: 47.6
['F' 'M']
Classifier accuracy train: 59.29
===== dev set ====
Classifier: 51.16
             precision    recall  f1-score   support

          F     0.5065    0.9070    0.6500        43
          M     0.5556    0.1163    0.1923        43

avg / total     0.5310    0.5116    0.4212        86

weighted f1: 42.1
['F' 'M']
Classifier accuracy train: 59.03
===== dev set ====
Classifier: 54.65
             precision    recall  f1-score   support

          F     0.7500    0.1395    0.2353        43
          M     0.5256    0.9535    0.6777        43

avg / total     0.6378    0.5465    0.4565        86

weighted f1: 45.6
['F' 'M']
Classifier accuracy train: 50.91
===== dev set ====
Classifier: 51.19
             precision    recall  f1-score   support

          F     0.5060    1.0000    0.6720        42
          M     1.0000    0.0238    0.0465        42

avg / total     0.7530    0.5119    0.3593        84

weighted f1: 35.9
['F' 'M']
Classifier accuracy train: 50.26
===== dev set ====
Classifier: 50.00
             precision    recall  f1-score   support

          F     0.0000    0.0000    0.0000        42
          M     0.5000    1.0000    0.6667        42

avg / total     0.2500    0.5000    0.3333        84

weighted f1: 33.3
['F' 'M']
Classifier accuracy train: 51.04
===== dev set ====
Classifier: 50.00
             precision    recall  f1-score   support

          F     0.5000    1.0000    0.6667        42
          M     0.0000    0.0000    0.0000        42

avg / total     0.2500    0.5000    0.3333        84

weighted f1: 33.3
['F' 'M']
Classifier accuracy train: 59.01
===== dev set ====
Classifier: 50.00
             precision    recall  f1-score   support

          F     0.5000    0.0952    0.1600        42
          M     0.5000    0.9048    0.6441        42

avg / total     0.5000    0.5000    0.4020        84

weighted f1: 40.2
['F' 'M']
Classifier accuracy train: 59.27
===== dev set ====
Classifier: 51.19
             precision    recall  f1-score   support

          F     0.5714    0.0952    0.1633        42
          M     0.5065    0.9286    0.6555        42

avg / total     0.5390    0.5119    0.4094        84

weighted f1: 40.9
==================================
mean f1: 39.08 (4.90)
mean acc: 51.63 (1.96)
===
first instance
Majority weighted F1: 33.33 acc: 50.00
folds 10
embeds None
show_instance False
analyze_features None
data data/EN-data-200tweets.json.balanced.punctAgr
test None
only_mean False
c_n_gram 0
C 1
n_gram 2
rm_uu False
tf_idf False
pred False
