load data..
vectorize data..
Vocab size: 40693
['F' 'M']
Classifier accuracy train: 66.62
===== dev set ====
Classifier: 59.30
             precision    recall  f1-score   support

          F     0.5571    0.9070    0.6903        43
          M     0.7500    0.2791    0.4068        43

avg / total     0.6536    0.5930    0.5485        86

weighted f1: 54.9
['F' 'M']
Classifier accuracy train: 66.36
===== dev set ====
Classifier: 51.16
             precision    recall  f1-score   support

          F     0.5068    0.8605    0.6379        43
          M     0.5385    0.1628    0.2500        43

avg / total     0.5227    0.5116    0.4440        86

weighted f1: 44.4
['F' 'M']
Classifier accuracy train: 52.23
===== dev set ====
Classifier: 52.33
             precision    recall  f1-score   support

          F     0.7500    0.0698    0.1277        43
          M     0.5122    0.9767    0.6720        43

avg / total     0.6311    0.5233    0.3998        86

weighted f1: 40.0
['F' 'M']
Classifier accuracy train: 72.25
===== dev set ====
Classifier: 54.65
             precision    recall  f1-score   support

          F     0.5769    0.3488    0.4348        43
          M     0.5333    0.7442    0.6214        43

avg / total     0.5551    0.5465    0.5281        86

weighted f1: 52.8
['F' 'M']
Classifier accuracy train: 73.17
===== dev set ====
Classifier: 58.14
             precision    recall  f1-score   support

          F     0.6129    0.4419    0.5135        43
          M     0.5636    0.7209    0.6327        43

avg / total     0.5883    0.5814    0.5731        86

weighted f1: 57.3
['F' 'M']
Classifier accuracy train: 52.22
===== dev set ====
Classifier: 50.00
             precision    recall  f1-score   support

          F     0.5000    1.0000    0.6667        42
          M     0.0000    0.0000    0.0000        42

avg / total     0.2500    0.5000    0.3333        84

weighted f1: 33.3
['F' 'M']
Classifier accuracy train: 67.49
===== dev set ====
Classifier: 54.76
             precision    recall  f1-score   support

          F     0.6000    0.2857    0.3871        42
          M     0.5312    0.8095    0.6415        42

avg / total     0.5656    0.5476    0.5143        84

weighted f1: 51.4
['F' 'M']
Classifier accuracy train: 53.92
===== dev set ====
Classifier: 51.19
             precision    recall  f1-score   support

          F     0.5062    0.9762    0.6667        42
          M     0.6667    0.0476    0.0889        42

avg / total     0.5864    0.5119    0.3778        84

weighted f1: 37.8
['F' 'M']
Classifier accuracy train: 65.14
===== dev set ====
Classifier: 57.14
             precision    recall  f1-score   support

          F     0.5417    0.9286    0.6842        42
          M     0.7500    0.2143    0.3333        42

avg / total     0.6458    0.5714    0.5088        84

weighted f1: 50.9
['F' 'M']
Classifier accuracy train: 54.57
===== dev set ====
Classifier: 48.81
             precision    recall  f1-score   support

          F     0.3333    0.0238    0.0444        42
          M     0.4938    0.9524    0.6504        42

avg / total     0.4136    0.4881    0.3474        84

weighted f1: 34.7
==================================
mean f1: 45.75 (8.36)
mean acc: 53.75 (3.42)
===
first instance
Majority weighted F1: 33.33 acc: 50.00
show_instance False
C 1
folds 10
analyze_features None
data data/EN-data-200tweets.json.balanced.punctAgr
test None
rm_uu False
pred False
embeds None
only_mean False
tf_idf False
c_n_gram 0
n_gram 1-5
