load data..
vectorize data..
Vocab size: 79282
['F' 'M']
Classifier accuracy train: 81.02
===== dev set ====
Classifier: 68.60
             precision    recall  f1-score   support

          F     0.6818    0.6977    0.6897        43
          M     0.6905    0.6744    0.6824        43

avg / total     0.6861    0.6860    0.6860        86

weighted f1: 68.6
['F' 'M']
Classifier accuracy train: 60.21
===== dev set ====
Classifier: 53.49
             precision    recall  f1-score   support

          F     0.8000    0.0930    0.1667        43
          M     0.5185    0.9767    0.6774        43

avg / total     0.6593    0.5349    0.4220        86

weighted f1: 42.2
['F' 'M']
Classifier accuracy train: 74.35
===== dev set ====
Classifier: 66.28
             precision    recall  f1-score   support

          F     0.6094    0.9070    0.7290        43
          M     0.8182    0.4186    0.5538        43

avg / total     0.7138    0.6628    0.6414        86

weighted f1: 64.1
['F' 'M']
Classifier accuracy train: 53.93
===== dev set ====
Classifier: 52.33
             precision    recall  f1-score   support

          F     1.0000    0.0465    0.0889        43
          M     0.5119    1.0000    0.6772        43

avg / total     0.7560    0.5233    0.3830        86

weighted f1: 38.3
['F' 'M']
Classifier accuracy train: 77.49
===== dev set ====
Classifier: 62.79
             precision    recall  f1-score   support

          F     0.7391    0.3953    0.5152        43
          M     0.5873    0.8605    0.6981        43

avg / total     0.6632    0.6279    0.6066        86

weighted f1: 60.7
['F' 'M']
Classifier accuracy train: 61.49
===== dev set ====
Classifier: 51.19
             precision    recall  f1-score   support

          F     0.5062    0.9762    0.6667        42
          M     0.6667    0.0476    0.0889        42

avg / total     0.5864    0.5119    0.3778        84

weighted f1: 37.8
['F' 'M']
Classifier accuracy train: 51.96
===== dev set ====
Classifier: 50.00
             precision    recall  f1-score   support

          F     0.5000    1.0000    0.6667        42
          M     0.0000    0.0000    0.0000        42

avg / total     0.2500    0.5000    0.3333        84

weighted f1: 33.3
['F' 'M']
Classifier accuracy train: 77.28
===== dev set ====
Classifier: 58.33
             precision    recall  f1-score   support

          F     0.5636    0.7381    0.6392        42
          M     0.6207    0.4286    0.5070        42

avg / total     0.5922    0.5833    0.5731        84

weighted f1: 57.3
['F' 'M']
Classifier accuracy train: 52.87
===== dev set ====
Classifier: 50.00
             precision    recall  f1-score   support

          F     0.0000    0.0000    0.0000        42
          M     0.5000    1.0000    0.6667        42

avg / total     0.2500    0.5000    0.3333        84

weighted f1: 33.3
['F' 'M']
Classifier accuracy train: 71.28
===== dev set ====
Classifier: 58.33
             precision    recall  f1-score   support

          F     0.5522    0.8810    0.6789        42
          M     0.7059    0.2857    0.4068        42

avg / total     0.6291    0.5833    0.5428        84

weighted f1: 54.3
==================================
mean f1: 49.00 (12.74)
mean acc: 57.13 (6.51)
===
first instance
Majority weighted F1: 33.33 acc: 50.00
C 1
test None
show_instance False
data data/EN-data-200tweets.json.balanced.punctCons
tf_idf False
pred False
rm_uu False
c_n_gram 0
embeds None
analyze_features None
n_gram 1-3
only_mean False
folds 10
