load data..
vectorize data..
Vocab size: 77341
['F' 'M']
Classifier accuracy train: 51.31
===== dev set ====
Classifier: 50.00
             precision    recall  f1-score   support

          F     0.5000    1.0000    0.6667        43
          M     0.0000    0.0000    0.0000        43

avg / total     0.2500    0.5000    0.3333        86

weighted f1: 33.3
['F' 'M']
Classifier accuracy train: 54.84
===== dev set ====
Classifier: 48.84
             precision    recall  f1-score   support

          F     0.4941    0.9767    0.6562        43
          M     0.0000    0.0000    0.0000        43

avg / total     0.2471    0.4884    0.3281        86

weighted f1: 32.8
['F' 'M']
Classifier accuracy train: 74.35
===== dev set ====
Classifier: 62.79
             precision    recall  f1-score   support

          F     0.5873    0.8605    0.6981        43
          M     0.7391    0.3953    0.5152        43

avg / total     0.6632    0.6279    0.6066        86

weighted f1: 60.7
['F' 'M']
Classifier accuracy train: 61.13
===== dev set ====
Classifier: 52.33
             precision    recall  f1-score   support

          F     0.5122    0.9767    0.6720        43
          M     0.7500    0.0698    0.1277        43

avg / total     0.6311    0.5233    0.3998        86

weighted f1: 40.0
['F' 'M']
Classifier accuracy train: 50.92
===== dev set ====
Classifier: 50.00
             precision    recall  f1-score   support

          F     0.0000    0.0000    0.0000        43
          M     0.5000    1.0000    0.6667        43

avg / total     0.2500    0.5000    0.3333        86

weighted f1: 33.3
['F' 'M']
Classifier accuracy train: 59.79
===== dev set ====
Classifier: 47.62
             precision    recall  f1-score   support

          F     0.3750    0.0714    0.1200        42
          M     0.4868    0.8810    0.6271        42

avg / total     0.4309    0.4762    0.3736        84

weighted f1: 37.4
['F' 'M']
Classifier accuracy train: 68.93
===== dev set ====
Classifier: 57.14
             precision    recall  f1-score   support

          F     0.5417    0.9286    0.6842        42
          M     0.7500    0.2143    0.3333        42

avg / total     0.6458    0.5714    0.5088        84

weighted f1: 50.9
['F' 'M']
Classifier accuracy train: 64.36
===== dev set ====
Classifier: 53.57
             precision    recall  f1-score   support

          F     0.6154    0.1905    0.2909        42
          M     0.5211    0.8810    0.6549        42

avg / total     0.5683    0.5357    0.4729        84

weighted f1: 47.3
['F' 'M']
Classifier accuracy train: 75.07
===== dev set ====
Classifier: 55.95
             precision    recall  f1-score   support

          F     0.5410    0.7857    0.6408        42
          M     0.6087    0.3333    0.4308        42

avg / total     0.5748    0.5595    0.5358        84

weighted f1: 53.6
['F' 'M']
Classifier accuracy train: 71.41
===== dev set ====
Classifier: 57.14
             precision    recall  f1-score   support

          F     0.6667    0.2857    0.4000        42
          M     0.5455    0.8571    0.6667        42

avg / total     0.6061    0.5714    0.5333        84

weighted f1: 53.3
==================================
mean f1: 44.26 (9.63)
mean acc: 53.54 (4.48)
===
first instance
Majority weighted F1: 33.33 acc: 50.00
test None
analyze_features None
c_n_gram 0
rm_uu False
C 1
embeds None
data data/EN-data-200tweets.json.balanced.punctAgr
show_instance False
folds 10
pred False
only_mean False
tf_idf False
n_gram 1-6
