load data..
vectorize data..
Vocab size: 4549
['F' 'M']
Classifier accuracy train: 63.48
===== dev set ====
Classifier: 50.00
             precision    recall  f1-score   support

          F     0.5000    0.1395    0.2182        43
          M     0.5000    0.8605    0.6325        43

avg / total     0.5000    0.5000    0.4253        86

weighted f1: 42.5
['F' 'M']
Classifier accuracy train: 57.20
===== dev set ====
Classifier: 48.84
             precision    recall  f1-score   support

          F     0.4938    0.9302    0.6452        43
          M     0.4000    0.0465    0.0833        43

avg / total     0.4469    0.4884    0.3642        86

weighted f1: 36.4
['F' 'M']
Classifier accuracy train: 53.40
===== dev set ====
Classifier: 52.33
             precision    recall  f1-score   support

          F     0.5122    0.9767    0.6720        43
          M     0.7500    0.0698    0.1277        43

avg / total     0.6311    0.5233    0.3998        86

weighted f1: 40.0
['F' 'M']
Classifier accuracy train: 57.98
===== dev set ====
Classifier: 51.16
             precision    recall  f1-score   support

          F     0.6667    0.0465    0.0870        43
          M     0.5060    0.9767    0.6667        43

avg / total     0.5863    0.5116    0.3768        86

weighted f1: 37.7
['F' 'M']
Classifier accuracy train: 57.46
===== dev set ====
Classifier: 50.00
             precision    recall  f1-score   support

          F     0.5000    0.9302    0.6504        43
          M     0.5000    0.0698    0.1224        43

avg / total     0.5000    0.5000    0.3864        86

weighted f1: 38.6
['F' 'M']
Classifier accuracy train: 71.28
===== dev set ====
Classifier: 51.19
             precision    recall  f1-score   support

          F     0.5185    0.3333    0.4058        42
          M     0.5088    0.6905    0.5859        42

avg / total     0.5136    0.5119    0.4958        84

weighted f1: 49.6
['F' 'M']
Classifier accuracy train: 50.91
===== dev set ====
Classifier: 50.00
             precision    recall  f1-score   support

          F     0.5000    1.0000    0.6667        42
          M     0.0000    0.0000    0.0000        42

avg / total     0.2500    0.5000    0.3333        84

weighted f1: 33.3
['F' 'M']
Classifier accuracy train: 71.15
===== dev set ====
Classifier: 59.52
             precision    recall  f1-score   support

          F     0.6000    0.5714    0.5854        42
          M     0.5909    0.6190    0.6047        42

avg / total     0.5955    0.5952    0.5950        84

weighted f1: 59.5
['F' 'M']
Classifier accuracy train: 53.13
===== dev set ====
Classifier: 52.38
             precision    recall  f1-score   support

          F     0.5122    1.0000    0.6774        42
          M     1.0000    0.0476    0.0909        42

avg / total     0.7561    0.5238    0.3842        84

weighted f1: 38.4
['F' 'M']
Classifier accuracy train: 58.49
===== dev set ====
Classifier: 53.57
             precision    recall  f1-score   support

          F     0.5190    0.9762    0.6777        42
          M     0.8000    0.0952    0.1702        42

avg / total     0.6595    0.5357    0.4239        84

weighted f1: 42.4
==================================
mean f1: 41.85 (7.19)
mean acc: 51.90 (2.87)
===
first instance
Majority weighted F1: 33.33 acc: 50.00
rm_uu False
only_mean False
analyze_features None
test None
C 1
n_gram 3
tf_idf False
pred False
data data/EN-data-200tweets.json.balanced.punctAgr
folds 10
embeds None
show_instance False
c_n_gram 0
