load data..
vectorize data..
Vocab size: 6887
['F' 'M']
Classifier accuracy train: 51.57
===== dev set ====
Classifier: 51.16
             precision    recall  f1-score   support

          F     0.5059    1.0000    0.6719        43
          M     1.0000    0.0233    0.0455        43

avg / total     0.7529    0.5116    0.3587        86

weighted f1: 35.9
['F' 'M']
Classifier accuracy train: 50.92
===== dev set ====
Classifier: 51.16
             precision    recall  f1-score   support

          F     0.5060    0.9767    0.6667        43
          M     0.6667    0.0465    0.0870        43

avg / total     0.5863    0.5116    0.3768        86

weighted f1: 37.7
['F' 'M']
Classifier accuracy train: 54.71
===== dev set ====
Classifier: 51.16
             precision    recall  f1-score   support

          F     0.6000    0.0698    0.1250        43
          M     0.5062    0.9535    0.6613        43

avg / total     0.5531    0.5116    0.3931        86

weighted f1: 39.3
['F' 'M']
Classifier accuracy train: 72.51
===== dev set ====
Classifier: 67.44
             precision    recall  f1-score   support

          F     0.6364    0.8140    0.7143        43
          M     0.7419    0.5349    0.6216        43

avg / total     0.6891    0.6744    0.6680        86

weighted f1: 66.8
['F' 'M']
Classifier accuracy train: 50.79
===== dev set ====
Classifier: 50.00
             precision    recall  f1-score   support

          F     0.5000    1.0000    0.6667        43
          M     0.0000    0.0000    0.0000        43

avg / total     0.2500    0.5000    0.3333        86

weighted f1: 33.3
['F' 'M']
Classifier accuracy train: 52.09
===== dev set ====
Classifier: 51.19
             precision    recall  f1-score   support

          F     1.0000    0.0238    0.0465        42
          M     0.5060    1.0000    0.6720        42

avg / total     0.7530    0.5119    0.3593        84

weighted f1: 35.9
['F' 'M']
Classifier accuracy train: 56.53
===== dev set ====
Classifier: 51.19
             precision    recall  f1-score   support

          F     0.5062    0.9762    0.6667        42
          M     0.6667    0.0476    0.0889        42

avg / total     0.5864    0.5119    0.3778        84

weighted f1: 37.8
['F' 'M']
Classifier accuracy train: 51.83
===== dev set ====
Classifier: 53.57
             precision    recall  f1-score   support

          F     1.0000    0.0714    0.1333        42
          M     0.5185    1.0000    0.6829        42

avg / total     0.7593    0.5357    0.4081        84

weighted f1: 40.8
['F' 'M']
Classifier accuracy train: 51.31
===== dev set ====
Classifier: 48.81
             precision    recall  f1-score   support

          F     0.0000    0.0000    0.0000        42
          M     0.4940    0.9762    0.6560        42

avg / total     0.2470    0.4881    0.3280        84

weighted f1: 32.8
['F' 'M']
Classifier accuracy train: 51.04
===== dev set ====
Classifier: 50.00
             precision    recall  f1-score   support

          F     0.0000    0.0000    0.0000        42
          M     0.5000    1.0000    0.6667        42

avg / total     0.2500    0.5000    0.3333        84

weighted f1: 33.3
==================================
mean f1: 39.36 (9.49)
mean acc: 52.57 (5.09)
===
first instance
Majority weighted F1: 33.33 acc: 50.00
only_mean False
rm_uu False
data data/EN-data-200tweets.json.balanced.punctCons
folds 10
show_instance False
pred False
C 1
c_n_gram 0
tf_idf False
embeds None
analyze_features None
test None
n_gram 1
