load data..
vectorize data..
Vocab size: 36648
['F' 'M']
Classifier accuracy train: 71.86
===== dev set ====
Classifier: 51.16
             precision    recall  f1-score   support

          F     0.5455    0.1395    0.2222        43
          M     0.5067    0.8837    0.6441        43

avg / total     0.5261    0.5116    0.4331        86

weighted f1: 43.3
['F' 'M']
Classifier accuracy train: 66.75
===== dev set ====
Classifier: 48.84
             precision    recall  f1-score   support

          F     0.4933    0.8605    0.6271        43
          M     0.4545    0.1163    0.1852        43

avg / total     0.4739    0.4884    0.4062        86

weighted f1: 40.6
['F' 'M']
Classifier accuracy train: 75.39
===== dev set ====
Classifier: 53.49
             precision    recall  f1-score   support

          F     0.5789    0.2558    0.3548        43
          M     0.5224    0.8140    0.6364        43

avg / total     0.5507    0.5349    0.4956        86

weighted f1: 49.6
['F' 'M']
Classifier accuracy train: 90.18
===== dev set ====
Classifier: 55.81
             precision    recall  f1-score   support

          F     0.5714    0.4651    0.5128        43
          M     0.5490    0.6512    0.5957        43

avg / total     0.5602    0.5581    0.5543        86

weighted f1: 55.4
['F' 'M']
Classifier accuracy train: 68.98
===== dev set ====
Classifier: 53.49
             precision    recall  f1-score   support

          F     0.6667    0.1395    0.2308        43
          M     0.5195    0.9302    0.6667        43

avg / total     0.5931    0.5349    0.4487        86

weighted f1: 44.9
['F' 'M']
Classifier accuracy train: 65.67
===== dev set ====
Classifier: 50.00
             precision    recall  f1-score   support

          F     0.5000    0.0952    0.1600        42
          M     0.5000    0.9048    0.6441        42

avg / total     0.5000    0.5000    0.4020        84

weighted f1: 40.2
['F' 'M']
Classifier accuracy train: 85.51
===== dev set ====
Classifier: 54.76
             precision    recall  f1-score   support

          F     0.5769    0.3571    0.4412        42
          M     0.5345    0.7381    0.6200        42

avg / total     0.5557    0.5476    0.5306        84

weighted f1: 53.1
['F' 'M']
Classifier accuracy train: 88.77
===== dev set ====
Classifier: 61.90
             precision    recall  f1-score   support

          F     0.6042    0.6905    0.6444        42
          M     0.6389    0.5476    0.5897        42

avg / total     0.6215    0.6190    0.6171        84

weighted f1: 61.7
['F' 'M']
Classifier accuracy train: 85.25
===== dev set ====
Classifier: 48.81
             precision    recall  f1-score   support

          F     0.4828    0.3333    0.3944        42
          M     0.4909    0.6429    0.5567        42

avg / total     0.4868    0.4881    0.4755        84

weighted f1: 47.6
['F' 'M']
Classifier accuracy train: 86.81
===== dev set ====
Classifier: 57.14
             precision    recall  f1-score   support

          F     0.6000    0.4286    0.5000        42
          M     0.5556    0.7143    0.6250        42

avg / total     0.5778    0.5714    0.5625        84

weighted f1: 56.2
==================================
mean f1: 49.26 (6.86)
mean acc: 53.54 (3.90)
===
first instance
Majority weighted F1: 33.33 acc: 50.00
embeds None
c_n_gram 0
test None
tf_idf False
C 1
pred False
n_gram 6
data data/EN-data-200tweets.json.balanced.punctAgr
analyze_features None
show_instance False
rm_uu False
folds 10
only_mean False
