load data..
vectorize data..
Vocab size: 443458
['F' 'M']
Classifier accuracy train: 67.67
===== dev set ====
Classifier: 59.30
             precision    recall  f1-score   support

          F     0.8333    0.2326    0.3636        43
          M     0.5541    0.9535    0.7009        43

avg / total     0.6937    0.5930    0.5322        86

weighted f1: 53.2
['F' 'M']
Classifier accuracy train: 84.95
===== dev set ====
Classifier: 60.47
             precision    recall  f1-score   support

          F     0.5738    0.8140    0.6731        43
          M     0.6800    0.3953    0.5000        43

avg / total     0.6269    0.6047    0.5865        86

weighted f1: 58.7
['F' 'M']
Classifier accuracy train: 79.84
===== dev set ====
Classifier: 66.28
             precision    recall  f1-score   support

          F     0.6061    0.9302    0.7339        43
          M     0.8500    0.3953    0.5397        43

avg / total     0.7280    0.6628    0.6368        86

weighted f1: 63.7
['F' 'M']
Classifier accuracy train: 67.41
===== dev set ====
Classifier: 60.47
             precision    recall  f1-score   support

          F     0.5616    0.9535    0.7069        43
          M     0.8462    0.2558    0.3929        43

avg / total     0.7039    0.6047    0.5499        86

weighted f1: 55.0
['F' 'M']
Classifier accuracy train: 57.98
===== dev set ====
Classifier: 51.16
             precision    recall  f1-score   support

          F     0.5060    0.9767    0.6667        43
          M     0.6667    0.0465    0.0870        43

avg / total     0.5863    0.5116    0.3768        86

weighted f1: 37.7
['F' 'M']
Classifier accuracy train: 73.24
===== dev set ====
Classifier: 57.14
             precision    recall  f1-score   support

          F     0.5455    0.8571    0.6667        42
          M     0.6667    0.2857    0.4000        42

avg / total     0.6061    0.5714    0.5333        84

weighted f1: 53.3
['F' 'M']
Classifier accuracy train: 86.95
===== dev set ====
Classifier: 59.52
             precision    recall  f1-score   support

          F     0.6176    0.5000    0.5526        42
          M     0.5800    0.6905    0.6304        42

avg / total     0.5988    0.5952    0.5915        84

weighted f1: 59.2
['F' 'M']
Classifier accuracy train: 54.18
===== dev set ====
Classifier: 51.19
             precision    recall  f1-score   support

          F     0.6667    0.0476    0.0889        42
          M     0.5062    0.9762    0.6667        42

avg / total     0.5864    0.5119    0.3778        84

weighted f1: 37.8
['F' 'M']
Classifier accuracy train: 80.16
===== dev set ====
Classifier: 59.52
             precision    recall  f1-score   support

          F     0.5588    0.9048    0.6909        42
          M     0.7500    0.2857    0.4138        42

avg / total     0.6544    0.5952    0.5524        84

weighted f1: 55.2
['F' 'M']
Classifier accuracy train: 71.67
===== dev set ====
Classifier: 50.00
             precision    recall  f1-score   support

          F     0.5000    0.0952    0.1600        42
          M     0.5000    0.9048    0.6441        42

avg / total     0.5000    0.5000    0.4020        84

weighted f1: 40.2
==================================
mean f1: 51.39 (8.93)
mean acc: 57.51 (4.92)
===
first instance
Majority weighted F1: 33.33 acc: 50.00
pred False
C 1
test None
rm_uu False
only_mean False
n_gram 1-6
data data/EN-data-200tweets.json.balanced.punctCons
show_instance False
analyze_features None
tf_idf False
c_n_gram 0
embeds None
folds 10
