load data..
vectorize data..
Vocab size: 1197
['F' 'M']
Classifier accuracy train: 61.65
===== dev set ====
Classifier: 48.84
             precision    recall  f1-score   support

          F     0.4667    0.1628    0.2414        43
          M     0.4930    0.8140    0.6140        43

avg / total     0.4798    0.4884    0.4277        86

weighted f1: 42.8
['F' 'M']
Classifier accuracy train: 50.39
===== dev set ====
Classifier: 50.00
             precision    recall  f1-score   support

          F     0.0000    0.0000    0.0000        43
          M     0.5000    1.0000    0.6667        43

avg / total     0.2500    0.5000    0.3333        86

weighted f1: 33.3
['F' 'M']
Classifier accuracy train: 60.99
===== dev set ====
Classifier: 61.63
             precision    recall  f1-score   support

          F     0.7083    0.3953    0.5075        43
          M     0.5806    0.8372    0.6857        43

avg / total     0.6445    0.6163    0.5966        86

weighted f1: 59.7
['F' 'M']
Classifier accuracy train: 50.13
===== dev set ====
Classifier: 50.00
             precision    recall  f1-score   support

          F     0.5000    1.0000    0.6667        43
          M     0.0000    0.0000    0.0000        43

avg / total     0.2500    0.5000    0.3333        86

weighted f1: 33.3
['F' 'M']
Classifier accuracy train: 57.33
===== dev set ====
Classifier: 54.65
             precision    recall  f1-score   support

          F     0.7500    0.1395    0.2353        43
          M     0.5256    0.9535    0.6777        43

avg / total     0.6378    0.5465    0.4565        86

weighted f1: 45.6
['F' 'M']
Classifier accuracy train: 51.31
===== dev set ====
Classifier: 51.19
             precision    recall  f1-score   support

          F     0.5060    1.0000    0.6720        42
          M     1.0000    0.0238    0.0465        42

avg / total     0.7530    0.5119    0.3593        84

weighted f1: 35.9
['F' 'M']
Classifier accuracy train: 57.18
===== dev set ====
Classifier: 52.38
             precision    recall  f1-score   support

          F     0.6250    0.1190    0.2000        42
          M     0.5132    0.9286    0.6610        42

avg / total     0.5691    0.5238    0.4305        84

weighted f1: 43.1
['F' 'M']
Classifier accuracy train: 53.13
===== dev set ====
Classifier: 54.76
             precision    recall  f1-score   support

          F     1.0000    0.0952    0.1739        42
          M     0.5250    1.0000    0.6885        42

avg / total     0.7625    0.5476    0.4312        84

weighted f1: 43.1
['F' 'M']
Classifier accuracy train: 58.62
===== dev set ====
Classifier: 55.95
             precision    recall  f1-score   support

          F     0.6667    0.2381    0.3509        42
          M     0.5362    0.8810    0.6667        42

avg / total     0.6014    0.5595    0.5088        84

weighted f1: 50.9
['F' 'M']
Classifier accuracy train: 50.52
===== dev set ====
Classifier: 51.19
             precision    recall  f1-score   support

          F     0.5060    1.0000    0.6720        42
          M     1.0000    0.0238    0.0465        42

avg / total     0.7530    0.5119    0.3593        84

weighted f1: 35.9
==================================
mean f1: 42.36 (7.93)
mean acc: 53.06 (3.62)
===
first instance
Majority weighted F1: 33.33 acc: 50.00
data data/EN-data-200tweets.json.balanced.punctAgr
C 1
rm_uu False
show_instance False
folds 10
embeds None
only_mean False
pred False
c_n_gram 0
tf_idf False
test None
analyze_features None
n_gram 1-2
