load data..
vectorize data..
Vocab size: 11956
['F' 'M']
Classifier accuracy train: 76.83
===== dev set ====
Classifier: 55.81
             precision    recall  f1-score   support

          F     0.5455    0.6977    0.6122        43
          M     0.5806    0.4186    0.4865        43

avg / total     0.5630    0.5581    0.5494        86

weighted f1: 54.9
['F' 'M']
Classifier accuracy train: 77.09
===== dev set ====
Classifier: 62.79
             precision    recall  f1-score   support

          F     0.6571    0.5349    0.5897        43
          M     0.6078    0.7209    0.6596        43

avg / total     0.6325    0.6279    0.6247        86

weighted f1: 62.5
['F' 'M']
Classifier accuracy train: 78.93
===== dev set ====
Classifier: 67.44
             precision    recall  f1-score   support

          F     0.6596    0.7209    0.6889        43
          M     0.6923    0.6279    0.6585        43

avg / total     0.6759    0.6744    0.6737        86

weighted f1: 67.4
['F' 'M']
Classifier accuracy train: 55.50
===== dev set ====
Classifier: 48.84
             precision    recall  f1-score   support

          F     0.4940    0.9535    0.6508        43
          M     0.3333    0.0233    0.0435        43

avg / total     0.4137    0.4884    0.3471        86

weighted f1: 34.7
['F' 'M']
Classifier accuracy train: 76.70
===== dev set ====
Classifier: 51.16
             precision    recall  f1-score   support

          F     0.5085    0.6977    0.5882        43
          M     0.5185    0.3256    0.4000        43

avg / total     0.5135    0.5116    0.4941        86

weighted f1: 49.4
['F' 'M']
Classifier accuracy train: 62.53
===== dev set ====
Classifier: 48.81
             precision    recall  f1-score   support

          F     0.4545    0.1190    0.1887        42
          M     0.4932    0.8571    0.6261        42

avg / total     0.4738    0.4881    0.4074        84

weighted f1: 40.7
['F' 'M']
Classifier accuracy train: 61.36
===== dev set ====
Classifier: 53.57
             precision    recall  f1-score   support

          F     0.7143    0.1190    0.2041        42
          M     0.5195    0.9524    0.6723        42

avg / total     0.6169    0.5357    0.4382        84

weighted f1: 43.8
['F' 'M']
Classifier accuracy train: 60.97
===== dev set ====
Classifier: 54.76
             precision    recall  f1-score   support

          F     0.6667    0.1905    0.2963        42
          M     0.5278    0.9048    0.6667        42

avg / total     0.5972    0.5476    0.4815        84

weighted f1: 48.1
['F' 'M']
Classifier accuracy train: 56.79
===== dev set ====
Classifier: 52.38
             precision    recall  f1-score   support

          F     0.5128    0.9524    0.6667        42
          M     0.6667    0.0952    0.1667        42

avg / total     0.5897    0.5238    0.4167        84

weighted f1: 41.7
['F' 'M']
Classifier accuracy train: 63.19
===== dev set ====
Classifier: 54.76
             precision    recall  f1-score   support

          F     0.5294    0.8571    0.6545        42
          M     0.6250    0.2381    0.3448        42

avg / total     0.5772    0.5476    0.4997        84

weighted f1: 50.0
==================================
mean f1: 49.32 (9.53)
mean acc: 55.03 (5.62)
===
first instance
Majority weighted F1: 33.33 acc: 50.00
pred False
folds 10
test None
c_n_gram 0
C 1
embeds None
data data/EN-data-200tweets.json.balanced.punctAgr
n_gram 4
tf_idf False
analyze_features None
only_mean False
rm_uu False
show_instance False
