load data..
vectorize data..
Vocab size: 17702
['F' 'M']
Classifier accuracy train: 57.07
===== dev set ====
Classifier: 50.00
             precision    recall  f1-score   support

          F     0.5000    0.0930    0.1569        43
          M     0.5000    0.9070    0.6446        43

avg / total     0.5000    0.5000    0.4007        86

weighted f1: 40.1
['F' 'M']
Classifier accuracy train: 69.37
===== dev set ====
Classifier: 59.30
             precision    recall  f1-score   support

          F     0.6538    0.3953    0.4928        43
          M     0.5667    0.7907    0.6602        43

avg / total     0.6103    0.5930    0.5765        86

weighted f1: 57.6
['F' 'M']
Classifier accuracy train: 51.05
===== dev set ====
Classifier: 51.16
             precision    recall  f1-score   support

          F     0.5059    1.0000    0.6719        43
          M     1.0000    0.0233    0.0455        43

avg / total     0.7529    0.5116    0.3587        86

weighted f1: 35.9
['F' 'M']
Classifier accuracy train: 60.08
===== dev set ====
Classifier: 53.49
             precision    recall  f1-score   support

          F     0.5185    0.9767    0.6774        43
          M     0.8000    0.0930    0.1667        43

avg / total     0.6593    0.5349    0.4220        86

weighted f1: 42.2
['F' 'M']
Classifier accuracy train: 62.70
===== dev set ====
Classifier: 52.33
             precision    recall  f1-score   support

          F     0.5135    0.8837    0.6496        43
          M     0.5833    0.1628    0.2545        43

avg / total     0.5484    0.5233    0.4521        86

weighted f1: 45.2
['F' 'M']
Classifier accuracy train: 63.58
===== dev set ====
Classifier: 47.62
             precision    recall  f1-score   support

          F     0.4286    0.1429    0.2143        42
          M     0.4857    0.8095    0.6071        42

avg / total     0.4571    0.4762    0.4107        84

weighted f1: 41.1
['F' 'M']
Classifier accuracy train: 71.28
===== dev set ====
Classifier: 63.10
             precision    recall  f1-score   support

          F     0.6897    0.4762    0.5634        42
          M     0.6000    0.7857    0.6804        42

avg / total     0.6448    0.6310    0.6219        84

weighted f1: 62.2
['F' 'M']
Classifier accuracy train: 51.31
===== dev set ====
Classifier: 51.19
             precision    recall  f1-score   support

          F     0.6667    0.0476    0.0889        42
          M     0.5062    0.9762    0.6667        42

avg / total     0.5864    0.5119    0.3778        84

weighted f1: 37.8
['F' 'M']
Classifier accuracy train: 50.39
===== dev set ====
Classifier: 50.00
             precision    recall  f1-score   support

          F     0.5000    1.0000    0.6667        42
          M     0.0000    0.0000    0.0000        42

avg / total     0.2500    0.5000    0.3333        84

weighted f1: 33.3
['F' 'M']
Classifier accuracy train: 53.52
===== dev set ====
Classifier: 48.81
             precision    recall  f1-score   support

          F     0.4940    0.9762    0.6560        42
          M     0.0000    0.0000    0.0000        42

avg / total     0.2470    0.4881    0.3280        84

weighted f1: 32.8
==================================
mean f1: 42.82 (9.36)
mean acc: 52.70 (4.61)
===
first instance
Majority weighted F1: 33.33 acc: 50.00
show_instance False
c_n_gram 0
embeds None
rm_uu False
tf_idf False
data data/EN-data-200tweets.json.balanced.punctAgr
analyze_features None
pred False
test None
only_mean False
folds 10
n_gram 1-4
C 1
