load data..
vectorize data..
Vocab size: 161802
['F' 'M']
Classifier accuracy train: 58.38
===== dev set ====
Classifier: 55.81
             precision    recall  f1-score   support

          F     0.8571    0.1395    0.2400        43
          M     0.5316    0.9767    0.6885        43

avg / total     0.6944    0.5581    0.4643        86

weighted f1: 46.4
['F' 'M']
Classifier accuracy train: 55.37
===== dev set ====
Classifier: 52.33
             precision    recall  f1-score   support

          F     1.0000    0.0465    0.0889        43
          M     0.5119    1.0000    0.6772        43

avg / total     0.7560    0.5233    0.3830        86

weighted f1: 38.3
['F' 'M']
Classifier accuracy train: 63.35
===== dev set ====
Classifier: 55.81
             precision    recall  f1-score   support

          F     0.6923    0.2093    0.3214        43
          M     0.5342    0.9070    0.6724        43

avg / total     0.6133    0.5581    0.4969        86

weighted f1: 49.7
['F' 'M']
Classifier accuracy train: 59.03
===== dev set ====
Classifier: 59.30
             precision    recall  f1-score   support

          F     0.5541    0.9535    0.7009        43
          M     0.8333    0.2326    0.3636        43

avg / total     0.6937    0.5930    0.5322        86

weighted f1: 53.2
['F' 'M']
Classifier accuracy train: 53.27
===== dev set ====
Classifier: 50.00
             precision    recall  f1-score   support

          F     0.5000    0.9767    0.6614        43
          M     0.5000    0.0233    0.0444        43

avg / total     0.5000    0.5000    0.3529        86

weighted f1: 35.3
['F' 'M']
Classifier accuracy train: 84.60
===== dev set ====
Classifier: 59.52
             precision    recall  f1-score   support

          F     0.5833    0.6667    0.6222        42
          M     0.6111    0.5238    0.5641        42

avg / total     0.5972    0.5952    0.5932        84

weighted f1: 59.3
['F' 'M']
Classifier accuracy train: 52.48
===== dev set ====
Classifier: 51.19
             precision    recall  f1-score   support

          F     0.6667    0.0476    0.0889        42
          M     0.5062    0.9762    0.6667        42

avg / total     0.5864    0.5119    0.3778        84

weighted f1: 37.8
['F' 'M']
Classifier accuracy train: 59.14
===== dev set ====
Classifier: 55.95
             precision    recall  f1-score   support

          F     0.5316    1.0000    0.6942        42
          M     1.0000    0.1190    0.2128        42

avg / total     0.7658    0.5595    0.4535        84

weighted f1: 45.3
['F' 'M']
Classifier accuracy train: 50.39
===== dev set ====
Classifier: 50.00
             precision    recall  f1-score   support

          F     0.5000    1.0000    0.6667        42
          M     0.0000    0.0000    0.0000        42

avg / total     0.2500    0.5000    0.3333        84

weighted f1: 33.3
['F' 'M']
Classifier accuracy train: 74.54
===== dev set ====
Classifier: 60.71
             precision    recall  f1-score   support

          F     0.5714    0.8571    0.6857        42
          M     0.7143    0.3571    0.4762        42

avg / total     0.6429    0.6071    0.5810        84

weighted f1: 58.1
==================================
mean f1: 45.68 (8.89)
mean acc: 55.06 (3.81)
===
first instance
Majority weighted F1: 33.33 acc: 50.00
analyze_features None
rm_uu False
c_n_gram 0
folds 10
test None
n_gram 1-4
pred False
show_instance False
data data/EN-data-200tweets.json.balanced.punctCons
C 1
only_mean False
tf_idf False
embeds None
