load data..
vectorize data..
Vocab size: 205876
['F' 'M']
Classifier accuracy train: 99.87
===== dev set ====
Classifier: 66.28
             precision    recall  f1-score   support

          F     0.6522    0.6977    0.6742        43
          M     0.6750    0.6279    0.6506        43

avg / total     0.6636    0.6628    0.6624        86

weighted f1: 66.2
['F' 'M']
Classifier accuracy train: 99.74
===== dev set ====
Classifier: 63.95
             precision    recall  f1-score   support

          F     0.6667    0.5581    0.6076        43
          M     0.6200    0.7209    0.6667        43

avg / total     0.6433    0.6395    0.6371        86

weighted f1: 63.7
['F' 'M']
Classifier accuracy train: 100.00
===== dev set ====
Classifier: 60.47
             precision    recall  f1-score   support

          F     0.6098    0.5814    0.5952        43
          M     0.6000    0.6279    0.6136        43

avg / total     0.6049    0.6047    0.6044        86

weighted f1: 60.4
['F' 'M']
Classifier accuracy train: 99.74
===== dev set ====
Classifier: 67.44
             precision    recall  f1-score   support

          F     0.6531    0.7442    0.6957        43
          M     0.7027    0.6047    0.6500        43

avg / total     0.6779    0.6744    0.6728        86

weighted f1: 67.3
['F' 'M']
Classifier accuracy train: 99.74
===== dev set ====
Classifier: 56.98
             precision    recall  f1-score   support

          F     0.5682    0.5814    0.5747        43
          M     0.5714    0.5581    0.5647        43

avg / total     0.5698    0.5698    0.5697        86

weighted f1: 57.0
['F' 'M']
Classifier accuracy train: 100.00
===== dev set ====
Classifier: 59.52
             precision    recall  f1-score   support

          F     0.5870    0.6429    0.6136        42
          M     0.6053    0.5476    0.5750        42

avg / total     0.5961    0.5952    0.5943        84

weighted f1: 59.4
['F' 'M']
Classifier accuracy train: 100.00
===== dev set ====
Classifier: 63.10
             precision    recall  f1-score   support

          F     0.6571    0.5476    0.5974        42
          M     0.6122    0.7143    0.6593        42

avg / total     0.6347    0.6310    0.6284        84

weighted f1: 62.8
['F' 'M']
Classifier accuracy train: 99.87
===== dev set ====
Classifier: 54.76
             precision    recall  f1-score   support

          F     0.5435    0.5952    0.5682        42
          M     0.5526    0.5000    0.5250        42

avg / total     0.5481    0.5476    0.5466        84

weighted f1: 54.7
['F' 'M']
Classifier accuracy train: 99.87
===== dev set ====
Classifier: 64.29
             precision    recall  f1-score   support

          F     0.6250    0.7143    0.6667        42
          M     0.6667    0.5714    0.6154        42

avg / total     0.6458    0.6429    0.6410        84

weighted f1: 64.1
['F' 'M']
Classifier accuracy train: 99.87
===== dev set ====
Classifier: 66.67
             precision    recall  f1-score   support

          F     0.7059    0.5714    0.6316        42
          M     0.6400    0.7619    0.6957        42

avg / total     0.6729    0.6667    0.6636        84

weighted f1: 66.4
==================================
mean f1: 62.20 (4.01)
mean acc: 62.34 (4.06)
===
first instance
Majority weighted F1: 33.33 acc: 50.00
embeds None
analyze_features None
show_instance False
data data/EN-data-200tweets.json.balanced.shape
test None
C 1
pred False
tf_idf False
c_n_gram 0
folds 10
n_gram 5
only_mean False
rm_uu False
