load data..
vectorize data..
Vocab size: 701411
['F' 'M']
Classifier accuracy train: 93.06
===== dev set ====
Classifier: 56.98
             precision    recall  f1-score   support

          F     0.5469    0.8140    0.6542        43
          M     0.6364    0.3256    0.4308        43

avg / total     0.5916    0.5698    0.5425        86

weighted f1: 54.2
['F' 'M']
Classifier accuracy train: 90.31
===== dev set ====
Classifier: 65.12
             precision    recall  f1-score   support

          F     0.6066    0.8605    0.7115        43
          M     0.7600    0.4419    0.5588        43

avg / total     0.6833    0.6512    0.6352        86

weighted f1: 63.5
['F' 'M']
Classifier accuracy train: 96.73
===== dev set ====
Classifier: 69.77
             precision    recall  f1-score   support

          F     0.6604    0.8140    0.7292        43
          M     0.7576    0.5814    0.6579        43

avg / total     0.7090    0.6977    0.6935        86

weighted f1: 69.4
['F' 'M']
Classifier accuracy train: 96.60
===== dev set ====
Classifier: 70.93
             precision    recall  f1-score   support

          F     0.6667    0.8372    0.7423        43
          M     0.7812    0.5814    0.6667        43

avg / total     0.7240    0.7093    0.7045        86

weighted f1: 70.4
['F' 'M']
Classifier accuracy train: 85.08
===== dev set ====
Classifier: 60.47
             precision    recall  f1-score   support

          F     0.7368    0.3256    0.4516        43
          M     0.5672    0.8837    0.6909        43

avg / total     0.6520    0.6047    0.5713        86

weighted f1: 57.1
['F' 'M']
Classifier accuracy train: 98.43
===== dev set ====
Classifier: 52.38
             precision    recall  f1-score   support

          F     0.5238    0.5238    0.5238        42
          M     0.5238    0.5238    0.5238        42

avg / total     0.5238    0.5238    0.5238        84

weighted f1: 52.4
['F' 'M']
Classifier accuracy train: 96.48
===== dev set ====
Classifier: 60.71
             precision    recall  f1-score   support

          F     0.6552    0.4524    0.5352        42
          M     0.5818    0.7619    0.6598        42

avg / total     0.6185    0.6071    0.5975        84

weighted f1: 59.8
['F' 'M']
Classifier accuracy train: 93.86
===== dev set ====
Classifier: 54.76
             precision    recall  f1-score   support

          F     0.5345    0.7381    0.6200        42
          M     0.5769    0.3571    0.4412        42

avg / total     0.5557    0.5476    0.5306        84

weighted f1: 53.1
['F' 'M']
Classifier accuracy train: 96.34
===== dev set ====
Classifier: 59.52
             precision    recall  f1-score   support

          F     0.5690    0.7857    0.6600        42
          M     0.6538    0.4048    0.5000        42

avg / total     0.6114    0.5952    0.5800        84

weighted f1: 58.0
['F' 'M']
Classifier accuracy train: 83.81
===== dev set ====
Classifier: 66.67
             precision    recall  f1-score   support

          F     0.6207    0.8571    0.7200        42
          M     0.7692    0.4762    0.5882        42

avg / total     0.6950    0.6667    0.6541        84

weighted f1: 65.4
==================================
mean f1: 60.33 (6.24)
mean acc: 61.73 (5.93)
===
first instance
Majority weighted F1: 33.33 acc: 50.00
C 1
n_gram 1-6
folds 10
pred False
only_mean False
test None
analyze_features None
c_n_gram 0
embeds None
show_instance False
data data/EN-data-200tweets.json.balanced.shape
rm_uu False
tf_idf False
