load data..
vectorize data..
Vocab size: 57351
['F' 'M']
Classifier accuracy train: 83.25
===== dev set ====
Classifier: 58.14
             precision    recall  f1-score   support

          F     0.5507    0.8837    0.6786        43
          M     0.7059    0.2791    0.4000        43

avg / total     0.6283    0.5814    0.5393        86

weighted f1: 53.9
['F' 'M']
Classifier accuracy train: 95.42
===== dev set ====
Classifier: 62.79
             precision    recall  f1-score   support

          F     0.6341    0.6047    0.6190        43
          M     0.6222    0.6512    0.6364        43

avg / total     0.6282    0.6279    0.6277        86

weighted f1: 62.8
['F' 'M']
Classifier accuracy train: 94.90
===== dev set ====
Classifier: 67.44
             precision    recall  f1-score   support

          F     0.6415    0.7907    0.7083        43
          M     0.7273    0.5581    0.6316        43

avg / total     0.6844    0.6744    0.6700        86

weighted f1: 67.0
['F' 'M']
Classifier accuracy train: 95.16
===== dev set ====
Classifier: 63.95
             precision    recall  f1-score   support

          F     0.6304    0.6744    0.6517        43
          M     0.6500    0.6047    0.6265        43

avg / total     0.6402    0.6395    0.6391        86

weighted f1: 63.9
['F' 'M']
Classifier accuracy train: 90.45
===== dev set ====
Classifier: 56.98
             precision    recall  f1-score   support

          F     0.6250    0.3488    0.4478        43
          M     0.5484    0.7907    0.6476        43

avg / total     0.5867    0.5698    0.5477        86

weighted f1: 54.8
['F' 'M']
Classifier accuracy train: 95.43
===== dev set ====
Classifier: 52.38
             precision    recall  f1-score   support

          F     0.5192    0.6429    0.5745        42
          M     0.5312    0.4048    0.4595        42

avg / total     0.5252    0.5238    0.5170        84

weighted f1: 51.7
['F' 'M']
Classifier accuracy train: 94.91
===== dev set ====
Classifier: 61.90
             precision    recall  f1-score   support

          F     0.6389    0.5476    0.5897        42
          M     0.6042    0.6905    0.6444        42

avg / total     0.6215    0.6190    0.6171        84

weighted f1: 61.7
['F' 'M']
Classifier accuracy train: 93.21
===== dev set ====
Classifier: 58.33
             precision    recall  f1-score   support

          F     0.6000    0.5000    0.5455        42
          M     0.5714    0.6667    0.6154        42

avg / total     0.5857    0.5833    0.5804        84

weighted f1: 58.0
['F' 'M']
Classifier accuracy train: 80.16
===== dev set ====
Classifier: 60.71
             precision    recall  f1-score   support

          F     0.7143    0.3571    0.4762        42
          M     0.5714    0.8571    0.6857        42

avg / total     0.6429    0.6071    0.5810        84

weighted f1: 58.1
['F' 'M']
Classifier accuracy train: 87.34
===== dev set ====
Classifier: 59.52
             precision    recall  f1-score   support

          F     0.7222    0.3095    0.4333        42
          M     0.5606    0.8810    0.6852        42

avg / total     0.6414    0.5952    0.5593        84

weighted f1: 55.9
==================================
mean f1: 58.78 (4.66)
mean acc: 60.22 (3.95)
===
first instance
Majority weighted F1: 33.33 acc: 50.00
embeds None
tf_idf False
data data/EN-data-200tweets.json.balanced.shape
C 1
test None
rm_uu False
n_gram 3
pred False
c_n_gram 0
analyze_features None
folds 10
show_instance False
only_mean False
