load data..
vectorize data..
Vocab size: 2951
['F' 'M']
Classifier accuracy train: 57.07
===== dev set ====
Classifier: 46.51
             precision    recall  f1-score   support

          F     0.2000    0.0233    0.0417        43
          M     0.4815    0.9070    0.6290        43

avg / total     0.3407    0.4651    0.3353        86

weighted f1: 33.5
['F' 'M']
Classifier accuracy train: 50.65
===== dev set ====
Classifier: 50.00
             precision    recall  f1-score   support

          F     0.5000    1.0000    0.6667        43
          M     0.0000    0.0000    0.0000        43

avg / total     0.2500    0.5000    0.3333        86

weighted f1: 33.3
['F' 'M']
Classifier accuracy train: 51.18
===== dev set ====
Classifier: 51.16
             precision    recall  f1-score   support

          F     0.5059    1.0000    0.6719        43
          M     1.0000    0.0233    0.0455        43

avg / total     0.7529    0.5116    0.3587        86

weighted f1: 35.9
['F' 'M']
Classifier accuracy train: 50.79
===== dev set ====
Classifier: 50.00
             precision    recall  f1-score   support

          F     0.0000    0.0000    0.0000        43
          M     0.5000    1.0000    0.6667        43

avg / total     0.2500    0.5000    0.3333        86

weighted f1: 33.3
['F' 'M']
Classifier accuracy train: 73.69
===== dev set ====
Classifier: 58.14
             precision    recall  f1-score   support

          F     0.5745    0.6279    0.6000        43
          M     0.5897    0.5349    0.5610        43

avg / total     0.5821    0.5814    0.5805        86

weighted f1: 58.0
['F' 'M']
Classifier accuracy train: 65.54
===== dev set ====
Classifier: 50.00
             precision    recall  f1-score   support

          F     0.5000    0.2857    0.3636        42
          M     0.5000    0.7143    0.5882        42

avg / total     0.5000    0.5000    0.4759        84

weighted f1: 47.6
['F' 'M']
Classifier accuracy train: 51.83
===== dev set ====
Classifier: 51.19
             precision    recall  f1-score   support

          F     0.6667    0.0476    0.0889        42
          M     0.5062    0.9762    0.6667        42

avg / total     0.5864    0.5119    0.3778        84

weighted f1: 37.8
['F' 'M']
Classifier accuracy train: 53.00
===== dev set ====
Classifier: 51.19
             precision    recall  f1-score   support

          F     0.6667    0.0476    0.0889        42
          M     0.5062    0.9762    0.6667        42

avg / total     0.5864    0.5119    0.3778        84

weighted f1: 37.8
['F' 'M']
Classifier accuracy train: 51.57
===== dev set ====
Classifier: 52.38
             precision    recall  f1-score   support

          F     0.7500    0.0714    0.1304        42
          M     0.5125    0.9762    0.6721        42

avg / total     0.6312    0.5238    0.4013        84

weighted f1: 40.1
['F' 'M']
Classifier accuracy train: 50.52
===== dev set ====
Classifier: 50.00
             precision    recall  f1-score   support

          F     0.5000    1.0000    0.6667        42
          M     0.0000    0.0000    0.0000        42

avg / total     0.2500    0.5000    0.3333        84

weighted f1: 33.3
==================================
mean f1: 39.07 (7.60)
mean acc: 51.06 (2.78)
===
first instance
Majority weighted F1: 33.33 acc: 50.00
tf_idf False
c_n_gram 0
data data/EN-data-200tweets.json.balanced.shape
test None
analyze_features None
n_gram 1-1
rm_uu False
folds 10
pred False
embeds None
only_mean False
show_instance False
C 1
