load data..
vectorize data..
Vocab size: 407464
['F' 'M']
Classifier accuracy train: 94.11
===== dev set ====
Classifier: 54.65
             precision    recall  f1-score   support

          F     0.5714    0.3721    0.4507        43
          M     0.5345    0.7209    0.6139        43

avg / total     0.5530    0.5465    0.5323        86

weighted f1: 53.2
['F' 'M']
Classifier accuracy train: 72.77
===== dev set ====
Classifier: 54.65
             precision    recall  f1-score   support

          F     0.6667    0.1860    0.2909        43
          M     0.5270    0.9070    0.6667        43

avg / total     0.5968    0.5465    0.4788        86

weighted f1: 47.9
['F' 'M']
Classifier accuracy train: 93.32
===== dev set ====
Classifier: 59.30
             precision    recall  f1-score   support

          F     0.6053    0.5349    0.5679        43
          M     0.5833    0.6512    0.6154        43

avg / total     0.5943    0.5930    0.5916        86

weighted f1: 59.2
['F' 'M']
Classifier accuracy train: 74.48
===== dev set ====
Classifier: 60.47
             precision    recall  f1-score   support

          F     0.5616    0.9535    0.7069        43
          M     0.8462    0.2558    0.3929        43

avg / total     0.7039    0.6047    0.5499        86

weighted f1: 55.0
['F' 'M']
Classifier accuracy train: 87.83
===== dev set ====
Classifier: 61.63
             precision    recall  f1-score   support

          F     0.7083    0.3953    0.5075        43
          M     0.5806    0.8372    0.6857        43

avg / total     0.6445    0.6163    0.5966        86

weighted f1: 59.7
['F' 'M']
Classifier accuracy train: 96.08
===== dev set ====
Classifier: 54.76
             precision    recall  f1-score   support

          F     0.5370    0.6905    0.6042        42
          M     0.5667    0.4048    0.4722        42

avg / total     0.5519    0.5476    0.5382        84

weighted f1: 53.8
['F' 'M']
Classifier accuracy train: 91.38
===== dev set ====
Classifier: 54.76
             precision    recall  f1-score   support

          F     0.5909    0.3095    0.4063        42
          M     0.5323    0.7857    0.6346        42

avg / total     0.5616    0.5476    0.5204        84

weighted f1: 52.0
['F' 'M']
Classifier accuracy train: 91.12
===== dev set ====
Classifier: 58.33
             precision    recall  f1-score   support

          F     0.6296    0.4048    0.4928        42
          M     0.5614    0.7619    0.6465        42

avg / total     0.5955    0.5833    0.5696        84

weighted f1: 57.0
['F' 'M']
Classifier accuracy train: 93.73
===== dev set ====
Classifier: 64.29
             precision    recall  f1-score   support

          F     0.6429    0.6429    0.6429        42
          M     0.6429    0.6429    0.6429        42

avg / total     0.6429    0.6429    0.6429        84

weighted f1: 64.3
['F' 'M']
Classifier accuracy train: 80.42
===== dev set ====
Classifier: 51.19
             precision    recall  f1-score   support

          F     0.5556    0.1190    0.1961        42
          M     0.5067    0.9048    0.6496        42

avg / total     0.5311    0.5119    0.4228        84

weighted f1: 42.3
==================================
mean f1: 54.43 (5.93)
mean acc: 57.40 (3.83)
===
first instance
Majority weighted F1: 33.33 acc: 50.00
embeds None
show_instance False
test None
n_gram 1-5
pred False
data data/EN-data-200tweets.json.balanced.shape
analyze_features None
only_mean False
c_n_gram 0
tf_idf False
folds 10
rm_uu False
C 1
