load data..
vectorize data..
Vocab size: 18267
['F' 'M']
Classifier accuracy train: 72.77
===== dev set ====
Classifier: 54.65
             precision    recall  f1-score   support

          F     0.5270    0.9070    0.6667        43
          M     0.6667    0.1860    0.2909        43

avg / total     0.5968    0.5465    0.4788        86

weighted f1: 47.9
['F' 'M']
Classifier accuracy train: 82.98
===== dev set ====
Classifier: 68.60
             precision    recall  f1-score   support

          F     0.7500    0.5581    0.6400        43
          M     0.6481    0.8140    0.7216        43

avg / total     0.6991    0.6860    0.6808        86

weighted f1: 68.1
['F' 'M']
Classifier accuracy train: 68.72
===== dev set ====
Classifier: 63.95
             precision    recall  f1-score   support

          F     0.8000    0.3721    0.5079        43
          M     0.5909    0.9070    0.7156        43

avg / total     0.6955    0.6395    0.6118        86

weighted f1: 61.2
['F' 'M']
Classifier accuracy train: 65.45
===== dev set ====
Classifier: 62.79
             precision    recall  f1-score   support

          F     0.5753    0.9767    0.7241        43
          M     0.9231    0.2791    0.4286        43

avg / total     0.7492    0.6279    0.5764        86

weighted f1: 57.6
['F' 'M']
Classifier accuracy train: 56.81
===== dev set ====
Classifier: 55.81
             precision    recall  f1-score   support

          F     0.8571    0.1395    0.2400        43
          M     0.5316    0.9767    0.6885        43

avg / total     0.6944    0.5581    0.4643        86

weighted f1: 46.4
['F' 'M']
Classifier accuracy train: 54.18
===== dev set ====
Classifier: 50.00
             precision    recall  f1-score   support

          F     0.5000    0.0476    0.0870        42
          M     0.5000    0.9524    0.6557        42

avg / total     0.5000    0.5000    0.3713        84

weighted f1: 37.1
['F' 'M']
Classifier accuracy train: 81.46
===== dev set ====
Classifier: 61.90
             precision    recall  f1-score   support

          F     0.6786    0.4524    0.5429        42
          M     0.5893    0.7857    0.6735        42

avg / total     0.6339    0.6190    0.6082        84

weighted f1: 60.8
['F' 'M']
Classifier accuracy train: 62.01
===== dev set ====
Classifier: 52.38
             precision    recall  f1-score   support

          F     0.5132    0.9286    0.6610        42
          M     0.6250    0.1190    0.2000        42

avg / total     0.5691    0.5238    0.4305        84

weighted f1: 43.1
['F' 'M']
Classifier accuracy train: 56.27
===== dev set ====
Classifier: 55.95
             precision    recall  f1-score   support

          F     0.5316    1.0000    0.6942        42
          M     1.0000    0.1190    0.2128        42

avg / total     0.7658    0.5595    0.4535        84

weighted f1: 45.3
['F' 'M']
Classifier accuracy train: 72.06
===== dev set ====
Classifier: 55.95
             precision    recall  f1-score   support

          F     0.7273    0.1905    0.3019        42
          M     0.5342    0.9286    0.6783        42

avg / total     0.6308    0.5595    0.4901        84

weighted f1: 49.0
==================================
mean f1: 51.66 (9.24)
mean acc: 58.20 (5.53)
===
first instance
Majority weighted F1: 33.33 acc: 50.00
embeds None
analyze_features None
rm_uu False
data data/EN-data-200tweets.json.balanced.shape
tf_idf False
test None
show_instance False
C 1
n_gram 2
folds 10
only_mean False
pred False
c_n_gram 0
