load data..
vectorize data..
Vocab size: 2608600
['F' 'M']
Classifier accuracy train: 100.00
===== dev set ====
Classifier: 70.93
             precision    recall  f1-score   support

          F     0.6875    0.7674    0.7253        43
          M     0.7368    0.6512    0.6914        43

avg / total     0.7122    0.7093    0.7083        86

weighted f1: 70.8
['F' 'M']
Classifier accuracy train: 100.00
===== dev set ====
Classifier: 66.28
             precision    recall  f1-score   support

          F     0.6750    0.6279    0.6506        43
          M     0.6522    0.6977    0.6742        43

avg / total     0.6636    0.6628    0.6624        86

weighted f1: 66.2
['F' 'M']
Classifier accuracy train: 100.00
===== dev set ====
Classifier: 75.58
             precision    recall  f1-score   support

          F     0.7500    0.7674    0.7586        43
          M     0.7619    0.7442    0.7529        43

avg / total     0.7560    0.7558    0.7558        86

weighted f1: 75.6
['F' 'M']
Classifier accuracy train: 100.00
===== dev set ====
Classifier: 74.42
             precision    recall  f1-score   support

          F     0.7234    0.7907    0.7556        43
          M     0.7692    0.6977    0.7317        43

avg / total     0.7463    0.7442    0.7436        86

weighted f1: 74.4
['F' 'M']
Classifier accuracy train: 100.00
===== dev set ====
Classifier: 67.44
             precision    recall  f1-score   support

          F     0.6744    0.6744    0.6744        43
          M     0.6744    0.6744    0.6744        43

avg / total     0.6744    0.6744    0.6744        86

weighted f1: 67.4
['F' 'M']
Classifier accuracy train: 100.00
===== dev set ====
Classifier: 64.29
             precision    recall  f1-score   support

          F     0.6364    0.6667    0.6512        42
          M     0.6500    0.6190    0.6341        42

avg / total     0.6432    0.6429    0.6427        84

weighted f1: 64.3
['F' 'M']
Classifier accuracy train: 100.00
===== dev set ====
Classifier: 71.43
             precision    recall  f1-score   support

          F     0.7045    0.7381    0.7209        42
          M     0.7250    0.6905    0.7073        42

avg / total     0.7148    0.7143    0.7141        84

weighted f1: 71.4
['F' 'M']
Classifier accuracy train: 100.00
===== dev set ====
Classifier: 61.90
             precision    recall  f1-score   support

          F     0.6190    0.6190    0.6190        42
          M     0.6190    0.6190    0.6190        42

avg / total     0.6190    0.6190    0.6190        84

weighted f1: 61.9
['F' 'M']
Classifier accuracy train: 100.00
===== dev set ====
Classifier: 67.86
             precision    recall  f1-score   support

          F     0.6596    0.7381    0.6966        42
          M     0.7027    0.6190    0.6582        42

avg / total     0.6811    0.6786    0.6774        84

weighted f1: 67.7
['F' 'M']
Classifier accuracy train: 100.00
===== dev set ====
Classifier: 70.24
             precision    recall  f1-score   support

          F     0.7429    0.6190    0.6753        42
          M     0.6735    0.7857    0.7253        42

avg / total     0.7082    0.7024    0.7003        84

weighted f1: 70.0
==================================
mean f1: 68.98 (4.08)
mean acc: 69.04 (4.09)
===
first instance
Majority weighted F1: 33.33 acc: 50.00
analyze_features None
embeds None
C 1
rm_uu False
data data/EN-data-200tweets.json.balanced.vowels
folds 10
test None
c_n_gram 0
n_gram 1-4
tf_idf False
pred False
show_instance False
only_mean False
