load data..
vectorize data..
Vocab size: 294487
['F' 'M']
Classifier accuracy train: 100.00
===== dev set ====
Classifier: 61.63
             precision    recall  f1-score   support

          F     0.6042    0.6744    0.6374        43
          M     0.6316    0.5581    0.5926        43

avg / total     0.6179    0.6163    0.6150        86

weighted f1: 61.5
['F' 'M']
Classifier accuracy train: 100.00
===== dev set ====
Classifier: 63.95
             precision    recall  f1-score   support

          F     0.6579    0.5814    0.6173        43
          M     0.6250    0.6977    0.6593        43

avg / total     0.6414    0.6395    0.6383        86

weighted f1: 63.8
['F' 'M']
Classifier accuracy train: 100.00
===== dev set ====
Classifier: 70.93
             precision    recall  f1-score   support

          F     0.7143    0.6977    0.7059        43
          M     0.7045    0.7209    0.7126        43

avg / total     0.7094    0.7093    0.7093        86

weighted f1: 70.9
['F' 'M']
Classifier accuracy train: 100.00
===== dev set ====
Classifier: 72.09
             precision    recall  f1-score   support

          F     0.7209    0.7209    0.7209        43
          M     0.7209    0.7209    0.7209        43

avg / total     0.7209    0.7209    0.7209        86

weighted f1: 72.1
['F' 'M']
Classifier accuracy train: 100.00
===== dev set ====
Classifier: 67.44
             precision    recall  f1-score   support

          F     0.6744    0.6744    0.6744        43
          M     0.6744    0.6744    0.6744        43

avg / total     0.6744    0.6744    0.6744        86

weighted f1: 67.4
['F' 'M']
Classifier accuracy train: 100.00
===== dev set ====
Classifier: 63.10
             precision    recall  f1-score   support

          F     0.6279    0.6429    0.6353        42
          M     0.6341    0.6190    0.6265        42

avg / total     0.6310    0.6310    0.6309        84

weighted f1: 63.1
['F' 'M']
Classifier accuracy train: 100.00
===== dev set ====
Classifier: 69.05
             precision    recall  f1-score   support

          F     0.6818    0.7143    0.6977        42
          M     0.7000    0.6667    0.6829        42

avg / total     0.6909    0.6905    0.6903        84

weighted f1: 69.0
['F' 'M']
Classifier accuracy train: 100.00
===== dev set ====
Classifier: 66.67
             precision    recall  f1-score   support

          F     0.6750    0.6429    0.6585        42
          M     0.6591    0.6905    0.6744        42

avg / total     0.6670    0.6667    0.6665        84

weighted f1: 66.6
['F' 'M']
Classifier accuracy train: 100.00
===== dev set ====
Classifier: 64.29
             precision    recall  f1-score   support

          F     0.6304    0.6905    0.6591        42
          M     0.6579    0.5952    0.6250        42

avg / total     0.6442    0.6429    0.6420        84

weighted f1: 64.2
['F' 'M']
Classifier accuracy train: 100.00
===== dev set ====
Classifier: 73.81
             precision    recall  f1-score   support

          F     0.7632    0.6905    0.7250        42
          M     0.7174    0.7857    0.7500        42

avg / total     0.7403    0.7381    0.7375        84

weighted f1: 73.8
==================================
mean f1: 67.25 (3.93)
mean acc: 67.30 (3.90)
===
first instance
Majority weighted F1: 33.33 acc: 50.00
C 1
folds 10
c_n_gram 0
tf_idf False
show_instance False
n_gram 1-2
only_mean False
test None
pred False
rm_uu False
embeds None
analyze_features None
data data/EN-data-200tweets.json.balanced.vowels
