load data..
vectorize data..
Vocab size: 262196
['F' 'M']
Classifier accuracy train: 100.00
===== dev set ====
Classifier: 68.60
             precision    recall  f1-score   support

          F     0.6818    0.6977    0.6897        43
          M     0.6905    0.6744    0.6824        43

avg / total     0.6861    0.6860    0.6860        86

weighted f1: 68.6
['F' 'M']
Classifier accuracy train: 100.00
===== dev set ====
Classifier: 72.09
             precision    recall  f1-score   support

          F     0.7568    0.6512    0.7000        43
          M     0.6939    0.7907    0.7391        43

avg / total     0.7253    0.7209    0.7196        86

weighted f1: 72.0
['F' 'M']
Classifier accuracy train: 100.00
===== dev set ====
Classifier: 72.09
             precision    recall  f1-score   support

          F     0.7209    0.7209    0.7209        43
          M     0.7209    0.7209    0.7209        43

avg / total     0.7209    0.7209    0.7209        86

weighted f1: 72.1
['F' 'M']
Classifier accuracy train: 100.00
===== dev set ====
Classifier: 70.93
             precision    recall  f1-score   support

          F     0.6875    0.7674    0.7253        43
          M     0.7368    0.6512    0.6914        43

avg / total     0.7122    0.7093    0.7083        86

weighted f1: 70.8
['F' 'M']
Classifier accuracy train: 100.00
===== dev set ====
Classifier: 65.12
             precision    recall  f1-score   support

          F     0.6585    0.6279    0.6429        43
          M     0.6444    0.6744    0.6591        43

avg / total     0.6515    0.6512    0.6510        86

weighted f1: 65.1
['F' 'M']
Classifier accuracy train: 100.00
===== dev set ====
Classifier: 61.90
             precision    recall  f1-score   support

          F     0.6042    0.6905    0.6444        42
          M     0.6389    0.5476    0.5897        42

avg / total     0.6215    0.6190    0.6171        84

weighted f1: 61.7
['F' 'M']
Classifier accuracy train: 100.00
===== dev set ====
Classifier: 66.67
             precision    recall  f1-score   support

          F     0.6591    0.6905    0.6744        42
          M     0.6750    0.6429    0.6585        42

avg / total     0.6670    0.6667    0.6665        84

weighted f1: 66.6
['F' 'M']
Classifier accuracy train: 100.00
===== dev set ====
Classifier: 67.86
             precision    recall  f1-score   support

          F     0.6596    0.7381    0.6966        42
          M     0.7027    0.6190    0.6582        42

avg / total     0.6811    0.6786    0.6774        84

weighted f1: 67.7
['F' 'M']
Classifier accuracy train: 100.00
===== dev set ====
Classifier: 63.10
             precision    recall  f1-score   support

          F     0.6341    0.6190    0.6265        42
          M     0.6279    0.6429    0.6353        42

avg / total     0.6310    0.6310    0.6309        84

weighted f1: 63.1
['F' 'M']
Classifier accuracy train: 100.00
===== dev set ====
Classifier: 75.00
             precision    recall  f1-score   support

          F     0.7692    0.7143    0.7407        42
          M     0.7333    0.7857    0.7586        42

avg / total     0.7513    0.7500    0.7497        84

weighted f1: 75.0
==================================
mean f1: 68.27 (4.03)
mean acc: 68.34 (4.02)
===
first instance
Majority weighted F1: 33.33 acc: 50.00
pred False
only_mean False
tf_idf False
n_gram 2
analyze_features None
embeds None
C 1
c_n_gram 0
rm_uu False
show_instance False
test None
data data/EN-data-200tweets.json.balanced.vowels
folds 10
