load data..
vectorize data..
Vocab size: 1622042
['F' 'M']
Classifier accuracy train: 100.00
===== dev set ====
Classifier: 59.30
             precision    recall  f1-score   support

          F     0.5769    0.6977    0.6316        43
          M     0.6176    0.4884    0.5455        43

avg / total     0.5973    0.5930    0.5885        86

weighted f1: 58.9
['F' 'M']
Classifier accuracy train: 100.00
===== dev set ====
Classifier: 58.14
             precision    recall  f1-score   support

          F     0.5636    0.7209    0.6327        43
          M     0.6129    0.4419    0.5135        43

avg / total     0.5883    0.5814    0.5731        86

weighted f1: 57.3
['F' 'M']
Classifier accuracy train: 100.00
===== dev set ====
Classifier: 52.33
             precision    recall  f1-score   support

          F     0.5179    0.6744    0.5859        43
          M     0.5333    0.3721    0.4384        43

avg / total     0.5256    0.5233    0.5121        86

weighted f1: 51.2
['F' 'M']
Classifier accuracy train: 100.00
===== dev set ====
Classifier: 56.98
             precision    recall  f1-score   support

          F     0.5500    0.7674    0.6408        43
          M     0.6154    0.3721    0.4638        43

avg / total     0.5827    0.5698    0.5523        86

weighted f1: 55.2
['F' 'M']
Classifier accuracy train: 100.00
===== dev set ====
Classifier: 47.67
             precision    recall  f1-score   support

          F     0.4821    0.6279    0.5455        43
          M     0.4667    0.3256    0.3836        43

avg / total     0.4744    0.4767    0.4645        86

weighted f1: 46.5
['F' 'M']
Classifier accuracy train: 100.00
===== dev set ====
Classifier: 55.95
             precision    recall  f1-score   support

          F     0.5410    0.7857    0.6408        42
          M     0.6087    0.3333    0.4308        42

avg / total     0.5748    0.5595    0.5358        84

weighted f1: 53.6
['F' 'M']
Classifier accuracy train: 100.00
===== dev set ====
Classifier: 64.29
             precision    recall  f1-score   support

          F     0.6111    0.7857    0.6875        42
          M     0.7000    0.5000    0.5833        42

avg / total     0.6556    0.6429    0.6354        84

weighted f1: 63.5
['F' 'M']
Classifier accuracy train: 100.00
===== dev set ====
Classifier: 57.14
             precision    recall  f1-score   support

          F     0.5600    0.6667    0.6087        42
          M     0.5882    0.4762    0.5263        42

avg / total     0.5741    0.5714    0.5675        84

weighted f1: 56.8
['F' 'M']
Classifier accuracy train: 100.00
===== dev set ====
Classifier: 53.57
             precision    recall  f1-score   support

          F     0.5283    0.6667    0.5895        42
          M     0.5484    0.4048    0.4658        42

avg / total     0.5383    0.5357    0.5276        84

weighted f1: 52.8
['F' 'M']
Classifier accuracy train: 100.00
===== dev set ====
Classifier: 60.71
             precision    recall  f1-score   support

          F     0.5849    0.7381    0.6526        42
          M     0.6452    0.4762    0.5479        42

avg / total     0.6150    0.6071    0.6003        84

weighted f1: 60.0
==================================
mean f1: 55.57 (4.61)
mean acc: 56.61 (4.40)
===
first instance
Majority weighted F1: 33.33 acc: 50.00
n_gram 5
rm_uu False
C 1
analyze_features None
data data/EN-data-200tweets.json.balanced.vowels
tf_idf False
c_n_gram 0
embeds None
folds 10
test None
pred False
only_mean False
show_instance False
