load data..
vectorize data..
Vocab size: 1526939
['F' 'M']
Classifier accuracy train: 100.00
===== dev set ====
Classifier: 58.14
             precision    recall  f1-score   support

          F     0.5556    0.8140    0.6604        43
          M     0.6522    0.3488    0.4545        43

avg / total     0.6039    0.5814    0.5575        86

weighted f1: 55.7
['F' 'M']
Classifier accuracy train: 100.00
===== dev set ====
Classifier: 56.98
             precision    recall  f1-score   support

          F     0.5455    0.8372    0.6606        43
          M     0.6500    0.3023    0.4127        43

avg / total     0.5977    0.5698    0.5366        86

weighted f1: 53.7
['F' 'M']
Classifier accuracy train: 100.00
===== dev set ====
Classifier: 51.16
             precision    recall  f1-score   support

          F     0.5070    0.8372    0.6316        43
          M     0.5333    0.1860    0.2759        43

avg / total     0.5202    0.5116    0.4537        86

weighted f1: 45.4
['F' 'M']
Classifier accuracy train: 100.00
===== dev set ====
Classifier: 53.49
             precision    recall  f1-score   support

          F     0.5217    0.8372    0.6429        43
          M     0.5882    0.2326    0.3333        43

avg / total     0.5550    0.5349    0.4881        86

weighted f1: 48.8
['F' 'M']
Classifier accuracy train: 100.00
===== dev set ====
Classifier: 47.67
             precision    recall  f1-score   support

          F     0.4844    0.7209    0.5794        43
          M     0.4545    0.2326    0.3077        43

avg / total     0.4695    0.4767    0.4436        86

weighted f1: 44.4
['F' 'M']
Classifier accuracy train: 100.00
===== dev set ====
Classifier: 47.62
             precision    recall  f1-score   support

          F     0.4857    0.8095    0.6071        42
          M     0.4286    0.1429    0.2143        42

avg / total     0.4571    0.4762    0.4107        84

weighted f1: 41.1
['F' 'M']
Classifier accuracy train: 100.00
===== dev set ====
Classifier: 60.71
             precision    recall  f1-score   support

          F     0.5692    0.8810    0.6916        42
          M     0.7368    0.3333    0.4590        42

avg / total     0.6530    0.6071    0.5753        84

weighted f1: 57.5
['F' 'M']
Classifier accuracy train: 100.00
===== dev set ====
Classifier: 54.76
             precision    recall  f1-score   support

          F     0.5294    0.8571    0.6545        42
          M     0.6250    0.2381    0.3448        42

avg / total     0.5772    0.5476    0.4997        84

weighted f1: 50.0
['F' 'M']
Classifier accuracy train: 100.00
===== dev set ====
Classifier: 57.14
             precision    recall  f1-score   support

          F     0.5484    0.8095    0.6538        42
          M     0.6364    0.3333    0.4375        42

avg / total     0.5924    0.5714    0.5457        84

weighted f1: 54.6
['F' 'M']
Classifier accuracy train: 100.00
===== dev set ====
Classifier: 57.14
             precision    recall  f1-score   support

          F     0.5484    0.8095    0.6538        42
          M     0.6364    0.3333    0.4375        42

avg / total     0.5924    0.5714    0.5457        84

weighted f1: 54.6
==================================
mean f1: 50.57 (5.25)
mean acc: 54.48 (4.22)
===
first instance
Majority weighted F1: 33.33 acc: 50.00
test None
folds 10
analyze_features None
data data/EN-data-200tweets.json.balanced.vowels
embeds None
C 1
pred False
tf_idf False
only_mean False
show_instance False
n_gram 6
c_n_gram 0
rm_uu False
