load data..
vectorize data..
Vocab size: 858244
['F' 'M']
Classifier accuracy train: 100.00
===== dev set ====
Classifier: 70.93
             precision    recall  f1-score   support

          F     0.6957    0.7442    0.7191        43
          M     0.7250    0.6744    0.6988        43

avg / total     0.7103    0.7093    0.7089        86

weighted f1: 70.9
['F' 'M']
Classifier accuracy train: 100.00
===== dev set ====
Classifier: 67.44
             precision    recall  f1-score   support

          F     0.6829    0.6512    0.6667        43
          M     0.6667    0.6977    0.6818        43

avg / total     0.6748    0.6744    0.6742        86

weighted f1: 67.4
['F' 'M']
Classifier accuracy train: 100.00
===== dev set ====
Classifier: 75.58
             precision    recall  f1-score   support

          F     0.7500    0.7674    0.7586        43
          M     0.7619    0.7442    0.7529        43

avg / total     0.7560    0.7558    0.7558        86

weighted f1: 75.6
['F' 'M']
Classifier accuracy train: 100.00
===== dev set ====
Classifier: 65.12
             precision    recall  f1-score   support

          F     0.6667    0.6047    0.6341        43
          M     0.6383    0.6977    0.6667        43

avg / total     0.6525    0.6512    0.6504        86

weighted f1: 65.0
['F' 'M']
Classifier accuracy train: 100.00
===== dev set ====
Classifier: 61.63
             precision    recall  f1-score   support

          F     0.6087    0.6512    0.6292        43
          M     0.6250    0.5814    0.6024        43

avg / total     0.6168    0.6163    0.6158        86

weighted f1: 61.6
['F' 'M']
Classifier accuracy train: 100.00
===== dev set ====
Classifier: 63.10
             precision    recall  f1-score   support

          F     0.6279    0.6429    0.6353        42
          M     0.6341    0.6190    0.6265        42

avg / total     0.6310    0.6310    0.6309        84

weighted f1: 63.1
['F' 'M']
Classifier accuracy train: 100.00
===== dev set ====
Classifier: 67.86
             precision    recall  f1-score   support

          F     0.6471    0.7857    0.7097        42
          M     0.7273    0.5714    0.6400        42

avg / total     0.6872    0.6786    0.6748        84

weighted f1: 67.5
['F' 'M']
Classifier accuracy train: 100.00
===== dev set ====
Classifier: 65.48
             precision    recall  f1-score   support

          F     0.6757    0.5952    0.6329        42
          M     0.6383    0.7143    0.6742        42

avg / total     0.6570    0.6548    0.6535        84

weighted f1: 65.4
['F' 'M']
Classifier accuracy train: 100.00
===== dev set ====
Classifier: 67.86
             precision    recall  f1-score   support

          F     0.6923    0.6429    0.6667        42
          M     0.6667    0.7143    0.6897        42

avg / total     0.6795    0.6786    0.6782        84

weighted f1: 67.8
['F' 'M']
Classifier accuracy train: 100.00
===== dev set ====
Classifier: 69.05
             precision    recall  f1-score   support

          F     0.7222    0.6190    0.6667        42
          M     0.6667    0.7619    0.7111        42

avg / total     0.6944    0.6905    0.6889        84

weighted f1: 68.9
==================================
mean f1: 67.32 (3.79)
mean acc: 67.40 (3.79)
===
first instance
Majority weighted F1: 33.33 acc: 50.00
tf_idf False
analyze_features None
only_mean False
pred False
C 1
embeds None
c_n_gram 0
show_instance False
data data/EN-data-200tweets.json.balanced.vowels
n_gram 3
rm_uu False
test None
folds 10
