load data..
vectorize data..
Vocab size: 5751019
['F' 'M']
Classifier accuracy train: 87.74
===== dev set ====
Classifier: 74.26
             precision    recall  f1-score   support

          F     0.6966    0.8596    0.7696       406
          M     0.8167    0.6256    0.7085       406

avg / total     0.7567    0.7426    0.7390       812

weighted f1: 73.9
['F' 'M']
Classifier accuracy train: 88.78
===== dev set ====
Classifier: 75.86
             precision    recall  f1-score   support

          F     0.8070    0.6798    0.7380       406
          M     0.7234    0.8374    0.7763       406

avg / total     0.7652    0.7586    0.7571       812

weighted f1: 75.7
['F' 'M']
Classifier accuracy train: 88.45
===== dev set ====
Classifier: 76.97
             precision    recall  f1-score   support

          F     0.8033    0.7143    0.7562       406
          M     0.7428    0.8251    0.7818       406

avg / total     0.7731    0.7697    0.7690       812

weighted f1: 76.9
['F' 'M']
Classifier accuracy train: 63.30
===== dev set ====
Classifier: 60.47
             precision    recall  f1-score   support

          F     0.5596    0.9828    0.7131       406
          M     0.9293    0.2266    0.3644       406

avg / total     0.7445    0.6047    0.5387       812

weighted f1: 53.9
['F' 'M']
Classifier accuracy train: 75.81
===== dev set ====
Classifier: 67.86
             precision    recall  f1-score   support

          F     0.8502    0.4335    0.5742       406
          M     0.6198    0.9236    0.7418       406

avg / total     0.7350    0.6786    0.6580       812

weighted f1: 65.8
['F' 'M']
Classifier accuracy train: 86.18
===== dev set ====
Classifier: 75.86
             precision    recall  f1-score   support

          F     0.7067    0.8842    0.7856       406
          M     0.8454    0.6330    0.7239       406

avg / total     0.7760    0.7586    0.7548       812

weighted f1: 75.5
['F' 'M']
Classifier accuracy train: 83.18
===== dev set ====
Classifier: 69.14
             precision    recall  f1-score   support

          F     0.7969    0.5136    0.6246       405
          M     0.6412    0.8691    0.7379       405

avg / total     0.7191    0.6914    0.6813       810

weighted f1: 68.1
['F' 'M']
Classifier accuracy train: 70.51
===== dev set ====
Classifier: 64.07
             precision    recall  f1-score   support

          F     0.8654    0.3333    0.4813       405
          M     0.5872    0.9481    0.7252       405

avg / total     0.7263    0.6407    0.6032       810

weighted f1: 60.3
['F' 'M']
Classifier accuracy train: 88.46
===== dev set ====
Classifier: 76.67
             precision    recall  f1-score   support

          F     0.7278    0.8519    0.7850       405
          M     0.8214    0.6815    0.7449       405

avg / total     0.7746    0.7667    0.7650       810

weighted f1: 76.5
['F' 'M']
Classifier accuracy train: 89.19
===== dev set ====
Classifier: 79.14
             precision    recall  f1-score   support

          F     0.7864    0.8000    0.7931       405
          M     0.7965    0.7827    0.7895       405

avg / total     0.7914    0.7914    0.7913       810

weighted f1: 79.1
==================================
mean f1: 70.58 (7.89)
mean acc: 72.03 (5.95)
===
first instance
Majority weighted F1: 33.33 acc: 50.00
data data/ES-data-200tweets.json.balanced.comb
analyze_features None
embeds None
c_n_gram 0
show_instance False
folds 10
C 1
pred False
test None
tf_idf False
only_mean False
rm_uu False
n_gram 1-3
