load data..
vectorize data..
Vocab size: 15094589
['F' 'M']
Classifier accuracy train: 91.78
===== dev set ====
Classifier: 75.62
             precision    recall  f1-score   support

          F     0.7140    0.8547    0.7780       406
          M     0.8190    0.6576    0.7295       406

avg / total     0.7665    0.7562    0.7538       812

weighted f1: 75.4
['F' 'M']
Classifier accuracy train: 77.53
===== dev set ====
Classifier: 66.38
             precision    recall  f1-score   support

          F     0.6074    0.9261    0.7337       406
          M     0.8446    0.4015    0.5442       406

avg / total     0.7260    0.6638    0.6389       812

weighted f1: 63.9
['F' 'M']
Classifier accuracy train: 90.85
===== dev set ====
Classifier: 76.72
             precision    recall  f1-score   support

          F     0.7228    0.8670    0.7884       406
          M     0.8338    0.6675    0.7415       406

avg / total     0.7783    0.7672    0.7649       812

weighted f1: 76.5
['F' 'M']
Classifier accuracy train: 88.16
===== dev set ====
Classifier: 71.67
             precision    recall  f1-score   support

          F     0.6660    0.8695    0.7543       406
          M     0.8121    0.5640    0.6657       406

avg / total     0.7390    0.7167    0.7100       812

weighted f1: 71.0
['F' 'M']
Classifier accuracy train: 73.74
===== dev set ====
Classifier: 64.41
             precision    recall  f1-score   support

          F     0.5872    0.9704    0.7317       406
          M     0.9149    0.3177    0.4717       406

avg / total     0.7510    0.6441    0.6017       812

weighted f1: 60.2
['F' 'M']
Classifier accuracy train: 85.67
===== dev set ====
Classifier: 71.31
             precision    recall  f1-score   support

          F     0.6553    0.8990    0.7580       406
          M     0.8392    0.5271    0.6475       406

avg / total     0.7473    0.7131    0.7028       812

weighted f1: 70.3
['F' 'M']
Classifier accuracy train: 78.87
===== dev set ====
Classifier: 67.65
             precision    recall  f1-score   support

          F     0.6144    0.9481    0.7456       405
          M     0.8865    0.4049    0.5559       405

avg / total     0.7504    0.6765    0.6508       810

weighted f1: 65.1
['F' 'M']
Classifier accuracy train: 91.02
===== dev set ====
Classifier: 73.83
             precision    recall  f1-score   support

          F     0.6911    0.8617    0.7670       405
          M     0.8164    0.6148    0.7014       405

avg / total     0.7537    0.7383    0.7342       810

weighted f1: 73.4
['F' 'M']
Classifier accuracy train: 73.17
===== dev set ====
Classifier: 63.33
             precision    recall  f1-score   support

          F     0.5811    0.9556    0.7227       405
          M     0.8750    0.3111    0.4590       405

avg / total     0.7280    0.6333    0.5909       810

weighted f1: 59.1
['F' 'M']
Classifier accuracy train: 88.61
===== dev set ====
Classifier: 73.09
             precision    recall  f1-score   support

          F     0.8351    0.5753    0.6813       405
          M     0.6761    0.8864    0.7671       405

avg / total     0.7556    0.7309    0.7242       810

weighted f1: 72.4
==================================
mean f1: 68.72 (5.92)
mean acc: 70.40 (4.45)
===
first instance
Majority weighted F1: 33.33 acc: 50.00
rm_uu False
C 1
pred False
data data/ES-data-200tweets.json.balanced.comb
c_n_gram 0
tf_idf False
n_gram 1-4
embeds None
folds 10
only_mean False
analyze_features None
show_instance False
test None
