load data..
vectorize data..
Vocab size: 176468
['F' 'M']
Classifier accuracy train: 64.60
===== dev set ====
Classifier: 63.05
             precision    recall  f1-score   support

          F     0.5786    0.9606    0.7222       406
          M     0.8841    0.3005    0.4485       406

avg / total     0.7313    0.6305    0.5854       812

weighted f1: 58.5
['F' 'M']
Classifier accuracy train: 68.21
===== dev set ====
Classifier: 65.89
             precision    recall  f1-score   support

          F     0.6000    0.9532    0.7364       406
          M     0.8862    0.3645    0.5166       406

avg / total     0.7431    0.6589    0.6265       812

weighted f1: 62.7
['F' 'M']
Classifier accuracy train: 61.48
===== dev set ====
Classifier: 58.74
             precision    recall  f1-score   support

          F     0.5490    0.9803    0.7038       406
          M     0.9080    0.1946    0.3205       406

avg / total     0.7285    0.5874    0.5121       812

weighted f1: 51.2
['F' 'M']
Classifier accuracy train: 78.59
===== dev set ====
Classifier: 75.25
             precision    recall  f1-score   support

          F     0.7335    0.7931    0.7621       406
          M     0.7748    0.7118    0.7420       406

avg / total     0.7541    0.7525    0.7521       812

weighted f1: 75.2
['F' 'M']
Classifier accuracy train: 56.34
===== dev set ====
Classifier: 56.16
             precision    recall  f1-score   support

          F     0.5328    1.0000    0.6952       406
          M     1.0000    0.1232    0.2193       406

avg / total     0.7664    0.5616    0.4573       812

weighted f1: 45.7
['F' 'M']
Classifier accuracy train: 78.60
===== dev set ====
Classifier: 74.88
             precision    recall  f1-score   support

          F     0.7140    0.8300    0.7677       406
          M     0.7971    0.6675    0.7265       406

avg / total     0.7555    0.7488    0.7471       812

weighted f1: 74.7
['F' 'M']
Classifier accuracy train: 77.99
===== dev set ====
Classifier: 74.20
             precision    recall  f1-score   support

          F     0.7849    0.6667    0.7210       405
          M     0.7103    0.8173    0.7600       405

avg / total     0.7476    0.7420    0.7405       810

weighted f1: 74.1
['F' 'M']
Classifier accuracy train: 79.43
===== dev set ====
Classifier: 75.31
             precision    recall  f1-score   support

          F     0.7283    0.8074    0.7658       405
          M     0.7839    0.6988    0.7389       405

avg / total     0.7561    0.7531    0.7524       810

weighted f1: 75.2
['F' 'M']
Classifier accuracy train: 76.25
===== dev set ====
Classifier: 72.84
             precision    recall  f1-score   support

          F     0.6782    0.8691    0.7619       405
          M     0.8179    0.5877    0.6839       405

avg / total     0.7480    0.7284    0.7229       810

weighted f1: 72.3
['F' 'M']
Classifier accuracy train: 72.45
===== dev set ====
Classifier: 69.01
             precision    recall  f1-score   support

          F     0.8532    0.4593    0.5971       405
          M     0.6301    0.9210    0.7482       405

avg / total     0.7416    0.6901    0.6727       810

weighted f1: 67.3
==================================
mean f1: 65.69 (10.23)
mean acc: 68.53 (6.84)
===
first instance
Majority weighted F1: 33.33 acc: 50.00
c_n_gram 0
rm_uu False
analyze_features None
tf_idf False
test None
pred False
only_mean False
data data/ES-data-200tweets.json.balanced.comb
show_instance False
C 1
embeds None
n_gram 1
folds 10
