load data..
vectorize data..
Vocab size: 9346047
['F' 'M']
Classifier accuracy train: 96.10
===== dev set ====
Classifier: 67.73
             precision    recall  f1-score   support

          F     0.7535    0.5271    0.6203       406
          M     0.6364    0.8276    0.7195       406

avg / total     0.6949    0.6773    0.6699       812

weighted f1: 67.0
['F' 'M']
Classifier accuracy train: 96.37
===== dev set ====
Classifier: 68.10
             precision    recall  f1-score   support

          F     0.7860    0.4975    0.6094       406
          M     0.6324    0.8645    0.7305       406

avg / total     0.7092    0.6810    0.6699       812

weighted f1: 67.0
['F' 'M']
Classifier accuracy train: 98.58
===== dev set ====
Classifier: 72.91
             precision    recall  f1-score   support

          F     0.7153    0.7611    0.7375       406
          M     0.7447    0.6970    0.7201       406

avg / total     0.7300    0.7291    0.7288       812

weighted f1: 72.9
['F' 'M']
Classifier accuracy train: 88.96
===== dev set ====
Classifier: 66.26
             precision    recall  f1-score   support

          F     0.8587    0.3892    0.5356       406
          M     0.6051    0.9360    0.7350       406

avg / total     0.7319    0.6626    0.6353       812

weighted f1: 63.5
['F' 'M']
Classifier accuracy train: 98.22
===== dev set ====
Classifier: 69.58
             precision    recall  f1-score   support

          F     0.6695    0.7734    0.7177       406
          M     0.7318    0.6182    0.6702       406

avg / total     0.7006    0.6958    0.6940       812

weighted f1: 69.4
['F' 'M']
Classifier accuracy train: 94.88
===== dev set ====
Classifier: 67.24
             precision    recall  f1-score   support

          F     0.6207    0.8867    0.7302       406
          M     0.8017    0.4581    0.5831       406

avg / total     0.7112    0.6724    0.6566       812

weighted f1: 65.7
['F' 'M']
Classifier accuracy train: 98.59
===== dev set ====
Classifier: 70.25
             precision    recall  f1-score   support

          F     0.7113    0.6815    0.6961       405
          M     0.6943    0.7235    0.7086       405

avg / total     0.7028    0.7025    0.7023       810

weighted f1: 70.2
['F' 'M']
Classifier accuracy train: 98.49
===== dev set ====
Classifier: 70.74
             precision    recall  f1-score   support

          F     0.6892    0.7556    0.7208       405
          M     0.7295    0.6593    0.6926       405

avg / total     0.7093    0.7074    0.7067       810

weighted f1: 70.7
['F' 'M']
Classifier accuracy train: 97.64
===== dev set ====
Classifier: 69.26
             precision    recall  f1-score   support

          F     0.6618    0.7877    0.7193       405
          M     0.7378    0.5975    0.6603       405

avg / total     0.6998    0.6926    0.6898       810

weighted f1: 69.0
['F' 'M']
Classifier accuracy train: 91.63
===== dev set ====
Classifier: 66.54
             precision    recall  f1-score   support

          F     0.6132    0.8963    0.7282       405
          M     0.8073    0.4346    0.5650       405

avg / total     0.7103    0.6654    0.6466       810

weighted f1: 64.7
==================================
mean f1: 68.00 (2.78)
mean acc: 68.86 (1.98)
===
first instance
Majority weighted F1: 33.33 acc: 50.00
data data/ES-data-200tweets.json.balanced.comb
test None
n_gram 4
c_n_gram 0
show_instance False
embeds None
tf_idf False
pred False
folds 10
analyze_features None
only_mean False
rm_uu False
C 1
