load data..
vectorize data..
Vocab size: 1400709
['F' 'M']
Classifier accuracy train: 85.05
===== dev set ====
Classifier: 76.35
             precision    recall  f1-score   support

          F     0.7454    0.8005    0.7720       406
          M     0.7846    0.7266    0.7545       406

avg / total     0.7650    0.7635    0.7632       812

weighted f1: 76.3
['F' 'M']
Classifier accuracy train: 85.58
===== dev set ====
Classifier: 76.23
             precision    recall  f1-score   support

          F     0.7542    0.7783    0.7661       406
          M     0.7710    0.7463    0.7584       406

avg / total     0.7626    0.7623    0.7623       812

weighted f1: 76.2
['F' 'M']
Classifier accuracy train: 83.40
===== dev set ====
Classifier: 76.48
             precision    recall  f1-score   support

          F     0.7189    0.8695    0.7871       406
          M     0.8349    0.6601    0.7373       406

avg / total     0.7769    0.7648    0.7622       812

weighted f1: 76.2
['F' 'M']
Classifier accuracy train: 75.63
===== dev set ====
Classifier: 69.58
             precision    recall  f1-score   support

          F     0.6318    0.9384    0.7552       406
          M     0.8804    0.4532    0.5984       406

avg / total     0.7561    0.6958    0.6768       812

weighted f1: 67.7
['F' 'M']
Classifier accuracy train: 84.77
===== dev set ====
Classifier: 76.72
             precision    recall  f1-score   support

          F     0.7323    0.8424    0.7835       406
          M     0.8145    0.6921    0.7483       406

avg / total     0.7734    0.7672    0.7659       812

weighted f1: 76.6
['F' 'M']
Classifier accuracy train: 77.30
===== dev set ====
Classifier: 69.33
             precision    recall  f1-score   support

          F     0.6342    0.9138    0.7487       406
          M     0.8458    0.4729    0.6066       406

avg / total     0.7400    0.6933    0.6777       812

weighted f1: 67.8
['F' 'M']
Classifier accuracy train: 54.16
===== dev set ====
Classifier: 53.95
             precision    recall  f1-score   support

          F     0.9000    0.0889    0.1618       405
          M     0.5208    0.9901    0.6826       405

avg / total     0.7104    0.5395    0.4222       810

weighted f1: 42.2
['F' 'M']
Classifier accuracy train: 70.91
===== dev set ====
Classifier: 66.67
             precision    recall  f1-score   support

          F     0.6053    0.9580    0.7419       405
          M     0.8994    0.3753    0.5296       405

avg / total     0.7524    0.6667    0.6357       810

weighted f1: 63.6
['F' 'M']
Classifier accuracy train: 84.98
===== dev set ====
Classifier: 74.94
             precision    recall  f1-score   support

          F     0.7617    0.7259    0.7434       405
          M     0.7382    0.7728    0.7551       405

avg / total     0.7499    0.7494    0.7492       810

weighted f1: 74.9
['F' 'M']
Classifier accuracy train: 62.43
===== dev set ====
Classifier: 61.36
             precision    recall  f1-score   support

          F     0.9510    0.2395    0.3826       405
          M     0.5650    0.9877    0.7188       405

avg / total     0.7580    0.6136    0.5507       810

weighted f1: 55.1
==================================
mean f1: 67.66 (10.85)
mean acc: 70.16 (7.31)
===
first instance
Majority weighted F1: 33.33 acc: 50.00
tf_idf False
folds 10
test None
pred False
C 1
embeds None
analyze_features None
n_gram 1-2
only_mean False
rm_uu False
data data/ES-data-200tweets.json.balanced.comb
c_n_gram 0
show_instance False
