load data..
vectorize data..
Vocab size: 16310803
['F' 'M']
Classifier accuracy train: 99.92
===== dev set ====
Classifier: 68.35
             precision    recall  f1-score   support

          F     0.6915    0.6626    0.6767       406
          M     0.6761    0.7044    0.6900       406

avg / total     0.6838    0.6835    0.6834       812

weighted f1: 68.3
['F' 'M']
Classifier accuracy train: 99.90
===== dev set ====
Classifier: 72.29
             precision    recall  f1-score   support

          F     0.7191    0.7315    0.7253       406
          M     0.7268    0.7143    0.7205       406

avg / total     0.7230    0.7229    0.7229       812

weighted f1: 72.3
['F' 'M']
Classifier accuracy train: 99.89
===== dev set ====
Classifier: 70.20
             precision    recall  f1-score   support

          F     0.6907    0.7315    0.7105       406
          M     0.7147    0.6724    0.6929       406

avg / total     0.7027    0.7020    0.7017       812

weighted f1: 70.2
['F' 'M']
Classifier accuracy train: 99.92
===== dev set ====
Classifier: 69.83
             precision    recall  f1-score   support

          F     0.6885    0.7241    0.7059       406
          M     0.7091    0.6724    0.6903       406

avg / total     0.6988    0.6983    0.6981       812

weighted f1: 69.8
['F' 'M']
Classifier accuracy train: 99.59
===== dev set ====
Classifier: 69.33
             precision    recall  f1-score   support

          F     0.6619    0.7906    0.7205       406
          M     0.7401    0.5961    0.6603       406

avg / total     0.7010    0.6933    0.6904       812

weighted f1: 69.0
['F' 'M']
Classifier accuracy train: 99.92
===== dev set ====
Classifier: 70.32
             precision    recall  f1-score   support

          F     0.7154    0.6749    0.6946       406
          M     0.6923    0.7315    0.7114       406

avg / total     0.7039    0.7032    0.7030       812

weighted f1: 70.3
['F' 'M']
Classifier accuracy train: 99.92
===== dev set ====
Classifier: 69.38
             precision    recall  f1-score   support

          F     0.6830    0.7235    0.7026       405
          M     0.7060    0.6642    0.6845       405

avg / total     0.6945    0.6938    0.6936       810

weighted f1: 69.4
['F' 'M']
Classifier accuracy train: 99.89
===== dev set ====
Classifier: 70.99
             precision    recall  f1-score   support

          F     0.7146    0.6988    0.7066       405
          M     0.7053    0.7210    0.7131       405

avg / total     0.7100    0.7099    0.7098       810

weighted f1: 71.0
['F' 'M']
Classifier accuracy train: 99.89
===== dev set ====
Classifier: 68.27
             precision    recall  f1-score   support

          F     0.6697    0.7210    0.6944       405
          M     0.6979    0.6444    0.6701       405

avg / total     0.6838    0.6827    0.6823       810

weighted f1: 68.2
['F' 'M']
Classifier accuracy train: 99.92
===== dev set ====
Classifier: 71.36
             precision    recall  f1-score   support

          F     0.7319    0.6741    0.7018       405
          M     0.6979    0.7531    0.7245       405

avg / total     0.7149    0.7136    0.7131       810

weighted f1: 71.3
==================================
mean f1: 69.98 (1.24)
mean acc: 70.03 (1.21)
===
first instance
Majority weighted F1: 33.33 acc: 50.00
test None
C 1
analyze_features None
tf_idf False
rm_uu False
data data/ES-data-200tweets.json.balanced.comb
n_gram 6
show_instance False
c_n_gram 0
only_mean False
pred False
embeds None
folds 10
