load data..
vectorize data..
Vocab size: 1224702
['F' 'M']
Classifier accuracy train: 79.99
===== dev set ====
Classifier: 71.06
             precision    recall  f1-score   support

          F     0.6477    0.9236    0.7614       406
          M     0.8670    0.4975    0.6322       406

avg / total     0.7573    0.7106    0.6968       812

weighted f1: 69.7
['F' 'M']
Classifier accuracy train: 69.97
===== dev set ====
Classifier: 64.16
             precision    recall  f1-score   support

          F     0.5862    0.9631    0.7288       406
          M     0.8966    0.3202    0.4719       406

avg / total     0.7414    0.6416    0.6003       812

weighted f1: 60.0
['F' 'M']
Classifier accuracy train: 88.45
===== dev set ====
Classifier: 75.49
             precision    recall  f1-score   support

          F     0.7620    0.7414    0.7516       406
          M     0.7482    0.7685    0.7582       406

avg / total     0.7551    0.7549    0.7549       812

weighted f1: 75.5
['F' 'M']
Classifier accuracy train: 60.66
===== dev set ====
Classifier: 57.88
             precision    recall  f1-score   support

          F     0.5435    0.9852    0.7005       406
          M     0.9211    0.1724    0.2905       406

avg / total     0.7323    0.5788    0.4955       812

weighted f1: 49.5
['F' 'M']
Classifier accuracy train: 87.85
===== dev set ====
Classifier: 75.62
             precision    recall  f1-score   support

          F     0.7301    0.8128    0.7692       406
          M     0.7889    0.6995    0.7415       406

avg / total     0.7595    0.7562    0.7554       812

weighted f1: 75.5
['F' 'M']
Classifier accuracy train: 79.74
===== dev set ====
Classifier: 69.95
             precision    recall  f1-score   support

          F     0.8616    0.4754    0.6127       406
          M     0.6378    0.9236    0.7545       406

avg / total     0.7497    0.6995    0.6836       812

weighted f1: 68.4
['F' 'M']
Classifier accuracy train: 59.46
===== dev set ====
Classifier: 55.06
             precision    recall  f1-score   support

          F     0.7971    0.1358    0.2321       405
          M     0.5277    0.9654    0.6824       405

avg / total     0.6624    0.5506    0.4572       810

weighted f1: 45.7
['F' 'M']
Classifier accuracy train: 55.61
===== dev set ====
Classifier: 54.94
             precision    recall  f1-score   support

          F     0.5263    0.9877    0.6867       405
          M     0.9000    0.1111    0.1978       405

avg / total     0.7132    0.5494    0.4422       810

weighted f1: 44.2
['F' 'M']
Classifier accuracy train: 88.37
===== dev set ====
Classifier: 77.04
             precision    recall  f1-score   support

          F     0.7801    0.7531    0.7663       405
          M     0.7613    0.7877    0.7743       405

avg / total     0.7707    0.7704    0.7703       810

weighted f1: 77.0
['F' 'M']
Classifier accuracy train: 74.23
===== dev set ====
Classifier: 68.52
             precision    recall  f1-score   support

          F     0.6198    0.9580    0.7527       405
          M     0.9076    0.4123    0.5671       405

avg / total     0.7637    0.6852    0.6599       810

weighted f1: 66.0
==================================
mean f1: 63.16 (11.97)
mean acc: 66.97 (8.09)
===
first instance
Majority weighted F1: 33.33 acc: 50.00
analyze_features None
embeds None
n_gram 2
data data/ES-data-200tweets.json.balanced.comb
pred False
C 1
only_mean False
rm_uu False
tf_idf False
folds 10
c_n_gram 0
show_instance False
test None
