load data..
vectorize data..
Vocab size: 4064
['F' 'M']
Classifier accuracy train: 75.86
===== dev set ====
Classifier: 55.54
             precision    recall  f1-score   support

          F     0.5414    0.7241    0.6196       406
          M     0.5836    0.3867    0.4652       406

avg / total     0.5625    0.5554    0.5424       812

weighted f1: 54.2
['F' 'M']
Classifier accuracy train: 78.82
===== dev set ====
Classifier: 55.91
             precision    recall  f1-score   support

          F     0.5449    0.7167    0.6191       406
          M     0.5863    0.4015    0.4766       406

avg / total     0.5656    0.5591    0.5479       812

weighted f1: 54.8
['F' 'M']
Classifier accuracy train: 86.26
===== dev set ====
Classifier: 59.85
             precision    recall  f1-score   support

          F     0.5897    0.6478    0.6174       406
          M     0.6093    0.5493    0.5777       406

avg / total     0.5995    0.5985    0.5975       812

weighted f1: 59.8
['F' 'M']
Classifier accuracy train: 86.27
===== dev set ====
Classifier: 55.05
             precision    recall  f1-score   support

          F     0.5447    0.6158    0.5780       406
          M     0.5581    0.4852    0.5191       406

avg / total     0.5514    0.5505    0.5486       812

weighted f1: 54.9
['F' 'M']
Classifier accuracy train: 86.00
===== dev set ====
Classifier: 58.25
             precision    recall  f1-score   support

          F     0.5685    0.6847    0.6212       406
          M     0.6037    0.4803    0.5350       406

avg / total     0.5861    0.5825    0.5781       812

weighted f1: 57.8
['F' 'M']
Classifier accuracy train: 85.53
===== dev set ====
Classifier: 58.37
             precision    recall  f1-score   support

          F     0.5717    0.6675    0.6159       406
          M     0.6006    0.5000    0.5457       406

avg / total     0.5862    0.5837    0.5808       812

weighted f1: 58.1
['F' 'M']
Classifier accuracy train: 87.14
===== dev set ====
Classifier: 57.04
             precision    recall  f1-score   support

          F     0.5643    0.6173    0.5896       405
          M     0.5777    0.5235    0.5492       405

avg / total     0.5710    0.5704    0.5694       810

weighted f1: 56.9
['F' 'M']
Classifier accuracy train: 79.18
===== dev set ====
Classifier: 55.68
             precision    recall  f1-score   support

          F     0.5747    0.4370    0.4965       405
          M     0.5458    0.6765    0.6042       405

avg / total     0.5602    0.5568    0.5503       810

weighted f1: 55.0
['F' 'M']
Classifier accuracy train: 84.73
===== dev set ====
Classifier: 60.74
             precision    recall  f1-score   support

          F     0.5973    0.6593    0.6268       405
          M     0.6198    0.5556    0.5859       405

avg / total     0.6086    0.6074    0.6063       810

weighted f1: 60.6
['F' 'M']
Classifier accuracy train: 86.81
===== dev set ====
Classifier: 59.51
             precision    recall  f1-score   support

          F     0.5914    0.6148    0.6029       405
          M     0.5990    0.5753    0.5869       405

avg / total     0.5952    0.5951    0.5949       810

weighted f1: 59.5
==================================
mean f1: 57.16 (2.23)
mean acc: 57.59 (1.93)
===
first instance
Majority weighted F1: 33.33 acc: 50.00
pred False
C 1
tf_idf False
embeds None
data data/ES-data-200tweets.json.balanced.frequency
show_instance False
rm_uu False
c_n_gram 0
analyze_features None
only_mean False
folds 10
n_gram 4
test None
