load data..
vectorize data..
Vocab size: 584
['F' 'M']
Classifier accuracy train: 65.84
===== dev set ====
Classifier: 58.62
             precision    recall  f1-score   support

          F     0.5599    0.8054    0.6606       406
          M     0.6535    0.3670    0.4700       406

avg / total     0.6067    0.5862    0.5653       812

weighted f1: 56.5
['F' 'M']
Classifier accuracy train: 60.92
===== dev set ====
Classifier: 57.76
             precision    recall  f1-score   support

          F     0.5464    0.9138    0.6839       406
          M     0.7368    0.2414    0.3636       406

avg / total     0.6416    0.5776    0.5238       812

weighted f1: 52.4
['F' 'M']
Classifier accuracy train: 60.34
===== dev set ====
Classifier: 56.90
             precision    recall  f1-score   support

          F     0.5395    0.9409    0.6858       406
          M     0.7692    0.1970    0.3137       406

avg / total     0.6544    0.5690    0.4998       812

weighted f1: 50.0
['F' 'M']
Classifier accuracy train: 52.22
===== dev set ====
Classifier: 52.71
             precision    recall  f1-score   support

          F     0.9583    0.0567    0.1070       406
          M     0.5140    0.9975    0.6784       406

avg / total     0.7361    0.5271    0.3927       812

weighted f1: 39.3
['F' 'M']
Classifier accuracy train: 55.11
===== dev set ====
Classifier: 53.45
             precision    recall  f1-score   support

          F     0.5181    0.9852    0.6791       406
          M     0.8500    0.0837    0.1525       406

avg / total     0.6841    0.5345    0.4158       812

weighted f1: 41.6
['F' 'M']
Classifier accuracy train: 53.25
===== dev set ====
Classifier: 51.60
             precision    recall  f1-score   support

          F     0.5083    0.9803    0.6695       406
          M     0.7241    0.0517    0.0966       406

avg / total     0.6162    0.5160    0.3830       812

weighted f1: 38.3
['F' 'M']
Classifier accuracy train: 51.42
===== dev set ====
Classifier: 51.11
             precision    recall  f1-score   support

          F     0.7647    0.0321    0.0616       405
          M     0.5057    0.9901    0.6694       405

avg / total     0.6352    0.5111    0.3655       810

weighted f1: 36.6
['F' 'M']
Classifier accuracy train: 51.70
===== dev set ====
Classifier: 50.99
             precision    recall  f1-score   support

          F     0.7222    0.0321    0.0615       405
          M     0.5051    0.9877    0.6683       405

avg / total     0.6136    0.5099    0.3649       810

weighted f1: 36.5
['F' 'M']
Classifier accuracy train: 66.00
===== dev set ====
Classifier: 62.59
             precision    recall  f1-score   support

          F     0.7040    0.4346    0.5374       405
          M     0.5911    0.8173    0.6860       405

avg / total     0.6475    0.6259    0.6117       810

weighted f1: 61.2
['F' 'M']
Classifier accuracy train: 55.57
===== dev set ====
Classifier: 54.07
             precision    recall  f1-score   support

          F     0.5221    0.9630    0.6771       405
          M     0.7619    0.1185    0.2051       405

avg / total     0.6420    0.5407    0.4411       810

weighted f1: 44.1
==================================
mean f1: 45.64 (8.39)
mean acc: 54.98 (3.65)
===
first instance
Majority weighted F1: 33.33 acc: 50.00
c_n_gram 0
only_mean False
folds 10
rm_uu False
pred False
test None
analyze_features None
data data/ES-data-200tweets.json.balanced.frequency
show_instance False
embeds None
C 1
n_gram 1-3
tf_idf False
