load data..
vectorize data..
Vocab size: 153741
['F' 'M']
Classifier accuracy train: 100.00
===== dev set ====
Classifier: 57.64
             precision    recall  f1-score   support

          F     0.5760    0.5788    0.5774       406
          M     0.5767    0.5739    0.5753       406

avg / total     0.5764    0.5764    0.5764       812

weighted f1: 57.6
['F' 'M']
Classifier accuracy train: 100.00
===== dev set ====
Classifier: 58.87
             precision    recall  f1-score   support

          F     0.5874    0.5961    0.5917       406
          M     0.5900    0.5813    0.5856       406

avg / total     0.5887    0.5887    0.5886       812

weighted f1: 58.9
['F' 'M']
Classifier accuracy train: 100.00
===== dev set ====
Classifier: 56.40
             precision    recall  f1-score   support

          F     0.5625    0.5764    0.5693       406
          M     0.5657    0.5517    0.5586       406

avg / total     0.5641    0.5640    0.5640       812

weighted f1: 56.4
['F' 'M']
Classifier accuracy train: 100.00
===== dev set ====
Classifier: 58.00
             precision    recall  f1-score   support

          F     0.5772    0.5985    0.5877       406
          M     0.5831    0.5616    0.5721       406

avg / total     0.5802    0.5800    0.5799       812

weighted f1: 58.0
['F' 'M']
Classifier accuracy train: 100.00
===== dev set ====
Classifier: 59.73
             precision    recall  f1-score   support

          F     0.6005    0.5813    0.5907       406
          M     0.5943    0.6133    0.6036       406

avg / total     0.5974    0.5973    0.5972       812

weighted f1: 59.7
['F' 'M']
Classifier accuracy train: 100.00
===== dev set ====
Classifier: 59.48
             precision    recall  f1-score   support

          F     0.5970    0.5837    0.5903       406
          M     0.5928    0.6059    0.5993       406

avg / total     0.5949    0.5948    0.5948       812

weighted f1: 59.5
['F' 'M']
Classifier accuracy train: 100.00
===== dev set ====
Classifier: 56.54
             precision    recall  f1-score   support

          F     0.5635    0.5802    0.5718       405
          M     0.5674    0.5506    0.5589       405

avg / total     0.5655    0.5654    0.5653       810

weighted f1: 56.5
['F' 'M']
Classifier accuracy train: 100.00
===== dev set ====
Classifier: 55.31
             precision    recall  f1-score   support

          F     0.5526    0.5580    0.5553       405
          M     0.5536    0.5481    0.5509       405

avg / total     0.5531    0.5531    0.5531       810

weighted f1: 55.3
['F' 'M']
Classifier accuracy train: 100.00
===== dev set ====
Classifier: 60.37
             precision    recall  f1-score   support

          F     0.5981    0.6321    0.6146       405
          M     0.6099    0.5753    0.5921       405

avg / total     0.6040    0.6037    0.6034       810

weighted f1: 60.3
['F' 'M']
Classifier accuracy train: 100.00
===== dev set ====
Classifier: 55.31
             precision    recall  f1-score   support

          F     0.5513    0.5704    0.5607       405
          M     0.5550    0.5358    0.5452       405

avg / total     0.5531    0.5531    0.5530       810

weighted f1: 55.3
==================================
mean f1: 57.76 (1.74)
mean acc: 57.77 (1.74)
===
first instance
Majority weighted F1: 33.33 acc: 50.00
C 1
embeds None
test None
folds 10
c_n_gram 0
tf_idf False
show_instance False
n_gram 6
rm_uu False
data data/ES-data-200tweets.json.balanced.frequency
only_mean False
analyze_features None
pred False
