load data..
vectorize data..
Vocab size: 64
['F' 'M']
Classifier accuracy train: 50.81
===== dev set ====
Classifier: 50.00
             precision    recall  f1-score   support

          F     0.5000    0.0123    0.0240       406
          M     0.5000    0.9877    0.6639       406

avg / total     0.5000    0.5000    0.3440       812

weighted f1: 34.4
['F' 'M']
Classifier accuracy train: 50.12
===== dev set ====
Classifier: 50.00
             precision    recall  f1-score   support

          F     0.0000    0.0000    0.0000       406
          M     0.5000    1.0000    0.6667       406

avg / total     0.2500    0.5000    0.3333       812

weighted f1: 33.3
['F' 'M']
Classifier accuracy train: 60.40
===== dev set ====
Classifier: 61.70
             precision    recall  f1-score   support

          F     0.6715    0.4581    0.5447       406
          M     0.5888    0.7759    0.6695       406

avg / total     0.6301    0.6170    0.6071       812

weighted f1: 60.7
['F' 'M']
Classifier accuracy train: 62.08
===== dev set ====
Classifier: 60.22
             precision    recall  f1-score   support

          F     0.6203    0.5271    0.5699       406
          M     0.5889    0.6773    0.6300       406

avg / total     0.6046    0.6022    0.6000       812

weighted f1: 60.0
['F' 'M']
Classifier accuracy train: 50.38
===== dev set ====
Classifier: 50.25
             precision    recall  f1-score   support

          F     0.7500    0.0074    0.0146       406
          M     0.5012    0.9975    0.6672       406

avg / total     0.6256    0.5025    0.3409       812

weighted f1: 34.1
['F' 'M']
Classifier accuracy train: 60.14
===== dev set ====
Classifier: 61.58
             precision    recall  f1-score   support

          F     0.5739    0.8990    0.7006       406
          M     0.7670    0.3325    0.4639       406

avg / total     0.6705    0.6158    0.5822       812

weighted f1: 58.2
['F' 'M']
Classifier accuracy train: 51.89
===== dev set ====
Classifier: 51.23
             precision    recall  f1-score   support

          F     0.5065    0.9679    0.6650       405
          M     0.6389    0.0568    0.1043       405

avg / total     0.5727    0.5123    0.3846       810

weighted f1: 38.5
['F' 'M']
Classifier accuracy train: 50.08
===== dev set ====
Classifier: 50.00
             precision    recall  f1-score   support

          F     0.0000    0.0000    0.0000       405
          M     0.5000    1.0000    0.6667       405

avg / total     0.2500    0.5000    0.3333       810

weighted f1: 33.3
['F' 'M']
Classifier accuracy train: 62.23
===== dev set ====
Classifier: 62.35
             precision    recall  f1-score   support

          F     0.5896    0.8123    0.6833       405
          M     0.6984    0.4346    0.5358       405

avg / total     0.6440    0.6235    0.6095       810

weighted f1: 61.0
['F' 'M']
Classifier accuracy train: 60.53
===== dev set ====
Classifier: 59.51
             precision    recall  f1-score   support

          F     0.5636    0.8420    0.6752       405
          M     0.6878    0.3481    0.4623       405

avg / total     0.6257    0.5951    0.5688       810

weighted f1: 56.9
==================================
mean f1: 47.04 (12.44)
mean acc: 55.68 (5.45)
===
first instance
Majority weighted F1: 33.33 acc: 50.00
show_instance False
folds 10
n_gram 2
tf_idf False
test None
embeds None
analyze_features None
pred False
only_mean False
C 1
data data/ES-data-200tweets.json.balanced.frequency
c_n_gram 0
rm_uu False
