load data..
vectorize data..
Vocab size: 72
['F' 'M']
Classifier accuracy train: 58.22
===== dev set ====
Classifier: 57.64
             precision    recall  f1-score   support

          F     0.5465    0.8966    0.6791       406
          M     0.7123    0.2562    0.3768       406

avg / total     0.6294    0.5764    0.5280       812

weighted f1: 52.8
['F' 'M']
Classifier accuracy train: 51.58
===== dev set ====
Classifier: 51.48
             precision    recall  f1-score   support

          F     0.8333    0.0369    0.0708       406
          M     0.5076    0.9926    0.6717       406

avg / total     0.6704    0.5148    0.3712       812

weighted f1: 37.1
['F' 'M']
Classifier accuracy train: 50.14
===== dev set ====
Classifier: 50.00
             precision    recall  f1-score   support

          F     0.5000    0.0025    0.0049       406
          M     0.5000    0.9975    0.6661       406

avg / total     0.5000    0.5000    0.3355       812

weighted f1: 33.6
['F' 'M']
Classifier accuracy train: 51.95
===== dev set ====
Classifier: 52.22
             precision    recall  f1-score   support

          F     0.5116    0.9778    0.6717       406
          M     0.7500    0.0665    0.1222       406

avg / total     0.6308    0.5222    0.3970       812

weighted f1: 39.7
['F' 'M']
Classifier accuracy train: 50.23
===== dev set ====
Classifier: 50.37
             precision    recall  f1-score   support

          F     0.5019    1.0000    0.6683       406
          M     1.0000    0.0074    0.0147       406

avg / total     0.7509    0.5037    0.3415       812

weighted f1: 34.1
['F' 'M']
Classifier accuracy train: 50.97
===== dev set ====
Classifier: 50.25
             precision    recall  f1-score   support

          F     0.5012    0.9926    0.6661       406
          M     0.6250    0.0123    0.0242       406

avg / total     0.5631    0.5025    0.3451       812

weighted f1: 34.5
['F' 'M']
Classifier accuracy train: 50.84
===== dev set ====
Classifier: 50.62
             precision    recall  f1-score   support

          F     0.6923    0.0222    0.0431       405
          M     0.5031    0.9901    0.6672       405

avg / total     0.5977    0.5062    0.3551       810

weighted f1: 35.5
['F' 'M']
Classifier accuracy train: 53.03
===== dev set ====
Classifier: 53.21
             precision    recall  f1-score   support

          F     0.5169    0.9827    0.6774       405
          M     0.8250    0.0815    0.1483       405

avg / total     0.6709    0.5321    0.4129       810

weighted f1: 41.3
['F' 'M']
Classifier accuracy train: 52.63
===== dev set ====
Classifier: 51.23
             precision    recall  f1-score   support

          F     0.5064    0.9778    0.6672       405
          M     0.6786    0.0469    0.0878       405

avg / total     0.5925    0.5123    0.3775       810

weighted f1: 37.7
['F' 'M']
Classifier accuracy train: 50.16
===== dev set ====
Classifier: 50.12
             precision    recall  f1-score   support

          F     0.5006    1.0000    0.6672       405
          M     1.0000    0.0025    0.0049       405

avg / total     0.7503    0.5012    0.3361       810

weighted f1: 33.6
==================================
mean f1: 38.00 (5.53)
mean acc: 51.71 (2.20)
===
first instance
Majority weighted F1: 33.33 acc: 50.00
embeds None
pred False
test None
rm_uu False
folds 10
only_mean False
data data/ES-data-200tweets.json.balanced.frequency
tf_idf False
analyze_features None
n_gram 1-2
c_n_gram 0
show_instance False
C 1
