load data..
vectorize data..
Vocab size: 2619
['F' 'M']
Classifier accuracy train: 51.00
===== dev set ====
Classifier: 50.74
             precision    recall  f1-score   support

          F     0.5037    0.9951    0.6689       406
          M     0.8000    0.0197    0.0385       406

avg / total     0.6519    0.5074    0.3537       812

weighted f1: 35.4
['F' 'M']
Classifier accuracy train: 50.36
===== dev set ====
Classifier: 50.00
             precision    recall  f1-score   support

          F     0.5000    0.0049    0.0098       406
          M     0.5000    0.9951    0.6656       406

avg / total     0.5000    0.5000    0.3377       812

weighted f1: 33.8
['F' 'M']
Classifier accuracy train: 51.90
===== dev set ====
Classifier: 51.60
             precision    recall  f1-score   support

          F     0.7600    0.0468    0.0882       406
          M     0.5083    0.9852    0.6706       406

avg / total     0.6341    0.5160    0.3794       812

weighted f1: 37.9
['F' 'M']
Classifier accuracy train: 52.22
===== dev set ====
Classifier: 52.09
             precision    recall  f1-score   support

          F     0.8696    0.0493    0.0932       406
          M     0.5108    0.9926    0.6745       406

avg / total     0.6902    0.5209    0.3839       812

weighted f1: 38.4
['F' 'M']
Classifier accuracy train: 56.08
===== dev set ====
Classifier: 52.22
             precision    recall  f1-score   support

          F     0.6364    0.1034    0.1780       406
          M     0.5121    0.9409    0.6632       406

avg / total     0.5742    0.5222    0.4206       812

weighted f1: 42.1
['F' 'M']
Classifier accuracy train: 66.29
===== dev set ====
Classifier: 61.82
             precision    recall  f1-score   support

          F     0.5851    0.8128    0.6804       406
          M     0.6935    0.4236    0.5260       406

avg / total     0.6393    0.6182    0.6032       812

weighted f1: 60.3
['F' 'M']
Classifier accuracy train: 62.22
===== dev set ====
Classifier: 55.80
             precision    recall  f1-score   support

          F     0.5352    0.8815    0.6660       405
          M     0.6643    0.2346    0.3467       405

avg / total     0.5998    0.5580    0.5064       810

weighted f1: 50.6
['F' 'M']
Classifier accuracy train: 55.67
===== dev set ====
Classifier: 54.20
             precision    recall  f1-score   support

          F     0.7361    0.1309    0.2222       405
          M     0.5230    0.9531    0.6754       405

avg / total     0.6296    0.5420    0.4488       810

weighted f1: 44.9
['F' 'M']
Classifier accuracy train: 51.71
===== dev set ====
Classifier: 51.48
             precision    recall  f1-score   support

          F     0.5076    0.9901    0.6711       405
          M     0.8000    0.0395    0.0753       405

avg / total     0.6538    0.5148    0.3732       810

weighted f1: 37.3
['F' 'M']
Classifier accuracy train: 52.18
===== dev set ====
Classifier: 50.00
             precision    recall  f1-score   support

          F     0.5000    0.0222    0.0426       405
          M     0.5000    0.9778    0.6617       405

avg / total     0.5000    0.5000    0.3521       810

weighted f1: 35.2
==================================
mean f1: 41.59 (7.91)
mean acc: 53.00 (3.40)
===
first instance
Majority weighted F1: 33.33 acc: 50.00
only_mean False
analyze_features None
n_gram 1-2
test None
rm_uu False
data data/ES-data-200tweets.json.balanced.length
pred False
folds 10
c_n_gram 0
tf_idf False
show_instance False
embeds None
C 1
