load data..
vectorize data..
Vocab size: 144
['F' 'M']
Classifier accuracy train: 50.37
===== dev set ====
Classifier: 50.25
             precision    recall  f1-score   support

          F     0.5012    0.9951    0.6667       406
          M     0.6667    0.0099    0.0194       406

avg / total     0.5840    0.5025    0.3430       812

weighted f1: 34.3
['F' 'M']
Classifier accuracy train: 50.07
===== dev set ====
Classifier: 50.12
             precision    recall  f1-score   support

          F     1.0000    0.0025    0.0049       406
          M     0.5006    1.0000    0.6672       406

avg / total     0.7503    0.5012    0.3361       812

weighted f1: 33.6
['F' 'M']
Classifier accuracy train: 53.18
===== dev set ====
Classifier: 52.71
             precision    recall  f1-score   support

          F     0.5145    0.9606    0.6701       406
          M     0.7037    0.0936    0.1652       406

avg / total     0.6091    0.5271    0.4177       812

weighted f1: 41.8
['F' 'M']
Classifier accuracy train: 50.04
===== dev set ====
Classifier: 50.25
             precision    recall  f1-score   support

          F     1.0000    0.0049    0.0098       406
          M     0.5012    1.0000    0.6678       406

avg / total     0.7506    0.5025    0.3388       812

weighted f1: 33.9
['F' 'M']
Classifier accuracy train: 50.75
===== dev set ====
Classifier: 50.86
             precision    recall  f1-score   support

          F     0.5044    0.9852    0.6672       406
          M     0.6842    0.0320    0.0612       406

avg / total     0.5943    0.5086    0.3642       812

weighted f1: 36.4
['F' 'M']
Classifier accuracy train: 52.79
===== dev set ====
Classifier: 50.37
             precision    recall  f1-score   support

          F     0.5020    0.9384    0.6541       406
          M     0.5283    0.0690    0.1220       406

avg / total     0.5151    0.5037    0.3880       812

weighted f1: 38.8
['F' 'M']
Classifier accuracy train: 50.14
===== dev set ====
Classifier: 50.62
             precision    recall  f1-score   support

          F     0.5031    0.9951    0.6683       405
          M     0.7778    0.0173    0.0338       405

avg / total     0.6404    0.5062    0.3511       810

weighted f1: 35.1
['F' 'M']
Classifier accuracy train: 50.01
===== dev set ====
Classifier: 50.00
             precision    recall  f1-score   support

          F     0.5000    1.0000    0.6667       405
          M     0.0000    0.0000    0.0000       405

avg / total     0.2500    0.5000    0.3333       810

weighted f1: 33.3
['F' 'M']
Classifier accuracy train: 50.41
===== dev set ====
Classifier: 50.25
             precision    recall  f1-score   support

          F     0.5012    1.0000    0.6678       405
          M     1.0000    0.0049    0.0098       405

avg / total     0.7506    0.5025    0.3388       810

weighted f1: 33.9
['F' 'M']
Classifier accuracy train: 50.05
===== dev set ====
Classifier: 50.25
             precision    recall  f1-score   support

          F     0.5012    1.0000    0.6678       405
          M     1.0000    0.0049    0.0098       405

avg / total     0.7506    0.5025    0.3388       810

weighted f1: 33.9
==================================
mean f1: 35.50 (2.62)
mean acc: 50.57 (0.75)
===
first instance
Majority weighted F1: 33.33 acc: 50.00
test None
tf_idf False
show_instance False
C 1
only_mean False
rm_uu False
analyze_features None
folds 10
c_n_gram 0
embeds None
n_gram 1
data data/ES-data-200tweets.json.balanced.length
pred False
