load data..
vectorize data..
Vocab size: 2475
['F' 'M']
Classifier accuracy train: 67.79
===== dev set ====
Classifier: 60.47
             precision    recall  f1-score   support

          F     0.6071    0.5936    0.6002       406
          M     0.6024    0.6158    0.6090       406

avg / total     0.6047    0.6047    0.6046       812

weighted f1: 60.5
['F' 'M']
Classifier accuracy train: 52.53
===== dev set ====
Classifier: 51.23
             precision    recall  f1-score   support

          F     0.5063    0.9926    0.6705       406
          M     0.8125    0.0320    0.0616       406

avg / total     0.6594    0.5123    0.3661       812

weighted f1: 36.6
['F' 'M']
Classifier accuracy train: 56.81
===== dev set ====
Classifier: 53.08
             precision    recall  f1-score   support

          F     0.6437    0.1379    0.2272       406
          M     0.5172    0.9236    0.6631       406

avg / total     0.5805    0.5308    0.4452       812

weighted f1: 44.5
['F' 'M']
Classifier accuracy train: 57.32
===== dev set ====
Classifier: 53.33
             precision    recall  f1-score   support

          F     0.6452    0.1478    0.2405       406
          M     0.5188    0.9187    0.6631       406

avg / total     0.5820    0.5333    0.4518       812

weighted f1: 45.2
['F' 'M']
Classifier accuracy train: 60.15
===== dev set ====
Classifier: 55.54
             precision    recall  f1-score   support

          F     0.5334    0.8842    0.6654       406
          M     0.6619    0.2266    0.3376       406

avg / total     0.5977    0.5554    0.5015       812

weighted f1: 50.2
['F' 'M']
Classifier accuracy train: 50.92
===== dev set ====
Classifier: 51.11
             precision    recall  f1-score   support

          F     0.5056    1.0000    0.6716       406
          M     1.0000    0.0222    0.0434       406

avg / total     0.7528    0.5111    0.3575       812

weighted f1: 35.8
['F' 'M']
Classifier accuracy train: 50.97
===== dev set ====
Classifier: 50.12
             precision    recall  f1-score   support

          F     0.5714    0.0099    0.0194       405
          M     0.5006    0.9926    0.6656       405

avg / total     0.5360    0.5012    0.3425       810

weighted f1: 34.2
['F' 'M']
Classifier accuracy train: 50.63
===== dev set ====
Classifier: 50.25
             precision    recall  f1-score   support

          F     0.5833    0.0173    0.0336       405
          M     0.5013    0.9877    0.6650       405

avg / total     0.5423    0.5025    0.3493       810

weighted f1: 34.9
['F' 'M']
Classifier accuracy train: 54.92
===== dev set ====
Classifier: 53.70
             precision    recall  f1-score   support

          F     0.5196    0.9827    0.6798       405
          M     0.8409    0.0914    0.1648       405

avg / total     0.6802    0.5370    0.4223       810

weighted f1: 42.2
['F' 'M']
Classifier accuracy train: 50.38
===== dev set ====
Classifier: 49.88
             precision    recall  f1-score   support

          F     0.3333    0.0025    0.0049       405
          M     0.4994    0.9951    0.6650       405

avg / total     0.4164    0.4988    0.3350       810

weighted f1: 33.5
==================================
mean f1: 41.76 (8.21)
mean acc: 52.87 (3.08)
===
first instance
Majority weighted F1: 33.33 acc: 50.00
analyze_features None
n_gram 2
only_mean False
data data/ES-data-200tweets.json.balanced.length
c_n_gram 0
test None
tf_idf False
C 1
embeds None
rm_uu False
show_instance False
folds 10
pred False
