load data..
vectorize data..
Vocab size: 27198
['F' 'M']
Classifier accuracy train: 53.77
===== dev set ====
Classifier: 52.46
             precision    recall  f1-score   support

          F     0.5128    0.9877    0.6751       406
          M     0.8333    0.0616    0.1147       406

avg / total     0.6731    0.5246    0.3949       812

weighted f1: 39.5
['F' 'M']
Classifier accuracy train: 80.86
===== dev set ====
Classifier: 62.81
             precision    recall  f1-score   support

          F     0.6053    0.7365    0.6644       406
          M     0.6635    0.5197    0.5829       406

avg / total     0.6344    0.6281    0.6237       812

weighted f1: 62.4
['F' 'M']
Classifier accuracy train: 56.40
===== dev set ====
Classifier: 54.06
             precision    recall  f1-score   support

          F     0.5219    0.9680    0.6782       406
          M     0.7797    0.1133    0.1978       406

avg / total     0.6508    0.5406    0.4380       812

weighted f1: 43.8
['F' 'M']
Classifier accuracy train: 82.30
===== dev set ====
Classifier: 56.65
             precision    recall  f1-score   support

          F     0.5849    0.4581    0.5138       406
          M     0.5547    0.6749    0.6089       406

avg / total     0.5698    0.5665    0.5614       812

weighted f1: 56.1
['F' 'M']
Classifier accuracy train: 75.68
===== dev set ====
Classifier: 59.36
             precision    recall  f1-score   support

          F     0.5633    0.8325    0.6720       406
          M     0.6792    0.3547    0.4660       406

avg / total     0.6213    0.5936    0.5690       812

weighted f1: 56.9
['F' 'M']
Classifier accuracy train: 76.38
===== dev set ====
Classifier: 57.39
             precision    recall  f1-score   support

          F     0.5492    0.8251    0.6594       406
          M     0.6485    0.3227    0.4309       406

avg / total     0.5988    0.5739    0.5452       812

weighted f1: 54.5
['F' 'M']
Classifier accuracy train: 75.76
===== dev set ====
Classifier: 59.63
             precision    recall  f1-score   support

          F     0.6639    0.3901    0.4914       405
          M     0.5682    0.8025    0.6653       405

avg / total     0.6160    0.5963    0.5784       810

weighted f1: 57.8
['F' 'M']
Classifier accuracy train: 59.79
===== dev set ====
Classifier: 54.94
             precision    recall  f1-score   support

          F     0.5273    0.9531    0.6790       405
          M     0.7564    0.1457    0.2443       405

avg / total     0.6419    0.5494    0.4616       810

weighted f1: 46.2
['F' 'M']
Classifier accuracy train: 78.51
===== dev set ====
Classifier: 57.53
             precision    recall  f1-score   support

          F     0.5550    0.7605    0.6417       405
          M     0.6196    0.3901    0.4788       405

avg / total     0.5873    0.5753    0.5602       810

weighted f1: 56.0
['F' 'M']
Classifier accuracy train: 68.23
===== dev set ====
Classifier: 57.16
             precision    recall  f1-score   support

          F     0.6959    0.2543    0.3725       405
          M     0.5438    0.8889    0.6748       405

avg / total     0.6199    0.5716    0.5237       810

weighted f1: 52.4
==================================
mean f1: 52.56 (6.78)
mean acc: 57.20 (2.83)
===
first instance
Majority weighted F1: 33.33 acc: 50.00
analyze_features None
pred False
tf_idf False
n_gram 1-3
c_n_gram 0
show_instance False
test None
embeds None
rm_uu False
data data/ES-data-200tweets.json.balanced.length
C 1
only_mean False
folds 10
