load data..
vectorize data..
Vocab size: 532301
['F' 'M']
Classifier accuracy train: 78.37
===== dev set ====
Classifier: 62.32
             precision    recall  f1-score   support

          F     0.5804    0.8892    0.7023       406
          M     0.7632    0.3571    0.4866       406

avg / total     0.6718    0.6232    0.5945       812

weighted f1: 59.4
['F' 'M']
Classifier accuracy train: 69.05
===== dev set ====
Classifier: 56.03
             precision    recall  f1-score   support

          F     0.7952    0.1626    0.2699       406
          M     0.5336    0.9581    0.6855       406

avg / total     0.6644    0.5603    0.4777       812

weighted f1: 47.8
['F' 'M']
Classifier accuracy train: 86.62
===== dev set ====
Classifier: 68.47
             precision    recall  f1-score   support

          F     0.7534    0.5493    0.6353       406
          M     0.6453    0.8202    0.7223       406

avg / total     0.6994    0.6847    0.6788       812

weighted f1: 67.9
['F' 'M']
Classifier accuracy train: 89.53
===== dev set ====
Classifier: 68.60
             precision    recall  f1-score   support

          F     0.7214    0.6059    0.6586       406
          M     0.6603    0.7660    0.7092       406

avg / total     0.6909    0.6860    0.6839       812

weighted f1: 68.4
['F' 'M']
Classifier accuracy train: 89.93
===== dev set ====
Classifier: 70.20
             precision    recall  f1-score   support

          F     0.6839    0.7512    0.7160       406
          M     0.7240    0.6527    0.6865       406

avg / total     0.7040    0.7020    0.7012       812

weighted f1: 70.1
['F' 'M']
Classifier accuracy train: 83.18
===== dev set ====
Classifier: 63.05
             precision    recall  f1-score   support

          F     0.5880    0.8719    0.7024       406
          M     0.7524    0.3892    0.5130       406

avg / total     0.6702    0.6305    0.6077       812

weighted f1: 60.8
['F' 'M']
Classifier accuracy train: 65.63
===== dev set ====
Classifier: 56.79
             precision    recall  f1-score   support

          F     0.5384    0.9531    0.6881       405
          M     0.7957    0.1827    0.2972       405

avg / total     0.6670    0.5679    0.4926       810

weighted f1: 49.3
['F' 'M']
Classifier accuracy train: 78.01
===== dev set ====
Classifier: 59.75
             precision    recall  f1-score   support

          F     0.7310    0.3086    0.4340       405
          M     0.5618    0.8864    0.6877       405

avg / total     0.6464    0.5975    0.5609       810

weighted f1: 56.1
['F' 'M']
Classifier accuracy train: 89.87
===== dev set ====
Classifier: 67.78
             precision    recall  f1-score   support

          F     0.6800    0.6716    0.6758       405
          M     0.6756    0.6840    0.6798       405

avg / total     0.6778    0.6778    0.6778       810

weighted f1: 67.8
['F' 'M']
Classifier accuracy train: 73.65
===== dev set ====
Classifier: 58.52
             precision    recall  f1-score   support

          F     0.7760    0.2395    0.3660       405
          M     0.5504    0.9309    0.6917       405

avg / total     0.6632    0.5852    0.5289       810

weighted f1: 52.9
==================================
mean f1: 60.04 (7.92)
mean acc: 63.15 (5.04)
===
first instance
Majority weighted F1: 33.33 acc: 50.00
pred False
C 1
embeds None
c_n_gram 0
n_gram 5
test None
analyze_features None
only_mean False
tf_idf False
folds 10
data data/ES-data-200tweets.json.balanced.punctCons
rm_uu False
show_instance False
