load data..
vectorize data..
Vocab size: 376356
['F' 'M']
Classifier accuracy train: 58.63
===== dev set ====
Classifier: 54.43
             precision    recall  f1-score   support

          F     0.5240    0.9680    0.6799       406
          M     0.7903    0.1207    0.2094       406

avg / total     0.6572    0.5443    0.4447       812

weighted f1: 44.5
['F' 'M']
Classifier accuracy train: 71.62
===== dev set ====
Classifier: 59.98
             precision    recall  f1-score   support

          F     0.8140    0.2586    0.3925       406
          M     0.5593    0.9409    0.7016       406

avg / total     0.6866    0.5998    0.5470       812

weighted f1: 54.7
['F' 'M']
Classifier accuracy train: 56.45
===== dev set ====
Classifier: 51.72
             precision    recall  f1-score   support

          F     0.5090    0.9754    0.6689       406
          M     0.7059    0.0591    0.1091       406

avg / total     0.6074    0.5172    0.3890       812

weighted f1: 38.9
['F' 'M']
Classifier accuracy train: 76.01
===== dev set ====
Classifier: 63.05
             precision    recall  f1-score   support

          F     0.5875    0.8768    0.7036       406
          M     0.7573    0.3842    0.5098       406

avg / total     0.6724    0.6305    0.6067       812

weighted f1: 60.7
['F' 'M']
Classifier accuracy train: 85.38
===== dev set ====
Classifier: 68.97
             precision    recall  f1-score   support

          F     0.7037    0.6552    0.6786       406
          M     0.6774    0.7241    0.7000       406

avg / total     0.6906    0.6897    0.6893       812

weighted f1: 68.9
['F' 'M']
Classifier accuracy train: 85.70
===== dev set ====
Classifier: 68.84
             precision    recall  f1-score   support

          F     0.6967    0.6675    0.6818       406
          M     0.6809    0.7094    0.6948       406

avg / total     0.6888    0.6884    0.6883       812

weighted f1: 68.8
['F' 'M']
Classifier accuracy train: 67.45
===== dev set ====
Classifier: 60.49
             precision    recall  f1-score   support

          F     0.8195    0.2691    0.4052       405
          M     0.5628    0.9407    0.7043       405

avg / total     0.6912    0.6049    0.5547       810

weighted f1: 55.5
['F' 'M']
Classifier accuracy train: 80.05
===== dev set ====
Classifier: 66.67
             precision    recall  f1-score   support

          F     0.6199    0.8617    0.7211       405
          M     0.7733    0.4716    0.5859       405

avg / total     0.6966    0.6667    0.6535       810

weighted f1: 65.3
['F' 'M']
Classifier accuracy train: 83.87
===== dev set ====
Classifier: 68.02
             precision    recall  f1-score   support

          F     0.7310    0.5704    0.6408       405
          M     0.6478    0.7901    0.7119       405

avg / total     0.6894    0.6802    0.6763       810

weighted f1: 67.6
['F' 'M']
Classifier accuracy train: 56.00
===== dev set ====
Classifier: 54.07
             precision    recall  f1-score   support

          F     0.5216    0.9827    0.6815       405
          M     0.8511    0.0988    0.1770       405

avg / total     0.6863    0.5407    0.4292       810

weighted f1: 42.9
==================================
mean f1: 56.79 (10.81)
mean acc: 61.63 (6.21)
===
first instance
Majority weighted F1: 33.33 acc: 50.00
folds 10
test None
analyze_features None
embeds None
data data/ES-data-200tweets.json.balanced.punctCons
pred False
rm_uu False
tf_idf False
C 1
c_n_gram 0
only_mean False
n_gram 4
show_instance False
