load data..
vectorize data..
Vocab size: 17545
['F' 'M']
Classifier accuracy train: 54.47
===== dev set ====
Classifier: 52.09
             precision    recall  f1-score   support

          F     0.7179    0.0690    0.1258       406
          M     0.5110    0.9729    0.6701       406

avg / total     0.6145    0.5209    0.3980       812

weighted f1: 39.8
['F' 'M']
Classifier accuracy train: 54.19
===== dev set ====
Classifier: 53.08
             precision    recall  f1-score   support

          F     0.8205    0.0788    0.1438       406
          M     0.5162    0.9828    0.6768       406

avg / total     0.6683    0.5308    0.4103       812

weighted f1: 41.0
['F' 'M']
Classifier accuracy train: 51.47
===== dev set ====
Classifier: 50.74
             precision    recall  f1-score   support

          F     0.8000    0.0197    0.0385       406
          M     0.5037    0.9951    0.6689       406

avg / total     0.6519    0.5074    0.3537       812

weighted f1: 35.4
['F' 'M']
Classifier accuracy train: 51.63
===== dev set ====
Classifier: 51.48
             precision    recall  f1-score   support

          F     0.5076    0.9901    0.6711       406
          M     0.8000    0.0394    0.0751       406

avg / total     0.6538    0.5148    0.3731       812

weighted f1: 37.3
['F' 'M']
Classifier accuracy train: 69.51
===== dev set ====
Classifier: 66.87
             precision    recall  f1-score   support

          F     0.7069    0.5764    0.6350       406
          M     0.6424    0.7611    0.6967       406

avg / total     0.6747    0.6687    0.6659       812

weighted f1: 66.6
['F' 'M']
Classifier accuracy train: 51.21
===== dev set ====
Classifier: 50.25
             precision    recall  f1-score   support

          F     0.5012    0.9951    0.6667       406
          M     0.6667    0.0099    0.0194       406

avg / total     0.5840    0.5025    0.3430       812

weighted f1: 34.3
['F' 'M']
Classifier accuracy train: 64.65
===== dev set ====
Classifier: 59.51
             precision    recall  f1-score   support

          F     0.5614    0.8691    0.6822       405
          M     0.7104    0.3210    0.4422       405

avg / total     0.6359    0.5951    0.5622       810

weighted f1: 56.2
['F' 'M']
Classifier accuracy train: 51.47
===== dev set ====
Classifier: 51.36
             precision    recall  f1-score   support

          F     0.5069    0.9951    0.6717       405
          M     0.8667    0.0321    0.0619       405

avg / total     0.6868    0.5136    0.3668       810

weighted f1: 36.7
['F' 'M']
Classifier accuracy train: 57.89
===== dev set ====
Classifier: 55.56
             precision    recall  f1-score   support

          F     0.5306    0.9630    0.6842       405
          M     0.8000    0.1481    0.2500       405

avg / total     0.6653    0.5556    0.4671       810

weighted f1: 46.7
['F' 'M']
Classifier accuracy train: 51.53
===== dev set ====
Classifier: 51.36
             precision    recall  f1-score   support

          F     0.8667    0.0321    0.0619       405
          M     0.5069    0.9951    0.6717       405

avg / total     0.6868    0.5136    0.3668       810

weighted f1: 36.7
==================================
mean f1: 43.07 (10.03)
mean acc: 54.23 (4.97)
===
first instance
Majority weighted F1: 33.33 acc: 50.00
only_mean False
C 1
tf_idf False
data data/ES-data-200tweets.json.balanced.punctAgr
test None
analyze_features None
c_n_gram 0
folds 10
rm_uu False
n_gram 1-3
show_instance False
embeds None
pred False
