load data..
vectorize data..
Vocab size: 43128
['F' 'M']
Classifier accuracy train: 52.16
===== dev set ====
Classifier: 50.62
             precision    recall  f1-score   support

          F     0.5031    0.9852    0.6661       406
          M     0.6471    0.0271    0.0520       406

avg / total     0.5751    0.5062    0.3591       812

weighted f1: 35.9
['F' 'M']
Classifier accuracy train: 57.66
===== dev set ====
Classifier: 56.03
             precision    recall  f1-score   support

          F     0.5332    0.9680    0.6877       406
          M     0.8267    0.1527    0.2578       406

avg / total     0.6800    0.5603    0.4727       812

weighted f1: 47.3
['F' 'M']
Classifier accuracy train: 70.07
===== dev set ====
Classifier: 64.78
             precision    recall  f1-score   support

          F     0.6031    0.8645    0.7105       406
          M     0.7609    0.4310    0.5503       406

avg / total     0.6820    0.6478    0.6304       812

weighted f1: 63.0
['F' 'M']
Classifier accuracy train: 52.59
===== dev set ====
Classifier: 51.23
             precision    recall  f1-score   support

          F     0.5064    0.9803    0.6678       406
          M     0.6923    0.0443    0.0833       406

avg / total     0.5993    0.5123    0.3756       812

weighted f1: 37.6
['F' 'M']
Classifier accuracy train: 53.05
===== dev set ====
Classifier: 51.48
             precision    recall  f1-score   support

          F     0.7308    0.0468    0.0880       406
          M     0.5076    0.9828    0.6695       406

avg / total     0.6192    0.5148    0.3787       812

weighted f1: 37.9
['F' 'M']
Classifier accuracy train: 51.73
===== dev set ====
Classifier: 50.00
             precision    recall  f1-score   support

          F     0.5000    0.9877    0.6639       406
          M     0.5000    0.0123    0.0240       406

avg / total     0.5000    0.5000    0.3440       812

weighted f1: 34.4
['F' 'M']
Classifier accuracy train: 67.97
===== dev set ====
Classifier: 60.37
             precision    recall  f1-score   support

          F     0.5671    0.8765    0.6887       405
          M     0.7283    0.3309    0.4550       405

avg / total     0.6477    0.6037    0.5718       810

weighted f1: 57.2
['F' 'M']
Classifier accuracy train: 74.42
===== dev set ====
Classifier: 62.96
             precision    recall  f1-score   support

          F     0.6110    0.7136    0.6583       405
          M     0.6558    0.5457    0.5957       405

avg / total     0.6334    0.6296    0.6270       810

weighted f1: 62.7
['F' 'M']
Classifier accuracy train: 58.48
===== dev set ====
Classifier: 54.32
             precision    recall  f1-score   support

          F     0.5234    0.9654    0.6788       405
          M     0.7778    0.1210    0.2094       405

avg / total     0.6506    0.5432    0.4441       810

weighted f1: 44.4
['F' 'M']
Classifier accuracy train: 52.36
===== dev set ====
Classifier: 51.98
             precision    recall  f1-score   support

          F     0.5102    0.9901    0.6734       405
          M     0.8333    0.0494    0.0932       405

avg / total     0.6718    0.5198    0.3833       810

weighted f1: 38.3
==================================
mean f1: 45.87 (10.64)
mean acc: 55.38 (5.18)
===
first instance
Majority weighted F1: 33.33 acc: 50.00
only_mean False
folds 10
C 1
rm_uu False
test None
embeds None
n_gram 4
tf_idf False
data data/ES-data-200tweets.json.balanced.punctAgr
show_instance False
pred False
c_n_gram 0
analyze_features None
