load data..
vectorize data..
Vocab size: 1980663
['F' 'M']
Classifier accuracy train: 82.97
===== dev set ====
Classifier: 70.44
             precision    recall  f1-score   support

          F     0.6812    0.7685    0.7222       406
          M     0.7345    0.6404    0.6842       406

avg / total     0.7078    0.7044    0.7032       812

weighted f1: 70.3
['F' 'M']
Classifier accuracy train: 57.03
===== dev set ====
Classifier: 55.30
             precision    recall  f1-score   support

          F     0.5284    0.9852    0.6879       406
          M     0.8909    0.1207    0.2126       406

avg / total     0.7097    0.5530    0.4502       812

weighted f1: 45.0
['F' 'M']
Classifier accuracy train: 75.37
===== dev set ====
Classifier: 68.35
             precision    recall  f1-score   support

          F     0.8465    0.4483    0.5862       406
          M     0.6248    0.9187    0.7438       406

avg / total     0.7357    0.6835    0.6650       812

weighted f1: 66.5
['F' 'M']
Classifier accuracy train: 59.48
===== dev set ====
Classifier: 55.42
             precision    recall  f1-score   support

          F     0.5293    0.9778    0.6869       406
          M     0.8548    0.1305    0.2265       406

avg / total     0.6921    0.5542    0.4567       812

weighted f1: 45.7
['F' 'M']
Classifier accuracy train: 52.89
===== dev set ====
Classifier: 51.97
             precision    recall  f1-score   support

          F     0.5101    0.9951    0.6745       406
          M     0.9000    0.0443    0.0845       406

avg / total     0.7051    0.5197    0.3795       812

weighted f1: 37.9
['F' 'M']
Classifier accuracy train: 56.67
===== dev set ====
Classifier: 53.45
             precision    recall  f1-score   support

          F     0.8333    0.0862    0.1563       406
          M     0.5182    0.9828    0.6786       406

avg / total     0.6758    0.5345    0.4174       812

weighted f1: 41.7
['F' 'M']
Classifier accuracy train: 63.31
===== dev set ====
Classifier: 59.14
             precision    recall  f1-score   support

          F     0.8033    0.2420    0.3719       405
          M     0.5538    0.9407    0.6972       405

avg / total     0.6785    0.5914    0.5345       810

weighted f1: 53.5
['F' 'M']
Classifier accuracy train: 77.76
===== dev set ====
Classifier: 68.15
             precision    recall  f1-score   support

          F     0.6287    0.8864    0.7357       405
          M     0.8075    0.4765    0.5994       405

avg / total     0.7181    0.6815    0.6675       810

weighted f1: 66.8
['F' 'M']
Classifier accuracy train: 71.93
===== dev set ====
Classifier: 63.33
             precision    recall  f1-score   support

          F     0.7967    0.3580    0.4940       405
          M     0.5860    0.9086    0.7125       405

avg / total     0.6913    0.6333    0.6033       810

weighted f1: 60.3
['F' 'M']
Classifier accuracy train: 83.43
===== dev set ====
Classifier: 70.99
             precision    recall  f1-score   support

          F     0.6941    0.7506    0.7212       405
          M     0.7285    0.6691    0.6976       405

avg / total     0.7113    0.7099    0.7094       810

weighted f1: 70.9
==================================
mean f1: 55.87 (11.98)
mean acc: 61.65 (7.08)
===
first instance
Majority weighted F1: 33.33 acc: 50.00
C 1
c_n_gram 0
only_mean False
folds 10
n_gram 1-6
show_instance False
pred False
rm_uu False
tf_idf False
embeds None
test None
data data/ES-data-200tweets.json.balanced.punctCons
analyze_features None
