load data..
vectorize data..
Vocab size: 155285
['F' 'M']
Classifier accuracy train: 68.56
===== dev set ====
Classifier: 56.53
             precision    recall  f1-score   support

          F     0.7190    0.2143    0.3302       406
          M     0.5384    0.9163    0.6782       406

avg / total     0.6287    0.5653    0.5042       812

weighted f1: 50.4
['F' 'M']
Classifier accuracy train: 80.73
===== dev set ====
Classifier: 61.95
             precision    recall  f1-score   support

          F     0.6751    0.4606    0.5476       406
          M     0.5907    0.7783    0.6716       406

avg / total     0.6329    0.6195    0.6096       812

weighted f1: 61.0
['F' 'M']
Classifier accuracy train: 70.67
===== dev set ====
Classifier: 59.11
             precision    recall  f1-score   support

          F     0.5541    0.9335    0.6954       406
          M     0.7891    0.2488    0.3783       406

avg / total     0.6716    0.5911    0.5368       812

weighted f1: 53.7
['F' 'M']
Classifier accuracy train: 71.36
===== dev set ====
Classifier: 57.39
             precision    recall  f1-score   support

          F     0.5459    0.8793    0.6736       406
          M     0.6899    0.2685    0.3865       406

avg / total     0.6179    0.5739    0.5301       812

weighted f1: 53.0
['F' 'M']
Classifier accuracy train: 67.67
===== dev set ====
Classifier: 55.54
             precision    recall  f1-score   support

          F     0.7103    0.1872    0.2963       406
          M     0.5319    0.9236    0.6751       406

avg / total     0.6211    0.5554    0.4857       812

weighted f1: 48.6
['F' 'M']
Classifier accuracy train: 67.92
===== dev set ====
Classifier: 54.68
             precision    recall  f1-score   support

          F     0.5267    0.9236    0.6708       406
          M     0.6900    0.1700    0.2727       406

avg / total     0.6083    0.5468    0.4718       812

weighted f1: 47.2
['F' 'M']
Classifier accuracy train: 76.08
===== dev set ====
Classifier: 61.73
             precision    recall  f1-score   support

          F     0.7273    0.3753    0.4951       405
          M     0.5790    0.8593    0.6918       405

avg / total     0.6532    0.6173    0.5935       810

weighted f1: 59.3
['F' 'M']
Classifier accuracy train: 82.16
===== dev set ====
Classifier: 61.36
             precision    recall  f1-score   support

          F     0.6565    0.4765    0.5522       405
          M     0.5891    0.7506    0.6602       405

avg / total     0.6228    0.6136    0.6062       810

weighted f1: 60.6
['F' 'M']
Classifier accuracy train: 66.12
===== dev set ====
Classifier: 56.30
             precision    recall  f1-score   support

          F     0.7339    0.1975    0.3113       405
          M     0.5364    0.9284    0.6799       405

avg / total     0.6352    0.5630    0.4956       810

weighted f1: 49.6
['F' 'M']
Classifier accuracy train: 57.85
===== dev set ====
Classifier: 52.96
             precision    recall  f1-score   support

          F     0.5159    0.9605    0.6713       405
          M     0.7143    0.0988    0.1735       405

avg / total     0.6151    0.5296    0.4224       810

weighted f1: 42.2
==================================
mean f1: 52.56 (5.90)
mean acc: 57.75 (2.99)
===
first instance
Majority weighted F1: 33.33 acc: 50.00
pred False
embeds None
analyze_features None
n_gram 6
show_instance False
folds 10
data data/ES-data-200tweets.json.balanced.punctAgr
tf_idf False
c_n_gram 0
only_mean False
C 1
rm_uu False
test None
