load data..
vectorize data..
Vocab size: 1293002
['F' 'M']
Classifier accuracy train: 79.34
===== dev set ====
Classifier: 68.84
             precision    recall  f1-score   support

          F     0.6533    0.8030    0.7204       406
          M     0.7444    0.5739    0.6481       406

avg / total     0.6989    0.6884    0.6843       812

weighted f1: 68.4
['F' 'M']
Classifier accuracy train: 52.49
===== dev set ====
Classifier: 52.34
             precision    recall  f1-score   support

          F     0.5120    0.9951    0.6762       406
          M     0.9130    0.0517    0.0979       406

avg / total     0.7125    0.5234    0.3870       812

weighted f1: 38.7
['F' 'M']
Classifier accuracy train: 67.96
===== dev set ====
Classifier: 61.70
             precision    recall  f1-score   support

          F     0.5702    0.9507    0.7128       406
          M     0.8519    0.2833    0.4251       406

avg / total     0.7110    0.6170    0.5690       812

weighted f1: 56.9
['F' 'M']
Classifier accuracy train: 68.48
===== dev set ====
Classifier: 61.33
             precision    recall  f1-score   support

          F     0.8239    0.2882    0.4270       406
          M     0.5687    0.9384    0.7082       406

avg / total     0.6963    0.6133    0.5676       812

weighted f1: 56.8
['F' 'M']
Classifier accuracy train: 60.81
===== dev set ====
Classifier: 56.65
             precision    recall  f1-score   support

          F     0.5367    0.9729    0.6918       406
          M     0.8553    0.1601    0.2697       406

avg / total     0.6960    0.5665    0.4807       812

weighted f1: 48.1
['F' 'M']
Classifier accuracy train: 59.85
===== dev set ====
Classifier: 55.67
             precision    recall  f1-score   support

          F     0.5307    0.9778    0.6880       406
          M     0.8594    0.1355    0.2340       406

avg / total     0.6951    0.5567    0.4610       812

weighted f1: 46.1
['F' 'M']
Classifier accuracy train: 75.83
===== dev set ====
Classifier: 67.65
             precision    recall  f1-score   support

          F     0.7826    0.4889    0.6018       405
          M     0.6284    0.8642    0.7277       405

avg / total     0.7055    0.6765    0.6647       810

weighted f1: 66.5
['F' 'M']
Classifier accuracy train: 71.14
===== dev set ====
Classifier: 64.32
             precision    recall  f1-score   support

          F     0.5909    0.9309    0.7229       405
          M     0.8372    0.3556    0.4991       405

avg / total     0.7141    0.6432    0.6110       810

weighted f1: 61.1
['F' 'M']
Classifier accuracy train: 60.91
===== dev set ====
Classifier: 56.67
             precision    recall  f1-score   support

          F     0.8140    0.1728    0.2851       405
          M     0.5373    0.9605    0.6891       405

avg / total     0.6756    0.5667    0.4871       810

weighted f1: 48.7
['F' 'M']
Classifier accuracy train: 62.56
===== dev set ====
Classifier: 59.14
             precision    recall  f1-score   support

          F     0.8491    0.2222    0.3523       405
          M     0.5526    0.9605    0.7015       405

avg / total     0.7008    0.5914    0.5269       810

weighted f1: 52.7
==================================
mean f1: 54.39 (8.89)
mean acc: 60.43 (5.09)
===
first instance
Majority weighted F1: 33.33 acc: 50.00
analyze_features None
n_gram 1-5
pred False
C 1
test None
tf_idf False
rm_uu False
embeds None
folds 10
c_n_gram 0
only_mean False
show_instance False
data data/ES-data-200tweets.json.balanced.punctCons
