load data..
vectorize data..
Vocab size: 152192
['F' 'M']
Classifier accuracy train: 52.85
===== dev set ====
Classifier: 52.22
             precision    recall  f1-score   support

          F     0.5115    0.9828    0.6728       406
          M     0.7812    0.0616    0.1142       406

avg / total     0.6464    0.5222    0.3935       812

weighted f1: 39.4
['F' 'M']
Classifier accuracy train: 53.44
===== dev set ====
Classifier: 52.22
             precision    recall  f1-score   support

          F     0.8214    0.0567    0.1060       406
          M     0.5115    0.9877    0.6739       406

avg / total     0.6665    0.5222    0.3900       812

weighted f1: 39.0
['F' 'M']
Classifier accuracy train: 66.25
===== dev set ====
Classifier: 61.45
             precision    recall  f1-score   support

          F     0.7541    0.3399    0.4686       406
          M     0.5739    0.8892    0.6976       406

avg / total     0.6640    0.6145    0.5831       812

weighted f1: 58.3
['F' 'M']
Classifier accuracy train: 65.11
===== dev set ====
Classifier: 61.08
             precision    recall  f1-score   support

          F     0.5694    0.9089    0.7002       406
          M     0.7744    0.3128    0.4456       406

avg / total     0.6719    0.6108    0.5729       812

weighted f1: 57.3
['F' 'M']
Classifier accuracy train: 64.21
===== dev set ====
Classifier: 59.36
             precision    recall  f1-score   support

          F     0.7346    0.2931    0.4190       406
          M     0.5585    0.8941    0.6875       406

avg / total     0.6465    0.5936    0.5533       812

weighted f1: 55.3
['F' 'M']
Classifier accuracy train: 51.93
===== dev set ====
Classifier: 51.48
             precision    recall  f1-score   support

          F     0.8000    0.0394    0.0751       406
          M     0.5076    0.9901    0.6711       406

avg / total     0.6538    0.5148    0.3731       812

weighted f1: 37.3
['F' 'M']
Classifier accuracy train: 52.33
===== dev set ====
Classifier: 51.36
             precision    recall  f1-score   support

          F     0.7200    0.0444    0.0837       405
          M     0.5070    0.9827    0.6689       405

avg / total     0.6135    0.5136    0.3763       810

weighted f1: 37.6
['F' 'M']
Classifier accuracy train: 59.18
===== dev set ====
Classifier: 55.19
             precision    recall  f1-score   support

          F     0.5288    0.9531    0.6802       405
          M     0.7625    0.1506    0.2515       405

avg / total     0.6456    0.5519    0.4659       810

weighted f1: 46.6
['F' 'M']
Classifier accuracy train: 59.79
===== dev set ====
Classifier: 57.04
             precision    recall  f1-score   support

          F     0.7714    0.2000    0.3176       405
          M     0.5404    0.9407    0.6865       405

avg / total     0.6559    0.5704    0.5021       810

weighted f1: 50.2
['F' 'M']
Classifier accuracy train: 53.51
===== dev set ====
Classifier: 52.84
             precision    recall  f1-score   support

          F     0.8966    0.0642    0.1198       405
          M     0.5147    0.9926    0.6779       405

avg / total     0.7056    0.5284    0.3989       810

weighted f1: 39.9
==================================
mean f1: 46.09 (8.12)
mean acc: 55.42 (3.82)
===
first instance
Majority weighted F1: 33.33 acc: 50.00
show_instance False
n_gram 1-5
only_mean False
c_n_gram 0
pred False
C 1
rm_uu False
data data/ES-data-200tweets.json.balanced.punctAgr
test None
folds 10
tf_idf False
analyze_features None
embeds None
