load data..
vectorize data..
Vocab size: 2503893
['F' 'M']
Classifier accuracy train: 90.58
===== dev set ====
Classifier: 67.24
             precision    recall  f1-score   support

          F     0.6966    0.6108    0.6509       406
          M     0.6535    0.7340    0.6914       406

avg / total     0.6751    0.6724    0.6712       812

weighted f1: 67.1
['F' 'M']
Classifier accuracy train: 67.48
===== dev set ====
Classifier: 58.74
             precision    recall  f1-score   support

          F     0.5495    0.9704    0.7017       406
          M     0.8737    0.2044    0.3313       406

avg / total     0.7116    0.5874    0.5165       812

weighted f1: 51.7
['F' 'M']
Classifier accuracy train: 85.15
===== dev set ====
Classifier: 69.46
             precision    recall  f1-score   support

          F     0.6431    0.8744    0.7411       406
          M     0.8038    0.5148    0.6276       406

avg / total     0.7235    0.6946    0.6844       812

weighted f1: 68.4
['F' 'M']
Classifier accuracy train: 90.82
===== dev set ====
Classifier: 69.70
             precision    recall  f1-score   support

          F     0.7139    0.6576    0.6846       406
          M     0.6826    0.7365    0.7085       406

avg / total     0.6983    0.6970    0.6966       812

weighted f1: 69.7
['F' 'M']
Classifier accuracy train: 52.77
===== dev set ====
Classifier: 52.46
             precision    recall  f1-score   support

          F     0.8846    0.0567    0.1065       406
          M     0.5127    0.9926    0.6762       406

avg / total     0.6987    0.5246    0.3913       812

weighted f1: 39.1
['F' 'M']
Classifier accuracy train: 82.56
===== dev set ====
Classifier: 64.90
             precision    recall  f1-score   support

          F     0.6010    0.8867    0.7164       406
          M     0.7840    0.4113    0.5396       406

avg / total     0.6925    0.6490    0.6280       812

weighted f1: 62.8
['F' 'M']
Classifier accuracy train: 82.90
===== dev set ====
Classifier: 63.09
             precision    recall  f1-score   support

          F     0.7284    0.4173    0.5306       405
          M     0.5917    0.8444    0.6958       405

avg / total     0.6601    0.6309    0.6132       810

weighted f1: 61.3
['F' 'M']
Classifier accuracy train: 77.64
===== dev set ====
Classifier: 63.70
             precision    recall  f1-score   support

          F     0.5874    0.9210    0.7173       405
          M     0.8171    0.3531    0.4931       405

avg / total     0.7023    0.6370    0.6052       810

weighted f1: 60.5
['F' 'M']
Classifier accuracy train: 62.82
===== dev set ====
Classifier: 54.94
             precision    recall  f1-score   support

          F     0.7857    0.1358    0.2316       405
          M     0.5270    0.9630    0.6812       405

avg / total     0.6564    0.5494    0.4564       810

weighted f1: 45.6
['F' 'M']
Classifier accuracy train: 90.22
===== dev set ====
Classifier: 68.40
             precision    recall  f1-score   support

          F     0.7123    0.6173    0.6614       405
          M     0.6623    0.7506    0.7037       405

avg / total     0.6873    0.6840    0.6825       810

weighted f1: 68.3
==================================
mean f1: 59.45 (10.01)
mean acc: 63.26 (5.76)
===
first instance
Majority weighted F1: 33.33 acc: 50.00
show_instance False
analyze_features None
folds 10
rm_uu False
C 1
n_gram 1-6
test None
pred False
only_mean False
embeds None
c_n_gram 0
tf_idf False
data data/ES-data-200tweets.json.balanced.shape
