load data..
vectorize data..
Vocab size: 74270
['F' 'M']
Classifier accuracy train: 54.62
===== dev set ====
Classifier: 52.46
             precision    recall  f1-score   support

          F     0.7381    0.0764    0.1384       406
          M     0.5130    0.9729    0.6718       406

avg / total     0.6255    0.5246    0.4051       812

weighted f1: 40.5
['F' 'M']
Classifier accuracy train: 54.70
===== dev set ====
Classifier: 53.20
             precision    recall  f1-score   support

          F     0.8250    0.0813    0.1480       406
          M     0.5168    0.9828    0.6774       406

avg / total     0.6709    0.5320    0.4127       812

weighted f1: 41.3
['F' 'M']
Classifier accuracy train: 54.03
===== dev set ====
Classifier: 53.33
             precision    recall  f1-score   support

          F     0.8140    0.0862    0.1559       406
          M     0.5176    0.9803    0.6774       406

avg / total     0.6658    0.5333    0.4167       812

weighted f1: 41.7
['F' 'M']
Classifier accuracy train: 74.52
===== dev set ====
Classifier: 68.84
             precision    recall  f1-score   support

          F     0.6474    0.8276    0.7265       406
          M     0.7611    0.5493    0.6381       406

avg / total     0.7042    0.6884    0.6823       812

weighted f1: 68.2
['F' 'M']
Classifier accuracy train: 54.63
===== dev set ====
Classifier: 52.71
             precision    recall  f1-score   support

          F     0.7619    0.0788    0.1429       406
          M     0.5143    0.9754    0.6735       406

avg / total     0.6381    0.5271    0.4082       812

weighted f1: 40.8
['F' 'M']
Classifier accuracy train: 52.07
===== dev set ====
Classifier: 52.09
             precision    recall  f1-score   support

          F     0.5108    0.9926    0.6745       406
          M     0.8696    0.0493    0.0932       406

avg / total     0.6902    0.5209    0.3839       812

weighted f1: 38.4
['F' 'M']
Classifier accuracy train: 61.87
===== dev set ====
Classifier: 58.15
             precision    recall  f1-score   support

          F     0.5465    0.9580    0.6960       405
          M     0.8300    0.2049    0.3287       405

avg / total     0.6882    0.5815    0.5123       810

weighted f1: 51.2
['F' 'M']
Classifier accuracy train: 51.00
===== dev set ====
Classifier: 49.63
             precision    recall  f1-score   support

          F     0.3333    0.0074    0.0145       405
          M     0.4981    0.9852    0.6617       405

avg / total     0.4157    0.4963    0.3381       810

weighted f1: 33.8
['F' 'M']
Classifier accuracy train: 54.07
===== dev set ====
Classifier: 52.22
             precision    recall  f1-score   support

          F     0.5115    0.9901    0.6745       405
          M     0.8462    0.0543    0.1021       405

avg / total     0.6788    0.5222    0.3883       810

weighted f1: 38.8
['F' 'M']
Classifier accuracy train: 50.81
===== dev set ====
Classifier: 50.62
             precision    recall  f1-score   support

          F     0.8571    0.0148    0.0291       405
          M     0.5031    0.9975    0.6689       405

avg / total     0.6801    0.5062    0.3490       810

weighted f1: 34.9
==================================
mean f1: 42.96 (9.53)
mean acc: 54.33 (5.28)
===
first instance
Majority weighted F1: 33.33 acc: 50.00
c_n_gram 0
show_instance False
n_gram 1-2
data data/ES-data-200tweets.json.balanced.shape
embeds None
analyze_features None
only_mean False
folds 10
rm_uu False
tf_idf False
C 1
test None
pred False
