load data..
vectorize data..
Vocab size: 194642
['F' 'M']
Classifier accuracy train: 64.00
===== dev set ====
Classifier: 55.05
             precision    recall  f1-score   support

          F     0.7412    0.1552    0.2566       406
          M     0.5282    0.9458    0.6778       406

avg / total     0.6347    0.5505    0.4672       812

weighted f1: 46.7
['F' 'M']
Classifier accuracy train: 56.26
===== dev set ====
Classifier: 51.23
             precision    recall  f1-score   support

          F     0.6667    0.0493    0.0917       406
          M     0.5064    0.9754    0.6667       406

avg / total     0.5865    0.5123    0.3792       812

weighted f1: 37.9
['F' 'M']
Classifier accuracy train: 66.90
===== dev set ====
Classifier: 58.87
             precision    recall  f1-score   support

          F     0.7951    0.2389    0.3674       406
          M     0.5522    0.9384    0.6953       406

avg / total     0.6736    0.5887    0.5313       812

weighted f1: 53.1
['F' 'M']
Classifier accuracy train: 78.74
===== dev set ====
Classifier: 64.53
             precision    recall  f1-score   support

          F     0.5964    0.8990    0.7171       406
          M     0.7950    0.3916    0.5248       406

avg / total     0.6957    0.6453    0.6209       812

weighted f1: 62.1
['F' 'M']
Classifier accuracy train: 84.30
===== dev set ====
Classifier: 64.66
             precision    recall  f1-score   support

          F     0.6138    0.7906    0.6911       406
          M     0.7059    0.5025    0.5871       406

avg / total     0.6598    0.6466    0.6391       812

weighted f1: 63.9
['F' 'M']
Classifier accuracy train: 54.88
===== dev set ====
Classifier: 51.85
             precision    recall  f1-score   support

          F     0.5096    0.9803    0.6706       406
          M     0.7419    0.0567    0.1053       406

avg / total     0.6258    0.5185    0.3879       812

weighted f1: 38.8
['F' 'M']
Classifier accuracy train: 60.83
===== dev set ====
Classifier: 56.67
             precision    recall  f1-score   support

          F     0.5372    0.9630    0.6897       405
          M     0.8214    0.1704    0.2822       405

avg / total     0.6793    0.5667    0.4859       810

weighted f1: 48.6
['F' 'M']
Classifier accuracy train: 85.35
===== dev set ====
Classifier: 67.90
             precision    recall  f1-score   support

          F     0.6430    0.8049    0.7149       405
          M     0.7393    0.5531    0.6328       405

avg / total     0.6911    0.6790    0.6738       810

weighted f1: 67.4
['F' 'M']
Classifier accuracy train: 82.27
===== dev set ====
Classifier: 66.54
             precision    recall  f1-score   support

          F     0.6192    0.8593    0.7198       405
          M     0.7702    0.4716    0.5850       405

avg / total     0.6947    0.6654    0.6524       810

weighted f1: 65.2
['F' 'M']
Classifier accuracy train: 83.02
===== dev set ====
Classifier: 68.77
             precision    recall  f1-score   support

          F     0.6462    0.8296    0.7265       405
          M     0.7621    0.5457    0.6360       405

avg / total     0.7041    0.6877    0.6812       810

weighted f1: 68.1
==================================
mean f1: 55.19 (11.08)
mean acc: 60.61 (6.33)
===
first instance
Majority weighted F1: 33.33 acc: 50.00
test None
c_n_gram 0
rm_uu False
data data/ES-data-200tweets.json.balanced.shape
embeds None
show_instance False
n_gram 3
analyze_features None
pred False
only_mean False
folds 10
tf_idf False
C 1
