load data..
vectorize data..
Vocab size: 1083940
['F' 'M']
Classifier accuracy train: 99.26
===== dev set ====
Classifier: 65.76
             precision    recall  f1-score   support

          F     0.6385    0.7266    0.6797       406
          M     0.6829    0.5887    0.6323       406

avg / total     0.6607    0.6576    0.6560       812

weighted f1: 65.6
['F' 'M']
Classifier accuracy train: 96.33
===== dev set ====
Classifier: 64.29
             precision    recall  f1-score   support

          F     0.6025    0.8399    0.7016       406
          M     0.7358    0.4458    0.5552       406

avg / total     0.6691    0.6429    0.6284       812

weighted f1: 62.8
['F' 'M']
Classifier accuracy train: 95.64
===== dev set ====
Classifier: 59.36
             precision    recall  f1-score   support

          F     0.6712    0.3670    0.4745       406
          M     0.5644    0.8202    0.6687       406

avg / total     0.6178    0.5936    0.5716       812

weighted f1: 57.2
['F' 'M']
Classifier accuracy train: 99.38
===== dev set ====
Classifier: 63.79
             precision    recall  f1-score   support

          F     0.6244    0.6921    0.6565       406
          M     0.6547    0.5837    0.6172       406

avg / total     0.6396    0.6379    0.6369       812

weighted f1: 63.7
['F' 'M']
Classifier accuracy train: 99.29
===== dev set ====
Classifier: 62.32
             precision    recall  f1-score   support

          F     0.6101    0.6823    0.6442       406
          M     0.6397    0.5640    0.5995       406

avg / total     0.6249    0.6232    0.6218       812

weighted f1: 62.2
['F' 'M']
Classifier accuracy train: 99.59
===== dev set ====
Classifier: 66.50
             precision    recall  f1-score   support

          F     0.6489    0.7192    0.6822       406
          M     0.6851    0.6108    0.6458       406

avg / total     0.6670    0.6650    0.6640       812

weighted f1: 66.4
['F' 'M']
Classifier accuracy train: 98.69
===== dev set ====
Classifier: 63.21
             precision    recall  f1-score   support

          F     0.6039    0.7679    0.6761       405
          M     0.6814    0.4963    0.5743       405

avg / total     0.6426    0.6321    0.6252       810

weighted f1: 62.5
['F' 'M']
Classifier accuracy train: 99.59
===== dev set ====
Classifier: 63.83
             precision    recall  f1-score   support

          F     0.6379    0.6395    0.6387       405
          M     0.6386    0.6370    0.6378       405

avg / total     0.6383    0.6383    0.6383       810

weighted f1: 63.8
['F' 'M']
Classifier accuracy train: 99.58
===== dev set ====
Classifier: 64.07
             precision    recall  f1-score   support

          F     0.6447    0.6272    0.6358       405
          M     0.6370    0.6543    0.6456       405

avg / total     0.6408    0.6407    0.6407       810

weighted f1: 64.1
['F' 'M']
Classifier accuracy train: 99.58
===== dev set ====
Classifier: 63.70
             precision    recall  f1-score   support

          F     0.6350    0.6444    0.6397       405
          M     0.6391    0.6296    0.6343       405

avg / total     0.6371    0.6370    0.6370       810

weighted f1: 63.7
==================================
mean f1: 63.20 (2.36)
mean acc: 63.68 (1.83)
===
first instance
Majority weighted F1: 33.33 acc: 50.00
data data/ES-data-200tweets.json.balanced.shape
folds 10
only_mean False
test None
tf_idf False
n_gram 6
c_n_gram 0
show_instance False
C 1
pred False
embeds None
analyze_features None
rm_uu False
