load data..
vectorize data..
Vocab size: 689862
['F' 'M']
Classifier accuracy train: 54.51
===== dev set ====
Classifier: 51.72
             precision    recall  f1-score   support

          F     0.5089    0.9901    0.6722       406
          M     0.8182    0.0443    0.0841       406

avg / total     0.6635    0.5172    0.3782       812

weighted f1: 37.8
['F' 'M']
Classifier accuracy train: 56.64
===== dev set ====
Classifier: 53.45
             precision    recall  f1-score   support

          F     0.8500    0.0837    0.1525       406
          M     0.5181    0.9852    0.6791       406

avg / total     0.6841    0.5345    0.4158       812

weighted f1: 41.6
['F' 'M']
Classifier accuracy train: 72.82
===== dev set ====
Classifier: 64.53
             precision    recall  f1-score   support

          F     0.5922    0.9335    0.7247       406
          M     0.8430    0.3571    0.5017       406

avg / total     0.7176    0.6453    0.6132       812

weighted f1: 61.3
['F' 'M']
Classifier accuracy train: 68.66
===== dev set ====
Classifier: 61.33
             precision    recall  f1-score   support

          F     0.5680    0.9458    0.7098       406
          M     0.8382    0.2808    0.4207       406

avg / total     0.7031    0.6133    0.5652       812

weighted f1: 56.5
['F' 'M']
Classifier accuracy train: 58.08
===== dev set ====
Classifier: 54.43
             precision    recall  f1-score   support

          F     0.7903    0.1207    0.2094       406
          M     0.5240    0.9680    0.6799       406

avg / total     0.6572    0.5443    0.4447       812

weighted f1: 44.5
['F' 'M']
Classifier accuracy train: 81.85
===== dev set ====
Classifier: 69.70
             precision    recall  f1-score   support

          F     0.7381    0.6108    0.6685       406
          M     0.6681    0.7833    0.7211       406

avg / total     0.7031    0.6970    0.6948       812

weighted f1: 69.5
['F' 'M']
Classifier accuracy train: 53.60
===== dev set ====
Classifier: 51.98
             precision    recall  f1-score   support

          F     0.5102    0.9877    0.6728       405
          M     0.8077    0.0519    0.0974       405

avg / total     0.6589    0.5198    0.3851       810

weighted f1: 38.5
['F' 'M']
Classifier accuracy train: 56.78
===== dev set ====
Classifier: 51.36
             precision    recall  f1-score   support

          F     0.6170    0.0716    0.1283       405
          M     0.5072    0.9556    0.6627       405

avg / total     0.5621    0.5136    0.3955       810

weighted f1: 39.5
['F' 'M']
Classifier accuracy train: 63.13
===== dev set ====
Classifier: 56.42
             precision    recall  f1-score   support

          F     0.7549    0.1901    0.3037       405
          M     0.5367    0.9383    0.6828       405

avg / total     0.6458    0.5642    0.4933       810

weighted f1: 49.3
['F' 'M']
Classifier accuracy train: 84.16
===== dev set ====
Classifier: 69.51
             precision    recall  f1-score   support

          F     0.7068    0.6667    0.6861       405
          M     0.6846    0.7235    0.7035       405

avg / total     0.6957    0.6951    0.6948       810

weighted f1: 69.5
==================================
mean f1: 50.81 (11.89)
mean acc: 58.44 (6.91)
===
first instance
Majority weighted F1: 33.33 acc: 50.00
pred False
data data/ES-data-200tweets.json.balanced.shape
show_instance False
n_gram 1-4
only_mean False
folds 10
rm_uu False
analyze_features None
C 1
embeds None
test None
c_n_gram 0
tf_idf False
