load data..
vectorize data..
Vocab size: 1419953
['F' 'M']
Classifier accuracy train: 88.10
===== dev set ====
Classifier: 68.97
             precision    recall  f1-score   support

          F     0.6825    0.7094    0.6957       406
          M     0.6974    0.6700    0.6834       406

avg / total     0.6900    0.6897    0.6895       812

weighted f1: 69.0
['F' 'M']
Classifier accuracy train: 58.77
===== dev set ====
Classifier: 54.68
             precision    recall  f1-score   support

          F     0.5251    0.9803    0.6838       406
          M     0.8519    0.1133    0.2000       406

avg / total     0.6885    0.5468    0.4419       812

weighted f1: 44.2
['F' 'M']
Classifier accuracy train: 84.25
===== dev set ====
Classifier: 68.10
             precision    recall  f1-score   support

          F     0.7333    0.5690    0.6408       406
          M     0.6479    0.7931    0.7132       406

avg / total     0.6906    0.6810    0.6770       812

weighted f1: 67.7
['F' 'M']
Classifier accuracy train: 71.93
===== dev set ====
Classifier: 58.62
             precision    recall  f1-score   support

          F     0.7397    0.2660    0.3913       406
          M     0.5526    0.9064    0.6866       406

avg / total     0.6461    0.5862    0.5389       812

weighted f1: 53.9
['F' 'M']
Classifier accuracy train: 68.30
===== dev set ====
Classifier: 59.48
             precision    recall  f1-score   support

          F     0.7939    0.2562    0.3873       406
          M     0.5565    0.9335    0.6973       406

avg / total     0.6752    0.5948    0.5423       812

weighted f1: 54.2
['F' 'M']
Classifier accuracy train: 63.47
===== dev set ====
Classifier: 56.90
             precision    recall  f1-score   support

          F     0.5379    0.9778    0.6941       406
          M     0.8784    0.1601    0.2708       406

avg / total     0.7082    0.5690    0.4824       812

weighted f1: 48.2
['F' 'M']
Classifier accuracy train: 82.92
===== dev set ====
Classifier: 64.57
             precision    recall  f1-score   support

          F     0.7138    0.4864    0.5786       405
          M     0.6105    0.8049    0.6944       405

avg / total     0.6621    0.6457    0.6365       810

weighted f1: 63.6
['F' 'M']
Classifier accuracy train: 58.18
===== dev set ====
Classifier: 52.47
             precision    recall  f1-score   support

          F     0.6923    0.0889    0.1575       405
          M     0.5132    0.9605    0.6690       405

avg / total     0.6028    0.5247    0.4133       810

weighted f1: 41.3
['F' 'M']
Classifier accuracy train: 66.87
===== dev set ====
Classifier: 58.15
             precision    recall  f1-score   support

          F     0.7895    0.2222    0.3468       405
          M     0.5474    0.9407    0.6921       405

avg / total     0.6684    0.5815    0.5195       810

weighted f1: 51.9
['F' 'M']
Classifier accuracy train: 69.19
===== dev set ====
Classifier: 59.51
             precision    recall  f1-score   support

          F     0.8182    0.2444    0.3764       405
          M     0.5559    0.9457    0.7002       405

avg / total     0.6870    0.5951    0.5383       810

weighted f1: 53.8
==================================
mean f1: 54.80 (8.90)
mean acc: 60.14 (5.17)
===
first instance
Majority weighted F1: 33.33 acc: 50.00
tf_idf False
C 1
test None
n_gram 1-5
pred False
c_n_gram 0
folds 10
only_mean False
analyze_features None
data data/ES-data-200tweets.json.balanced.shape
show_instance False
rm_uu False
embeds None
