load data..
vectorize data..
Vocab size: 10476
['F' 'M']
Classifier accuracy train: 58.47
===== dev set ====
Classifier: 56.40
             precision    recall  f1-score   support

          F     0.5359    0.9557    0.6867       406
          M     0.7955    0.1724    0.2834       406

avg / total     0.6657    0.5640    0.4851       812

weighted f1: 48.5
['F' 'M']
Classifier accuracy train: 50.55
===== dev set ====
Classifier: 50.49
             precision    recall  f1-score   support

          F     1.0000    0.0099    0.0195       406
          M     0.5025    1.0000    0.6689       406

avg / total     0.7512    0.5049    0.3442       812

weighted f1: 34.4
['F' 'M']
Classifier accuracy train: 53.45
===== dev set ====
Classifier: 52.59
             precision    recall  f1-score   support

          F     0.5135    0.9852    0.6751       406
          M     0.8182    0.0665    0.1230       406

avg / total     0.6658    0.5259    0.3991       812

weighted f1: 39.9
['F' 'M']
Classifier accuracy train: 50.48
===== dev set ====
Classifier: 50.49
             precision    recall  f1-score   support

          F     1.0000    0.0099    0.0195       406
          M     0.5025    1.0000    0.6689       406

avg / total     0.7512    0.5049    0.3442       812

weighted f1: 34.4
['F' 'M']
Classifier accuracy train: 50.66
===== dev set ====
Classifier: 50.86
             precision    recall  f1-score   support

          F     0.8889    0.0197    0.0386       406
          M     0.5044    0.9975    0.6700       406

avg / total     0.6966    0.5086    0.3543       812

weighted f1: 35.4
['F' 'M']
Classifier accuracy train: 68.22
===== dev set ====
Classifier: 69.46
             precision    recall  f1-score   support

          F     0.7324    0.6133    0.6676       406
          M     0.6674    0.7759    0.7175       406

avg / total     0.6999    0.6946    0.6926       812

weighted f1: 69.3
['F' 'M']
Classifier accuracy train: 51.85
===== dev set ====
Classifier: 51.60
             precision    recall  f1-score   support

          F     0.8095    0.0420    0.0798       405
          M     0.5082    0.9901    0.6717       405

avg / total     0.6589    0.5160    0.3758       810

weighted f1: 37.6
['F' 'M']
Classifier accuracy train: 50.15
===== dev set ====
Classifier: 50.00
             precision    recall  f1-score   support

          F     0.0000    0.0000    0.0000       405
          M     0.5000    1.0000    0.6667       405

avg / total     0.2500    0.5000    0.3333       810

weighted f1: 33.3
['F' 'M']
Classifier accuracy train: 52.47
===== dev set ====
Classifier: 52.84
             precision    recall  f1-score   support

          F     0.7674    0.0815    0.1473       405
          M     0.5150    0.9753    0.6741       405

avg / total     0.6412    0.5284    0.4107       810

weighted f1: 41.1
['F' 'M']
Classifier accuracy train: 57.68
===== dev set ====
Classifier: 59.88
             precision    recall  f1-score   support

          F     0.5567    0.9704    0.7075       405
          M     0.8846    0.2272    0.3615       405

avg / total     0.7206    0.5988    0.5345       810

weighted f1: 53.4
==================================
mean f1: 42.74 (10.81)
mean acc: 54.46 (5.80)
===
first instance
Majority weighted F1: 33.33 acc: 50.00
C 1
embeds None
test None
data data/ES-data-200tweets.json.balanced.shape
pred False
rm_uu False
analyze_features None
tf_idf False
only_mean False
show_instance False
folds 10
n_gram 1-1
c_n_gram 0
