load data..
vectorize data..
Vocab size: 3882749
['F' 'M']
Classifier accuracy train: 100.00
===== dev set ====
Classifier: 70.44
             precision    recall  f1-score   support

          F     0.6967    0.7241    0.7101       406
          M     0.7128    0.6847    0.6985       406

avg / total     0.7048    0.7044    0.7043       812

weighted f1: 70.4
['F' 'M']
Classifier accuracy train: 100.00
===== dev set ====
Classifier: 70.44
             precision    recall  f1-score   support

          F     0.6976    0.7217    0.7094       406
          M     0.7117    0.6872    0.6992       406

avg / total     0.7047    0.7044    0.7043       812

weighted f1: 70.4
['F' 'M']
Classifier accuracy train: 100.00
===== dev set ====
Classifier: 69.46
             precision    recall  f1-score   support

          F     0.6881    0.7118    0.6998       406
          M     0.7015    0.6773    0.6892       406

avg / total     0.6948    0.6946    0.6945       812

weighted f1: 69.4
['F' 'M']
Classifier accuracy train: 100.00
===== dev set ====
Classifier: 69.70
             precision    recall  f1-score   support

          F     0.7020    0.6847    0.6933       406
          M     0.6923    0.7094    0.7007       406

avg / total     0.6972    0.6970    0.6970       812

weighted f1: 69.7
['F' 'M']
Classifier accuracy train: 100.00
===== dev set ====
Classifier: 71.18
             precision    recall  f1-score   support

          F     0.7057    0.7266    0.7160       406
          M     0.7183    0.6970    0.7075       406

avg / total     0.7120    0.7118    0.7118       812

weighted f1: 71.2
['F' 'M']
Classifier accuracy train: 100.00
===== dev set ====
Classifier: 71.06
             precision    recall  f1-score   support

          F     0.7132    0.7044    0.7088       406
          M     0.7080    0.7167    0.7124       406

avg / total     0.7106    0.7106    0.7106       812

weighted f1: 71.1
['F' 'M']
Classifier accuracy train: 100.00
===== dev set ====
Classifier: 69.26
             precision    recall  f1-score   support

          F     0.6970    0.6815    0.6891       405
          M     0.6884    0.7037    0.6960       405

avg / total     0.6927    0.6926    0.6926       810

weighted f1: 69.3
['F' 'M']
Classifier accuracy train: 100.00
===== dev set ====
Classifier: 72.22
             precision    recall  f1-score   support

          F     0.7113    0.7481    0.7292       405
          M     0.7344    0.6963    0.7148       405

avg / total     0.7228    0.7222    0.7220       810

weighted f1: 72.2
['F' 'M']
Classifier accuracy train: 100.00
===== dev set ====
Classifier: 71.98
             precision    recall  f1-score   support

          F     0.7306    0.6963    0.7130       405
          M     0.7099    0.7432    0.7262       405

avg / total     0.7202    0.7198    0.7196       810

weighted f1: 72.0
['F' 'M']
Classifier accuracy train: 100.00
===== dev set ====
Classifier: 71.73
             precision    recall  f1-score   support

          F     0.7268    0.6963    0.7112       405
          M     0.7085    0.7383    0.7231       405

avg / total     0.7177    0.7173    0.7172       810

weighted f1: 71.7
==================================
mean f1: 70.74 (1.00)
mean acc: 70.75 (1.00)
===
first instance
Majority weighted F1: 33.33 acc: 50.00
embeds None
rm_uu False
tf_idf False
c_n_gram 0
pred False
data data/ES-data-200tweets.json.balanced.vowels
n_gram 3
test None
only_mean False
C 1
folds 10
show_instance False
analyze_features None
