load data..
vectorize data..
Vocab size: 11451890
['F' 'M']
Classifier accuracy train: 100.00
===== dev set ====
Classifier: 61.33
             precision    recall  f1-score   support

          F     0.6000    0.6798    0.6374       406
          M     0.6307    0.5468    0.5858       406

avg / total     0.6153    0.6133    0.6116       812

weighted f1: 61.2
['F' 'M']
Classifier accuracy train: 100.00
===== dev set ====
Classifier: 63.55
             precision    recall  f1-score   support

          F     0.6113    0.7438    0.6711       406
          M     0.6730    0.5271    0.5912       406

avg / total     0.6421    0.6355    0.6311       812

weighted f1: 63.1
['F' 'M']
Classifier accuracy train: 100.00
===== dev set ====
Classifier: 64.41
             precision    recall  f1-score   support

          F     0.6232    0.7291    0.6720       406
          M     0.6736    0.5591    0.6110       406

avg / total     0.6484    0.6441    0.6415       812

weighted f1: 64.2
['F' 'M']
Classifier accuracy train: 100.00
===== dev set ====
Classifier: 63.18
             precision    recall  f1-score   support

          F     0.6146    0.7069    0.6575       406
          M     0.6551    0.5567    0.6019       406

avg / total     0.6348    0.6318    0.6297       812

weighted f1: 63.0
['F' 'M']
Classifier accuracy train: 100.00
===== dev set ====
Classifier: 63.67
             precision    recall  f1-score   support

          F     0.6108    0.7537    0.6748       406
          M     0.6785    0.5197    0.5886       406

avg / total     0.6446    0.6367    0.6317       812

weighted f1: 63.2
['F' 'M']
Classifier accuracy train: 100.00
===== dev set ====
Classifier: 61.45
             precision    recall  f1-score   support

          F     0.5975    0.7020    0.6455       406
          M     0.6388    0.5271    0.5776       406

avg / total     0.6181    0.6145    0.6116       812

weighted f1: 61.2
['F' 'M']
Classifier accuracy train: 100.00
===== dev set ====
Classifier: 59.38
             precision    recall  f1-score   support

          F     0.5785    0.6914    0.6299       405
          M     0.6166    0.4963    0.5499       405

avg / total     0.5975    0.5938    0.5899       810

weighted f1: 59.0
['F' 'M']
Classifier accuracy train: 100.00
===== dev set ====
Classifier: 62.22
             precision    recall  f1-score   support

          F     0.6004    0.7309    0.6592       405
          M     0.6562    0.5136    0.5762       405

avg / total     0.6283    0.6222    0.6177       810

weighted f1: 61.8
['F' 'M']
Classifier accuracy train: 100.00
===== dev set ====
Classifier: 63.46
             precision    recall  f1-score   support

          F     0.6172    0.7086    0.6598       405
          M     0.6580    0.5605    0.6053       405

avg / total     0.6376    0.6346    0.6326       810

weighted f1: 63.3
['F' 'M']
Classifier accuracy train: 100.00
===== dev set ====
Classifier: 64.57
             precision    recall  f1-score   support

          F     0.6305    0.7037    0.6651       405
          M     0.6648    0.5877    0.6239       405

avg / total     0.6477    0.6457    0.6445       810

weighted f1: 64.4
==================================
mean f1: 62.42 (1.57)
mean acc: 62.72 (1.53)
===
first instance
Majority weighted F1: 33.33 acc: 50.00
C 1
show_instance False
n_gram 5
data data/ES-data-200tweets.json.balanced.vowels
embeds None
analyze_features None
only_mean False
test None
rm_uu False
folds 10
c_n_gram 0
pred False
tf_idf False
