load data..
vectorize data..
Vocab size: 8339762
['F' 'M']
Classifier accuracy train: 100.00
===== dev set ====
Classifier: 68.10
             precision    recall  f1-score   support

          F     0.6690    0.7167    0.6920       406
          M     0.6950    0.6453    0.6692       406

avg / total     0.6820    0.6810    0.6806       812

weighted f1: 68.1
['F' 'M']
Classifier accuracy train: 100.00
===== dev set ====
Classifier: 67.61
             precision    recall  f1-score   support

          F     0.6690    0.6970    0.6828       406
          M     0.6838    0.6552    0.6692       406

avg / total     0.6764    0.6761    0.6760       812

weighted f1: 67.6
['F' 'M']
Classifier accuracy train: 100.00
===== dev set ====
Classifier: 69.09
             precision    recall  f1-score   support

          F     0.6867    0.7020    0.6943       406
          M     0.6952    0.6798    0.6874       406

avg / total     0.6910    0.6909    0.6908       812

weighted f1: 69.1
['F' 'M']
Classifier accuracy train: 100.00
===== dev set ====
Classifier: 65.64
             precision    recall  f1-score   support

          F     0.6440    0.6995    0.6706       406
          M     0.6712    0.6133    0.6409       406

avg / total     0.6576    0.6564    0.6558       812

weighted f1: 65.6
['F' 'M']
Classifier accuracy train: 100.00
===== dev set ====
Classifier: 70.57
             precision    recall  f1-score   support

          F     0.6920    0.7414    0.7158       406
          M     0.7215    0.6700    0.6948       406

avg / total     0.7067    0.7057    0.7053       812

weighted f1: 70.5
['F' 'M']
Classifier accuracy train: 100.00
===== dev set ====
Classifier: 67.36
             precision    recall  f1-score   support

          F     0.6841    0.6453    0.6641       406
          M     0.6643    0.7020    0.6826       406

avg / total     0.6742    0.6736    0.6734       812

weighted f1: 67.3
['F' 'M']
Classifier accuracy train: 100.00
===== dev set ====
Classifier: 68.02
             precision    recall  f1-score   support

          F     0.6807    0.6790    0.6799       405
          M     0.6798    0.6815    0.6806       405

avg / total     0.6802    0.6802    0.6802       810

weighted f1: 68.0
['F' 'M']
Classifier accuracy train: 100.00
===== dev set ====
Classifier: 65.93
             precision    recall  f1-score   support

          F     0.6469    0.7012    0.6730       405
          M     0.6739    0.6173    0.6443       405

avg / total     0.6604    0.6593    0.6587       810

weighted f1: 65.9
['F' 'M']
Classifier accuracy train: 100.00
===== dev set ====
Classifier: 68.52
             precision    recall  f1-score   support

          F     0.6923    0.6667    0.6792       405
          M     0.6786    0.7037    0.6909       405

avg / total     0.6854    0.6852    0.6851       810

weighted f1: 68.5
['F' 'M']
Classifier accuracy train: 100.00
===== dev set ====
Classifier: 67.04
             precision    recall  f1-score   support

          F     0.6751    0.6568    0.6658       405
          M     0.6659    0.6840    0.6748       405

avg / total     0.6705    0.6704    0.6703       810

weighted f1: 67.0
==================================
mean f1: 67.76 (1.39)
mean acc: 67.79 (1.38)
===
first instance
Majority weighted F1: 33.33 acc: 50.00
test None
tf_idf False
pred False
analyze_features None
folds 10
rm_uu False
embeds None
c_n_gram 0
C 1
n_gram 4
show_instance False
data data/ES-data-200tweets.json.balanced.vowels
only_mean False
