load data..
vectorize data..
Vocab size: 5046922
['F' 'M']
Classifier accuracy train: 100.00
===== dev set ====
Classifier: 73.77
             precision    recall  f1-score   support

          F     0.7218    0.7734    0.7467       406
          M     0.7560    0.7020    0.7280       406

avg / total     0.7389    0.7377    0.7373       812

weighted f1: 73.7
['F' 'M']
Classifier accuracy train: 100.00
===== dev set ====
Classifier: 73.65
             precision    recall  f1-score   support

          F     0.7319    0.7463    0.7390       406
          M     0.7412    0.7266    0.7338       406

avg / total     0.7365    0.7365    0.7364       812

weighted f1: 73.6
['F' 'M']
Classifier accuracy train: 100.00
===== dev set ====
Classifier: 73.40
             precision    recall  f1-score   support

          F     0.7306    0.7414    0.7359       406
          M     0.7375    0.7266    0.7320       406

avg / total     0.7340    0.7340    0.7340       812

weighted f1: 73.4
['F' 'M']
Classifier accuracy train: 100.00
===== dev set ====
Classifier: 75.00
             precision    recall  f1-score   support

          F     0.7506    0.7488    0.7497       406
          M     0.7494    0.7512    0.7503       406

avg / total     0.7500    0.7500    0.7500       812

weighted f1: 75.0
['F' 'M']
Classifier accuracy train: 100.00
===== dev set ====
Classifier: 76.72
             precision    recall  f1-score   support

          F     0.7614    0.7783    0.7698       406
          M     0.7733    0.7562    0.7646       406

avg / total     0.7674    0.7672    0.7672       812

weighted f1: 76.7
['F' 'M']
Classifier accuracy train: 100.00
===== dev set ====
Classifier: 74.26
             precision    recall  f1-score   support

          F     0.7506    0.7266    0.7384       406
          M     0.7351    0.7586    0.7467       406

avg / total     0.7429    0.7426    0.7425       812

weighted f1: 74.3
['F' 'M']
Classifier accuracy train: 100.00
===== dev set ====
Classifier: 72.59
             precision    recall  f1-score   support

          F     0.7293    0.7185    0.7239       405
          M     0.7226    0.7333    0.7279       405

avg / total     0.7260    0.7259    0.7259       810

weighted f1: 72.6
['F' 'M']
Classifier accuracy train: 100.00
===== dev set ====
Classifier: 74.20
             precision    recall  f1-score   support

          F     0.7290    0.7704    0.7491       405
          M     0.7565    0.7136    0.7344       405

avg / total     0.7428    0.7420    0.7418       810

weighted f1: 74.2
['F' 'M']
Classifier accuracy train: 100.00
===== dev set ====
Classifier: 75.80
             precision    recall  f1-score   support

          F     0.7619    0.7506    0.7562       405
          M     0.7543    0.7654    0.7598       405

avg / total     0.7581    0.7580    0.7580       810

weighted f1: 75.8
['F' 'M']
Classifier accuracy train: 100.00
===== dev set ====
Classifier: 77.04
             precision    recall  f1-score   support

          F     0.7786    0.7556    0.7669       405
          M     0.7626    0.7852    0.7737       405

avg / total     0.7706    0.7704    0.7703       810

weighted f1: 77.0
==================================
mean f1: 74.64 (1.39)
mean acc: 74.64 (1.39)
===
first instance
Majority weighted F1: 33.33 acc: 50.00
C 1
show_instance False
data data/ES-data-200tweets.json.balanced.vowels
embeds None
rm_uu False
n_gram 1-3
c_n_gram 0
only_mean False
analyze_features None
tf_idf False
test None
pred False
folds 10
