load data..
vectorize data..
Vocab size: 1036019
['F' 'M']
Classifier accuracy train: 100.00
===== dev set ====
Classifier: 71.55
             precision    recall  f1-score   support

          F     0.7088    0.7315    0.7200       406
          M     0.7226    0.6995    0.7109       406

avg / total     0.7157    0.7155    0.7154       812

weighted f1: 71.5
['F' 'M']
Classifier accuracy train: 100.00
===== dev set ====
Classifier: 69.70
             precision    recall  f1-score   support

          F     0.6860    0.7266    0.7057       406
          M     0.7094    0.6675    0.6878       406

avg / total     0.6977    0.6970    0.6968       812

weighted f1: 69.7
['F' 'M']
Classifier accuracy train: 100.00
===== dev set ====
Classifier: 72.29
             precision    recall  f1-score   support

          F     0.7181    0.7340    0.7259       406
          M     0.7280    0.7118    0.7198       406

avg / total     0.7230    0.7229    0.7229       812

weighted f1: 72.3
['F' 'M']
Classifier accuracy train: 100.00
===== dev set ====
Classifier: 71.55
             precision    recall  f1-score   support

          F     0.7119    0.7241    0.7179       406
          M     0.7193    0.7069    0.7130       406

avg / total     0.7156    0.7155    0.7155       812

weighted f1: 71.5
['F' 'M']
Classifier accuracy train: 100.00
===== dev set ====
Classifier: 75.00
             precision    recall  f1-score   support

          F     0.7458    0.7586    0.7521       406
          M     0.7544    0.7414    0.7478       406

avg / total     0.7501    0.7500    0.7500       812

weighted f1: 75.0
['F' 'M']
Classifier accuracy train: 100.00
===== dev set ====
Classifier: 73.03
             precision    recall  f1-score   support

          F     0.7332    0.7241    0.7286       406
          M     0.7275    0.7365    0.7319       406

avg / total     0.7303    0.7303    0.7303       812

weighted f1: 73.0
['F' 'M']
Classifier accuracy train: 100.00
===== dev set ====
Classifier: 71.23
             precision    recall  f1-score   support

          F     0.7139    0.7086    0.7113       405
          M     0.7108    0.7160    0.7134       405

avg / total     0.7124    0.7123    0.7123       810

weighted f1: 71.2
['F' 'M']
Classifier accuracy train: 100.00
===== dev set ====
Classifier: 71.98
             precision    recall  f1-score   support

          F     0.7079    0.7481    0.7275       405
          M     0.7330    0.6914    0.7116       405

avg / total     0.7205    0.7198    0.7195       810

weighted f1: 72.0
['F' 'M']
Classifier accuracy train: 100.00
===== dev set ====
Classifier: 71.85
             precision    recall  f1-score   support

          F     0.7143    0.7284    0.7213       405
          M     0.7229    0.7086    0.7157       405

avg / total     0.7186    0.7185    0.7185       810

weighted f1: 71.8
['F' 'M']
Classifier accuracy train: 100.00
===== dev set ====
Classifier: 72.72
             precision    recall  f1-score   support

          F     0.7312    0.7185    0.7248       405
          M     0.7233    0.7358    0.7295       405

avg / total     0.7272    0.7272    0.7271       810

weighted f1: 72.7
==================================
mean f1: 72.08 (1.30)
mean acc: 72.09 (1.30)
===
first instance
Majority weighted F1: 33.33 acc: 50.00
tf_idf False
rm_uu False
C 1
folds 10
analyze_features None
show_instance False
test None
pred False
embeds None
n_gram 2
only_mean False
c_n_gram 0
data data/ES-data-200tweets.json.balanced.vowels
