load data..
vectorize data..
Vocab size: 24838574
['F' 'M']
Classifier accuracy train: 100.00
===== dev set ====
Classifier: 75.12
             precision    recall  f1-score   support

          F     0.7350    0.7857    0.7595       406
          M     0.7698    0.7167    0.7423       406

avg / total     0.7524    0.7512    0.7509       812

weighted f1: 75.1
['F' 'M']
Classifier accuracy train: 100.00
===== dev set ====
Classifier: 75.00
             precision    recall  f1-score   support

          F     0.7531    0.7438    0.7485       406
          M     0.7470    0.7562    0.7515       406

avg / total     0.7500    0.7500    0.7500       812

weighted f1: 75.0
['F' 'M']
Classifier accuracy train: 100.00
===== dev set ====
Classifier: 74.63
             precision    recall  f1-score   support

          F     0.7475    0.7438    0.7457       406
          M     0.7451    0.7488    0.7469       406

avg / total     0.7463    0.7463    0.7463       812

weighted f1: 74.6
['F' 'M']
Classifier accuracy train: 100.00
===== dev set ====
Classifier: 76.48
             precision    recall  f1-score   support

          F     0.7590    0.7759    0.7674       406
          M     0.7708    0.7537    0.7621       406

avg / total     0.7649    0.7648    0.7647       812

weighted f1: 76.5
['F' 'M']
Classifier accuracy train: 100.00
===== dev set ====
Classifier: 78.33
             precision    recall  f1-score   support

          F     0.7764    0.7956    0.7859       406
          M     0.7904    0.7709    0.7805       406

avg / total     0.7834    0.7833    0.7832       812

weighted f1: 78.3
['F' 'M']
Classifier accuracy train: 100.00
===== dev set ====
Classifier: 74.75
             precision    recall  f1-score   support

          F     0.7519    0.7389    0.7453       406
          M     0.7433    0.7562    0.7497       406

avg / total     0.7476    0.7475    0.7475       812

weighted f1: 74.8
['F' 'M']
Classifier accuracy train: 100.00
===== dev set ====
Classifier: 72.59
             precision    recall  f1-score   support

          F     0.7205    0.7383    0.7293       405
          M     0.7316    0.7136    0.7225       405

avg / total     0.7261    0.7259    0.7259       810

weighted f1: 72.6
['F' 'M']
Classifier accuracy train: 100.00
===== dev set ====
Classifier: 74.20
             precision    recall  f1-score   support

          F     0.7300    0.7679    0.7485       405
          M     0.7552    0.7160    0.7351       405

avg / total     0.7426    0.7420    0.7418       810

weighted f1: 74.2
['F' 'M']
Classifier accuracy train: 100.00
===== dev set ====
Classifier: 76.30
             precision    recall  f1-score   support

          F     0.7683    0.7531    0.7606       405
          M     0.7579    0.7728    0.7653       405

avg / total     0.7631    0.7630    0.7629       810

weighted f1: 76.3
['F' 'M']
Classifier accuracy train: 100.00
===== dev set ====
Classifier: 77.41
             precision    recall  f1-score   support

          F     0.7775    0.7679    0.7727       405
          M     0.7707    0.7802    0.7755       405

avg / total     0.7741    0.7741    0.7741       810

weighted f1: 77.4
==================================
mean f1: 75.47 (1.59)
mean acc: 75.48 (1.58)
===
first instance
Majority weighted F1: 33.33 acc: 50.00
c_n_gram 0
data data/ES-data-200tweets.json.balanced.vowels
analyze_features None
embeds None
rm_uu False
show_instance False
pred False
test None
tf_idf False
only_mean False
C 1
n_gram 1-5
folds 10
