load data..
vectorize data..
Vocab size: 1876013
['F' 'M']
Classifier accuracy train: 100.00
===== dev set ====
Classifier: 73.53
             precision    recall  f1-score   support

          F     0.7727    0.6667    0.7158        51
          M     0.7069    0.8039    0.7523        51

avg / total     0.7398    0.7353    0.7340       102

weighted f1: 73.4
['F' 'M']
Classifier accuracy train: 100.00
===== dev set ====
Classifier: 77.45
             precision    recall  f1-score   support

          F     0.7333    0.8627    0.7928        51
          M     0.8333    0.6863    0.7527        51

avg / total     0.7833    0.7745    0.7727       102

weighted f1: 77.3
['F' 'M']
Classifier accuracy train: 99.78
===== dev set ====
Classifier: 66.67
             precision    recall  f1-score   support

          F     0.6545    0.7059    0.6792        51
          M     0.6809    0.6275    0.6531        51

avg / total     0.6677    0.6667    0.6662       102

weighted f1: 66.6
['F' 'M']
Classifier accuracy train: 100.00
===== dev set ====
Classifier: 66.67
             precision    recall  f1-score   support

          F     0.6889    0.6078    0.6458        51
          M     0.6491    0.7255    0.6852        51

avg / total     0.6690    0.6667    0.6655       102

weighted f1: 66.6
['F' 'M']
Classifier accuracy train: 99.12
===== dev set ====
Classifier: 64.00
             precision    recall  f1-score   support

          F     0.6094    0.7800    0.6842        50
          M     0.6944    0.5000    0.5814        50

avg / total     0.6519    0.6400    0.6328       100

weighted f1: 63.3
['F' 'M']
Classifier accuracy train: 99.89
===== dev set ====
Classifier: 64.00
             precision    recall  f1-score   support

          F     0.6522    0.6000    0.6250        50
          M     0.6296    0.6800    0.6538        50

avg / total     0.6409    0.6400    0.6394       100

weighted f1: 63.9
['F' 'M']
Classifier accuracy train: 100.00
===== dev set ====
Classifier: 72.00
             precision    recall  f1-score   support

          F     0.7619    0.6400    0.6957        50
          M     0.6897    0.8000    0.7407        50

avg / total     0.7258    0.7200    0.7182       100

weighted f1: 71.8
['F' 'M']
Classifier accuracy train: 100.00
===== dev set ====
Classifier: 69.00
             precision    recall  f1-score   support

          F     0.6727    0.7400    0.7048        50
          M     0.7111    0.6400    0.6737        50

avg / total     0.6919    0.6900    0.6892       100

weighted f1: 68.9
['F' 'M']
Classifier accuracy train: 100.00
===== dev set ====
Classifier: 72.00
             precision    recall  f1-score   support

          F     0.7115    0.7400    0.7255        50
          M     0.7292    0.7000    0.7143        50

avg / total     0.7204    0.7200    0.7199       100

weighted f1: 72.0
['F' 'M']
Classifier accuracy train: 99.78
===== dev set ====
Classifier: 76.00
             precision    recall  f1-score   support

          F     0.6970    0.9200    0.7931        50
          M     0.8824    0.6000    0.7143        50

avg / total     0.7897    0.7600    0.7537       100

weighted f1: 75.4
==================================
mean f1: 69.92 (4.55)
mean acc: 70.13 (4.55)
===
first instance
Majority weighted F1: 33.33 acc: 50.00
analyze_features None
data data/FR-data-200tweets.json.balanced.comb
embeds None
rm_uu False
c_n_gram 0
C 1
folds 10
only_mean False
n_gram 4
test None
tf_idf False
show_instance False
pred False
