load data..
vectorize data..
Vocab size: 41630
['F' 'M']
Classifier accuracy train: 81.57
===== dev set ====
Classifier: 79.41
             precision    recall  f1-score   support

          F     0.7419    0.9020    0.8142        51
          M     0.8750    0.6863    0.7692        51

avg / total     0.8085    0.7941    0.7917       102

weighted f1: 79.2
['F' 'M']
Classifier accuracy train: 83.44
===== dev set ====
Classifier: 71.57
             precision    recall  f1-score   support

          F     0.7200    0.7059    0.7129        51
          M     0.7115    0.7255    0.7184        51

avg / total     0.7158    0.7157    0.7157       102

weighted f1: 71.6
['F' 'M']
Classifier accuracy train: 65.23
===== dev set ====
Classifier: 64.71
             precision    recall  f1-score   support

          F     0.8261    0.3725    0.5135        51
          M     0.5949    0.9216    0.7231        51

avg / total     0.7105    0.6471    0.6183       102

weighted f1: 61.8
['F' 'M']
Classifier accuracy train: 77.92
===== dev set ====
Classifier: 75.49
             precision    recall  f1-score   support

          F     0.6912    0.9216    0.7899        51
          M     0.8824    0.5882    0.7059        51

avg / total     0.7868    0.7549    0.7479       102

weighted f1: 74.8
['F' 'M']
Classifier accuracy train: 68.17
===== dev set ====
Classifier: 60.00
             precision    recall  f1-score   support

          F     0.5595    0.9400    0.7015        50
          M     0.8125    0.2600    0.3939        50

avg / total     0.6860    0.6000    0.5477       100

weighted f1: 54.8
['F' 'M']
Classifier accuracy train: 60.68
===== dev set ====
Classifier: 58.00
             precision    recall  f1-score   support

          F     0.8333    0.2000    0.3226        50
          M     0.5455    0.9600    0.6957        50

avg / total     0.6894    0.5800    0.5091       100

weighted f1: 50.9
['F' 'M']
Classifier accuracy train: 56.17
===== dev set ====
Classifier: 57.00
             precision    recall  f1-score   support

          F     1.0000    0.1400    0.2456        50
          M     0.5376    1.0000    0.6993        50

avg / total     0.7688    0.5700    0.4725       100

weighted f1: 47.2
['F' 'M']
Classifier accuracy train: 82.93
===== dev set ====
Classifier: 66.00
             precision    recall  f1-score   support

          F     0.6212    0.8200    0.7069        50
          M     0.7353    0.5000    0.5952        50

avg / total     0.6783    0.6600    0.6511       100

weighted f1: 65.1
['F' 'M']
Classifier accuracy train: 62.33
===== dev set ====
Classifier: 54.00
             precision    recall  f1-score   support

          F     0.8333    0.1000    0.1786        50
          M     0.5213    0.9800    0.6806        50

avg / total     0.6773    0.5400    0.4296       100

weighted f1: 43.0
['F' 'M']
Classifier accuracy train: 83.15
===== dev set ====
Classifier: 84.00
             precision    recall  f1-score   support

          F     0.7931    0.9200    0.8519        50
          M     0.9048    0.7600    0.8261        50

avg / total     0.8489    0.8400    0.8390       100

weighted f1: 83.9
==================================
mean f1: 63.22 (13.34)
mean acc: 67.02 (9.70)
===
first instance
Majority weighted F1: 33.33 acc: 50.00
only_mean False
analyze_features None
show_instance False
C 1
tf_idf False
n_gram 1-1
folds 10
data data/FR-data-200tweets.json.balanced.comb
embeds None
pred False
test None
rm_uu False
c_n_gram 0
