load data..
vectorize data..
Vocab size: 2396217
['F' 'M']
Classifier accuracy train: 100.00
===== dev set ====
Classifier: 63.73
             precision    recall  f1-score   support

          F     0.6458    0.6078    0.6263        51
          M     0.6296    0.6667    0.6476        51

avg / total     0.6377    0.6373    0.6369       102

weighted f1: 63.7
['F' 'M']
Classifier accuracy train: 100.00
===== dev set ====
Classifier: 74.51
             precision    recall  f1-score   support

          F     0.6984    0.8627    0.7719        51
          M     0.8205    0.6275    0.7111        51

avg / total     0.7595    0.7451    0.7415       102

weighted f1: 74.2
['F' 'M']
Classifier accuracy train: 100.00
===== dev set ====
Classifier: 66.67
             precision    recall  f1-score   support

          F     0.6735    0.6471    0.6600        51
          M     0.6604    0.6863    0.6731        51

avg / total     0.6669    0.6667    0.6665       102

weighted f1: 66.7
['F' 'M']
Classifier accuracy train: 100.00
===== dev set ====
Classifier: 65.69
             precision    recall  f1-score   support

          F     0.6667    0.6275    0.6465        51
          M     0.6481    0.6863    0.6667        51

avg / total     0.6574    0.6569    0.6566       102

weighted f1: 65.7
['F' 'M']
Classifier accuracy train: 100.00
===== dev set ====
Classifier: 66.00
             precision    recall  f1-score   support

          F     0.6667    0.6400    0.6531        50
          M     0.6538    0.6800    0.6667        50

avg / total     0.6603    0.6600    0.6599       100

weighted f1: 66.0
['F' 'M']
Classifier accuracy train: 100.00
===== dev set ====
Classifier: 61.00
             precision    recall  f1-score   support

          F     0.6410    0.5000    0.5618        50
          M     0.5902    0.7200    0.6486        50

avg / total     0.6156    0.6100    0.6052       100

weighted f1: 60.5
['F' 'M']
Classifier accuracy train: 100.00
===== dev set ====
Classifier: 73.00
             precision    recall  f1-score   support

          F     0.7255    0.7400    0.7327        50
          M     0.7347    0.7200    0.7273        50

avg / total     0.7301    0.7300    0.7300       100

weighted f1: 73.0
['F' 'M']
Classifier accuracy train: 100.00
===== dev set ====
Classifier: 70.00
             precision    recall  f1-score   support

          F     0.6724    0.7800    0.7222        50
          M     0.7381    0.6200    0.6739        50

avg / total     0.7053    0.7000    0.6981       100

weighted f1: 69.8
['F' 'M']
Classifier accuracy train: 100.00
===== dev set ====
Classifier: 70.00
             precision    recall  f1-score   support

          F     0.6613    0.8200    0.7321        50
          M     0.7632    0.5800    0.6591        50

avg / total     0.7122    0.7000    0.6956       100

weighted f1: 69.6
['F' 'M']
Classifier accuracy train: 100.00
===== dev set ====
Classifier: 65.00
             precision    recall  f1-score   support

          F     0.6829    0.5600    0.6154        50
          M     0.6271    0.7400    0.6789        50

avg / total     0.6550    0.6500    0.6471       100

weighted f1: 64.7
==================================
mean f1: 67.37 (4.02)
mean acc: 67.56 (4.01)
===
first instance
Majority weighted F1: 33.33 acc: 50.00
C 1
tf_idf False
pred False
test None
n_gram 5
c_n_gram 0
rm_uu False
show_instance False
only_mean False
analyze_features None
data data/FR-data-200tweets.json.balanced.comb
folds 10
embeds None
