load data..
vectorize data..
Vocab size: 380837
['F' 'M']
Classifier accuracy train: 89.85
===== dev set ====
Classifier: 77.45
             precision    recall  f1-score   support

          F     0.7333    0.8627    0.7928        51
          M     0.8333    0.6863    0.7527        51

avg / total     0.7833    0.7745    0.7727       102

weighted f1: 77.3
['F' 'M']
Classifier accuracy train: 67.99
===== dev set ====
Classifier: 68.63
             precision    recall  f1-score   support

          F     1.0000    0.3725    0.5429        51
          M     0.6145    1.0000    0.7612        51

avg / total     0.8072    0.6863    0.6520       102

weighted f1: 65.2
['F' 'M']
Classifier accuracy train: 63.58
===== dev set ====
Classifier: 58.82
             precision    recall  f1-score   support

          F     0.7647    0.2549    0.3824        51
          M     0.5529    0.9216    0.6912        51

avg / total     0.6588    0.5882    0.5368       102

weighted f1: 53.7
['F' 'M']
Classifier accuracy train: 73.40
===== dev set ====
Classifier: 62.75
             precision    recall  f1-score   support

          F     0.5783    0.9412    0.7164        51
          M     0.8421    0.3137    0.4571        51

avg / total     0.7102    0.6275    0.5868       102

weighted f1: 58.7
['F' 'M']
Classifier accuracy train: 81.61
===== dev set ====
Classifier: 62.00
             precision    recall  f1-score   support

          F     0.5789    0.8800    0.6984        50
          M     0.7500    0.3600    0.4865        50

avg / total     0.6645    0.6200    0.5924       100

weighted f1: 59.2
['F' 'M']
Classifier accuracy train: 74.23
===== dev set ====
Classifier: 59.00
             precision    recall  f1-score   support

          F     0.5570    0.8800    0.6822        50
          M     0.7143    0.3000    0.4225        50

avg / total     0.6356    0.5900    0.5524       100

weighted f1: 55.2
['F' 'M']
Classifier accuracy train: 80.62
===== dev set ====
Classifier: 70.00
             precision    recall  f1-score   support

          F     0.8333    0.5000    0.6250        50
          M     0.6429    0.9000    0.7500        50

avg / total     0.7381    0.7000    0.6875       100

weighted f1: 68.8
['F' 'M']
Classifier accuracy train: 62.22
===== dev set ====
Classifier: 53.00
             precision    recall  f1-score   support

          F     0.5158    0.9800    0.6759        50
          M     0.8000    0.0800    0.1455        50

avg / total     0.6579    0.5300    0.4107       100

weighted f1: 41.1
['F' 'M']
Classifier accuracy train: 76.10
===== dev set ====
Classifier: 63.00
             precision    recall  f1-score   support

          F     0.8824    0.3000    0.4478        50
          M     0.5783    0.9600    0.7218        50

avg / total     0.7303    0.6300    0.5848       100

weighted f1: 58.5
['F' 'M']
Classifier accuracy train: 86.78
===== dev set ====
Classifier: 76.00
             precision    recall  f1-score   support

          F     0.6857    0.9600    0.8000        50
          M     0.9333    0.5600    0.7000        50

avg / total     0.8095    0.7600    0.7500       100

weighted f1: 75.0
==================================
mean f1: 61.26 (10.18)
mean acc: 65.06 (7.42)
===
first instance
Majority weighted F1: 33.33 acc: 50.00
tf_idf False
only_mean False
rm_uu False
c_n_gram 0
n_gram 1-2
embeds None
folds 10
test None
C 1
analyze_features None
data data/FR-data-200tweets.json.balanced.comb
pred False
show_instance False
