load data..
vectorize data..
Vocab size: 1075558
['F' 'M']
Classifier accuracy train: 98.45
===== dev set ====
Classifier: 73.53
             precision    recall  f1-score   support

          F     0.7500    0.7059    0.7273        51
          M     0.7222    0.7647    0.7429        51

avg / total     0.7361    0.7353    0.7351       102

weighted f1: 73.5
['F' 'M']
Classifier accuracy train: 99.23
===== dev set ====
Classifier: 78.43
             precision    recall  f1-score   support

          F     0.7843    0.7843    0.7843        51
          M     0.7843    0.7843    0.7843        51

avg / total     0.7843    0.7843    0.7843       102

weighted f1: 78.4
['F' 'M']
Classifier accuracy train: 98.01
===== dev set ====
Classifier: 74.51
             precision    recall  f1-score   support

          F     0.7119    0.8235    0.7636        51
          M     0.7907    0.6667    0.7234        51

avg / total     0.7513    0.7451    0.7435       102

weighted f1: 74.4
['F' 'M']
Classifier accuracy train: 91.61
===== dev set ====
Classifier: 64.71
             precision    recall  f1-score   support

          F     0.8261    0.3725    0.5135        51
          M     0.5949    0.9216    0.7231        51

avg / total     0.7105    0.6471    0.6183       102

weighted f1: 61.8
['F' 'M']
Classifier accuracy train: 94.27
===== dev set ====
Classifier: 62.00
             precision    recall  f1-score   support

          F     0.7308    0.3800    0.5000        50
          M     0.5811    0.8600    0.6935        50

avg / total     0.6559    0.6200    0.5968       100

weighted f1: 59.7
['F' 'M']
Classifier accuracy train: 97.58
===== dev set ====
Classifier: 66.00
             precision    recall  f1-score   support

          F     0.6667    0.6400    0.6531        50
          M     0.6538    0.6800    0.6667        50

avg / total     0.6603    0.6600    0.6599       100

weighted f1: 66.0
['F' 'M']
Classifier accuracy train: 94.93
===== dev set ====
Classifier: 71.00
             precision    recall  f1-score   support

          F     0.6667    0.8400    0.7434        50
          M     0.7838    0.5800    0.6667        50

avg / total     0.7252    0.7100    0.7050       100

weighted f1: 70.5
['F' 'M']
Classifier accuracy train: 99.23
===== dev set ====
Classifier: 66.00
             precision    recall  f1-score   support

          F     0.6600    0.6600    0.6600        50
          M     0.6600    0.6600    0.6600        50

avg / total     0.6600    0.6600    0.6600       100

weighted f1: 66.0
['F' 'M']
Classifier accuracy train: 98.57
===== dev set ====
Classifier: 69.00
             precision    recall  f1-score   support

          F     0.7714    0.5400    0.6353        50
          M     0.6462    0.8400    0.7304        50

avg / total     0.7088    0.6900    0.6829       100

weighted f1: 68.3
['F' 'M']
Classifier accuracy train: 97.69
===== dev set ====
Classifier: 71.00
             precision    recall  f1-score   support

          F     0.7442    0.6400    0.6882        50
          M     0.6842    0.7800    0.7290        50

avg / total     0.7142    0.7100    0.7086       100

weighted f1: 70.9
==================================
mean f1: 68.94 (5.48)
mean acc: 69.62 (4.79)
===
first instance
Majority weighted F1: 33.33 acc: 50.00
c_n_gram 0
C 1
test None
embeds None
rm_uu False
data data/FR-data-200tweets.json.balanced.comb
analyze_features None
tf_idf False
folds 10
only_mean False
show_instance False
pred False
n_gram 3
