load data..
vectorize data..
Vocab size: 339270
['F' 'M']
Classifier accuracy train: 88.41
===== dev set ====
Classifier: 74.51
             precision    recall  f1-score   support

          F     0.6984    0.8627    0.7719        51
          M     0.8205    0.6275    0.7111        51

avg / total     0.7595    0.7451    0.7415       102

weighted f1: 74.2
['F' 'M']
Classifier accuracy train: 87.75
===== dev set ====
Classifier: 71.57
             precision    recall  f1-score   support

          F     0.7750    0.6078    0.6813        51
          M     0.6774    0.8235    0.7434        51

avg / total     0.7262    0.7157    0.7123       102

weighted f1: 71.2
['F' 'M']
Classifier accuracy train: 78.70
===== dev set ====
Classifier: 68.63
             precision    recall  f1-score   support

          F     0.6267    0.9216    0.7460        51
          M     0.8519    0.4510    0.5897        51

avg / total     0.7393    0.6863    0.6679       102

weighted f1: 66.8
['F' 'M']
Classifier accuracy train: 56.62
===== dev set ====
Classifier: 52.94
             precision    recall  f1-score   support

          F     1.0000    0.0588    0.1111        51
          M     0.5152    1.0000    0.6800        51

avg / total     0.7576    0.5294    0.3956       102

weighted f1: 39.6
['F' 'M']
Classifier accuracy train: 89.10
===== dev set ====
Classifier: 66.00
             precision    recall  f1-score   support

          F     0.7353    0.5000    0.5952        50
          M     0.6212    0.8200    0.7069        50

avg / total     0.6783    0.6600    0.6511       100

weighted f1: 65.1
['F' 'M']
Classifier accuracy train: 92.07
===== dev set ====
Classifier: 66.00
             precision    recall  f1-score   support

          F     0.6538    0.6800    0.6667        50
          M     0.6667    0.6400    0.6531        50

avg / total     0.6603    0.6600    0.6599       100

weighted f1: 66.0
['F' 'M']
Classifier accuracy train: 57.38
===== dev set ====
Classifier: 54.00
             precision    recall  f1-score   support

          F     0.5217    0.9600    0.6761        50
          M     0.7500    0.1200    0.2069        50

avg / total     0.6359    0.5400    0.4415       100

weighted f1: 44.1
['F' 'M']
Classifier accuracy train: 92.73
===== dev set ====
Classifier: 69.00
             precision    recall  f1-score   support

          F     0.7021    0.6600    0.6804        50
          M     0.6792    0.7200    0.6990        50

avg / total     0.6907    0.6900    0.6897       100

weighted f1: 69.0
['F' 'M']
Classifier accuracy train: 91.30
===== dev set ====
Classifier: 73.00
             precision    recall  f1-score   support

          F     0.6716    0.9000    0.7692        50
          M     0.8485    0.5600    0.6747        50

avg / total     0.7601    0.7300    0.7220       100

weighted f1: 72.2
['F' 'M']
Classifier accuracy train: 92.62
===== dev set ====
Classifier: 75.00
             precision    recall  f1-score   support

          F     0.6923    0.9000    0.7826        50
          M     0.8571    0.6000    0.7059        50

avg / total     0.7747    0.7500    0.7442       100

weighted f1: 74.4
==================================
mean f1: 64.26 (11.66)
mean acc: 67.06 (7.43)
===
first instance
Majority weighted F1: 33.33 acc: 50.00
test None
show_instance False
n_gram 2
only_mean False
data data/FR-data-200tweets.json.balanced.comb
c_n_gram 0
pred False
analyze_features None
embeds None
tf_idf False
rm_uu False
folds 10
C 1
