load data..
vectorize data..
Vocab size: 2874468
['F' 'M']
Classifier accuracy train: 100.00
===== dev set ====
Classifier: 67.65
             precision    recall  f1-score   support

          F     0.6875    0.6471    0.6667        51
          M     0.6667    0.7059    0.6857        51

avg / total     0.6771    0.6765    0.6762       102

weighted f1: 67.6
['F' 'M']
Classifier accuracy train: 100.00
===== dev set ====
Classifier: 77.45
             precision    recall  f1-score   support

          F     0.7414    0.8431    0.7890        51
          M     0.8182    0.7059    0.7579        51

avg / total     0.7798    0.7745    0.7734       102

weighted f1: 77.3
['F' 'M']
Classifier accuracy train: 100.00
===== dev set ====
Classifier: 63.73
             precision    recall  f1-score   support

          F     0.6458    0.6078    0.6263        51
          M     0.6296    0.6667    0.6476        51

avg / total     0.6377    0.6373    0.6369       102

weighted f1: 63.7
['F' 'M']
Classifier accuracy train: 100.00
===== dev set ====
Classifier: 71.57
             precision    recall  f1-score   support

          F     0.7115    0.7255    0.7184        51
          M     0.7200    0.7059    0.7129        51

avg / total     0.7158    0.7157    0.7157       102

weighted f1: 71.6
['F' 'M']
Classifier accuracy train: 100.00
===== dev set ====
Classifier: 68.00
             precision    recall  f1-score   support

          F     0.6957    0.6400    0.6667        50
          M     0.6667    0.7200    0.6923        50

avg / total     0.6812    0.6800    0.6795       100

weighted f1: 67.9
['F' 'M']
Classifier accuracy train: 99.89
===== dev set ====
Classifier: 62.00
             precision    recall  f1-score   support

          F     0.6500    0.5200    0.5778        50
          M     0.6000    0.7200    0.6545        50

avg / total     0.6250    0.6200    0.6162       100

weighted f1: 61.6
['F' 'M']
Classifier accuracy train: 100.00
===== dev set ====
Classifier: 71.00
             precision    recall  f1-score   support

          F     0.7059    0.7200    0.7129        50
          M     0.7143    0.7000    0.7071        50

avg / total     0.7101    0.7100    0.7100       100

weighted f1: 71.0
['F' 'M']
Classifier accuracy train: 100.00
===== dev set ====
Classifier: 70.00
             precision    recall  f1-score   support

          F     0.6852    0.7400    0.7115        50
          M     0.7174    0.6600    0.6875        50

avg / total     0.7013    0.7000    0.6995       100

weighted f1: 70.0
['F' 'M']
Classifier accuracy train: 100.00
===== dev set ====
Classifier: 69.00
             precision    recall  f1-score   support

          F     0.6792    0.7200    0.6990        50
          M     0.7021    0.6600    0.6804        50

avg / total     0.6907    0.6900    0.6897       100

weighted f1: 69.0
['F' 'M']
Classifier accuracy train: 100.00
===== dev set ====
Classifier: 71.00
             precision    recall  f1-score   support

          F     0.6981    0.7400    0.7184        50
          M     0.7234    0.6800    0.7010        50

avg / total     0.7108    0.7100    0.7097       100

weighted f1: 71.0
==================================
mean f1: 69.07 (4.13)
mean acc: 69.14 (4.08)
===
first instance
Majority weighted F1: 33.33 acc: 50.00
pred False
n_gram 6
rm_uu False
only_mean False
c_n_gram 0
analyze_features None
show_instance False
test None
embeds None
tf_idf False
data data/FR-data-200tweets.json.balanced.comb
C 1
folds 10
