load data..
vectorize data..
Vocab size: 399
['F' 'M']
Classifier accuracy train: 78.37
===== dev set ====
Classifier: 61.76
             precision    recall  f1-score   support

          F     0.6200    0.6078    0.6139        51
          M     0.6154    0.6275    0.6214        51

avg / total     0.6177    0.6176    0.6176       102

weighted f1: 61.8
['F' 'M']
Classifier accuracy train: 67.33
===== dev set ====
Classifier: 65.69
             precision    recall  f1-score   support

          F     0.7857    0.4314    0.5570        51
          M     0.6081    0.8824    0.7200        51

avg / total     0.6969    0.6569    0.6385       102

weighted f1: 63.8
['F' 'M']
Classifier accuracy train: 57.28
===== dev set ====
Classifier: 56.86
             precision    recall  f1-score   support

          F     0.5385    0.9608    0.6901        51
          M     0.8182    0.1765    0.2903        51

avg / total     0.6783    0.5686    0.4902       102

weighted f1: 49.0
['F' 'M']
Classifier accuracy train: 53.64
===== dev set ====
Classifier: 50.98
             precision    recall  f1-score   support

          F     0.6000    0.0588    0.1071        51
          M     0.5052    0.9608    0.6622        51

avg / total     0.5526    0.5098    0.3847       102

weighted f1: 38.5
['F' 'M']
Classifier accuracy train: 71.26
===== dev set ====
Classifier: 61.00
             precision    recall  f1-score   support

          F     0.6774    0.4200    0.5185        50
          M     0.5797    0.8000    0.6723        50

avg / total     0.6286    0.6100    0.5954       100

weighted f1: 59.5
['F' 'M']
Classifier accuracy train: 67.95
===== dev set ====
Classifier: 54.00
             precision    recall  f1-score   support

          F     0.5250    0.8400    0.6462        50
          M     0.6000    0.2400    0.3429        50

avg / total     0.5625    0.5400    0.4945       100

weighted f1: 49.5
['F' 'M']
Classifier accuracy train: 56.61
===== dev set ====
Classifier: 59.00
             precision    recall  f1-score   support

          F     1.0000    0.1800    0.3051        50
          M     0.5495    1.0000    0.7092        50

avg / total     0.7747    0.5900    0.5072       100

weighted f1: 50.7
['F' 'M']
Classifier accuracy train: 73.68
===== dev set ====
Classifier: 59.00
             precision    recall  f1-score   support

          F     0.5616    0.8200    0.6667        50
          M     0.6667    0.3600    0.4675        50

avg / total     0.6142    0.5900    0.5671       100

weighted f1: 56.7
['F' 'M']
Classifier accuracy train: 70.59
===== dev set ====
Classifier: 62.00
             precision    recall  f1-score   support

          F     0.7308    0.3800    0.5000        50
          M     0.5811    0.8600    0.6935        50

avg / total     0.6559    0.6200    0.5968       100

weighted f1: 59.7
['F' 'M']
Classifier accuracy train: 75.77
===== dev set ====
Classifier: 63.00
             precision    recall  f1-score   support

          F     0.6757    0.5000    0.5747        50
          M     0.6032    0.7600    0.6726        50

avg / total     0.6394    0.6300    0.6236       100

weighted f1: 62.4
==================================
mean f1: 55.16 (7.63)
mean acc: 59.33 (4.17)
===
first instance
Majority weighted F1: 33.33 acc: 50.00
n_gram 1-3
only_mean False
rm_uu False
data data/FR-data-200tweets.json.balanced.frequency
show_instance False
tf_idf False
embeds None
test None
pred False
C 1
analyze_features None
c_n_gram 0
folds 10
