load data..
vectorize data..
Vocab size: 7
['F' 'M']
Classifier accuracy train: 50.00
===== dev set ====
Classifier: 50.00
             precision    recall  f1-score   support

          F     0.0000    0.0000    0.0000        51
          M     0.5000    1.0000    0.6667        51

avg / total     0.2500    0.5000    0.3333       102

weighted f1: 33.3
['F' 'M']
Classifier accuracy train: 54.53
===== dev set ====
Classifier: 55.88
             precision    recall  f1-score   support

          F     0.8000    0.1569    0.2623        51
          M     0.5326    0.9608    0.6853        51

avg / total     0.6663    0.5588    0.4738       102

weighted f1: 47.4
['F' 'M']
Classifier accuracy train: 50.00
===== dev set ====
Classifier: 50.00
             precision    recall  f1-score   support

          F     0.0000    0.0000    0.0000        51
          M     0.5000    1.0000    0.6667        51

avg / total     0.2500    0.5000    0.3333       102

weighted f1: 33.3
['F' 'M']
Classifier accuracy train: 50.22
===== dev set ====
Classifier: 49.02
             precision    recall  f1-score   support

          F     0.4950    0.9804    0.6579        51
          M     0.0000    0.0000    0.0000        51

avg / total     0.2475    0.4902    0.3289       102

weighted f1: 32.9
['F' 'M']
Classifier accuracy train: 52.86
===== dev set ====
Classifier: 49.00
             precision    recall  f1-score   support

          F     0.4945    0.9000    0.6383        50
          M     0.4444    0.0800    0.1356        50

avg / total     0.4695    0.4900    0.3869       100

weighted f1: 38.7
['F' 'M']
Classifier accuracy train: 50.44
===== dev set ====
Classifier: 49.00
             precision    recall  f1-score   support

          F     0.4949    0.9800    0.6577        50
          M     0.0000    0.0000    0.0000        50

avg / total     0.2475    0.4900    0.3289       100

weighted f1: 32.9
['F' 'M']
Classifier accuracy train: 50.00
===== dev set ====
Classifier: 50.00
             precision    recall  f1-score   support

          F     0.0000    0.0000    0.0000        50
          M     0.5000    1.0000    0.6667        50

avg / total     0.2500    0.5000    0.3333       100

weighted f1: 33.3
['F' 'M']
Classifier accuracy train: 50.22
===== dev set ====
Classifier: 51.00
             precision    recall  f1-score   support

          F     1.0000    0.0200    0.0392        50
          M     0.5051    1.0000    0.6711        50

avg / total     0.7525    0.5100    0.3552       100

weighted f1: 35.5
['F' 'M']
Classifier accuracy train: 50.11
===== dev set ====
Classifier: 50.00
             precision    recall  f1-score   support

          F     0.0000    0.0000    0.0000        50
          M     0.5000    1.0000    0.6667        50

avg / total     0.2500    0.5000    0.3333       100

weighted f1: 33.3
['F' 'M']
Classifier accuracy train: 57.71
===== dev set ====
Classifier: 56.00
             precision    recall  f1-score   support

          F     0.5349    0.9200    0.6765        50
          M     0.7143    0.2000    0.3125        50

avg / total     0.6246    0.5600    0.4945       100

weighted f1: 49.4
==================================
mean f1: 37.02 (5.96)
mean acc: 50.99 (2.54)
===
first instance
Majority weighted F1: 33.33 acc: 50.00
n_gram 1
test None
C 1
show_instance False
rm_uu False
embeds None
folds 10
only_mean False
analyze_features None
tf_idf False
data data/FR-data-200tweets.json.balanced.frequency
c_n_gram 0
pred False
