load data..
vectorize data..
Vocab size: 43907
['F' 'M']
Classifier accuracy train: 100.00
===== dev set ====
Classifier: 59.80
             precision    recall  f1-score   support

          F     0.6000    0.5882    0.5941        51
          M     0.5962    0.6078    0.6019        51

avg / total     0.5981    0.5980    0.5980       102

weighted f1: 59.8
['F' 'M']
Classifier accuracy train: 100.00
===== dev set ====
Classifier: 63.73
             precision    recall  f1-score   support

          F     0.6250    0.6863    0.6542        51
          M     0.6522    0.5882    0.6186        51

avg / total     0.6386    0.6373    0.6364       102

weighted f1: 63.6
['F' 'M']
Classifier accuracy train: 100.00
===== dev set ====
Classifier: 50.98
             precision    recall  f1-score   support

          F     0.5094    0.5294    0.5192        51
          M     0.5102    0.4902    0.5000        51

avg / total     0.5098    0.5098    0.5096       102

weighted f1: 51.0
['F' 'M']
Classifier accuracy train: 100.00
===== dev set ====
Classifier: 59.80
             precision    recall  f1-score   support

          F     0.6042    0.5686    0.5859        51
          M     0.5926    0.6275    0.6095        51

avg / total     0.5984    0.5980    0.5977       102

weighted f1: 59.8
['F' 'M']
Classifier accuracy train: 100.00
===== dev set ====
Classifier: 56.00
             precision    recall  f1-score   support

          F     0.5600    0.5600    0.5600        50
          M     0.5600    0.5600    0.5600        50

avg / total     0.5600    0.5600    0.5600       100

weighted f1: 56.0
['F' 'M']
Classifier accuracy train: 100.00
===== dev set ====
Classifier: 57.00
             precision    recall  f1-score   support

          F     0.5854    0.4800    0.5275        50
          M     0.5593    0.6600    0.6055        50

avg / total     0.5723    0.5700    0.5665       100

weighted f1: 56.6
['F' 'M']
Classifier accuracy train: 100.00
===== dev set ====
Classifier: 60.00
             precision    recall  f1-score   support

          F     0.6000    0.6000    0.6000        50
          M     0.6000    0.6000    0.6000        50

avg / total     0.6000    0.6000    0.6000       100

weighted f1: 60.0
['F' 'M']
Classifier accuracy train: 100.00
===== dev set ====
Classifier: 61.00
             precision    recall  f1-score   support

          F     0.6341    0.5200    0.5714        50
          M     0.5932    0.7000    0.6422        50

avg / total     0.6137    0.6100    0.6068       100

weighted f1: 60.7
['F' 'M']
Classifier accuracy train: 100.00
===== dev set ====
Classifier: 64.00
             precision    recall  f1-score   support

          F     0.6296    0.6800    0.6538        50
          M     0.6522    0.6000    0.6250        50

avg / total     0.6409    0.6400    0.6394       100

weighted f1: 63.9
['F' 'M']
Classifier accuracy train: 100.00
===== dev set ====
Classifier: 64.00
             precision    recall  f1-score   support

          F     0.6458    0.6200    0.6327        50
          M     0.6346    0.6600    0.6471        50

avg / total     0.6402    0.6400    0.6399       100

weighted f1: 64.0
==================================
mean f1: 59.54 (3.90)
mean acc: 59.63 (3.90)
===
first instance
Majority weighted F1: 33.33 acc: 50.00
show_instance False
rm_uu False
analyze_features None
tf_idf False
C 1
embeds None
pred False
data data/FR-data-200tweets.json.balanced.frequency
n_gram 6
test None
only_mean False
folds 10
c_n_gram 0
