load data..
vectorize data..
Vocab size: 2263
['F' 'M']
Classifier accuracy train: 100.00
===== dev set ====
Classifier: 60.78
             precision    recall  f1-score   support

          F     0.6078    0.6078    0.6078        51
          M     0.6078    0.6078    0.6078        51

avg / total     0.6078    0.6078    0.6078       102

weighted f1: 60.8
['F' 'M']
Classifier accuracy train: 100.00
===== dev set ====
Classifier: 63.73
             precision    recall  f1-score   support

          F     0.6250    0.6863    0.6542        51
          M     0.6522    0.5882    0.6186        51

avg / total     0.6386    0.6373    0.6364       102

weighted f1: 63.6
['F' 'M']
Classifier accuracy train: 100.00
===== dev set ====
Classifier: 50.98
             precision    recall  f1-score   support

          F     0.5102    0.4902    0.5000        51
          M     0.5094    0.5294    0.5192        51

avg / total     0.5098    0.5098    0.5096       102

weighted f1: 51.0
['F' 'M']
Classifier accuracy train: 100.00
===== dev set ====
Classifier: 59.80
             precision    recall  f1-score   support

          F     0.5926    0.6275    0.6095        51
          M     0.6042    0.5686    0.5859        51

avg / total     0.5984    0.5980    0.5977       102

weighted f1: 59.8
['F' 'M']
Classifier accuracy train: 99.89
===== dev set ====
Classifier: 47.00
             precision    recall  f1-score   support

          F     0.4737    0.5400    0.5047        50
          M     0.4651    0.4000    0.4301        50

avg / total     0.4694    0.4700    0.4674       100

weighted f1: 46.7
['F' 'M']
Classifier accuracy train: 100.00
===== dev set ====
Classifier: 54.00
             precision    recall  f1-score   support

          F     0.5417    0.5200    0.5306        50
          M     0.5385    0.5600    0.5490        50

avg / total     0.5401    0.5400    0.5398       100

weighted f1: 54.0
['F' 'M']
Classifier accuracy train: 100.00
===== dev set ====
Classifier: 58.00
             precision    recall  f1-score   support

          F     0.5952    0.5000    0.5435        50
          M     0.5690    0.6600    0.6111        50

avg / total     0.5821    0.5800    0.5773       100

weighted f1: 57.7
['F' 'M']
Classifier accuracy train: 100.00
===== dev set ====
Classifier: 60.00
             precision    recall  f1-score   support

          F     0.6087    0.5600    0.5833        50
          M     0.5926    0.6400    0.6154        50

avg / total     0.6006    0.6000    0.5994       100

weighted f1: 59.9
['F' 'M']
Classifier accuracy train: 100.00
===== dev set ====
Classifier: 62.00
             precision    recall  f1-score   support

          F     0.6154    0.6400    0.6275        50
          M     0.6250    0.6000    0.6122        50

avg / total     0.6202    0.6200    0.6198       100

weighted f1: 62.0
['F' 'M']
Classifier accuracy train: 99.89
===== dev set ====
Classifier: 59.00
             precision    recall  f1-score   support

          F     0.5789    0.6600    0.6168        50
          M     0.6047    0.5200    0.5591        50

avg / total     0.5918    0.5900    0.5880       100

weighted f1: 58.8
==================================
mean f1: 57.43 (5.02)
mean acc: 57.53 (4.99)
===
first instance
Majority weighted F1: 33.33 acc: 50.00
n_gram 4
test None
analyze_features None
data data/FR-data-200tweets.json.balanced.frequency
pred False
tf_idf False
show_instance False
folds 10
c_n_gram 0
C 1
embeds None
rm_uu False
only_mean False
