load data..
vectorize data..
Vocab size: 58405
['F' 'M']
Classifier accuracy train: 99.89
===== dev set ====
Classifier: 63.73
             precision    recall  f1-score   support

          F     0.6842    0.5098    0.5843        51
          M     0.6094    0.7647    0.6783        51

avg / total     0.6468    0.6373    0.6313       102

weighted f1: 63.1
['F' 'M']
Classifier accuracy train: 99.67
===== dev set ====
Classifier: 65.69
             precision    recall  f1-score   support

          F     0.6739    0.6078    0.6392        51
          M     0.6429    0.7059    0.6729        51

avg / total     0.6584    0.6569    0.6560       102

weighted f1: 65.6
['F' 'M']
Classifier accuracy train: 99.01
===== dev set ====
Classifier: 56.86
             precision    recall  f1-score   support

          F     0.6000    0.4118    0.4884        51
          M     0.5522    0.7255    0.6271        51

avg / total     0.5761    0.5686    0.5577       102

weighted f1: 55.8
['F' 'M']
Classifier accuracy train: 100.00
===== dev set ====
Classifier: 61.76
             precision    recall  f1-score   support

          F     0.6304    0.5686    0.5979        51
          M     0.6071    0.6667    0.6355        51

avg / total     0.6188    0.6176    0.6167       102

weighted f1: 61.7
['F' 'M']
Classifier accuracy train: 100.00
===== dev set ====
Classifier: 50.00
             precision    recall  f1-score   support

          F     0.5000    0.6000    0.5455        50
          M     0.5000    0.4000    0.4444        50

avg / total     0.5000    0.5000    0.4949       100

weighted f1: 49.5
['F' 'M']
Classifier accuracy train: 100.00
===== dev set ====
Classifier: 55.00
             precision    recall  f1-score   support

          F     0.5532    0.5200    0.5361        50
          M     0.5472    0.5800    0.5631        50

avg / total     0.5502    0.5500    0.5496       100

weighted f1: 55.0
['F' 'M']
Classifier accuracy train: 100.00
===== dev set ====
Classifier: 67.00
             precision    recall  f1-score   support

          F     0.7297    0.5400    0.6207        50
          M     0.6349    0.8000    0.7080        50

avg / total     0.6823    0.6700    0.6643       100

weighted f1: 66.4
['F' 'M']
Classifier accuracy train: 100.00
===== dev set ====
Classifier: 68.00
             precision    recall  f1-score   support

          F     0.6607    0.7400    0.6981        50
          M     0.7045    0.6200    0.6596        50

avg / total     0.6826    0.6800    0.6788       100

weighted f1: 67.9
['F' 'M']
Classifier accuracy train: 100.00
===== dev set ====
Classifier: 64.00
             precision    recall  f1-score   support

          F     0.6129    0.7600    0.6786        50
          M     0.6842    0.5200    0.5909        50

avg / total     0.6486    0.6400    0.6347       100

weighted f1: 63.5
['F' 'M']
Classifier accuracy train: 100.00
===== dev set ====
Classifier: 61.00
             precision    recall  f1-score   support

          F     0.6341    0.5200    0.5714        50
          M     0.5932    0.7000    0.6422        50

avg / total     0.6137    0.6100    0.6068       100

weighted f1: 60.7
==================================
mean f1: 60.91 (5.53)
mean acc: 61.30 (5.45)
===
first instance
Majority weighted F1: 33.33 acc: 50.00
analyze_features None
rm_uu False
folds 10
only_mean False
tf_idf False
data data/FR-data-200tweets.json.balanced.frequency
c_n_gram 0
embeds None
test None
C 1
n_gram 1-6
show_instance False
pred False
