load data..
vectorize data..
Vocab size: 11836
['F' 'M']
Classifier accuracy train: 100.00
===== dev set ====
Classifier: 58.82
             precision    recall  f1-score   support

          F     0.5918    0.5686    0.5800        51
          M     0.5849    0.6078    0.5962        51

avg / total     0.5884    0.5882    0.5881       102

weighted f1: 58.8
['F' 'M']
Classifier accuracy train: 100.00
===== dev set ====
Classifier: 54.90
             precision    recall  f1-score   support

          F     0.5455    0.5882    0.5660        51
          M     0.5532    0.5098    0.5306        51

avg / total     0.5493    0.5490    0.5483       102

weighted f1: 54.8
['F' 'M']
Classifier accuracy train: 100.00
===== dev set ====
Classifier: 54.90
             precision    recall  f1-score   support

          F     0.5510    0.5294    0.5400        51
          M     0.5472    0.5686    0.5577        51

avg / total     0.5491    0.5490    0.5488       102

weighted f1: 54.9
['F' 'M']
Classifier accuracy train: 100.00
===== dev set ====
Classifier: 55.88
             precision    recall  f1-score   support

          F     0.5536    0.6078    0.5794        51
          M     0.5652    0.5098    0.5361        51

avg / total     0.5594    0.5588    0.5578       102

weighted f1: 55.8
['F' 'M']
Classifier accuracy train: 100.00
===== dev set ====
Classifier: 48.00
             precision    recall  f1-score   support

          F     0.4821    0.5400    0.5094        50
          M     0.4773    0.4200    0.4468        50

avg / total     0.4797    0.4800    0.4781       100

weighted f1: 47.8
['F' 'M']
Classifier accuracy train: 100.00
===== dev set ====
Classifier: 52.00
             precision    recall  f1-score   support

          F     0.5192    0.5400    0.5294        50
          M     0.5208    0.5000    0.5102        50

avg / total     0.5200    0.5200    0.5198       100

weighted f1: 52.0
['F' 'M']
Classifier accuracy train: 100.00
===== dev set ====
Classifier: 63.00
             precision    recall  f1-score   support

          F     0.6327    0.6200    0.6263        50
          M     0.6275    0.6400    0.6337        50

avg / total     0.6301    0.6300    0.6300       100

weighted f1: 63.0
['F' 'M']
Classifier accuracy train: 100.00
===== dev set ====
Classifier: 58.00
             precision    recall  f1-score   support

          F     0.5833    0.5600    0.5714        50
          M     0.5769    0.6000    0.5882        50

avg / total     0.5801    0.5800    0.5798       100

weighted f1: 58.0
['F' 'M']
Classifier accuracy train: 100.00
===== dev set ====
Classifier: 53.00
             precision    recall  f1-score   support

          F     0.5306    0.5200    0.5253        50
          M     0.5294    0.5400    0.5347        50

avg / total     0.5300    0.5300    0.5300       100

weighted f1: 53.0
['F' 'M']
Classifier accuracy train: 100.00
===== dev set ====
Classifier: 61.00
             precision    recall  f1-score   support

          F     0.5932    0.7000    0.6422        50
          M     0.6341    0.5200    0.5714        50

avg / total     0.6137    0.6100    0.6068       100

weighted f1: 60.7
==================================
mean f1: 55.88 (4.21)
mean acc: 55.95 (4.21)
===
first instance
Majority weighted F1: 33.33 acc: 50.00
rm_uu False
data data/FR-data-200tweets.json.balanced.frequency
tf_idf False
folds 10
only_mean False
n_gram 5
show_instance False
c_n_gram 0
pred False
C 1
analyze_features None
embeds None
test None
