load data..
vectorize data..
Vocab size: 11051
['F' 'M']
Classifier accuracy train: 100.00
===== dev set ====
Classifier: 61.76
             precision    recall  f1-score   support

          F     0.6071    0.6667    0.6355        51
          M     0.6304    0.5686    0.5979        51

avg / total     0.6188    0.6176    0.6167       102

weighted f1: 61.7
['F' 'M']
Classifier accuracy train: 100.00
===== dev set ====
Classifier: 68.63
             precision    recall  f1-score   support

          F     0.6557    0.7843    0.7143        51
          M     0.7317    0.5882    0.6522        51

avg / total     0.6937    0.6863    0.6832       102

weighted f1: 68.3
['F' 'M']
Classifier accuracy train: 100.00
===== dev set ====
Classifier: 70.59
             precision    recall  f1-score   support

          F     0.7442    0.6275    0.6809        51
          M     0.6780    0.7843    0.7273        51

avg / total     0.7111    0.7059    0.7041       102

weighted f1: 70.4
['F' 'M']
Classifier accuracy train: 100.00
===== dev set ====
Classifier: 58.82
             precision    recall  f1-score   support

          F     0.5957    0.5490    0.5714        51
          M     0.5818    0.6275    0.6038        51

avg / total     0.5888    0.5882    0.5876       102

weighted f1: 58.8
['F' 'M']
Classifier accuracy train: 100.00
===== dev set ====
Classifier: 57.00
             precision    recall  f1-score   support

          F     0.5778    0.5200    0.5474        50
          M     0.5636    0.6200    0.5905        50

avg / total     0.5707    0.5700    0.5689       100

weighted f1: 56.9
['F' 'M']
Classifier accuracy train: 100.00
===== dev set ====
Classifier: 58.00
             precision    recall  f1-score   support

          F     0.5800    0.5800    0.5800        50
          M     0.5800    0.5800    0.5800        50

avg / total     0.5800    0.5800    0.5800       100

weighted f1: 58.0
['F' 'M']
Classifier accuracy train: 100.00
===== dev set ====
Classifier: 60.00
             precision    recall  f1-score   support

          F     0.6042    0.5800    0.5918        50
          M     0.5962    0.6200    0.6078        50

avg / total     0.6002    0.6000    0.5998       100

weighted f1: 60.0
['F' 'M']
Classifier accuracy train: 100.00
===== dev set ====
Classifier: 57.00
             precision    recall  f1-score   support

          F     0.5614    0.6400    0.5981        50
          M     0.5814    0.5000    0.5376        50

avg / total     0.5714    0.5700    0.5679       100

weighted f1: 56.8
['F' 'M']
Classifier accuracy train: 100.00
===== dev set ====
Classifier: 61.00
             precision    recall  f1-score   support

          F     0.5965    0.6800    0.6355        50
          M     0.6279    0.5400    0.5806        50

avg / total     0.6122    0.6100    0.6081       100

weighted f1: 60.8
['F' 'M']
Classifier accuracy train: 100.00
===== dev set ====
Classifier: 62.00
             precision    recall  f1-score   support

          F     0.6200    0.6200    0.6200        50
          M     0.6200    0.6200    0.6200        50

avg / total     0.6200    0.6200    0.6200       100

weighted f1: 62.0
==================================
mean f1: 61.36 (4.38)
mean acc: 61.48 (4.43)
===
first instance
Majority weighted F1: 33.33 acc: 50.00
c_n_gram 0
n_gram 3
embeds None
data data/FR-data-200tweets.json.balanced.length
folds 10
C 1
analyze_features None
rm_uu False
show_instance False
tf_idf False
pred False
only_mean False
test None
