load data..
vectorize data..
Vocab size: 84
['F' 'M']
Classifier accuracy train: 50.00
===== dev set ====
Classifier: 50.00
             precision    recall  f1-score   support

          F     0.0000    0.0000    0.0000        51
          M     0.5000    1.0000    0.6667        51

avg / total     0.2500    0.5000    0.3333       102

weighted f1: 33.3
['F' 'M']
Classifier accuracy train: 54.19
===== dev set ====
Classifier: 52.94
             precision    recall  f1-score   support

          F     0.5155    0.9804    0.6757        51
          M     0.8000    0.0784    0.1429        51

avg / total     0.6577    0.5294    0.4093       102

weighted f1: 40.9
['F' 'M']
Classifier accuracy train: 50.11
===== dev set ====
Classifier: 50.00
             precision    recall  f1-score   support

          F     0.5000    1.0000    0.6667        51
          M     0.0000    0.0000    0.0000        51

avg / total     0.2500    0.5000    0.3333       102

weighted f1: 33.3
['F' 'M']
Classifier accuracy train: 57.40
===== dev set ====
Classifier: 58.82
             precision    recall  f1-score   support

          F     0.5506    0.9608    0.7000        51
          M     0.8462    0.2157    0.3438        51

avg / total     0.6984    0.5882    0.5219       102

weighted f1: 52.2
['F' 'M']
Classifier accuracy train: 49.89
===== dev set ====
Classifier: 50.00
             precision    recall  f1-score   support

          F     0.0000    0.0000    0.0000        50
          M     0.5000    1.0000    0.6667        50

avg / total     0.2500    0.5000    0.3333       100

weighted f1: 33.3
['F' 'M']
Classifier accuracy train: 50.66
===== dev set ====
Classifier: 51.00
             precision    recall  f1-score   support

          F     0.5051    1.0000    0.6711        50
          M     1.0000    0.0200    0.0392        50

avg / total     0.7525    0.5100    0.3552       100

weighted f1: 35.5
['F' 'M']
Classifier accuracy train: 50.22
===== dev set ====
Classifier: 50.00
             precision    recall  f1-score   support

          F     0.5000    1.0000    0.6667        50
          M     0.0000    0.0000    0.0000        50

avg / total     0.2500    0.5000    0.3333       100

weighted f1: 33.3
['F' 'M']
Classifier accuracy train: 56.17
===== dev set ====
Classifier: 55.00
             precision    recall  f1-score   support

          F     0.6923    0.1800    0.2857        50
          M     0.5287    0.9200    0.6715        50

avg / total     0.6105    0.5500    0.4786       100

weighted f1: 47.9
['F' 'M']
Classifier accuracy train: 50.00
===== dev set ====
Classifier: 50.00
             precision    recall  f1-score   support

          F     0.0000    0.0000    0.0000        50
          M     0.5000    1.0000    0.6667        50

avg / total     0.2500    0.5000    0.3333       100

weighted f1: 33.3
['F' 'M']
Classifier accuracy train: 50.00
===== dev set ====
Classifier: 50.00
             precision    recall  f1-score   support

          F     0.0000    0.0000    0.0000        50
          M     0.5000    1.0000    0.6667        50

avg / total     0.2500    0.5000    0.3333       100

weighted f1: 33.3
==================================
mean f1: 37.65 (6.65)
mean acc: 51.78 (2.85)
===
first instance
Majority weighted F1: 33.33 acc: 50.00
data data/FR-data-200tweets.json.balanced.length
analyze_features None
only_mean False
pred False
show_instance False
tf_idf False
c_n_gram 0
rm_uu False
folds 10
C 1
test None
n_gram 1
embeds None
