load data..
vectorize data..
Vocab size: 1259
['F' 'M']
Classifier accuracy train: 78.15
===== dev set ====
Classifier: 59.80
             precision    recall  f1-score   support

          F     0.6389    0.4510    0.5287        51
          M     0.5758    0.7451    0.6496        51

avg / total     0.6073    0.5980    0.5892       102

weighted f1: 58.9
['F' 'M']
Classifier accuracy train: 79.91
===== dev set ====
Classifier: 65.69
             precision    recall  f1-score   support

          F     0.6250    0.7843    0.6957        51
          M     0.7105    0.5294    0.6067        51

avg / total     0.6678    0.6569    0.6512       102

weighted f1: 65.1
['F' 'M']
Classifier accuracy train: 57.06
===== dev set ====
Classifier: 56.86
             precision    recall  f1-score   support

          F     0.8889    0.1569    0.2667        51
          M     0.5376    0.9804    0.6944        51

avg / total     0.7133    0.5686    0.4806       102

weighted f1: 48.1
['F' 'M']
Classifier accuracy train: 76.93
===== dev set ====
Classifier: 58.82
             precision    recall  f1-score   support

          F     0.6364    0.4118    0.5000        51
          M     0.5652    0.7647    0.6500        51

avg / total     0.6008    0.5882    0.5750       102

weighted f1: 57.5
['F' 'M']
Classifier accuracy train: 85.02
===== dev set ====
Classifier: 57.00
             precision    recall  f1-score   support

          F     0.5714    0.5600    0.5657        50
          M     0.5686    0.5800    0.5743        50

avg / total     0.5700    0.5700    0.5700       100

weighted f1: 57.0
['F' 'M']
Classifier accuracy train: 74.45
===== dev set ====
Classifier: 51.00
             precision    recall  f1-score   support

          F     0.5063    0.8000    0.6202        50
          M     0.5238    0.2200    0.3099        50

avg / total     0.5151    0.5100    0.4650       100

weighted f1: 46.5
['F' 'M']
Classifier accuracy train: 63.77
===== dev set ====
Classifier: 50.00
             precision    recall  f1-score   support

          F     0.5000    0.1600    0.2424        50
          M     0.5000    0.8400    0.6269        50

avg / total     0.5000    0.5000    0.4346       100

weighted f1: 43.5
['F' 'M']
Classifier accuracy train: 76.54
===== dev set ====
Classifier: 55.00
             precision    recall  f1-score   support

          F     0.5362    0.7400    0.6218        50
          M     0.5806    0.3600    0.4444        50

avg / total     0.5584    0.5500    0.5331       100

weighted f1: 53.3
['F' 'M']
Classifier accuracy train: 73.90
===== dev set ====
Classifier: 63.00
             precision    recall  f1-score   support

          F     0.7241    0.4200    0.5316        50
          M     0.5915    0.8400    0.6942        50

avg / total     0.6578    0.6300    0.6129       100

weighted f1: 61.3
['F' 'M']
Classifier accuracy train: 58.70
===== dev set ====
Classifier: 56.00
             precision    recall  f1-score   support

          F     0.7500    0.1800    0.2903        50
          M     0.5341    0.9400    0.6812        50

avg / total     0.6420    0.5600    0.4857       100

weighted f1: 48.6
==================================
mean f1: 53.97 (6.74)
mean acc: 57.32 (4.60)
===
first instance
Majority weighted F1: 33.33 acc: 50.00
show_instance False
rm_uu False
data data/FR-data-200tweets.json.balanced.length
C 1
analyze_features None
folds 10
c_n_gram 0
n_gram 2
embeds None
tf_idf False
pred False
only_mean False
test None
