load data..
vectorize data..
Vocab size: 78641
['F' 'M']
Classifier accuracy train: 100.00
===== dev set ====
Classifier: 59.80
             precision    recall  f1-score   support

          F     0.5806    0.7059    0.6372        51
          M     0.6250    0.4902    0.5495        51

avg / total     0.6028    0.5980    0.5933       102

weighted f1: 59.3
['F' 'M']
Classifier accuracy train: 100.00
===== dev set ====
Classifier: 68.63
             precision    recall  f1-score   support

          F     0.6610    0.7647    0.7091        51
          M     0.7209    0.6078    0.6596        51

avg / total     0.6910    0.6863    0.6843       102

weighted f1: 68.4
['F' 'M']
Classifier accuracy train: 100.00
===== dev set ====
Classifier: 59.80
             precision    recall  f1-score   support

          F     0.6136    0.5294    0.5684        51
          M     0.5862    0.6667    0.6239        51

avg / total     0.5999    0.5980    0.5961       102

weighted f1: 59.6
['F' 'M']
Classifier accuracy train: 100.00
===== dev set ====
Classifier: 59.80
             precision    recall  f1-score   support

          F     0.6042    0.5686    0.5859        51
          M     0.5926    0.6275    0.6095        51

avg / total     0.5984    0.5980    0.5977       102

weighted f1: 59.8
['F' 'M']
Classifier accuracy train: 100.00
===== dev set ====
Classifier: 61.00
             precision    recall  f1-score   support

          F     0.6222    0.5600    0.5895        50
          M     0.6000    0.6600    0.6286        50

avg / total     0.6111    0.6100    0.6090       100

weighted f1: 60.9
['F' 'M']
Classifier accuracy train: 100.00
===== dev set ====
Classifier: 63.00
             precision    recall  f1-score   support

          F     0.6383    0.6000    0.6186        50
          M     0.6226    0.6600    0.6408        50

avg / total     0.6305    0.6300    0.6297       100

weighted f1: 63.0
['F' 'M']
Classifier accuracy train: 100.00
===== dev set ====
Classifier: 63.00
             precision    recall  f1-score   support

          F     0.6140    0.7000    0.6542        50
          M     0.6512    0.5600    0.6022        50

avg / total     0.6326    0.6300    0.6282       100

weighted f1: 62.8
['F' 'M']
Classifier accuracy train: 100.00
===== dev set ====
Classifier: 56.00
             precision    recall  f1-score   support

          F     0.5577    0.5800    0.5686        50
          M     0.5625    0.5400    0.5510        50

avg / total     0.5601    0.5600    0.5598       100

weighted f1: 56.0
['F' 'M']
Classifier accuracy train: 100.00
===== dev set ====
Classifier: 62.00
             precision    recall  f1-score   support

          F     0.6000    0.7200    0.6545        50
          M     0.6500    0.5200    0.5778        50

avg / total     0.6250    0.6200    0.6162       100

weighted f1: 61.6
['F' 'M']
Classifier accuracy train: 99.89
===== dev set ====
Classifier: 63.00
             precision    recall  f1-score   support

          F     0.6512    0.5600    0.6022        50
          M     0.6140    0.7000    0.6542        50

avg / total     0.6326    0.6300    0.6282       100

weighted f1: 62.8
==================================
mean f1: 61.43 (3.09)
mean acc: 61.60 (3.11)
===
first instance
Majority weighted F1: 33.33 acc: 50.00
analyze_features None
embeds None
show_instance False
only_mean False
data data/FR-data-200tweets.json.balanced.length
n_gram 1-4
folds 10
C 1
rm_uu False
tf_idf False
pred False
test None
c_n_gram 0
