load data..
vectorize data..
Vocab size: 655671
['F' 'M']
Classifier accuracy train: 100.00
===== dev set ====
Classifier: 50.98
             precision    recall  f1-score   support

          F     0.5079    0.6275    0.5614        51
          M     0.5128    0.3922    0.4444        51

avg / total     0.5104    0.5098    0.5029       102

weighted f1: 50.3
['F' 'M']
Classifier accuracy train: 100.00
===== dev set ====
Classifier: 60.78
             precision    recall  f1-score   support

          F     0.5846    0.7451    0.6552        51
          M     0.6486    0.4706    0.5455        51

avg / total     0.6166    0.6078    0.6003       102

weighted f1: 60.0
['F' 'M']
Classifier accuracy train: 100.00
===== dev set ====
Classifier: 63.73
             precision    recall  f1-score   support

          F     0.6400    0.6275    0.6337        51
          M     0.6346    0.6471    0.6408        51

avg / total     0.6373    0.6373    0.6372       102

weighted f1: 63.7
['F' 'M']
Classifier accuracy train: 100.00
===== dev set ====
Classifier: 56.86
             precision    recall  f1-score   support

          F     0.5556    0.6863    0.6140        51
          M     0.5897    0.4510    0.5111        51

avg / total     0.5726    0.5686    0.5626       102

weighted f1: 56.3
['F' 'M']
Classifier accuracy train: 100.00
===== dev set ====
Classifier: 61.00
             precision    recall  f1-score   support

          F     0.6000    0.6600    0.6286        50
          M     0.6222    0.5600    0.5895        50

avg / total     0.6111    0.6100    0.6090       100

weighted f1: 60.9
['F' 'M']
Classifier accuracy train: 100.00
===== dev set ====
Classifier: 60.00
             precision    recall  f1-score   support

          F     0.5862    0.6800    0.6296        50
          M     0.6190    0.5200    0.5652        50

avg / total     0.6026    0.6000    0.5974       100

weighted f1: 59.7
['F' 'M']
Classifier accuracy train: 100.00
===== dev set ====
Classifier: 60.00
             precision    recall  f1-score   support

          F     0.5893    0.6600    0.6226        50
          M     0.6136    0.5400    0.5745        50

avg / total     0.6015    0.6000    0.5986       100

weighted f1: 59.9
['F' 'M']
Classifier accuracy train: 100.00
===== dev set ====
Classifier: 60.00
             precision    recall  f1-score   support

          F     0.5806    0.7200    0.6429        50
          M     0.6316    0.4800    0.5455        50

avg / total     0.6061    0.6000    0.5942       100

weighted f1: 59.4
['F' 'M']
Classifier accuracy train: 100.00
===== dev set ====
Classifier: 60.00
             precision    recall  f1-score   support

          F     0.5781    0.7400    0.6491        50
          M     0.6389    0.4600    0.5349        50

avg / total     0.6085    0.6000    0.5920       100

weighted f1: 59.2
['F' 'M']
Classifier accuracy train: 100.00
===== dev set ====
Classifier: 63.00
             precision    recall  f1-score   support

          F     0.6066    0.7400    0.6667        50
          M     0.6667    0.5200    0.5843        50

avg / total     0.6366    0.6300    0.6255       100

weighted f1: 62.5
==================================
mean f1: 59.20 (3.52)
mean acc: 59.64 (3.38)
===
first instance
Majority weighted F1: 33.33 acc: 50.00
test None
C 1
n_gram 6
rm_uu False
only_mean False
tf_idf False
show_instance False
data data/FR-data-200tweets.json.balanced.length
folds 10
analyze_features None
c_n_gram 0
pred False
embeds None
