load data..
vectorize data..
Vocab size: 77168
['F' 'M']
Classifier accuracy train: 51.99
===== dev set ====
Classifier: 51.96
             precision    recall  f1-score   support

          F     1.0000    0.0392    0.0755        51
          M     0.5100    1.0000    0.6755        51

avg / total     0.7550    0.5196    0.3755       102

weighted f1: 37.5
['F' 'M']
Classifier accuracy train: 51.21
===== dev set ====
Classifier: 50.98
             precision    recall  f1-score   support

          F     0.5050    1.0000    0.6711        51
          M     1.0000    0.0196    0.0385        51

avg / total     0.7525    0.5098    0.3548       102

weighted f1: 35.5
['F' 'M']
Classifier accuracy train: 60.26
===== dev set ====
Classifier: 51.96
             precision    recall  f1-score   support

          F     0.5111    0.9020    0.6525        51
          M     0.5833    0.1373    0.2222        51

avg / total     0.5472    0.5196    0.4374       102

weighted f1: 43.7
['F' 'M']
Classifier accuracy train: 65.01
===== dev set ====
Classifier: 58.82
             precision    recall  f1-score   support

          F     0.5495    0.9804    0.7042        51
          M     0.9091    0.1961    0.3226        51

avg / total     0.7293    0.5882    0.5134       102

weighted f1: 51.3
['F' 'M']
Classifier accuracy train: 63.22
===== dev set ====
Classifier: 49.00
             precision    recall  f1-score   support

          F     0.4948    0.9600    0.6531        50
          M     0.3333    0.0200    0.0377        50

avg / total     0.4141    0.4900    0.3454       100

weighted f1: 34.5
['F' 'M']
Classifier accuracy train: 60.46
===== dev set ====
Classifier: 53.00
             precision    recall  f1-score   support

          F     0.6667    0.1200    0.2034        50
          M     0.5165    0.9400    0.6667        50

avg / total     0.5916    0.5300    0.4350       100

weighted f1: 43.5
['F' 'M']
Classifier accuracy train: 79.19
===== dev set ====
Classifier: 68.00
             precision    recall  f1-score   support

          F     0.6607    0.7400    0.6981        50
          M     0.7045    0.6200    0.6596        50

avg / total     0.6826    0.6800    0.6788       100

weighted f1: 67.9
['F' 'M']
Classifier accuracy train: 55.73
===== dev set ====
Classifier: 48.00
             precision    recall  f1-score   support

          F     0.4896    0.9400    0.6438        50
          M     0.2500    0.0200    0.0370        50

avg / total     0.3698    0.4800    0.3404       100

weighted f1: 34.0
['F' 'M']
Classifier accuracy train: 79.96
===== dev set ====
Classifier: 66.00
             precision    recall  f1-score   support

          F     0.6538    0.6800    0.6667        50
          M     0.6667    0.6400    0.6531        50

avg / total     0.6603    0.6600    0.6599       100

weighted f1: 66.0
['F' 'M']
Classifier accuracy train: 65.64
===== dev set ====
Classifier: 63.00
             precision    recall  f1-score   support

          F     0.7600    0.3800    0.5067        50
          M     0.5867    0.8800    0.7040        50

avg / total     0.6733    0.6300    0.6053       100

weighted f1: 60.5
==================================
mean f1: 47.46 (12.51)
mean acc: 56.07 (6.93)
===
first instance
Majority weighted F1: 33.33 acc: 50.00
test None
embeds None
tf_idf False
rm_uu False
data data/FR-data-200tweets.json.balanced.punctAgr
c_n_gram 0
folds 10
n_gram 1-6
analyze_features None
show_instance False
pred False
only_mean False
C 1
