load data..
vectorize data..
Vocab size: 6969
['F' 'M']
Classifier accuracy train: 51.77
===== dev set ====
Classifier: 50.00
             precision    recall  f1-score   support

          F     0.5000    0.9804    0.6623        51
          M     0.5000    0.0196    0.0377        51

avg / total     0.5000    0.5000    0.3500       102

weighted f1: 35.0
['F' 'M']
Classifier accuracy train: 58.61
===== dev set ====
Classifier: 53.92
             precision    recall  f1-score   support

          F     0.8333    0.0980    0.1754        51
          M     0.5208    0.9804    0.6803        51

avg / total     0.6771    0.5392    0.4279       102

weighted f1: 42.8
['F' 'M']
Classifier accuracy train: 74.94
===== dev set ====
Classifier: 68.63
             precision    recall  f1-score   support

          F     0.6610    0.7647    0.7091        51
          M     0.7209    0.6078    0.6596        51

avg / total     0.6910    0.6863    0.6843       102

weighted f1: 68.4
['F' 'M']
Classifier accuracy train: 65.89
===== dev set ====
Classifier: 60.78
             precision    recall  f1-score   support

          F     0.5632    0.9608    0.7101        51
          M     0.8667    0.2549    0.3939        51

avg / total     0.7149    0.6078    0.5520       102

weighted f1: 55.2
['F' 'M']
Classifier accuracy train: 54.41
===== dev set ====
Classifier: 50.00
             precision    recall  f1-score   support

          F     0.5000    0.9400    0.6528        50
          M     0.5000    0.0600    0.1071        50

avg / total     0.5000    0.5000    0.3800       100

weighted f1: 38.0
['F' 'M']
Classifier accuracy train: 66.74
===== dev set ====
Classifier: 55.00
             precision    recall  f1-score   support

          F     0.5301    0.8800    0.6617        50
          M     0.6471    0.2200    0.3284        50

avg / total     0.5886    0.5500    0.4950       100

weighted f1: 49.5
['F' 'M']
Classifier accuracy train: 73.02
===== dev set ====
Classifier: 69.00
             precision    recall  f1-score   support

          F     0.6508    0.8200    0.7257        50
          M     0.7568    0.5600    0.6437        50

avg / total     0.7038    0.6900    0.6847       100

weighted f1: 68.5
['F' 'M']
Classifier accuracy train: 57.49
===== dev set ====
Classifier: 53.00
             precision    recall  f1-score   support

          F     0.5161    0.9600    0.6713        50
          M     0.7143    0.1000    0.1754        50

avg / total     0.6152    0.5300    0.4234       100

weighted f1: 42.3
['F' 'M']
Classifier accuracy train: 74.67
===== dev set ====
Classifier: 70.00
             precision    recall  f1-score   support

          F     0.6667    0.8000    0.7273        50
          M     0.7500    0.6000    0.6667        50

avg / total     0.7083    0.7000    0.6970       100

weighted f1: 69.7
['F' 'M']
Classifier accuracy train: 53.63
===== dev set ====
Classifier: 54.00
             precision    recall  f1-score   support

          F     0.5208    1.0000    0.6849        50
          M     1.0000    0.0800    0.1481        50

avg / total     0.7604    0.5400    0.4165       100

weighted f1: 41.7
==================================
mean f1: 51.11 (12.78)
mean acc: 58.43 (7.61)
===
first instance
Majority weighted F1: 33.33 acc: 50.00
only_mean False
tf_idf False
c_n_gram 0
show_instance False
C 1
folds 10
embeds None
test None
data data/FR-data-200tweets.json.balanced.punctCons
rm_uu False
pred False
analyze_features None
n_gram 1
