load data..
vectorize data..
Vocab size: 305948
['F' 'M']
Classifier accuracy train: 69.76
===== dev set ====
Classifier: 57.84
             precision    recall  f1-score   support

          F     0.7857    0.2157    0.3385        51
          M     0.5455    0.9412    0.6906        51

avg / total     0.6656    0.5784    0.5146       102

weighted f1: 51.5
['F' 'M']
Classifier accuracy train: 65.34
===== dev set ====
Classifier: 56.86
             precision    recall  f1-score   support

          F     0.7692    0.1961    0.3125        51
          M     0.5393    0.9412    0.6857        51

avg / total     0.6543    0.5686    0.4991       102

weighted f1: 49.9
['F' 'M']
Classifier accuracy train: 67.55
===== dev set ====
Classifier: 55.88
             precision    recall  f1-score   support

          F     0.5333    0.9412    0.6809        51
          M     0.7500    0.1765    0.2857        51

avg / total     0.6417    0.5588    0.4833       102

weighted f1: 48.3
['F' 'M']
Classifier accuracy train: 88.52
===== dev set ====
Classifier: 63.73
             precision    recall  f1-score   support

          F     0.6400    0.6275    0.6337        51
          M     0.6346    0.6471    0.6408        51

avg / total     0.6373    0.6373    0.6372       102

weighted f1: 63.7
['F' 'M']
Classifier accuracy train: 78.30
===== dev set ====
Classifier: 52.00
             precision    recall  f1-score   support

          F     0.5128    0.8000    0.6250        50
          M     0.5455    0.2400    0.3333        50

avg / total     0.5291    0.5200    0.4792       100

weighted f1: 47.9
['F' 'M']
Classifier accuracy train: 86.23
===== dev set ====
Classifier: 62.00
             precision    recall  f1-score   support

          F     0.6071    0.6800    0.6415        50
          M     0.6364    0.5600    0.5957        50

avg / total     0.6218    0.6200    0.6186       100

weighted f1: 61.9
['F' 'M']
Classifier accuracy train: 55.73
===== dev set ====
Classifier: 52.00
             precision    recall  f1-score   support

          F     0.7500    0.0600    0.1111        50
          M     0.5104    0.9800    0.6712        50

avg / total     0.6302    0.5200    0.3912       100

weighted f1: 39.1
['F' 'M']
Classifier accuracy train: 74.89
===== dev set ====
Classifier: 60.00
             precision    recall  f1-score   support

          F     0.7500    0.3000    0.4286        50
          M     0.5625    0.9000    0.6923        50

avg / total     0.6562    0.6000    0.5604       100

weighted f1: 56.0
['F' 'M']
Classifier accuracy train: 55.95
===== dev set ====
Classifier: 53.00
             precision    recall  f1-score   support

          F     1.0000    0.0600    0.1132        50
          M     0.5155    1.0000    0.6803        50

avg / total     0.7577    0.5300    0.3967       100

weighted f1: 39.7
['F' 'M']
Classifier accuracy train: 83.26
===== dev set ====
Classifier: 71.00
             precision    recall  f1-score   support

          F     0.6438    0.9400    0.7642        50
          M     0.8889    0.4800    0.6234        50

avg / total     0.7664    0.7100    0.6938       100

weighted f1: 69.4
==================================
mean f1: 52.74 (9.49)
mean acc: 58.43 (5.68)
===
first instance
Majority weighted F1: 33.33 acc: 50.00
embeds None
pred False
folds 10
data data/FR-data-200tweets.json.balanced.punctCons
c_n_gram 0
n_gram 1-5
C 1
tf_idf False
show_instance False
test None
only_mean False
rm_uu False
analyze_features None
