load data..
vectorize data..
Vocab size: 1325
['F' 'M']
Classifier accuracy train: 50.44
===== dev set ====
Classifier: 50.00
             precision    recall  f1-score   support

          F     0.0000    0.0000    0.0000        51
          M     0.5000    1.0000    0.6667        51

avg / total     0.2500    0.5000    0.3333       102

weighted f1: 33.3
['F' 'M']
Classifier accuracy train: 50.66
===== dev set ====
Classifier: 50.98
             precision    recall  f1-score   support

          F     0.5050    1.0000    0.6711        51
          M     1.0000    0.0196    0.0385        51

avg / total     0.7525    0.5098    0.3548       102

weighted f1: 35.5
['F' 'M']
Classifier accuracy train: 54.64
===== dev set ====
Classifier: 49.02
             precision    recall  f1-score   support

          F     0.4947    0.9216    0.6438        51
          M     0.4286    0.0588    0.1034        51

avg / total     0.4617    0.4902    0.3736       102

weighted f1: 37.4
['F' 'M']
Classifier accuracy train: 50.11
===== dev set ====
Classifier: 50.98
             precision    recall  f1-score   support

          F     1.0000    0.0196    0.0385        51
          M     0.5050    1.0000    0.6711        51

avg / total     0.7525    0.5098    0.3548       102

weighted f1: 35.5
['F' 'M']
Classifier accuracy train: 50.99
===== dev set ====
Classifier: 50.00
             precision    recall  f1-score   support

          F     0.5000    1.0000    0.6667        50
          M     0.0000    0.0000    0.0000        50

avg / total     0.2500    0.5000    0.3333       100

weighted f1: 33.3
['F' 'M']
Classifier accuracy train: 51.43
===== dev set ====
Classifier: 54.00
             precision    recall  f1-score   support

          F     0.5208    1.0000    0.6849        50
          M     1.0000    0.0800    0.1481        50

avg / total     0.7604    0.5400    0.4165       100

weighted f1: 41.7
['F' 'M']
Classifier accuracy train: 51.98
===== dev set ====
Classifier: 50.00
             precision    recall  f1-score   support

          F     0.0000    0.0000    0.0000        50
          M     0.5000    1.0000    0.6667        50

avg / total     0.2500    0.5000    0.3333       100

weighted f1: 33.3
['F' 'M']
Classifier accuracy train: 52.75
===== dev set ====
Classifier: 48.00
             precision    recall  f1-score   support

          F     0.4898    0.9600    0.6486        50
          M     0.0000    0.0000    0.0000        50

avg / total     0.2449    0.4800    0.3243       100

weighted f1: 32.4
['F' 'M']
Classifier accuracy train: 65.42
===== dev set ====
Classifier: 53.00
             precision    recall  f1-score   support

          F     0.5195    0.8000    0.6299        50
          M     0.5652    0.2600    0.3562        50

avg / total     0.5423    0.5300    0.4930       100

weighted f1: 49.3
['F' 'M']
Classifier accuracy train: 53.08
===== dev set ====
Classifier: 53.00
             precision    recall  f1-score   support

          F     0.5155    1.0000    0.6803        50
          M     1.0000    0.0600    0.1132        50

avg / total     0.7577    0.5300    0.3967       100

weighted f1: 39.7
==================================
mean f1: 37.14 (4.96)
mean acc: 50.90 (1.81)
===
first instance
Majority weighted F1: 33.33 acc: 50.00
folds 10
rm_uu False
show_instance False
data data/FR-data-200tweets.json.balanced.punctAgr
only_mean False
pred False
C 1
test None
n_gram 1-2
c_n_gram 0
tf_idf False
embeds None
analyze_features None
