load data..
vectorize data..
Vocab size: 18181
['F' 'M']
Classifier accuracy train: 61.37
===== dev set ====
Classifier: 56.86
             precision    recall  f1-score   support

          F     0.5393    0.9412    0.6857        51
          M     0.7692    0.1961    0.3125        51

avg / total     0.6543    0.5686    0.4991       102

weighted f1: 49.9
['F' 'M']
Classifier accuracy train: 62.25
===== dev set ====
Classifier: 55.88
             precision    recall  f1-score   support

          F     0.6667    0.2353    0.3478        51
          M     0.5357    0.8824    0.6667        51

avg / total     0.6012    0.5588    0.5072       102

weighted f1: 50.7
['F' 'M']
Classifier accuracy train: 76.27
===== dev set ====
Classifier: 63.73
             precision    recall  f1-score   support

          F     0.6400    0.6275    0.6337        51
          M     0.6346    0.6471    0.6408        51

avg / total     0.6373    0.6373    0.6372       102

weighted f1: 63.7
['F' 'M']
Classifier accuracy train: 75.83
===== dev set ====
Classifier: 66.67
             precision    recall  f1-score   support

          F     0.6491    0.7255    0.6852        51
          M     0.6889    0.6078    0.6458        51

avg / total     0.6690    0.6667    0.6655       102

weighted f1: 66.6
['F' 'M']
Classifier accuracy train: 50.99
===== dev set ====
Classifier: 50.00
             precision    recall  f1-score   support

          F     0.0000    0.0000    0.0000        50
          M     0.5000    1.0000    0.6667        50

avg / total     0.2500    0.5000    0.3333       100

weighted f1: 33.3
['F' 'M']
Classifier accuracy train: 68.17
===== dev set ====
Classifier: 53.00
             precision    recall  f1-score   support

          F     0.5200    0.7800    0.6240        50
          M     0.5600    0.2800    0.3733        50

avg / total     0.5400    0.5300    0.4987       100

weighted f1: 49.9
['F' 'M']
Classifier accuracy train: 50.88
===== dev set ====
Classifier: 50.00
             precision    recall  f1-score   support

          F     0.0000    0.0000    0.0000        50
          M     0.5000    1.0000    0.6667        50

avg / total     0.2500    0.5000    0.3333       100

weighted f1: 33.3
['F' 'M']
Classifier accuracy train: 74.12
===== dev set ====
Classifier: 69.00
             precision    recall  f1-score   support

          F     0.7021    0.6600    0.6804        50
          M     0.6792    0.7200    0.6990        50

avg / total     0.6907    0.6900    0.6897       100

weighted f1: 69.0
['F' 'M']
Classifier accuracy train: 56.72
===== dev set ====
Classifier: 55.00
             precision    recall  f1-score   support

          F     0.5269    0.9800    0.6853        50
          M     0.8571    0.1200    0.2105        50

avg / total     0.6920    0.5500    0.4479       100

weighted f1: 44.8
['F' 'M']
Classifier accuracy train: 51.32
===== dev set ====
Classifier: 51.00
             precision    recall  f1-score   support

          F     1.0000    0.0200    0.0392        50
          M     0.5051    1.0000    0.6711        50

avg / total     0.7525    0.5100    0.3552       100

weighted f1: 35.5
==================================
mean f1: 49.67 (12.70)
mean acc: 57.11 (6.62)
===
first instance
Majority weighted F1: 33.33 acc: 50.00
tf_idf False
only_mean False
analyze_features None
c_n_gram 0
show_instance False
data data/FR-data-200tweets.json.balanced.punctAgr
n_gram 1-4
rm_uu False
pred False
embeds None
test None
C 1
folds 10
