load data..
vectorize data..
Vocab size: 4729
['F' 'M']
Classifier accuracy train: 59.60
===== dev set ====
Classifier: 56.86
             precision    recall  f1-score   support

          F     0.7333    0.2157    0.3333        51
          M     0.5402    0.9216    0.6812        51

avg / total     0.6368    0.5686    0.5072       102

weighted f1: 50.7
['F' 'M']
Classifier accuracy train: 61.15
===== dev set ====
Classifier: 58.82
             precision    recall  f1-score   support

          F     0.5484    1.0000    0.7083        51
          M     1.0000    0.1765    0.3000        51

avg / total     0.7742    0.5882    0.5042       102

weighted f1: 50.4
['F' 'M']
Classifier accuracy train: 52.32
===== dev set ====
Classifier: 50.00
             precision    recall  f1-score   support

          F     0.5000    0.9608    0.6577        51
          M     0.5000    0.0392    0.0727        51

avg / total     0.5000    0.5000    0.3652       102

weighted f1: 36.5
['F' 'M']
Classifier accuracy train: 51.43
===== dev set ====
Classifier: 50.98
             precision    recall  f1-score   support

          F     0.6667    0.0392    0.0741        51
          M     0.5051    0.9804    0.6667        51

avg / total     0.5859    0.5098    0.3704       102

weighted f1: 37.0
['F' 'M']
Classifier accuracy train: 51.87
===== dev set ====
Classifier: 48.00
             precision    recall  f1-score   support

          F     0.0000    0.0000    0.0000        50
          M     0.4898    0.9600    0.6486        50

avg / total     0.2449    0.4800    0.3243       100

weighted f1: 32.4
['F' 'M']
Classifier accuracy train: 72.36
===== dev set ====
Classifier: 61.00
             precision    recall  f1-score   support

          F     0.5797    0.8000    0.6723        50
          M     0.6774    0.4200    0.5185        50

avg / total     0.6286    0.6100    0.5954       100

weighted f1: 59.5
['F' 'M']
Classifier accuracy train: 63.33
===== dev set ====
Classifier: 58.00
             precision    recall  f1-score   support

          F     0.5465    0.9400    0.6912        50
          M     0.7857    0.2200    0.3437        50

avg / total     0.6661    0.5800    0.5175       100

weighted f1: 51.7
['F' 'M']
Classifier accuracy train: 52.53
===== dev set ====
Classifier: 53.00
             precision    recall  f1-score   support

          F     1.0000    0.0600    0.1132        50
          M     0.5155    1.0000    0.6803        50

avg / total     0.7577    0.5300    0.3967       100

weighted f1: 39.7
['F' 'M']
Classifier accuracy train: 73.35
===== dev set ====
Classifier: 66.00
             precision    recall  f1-score   support

          F     0.7667    0.4600    0.5750        50
          M     0.6143    0.8600    0.7167        50

avg / total     0.6905    0.6600    0.6458       100

weighted f1: 64.6
['F' 'M']
Classifier accuracy train: 73.35
===== dev set ====
Classifier: 65.00
             precision    recall  f1-score   support

          F     0.6829    0.5600    0.6154        50
          M     0.6271    0.7400    0.6789        50

avg / total     0.6550    0.6500    0.6471       100

weighted f1: 64.7
==================================
mean f1: 48.74 (11.28)
mean acc: 56.77 (5.89)
===
first instance
Majority weighted F1: 33.33 acc: 50.00
embeds None
C 1
rm_uu False
show_instance False
folds 10
n_gram 3
tf_idf False
only_mean False
test None
pred False
data data/FR-data-200tweets.json.balanced.punctAgr
analyze_features None
c_n_gram 0
