load data..
vectorize data..
Vocab size: 53427
['F' 'M']
Classifier accuracy train: 86.75
===== dev set ====
Classifier: 65.69
             precision    recall  f1-score   support

          F     0.7667    0.4510    0.5679        51
          M     0.6111    0.8627    0.7154        51

avg / total     0.6889    0.6569    0.6417       102

weighted f1: 64.2
['F' 'M']
Classifier accuracy train: 61.04
===== dev set ====
Classifier: 56.86
             precision    recall  f1-score   support

          F     0.5368    1.0000    0.6986        51
          M     1.0000    0.1373    0.2414        51

avg / total     0.7684    0.5686    0.4700       102

weighted f1: 47.0
['F' 'M']
Classifier accuracy train: 84.33
===== dev set ====
Classifier: 66.67
             precision    recall  f1-score   support

          F     0.6164    0.8824    0.7258        51
          M     0.7931    0.4510    0.5750        51

avg / total     0.7048    0.6667    0.6504       102

weighted f1: 65.0
['F' 'M']
Classifier accuracy train: 87.97
===== dev set ====
Classifier: 64.71
             precision    recall  f1-score   support

          F     0.7143    0.4902    0.5814        51
          M     0.6119    0.8039    0.6949        51

avg / total     0.6631    0.6471    0.6382       102

weighted f1: 63.8
['F' 'M']
Classifier accuracy train: 84.36
===== dev set ====
Classifier: 61.00
             precision    recall  f1-score   support

          F     0.5821    0.7800    0.6667        50
          M     0.6667    0.4400    0.5301        50

avg / total     0.6244    0.6100    0.5984       100

weighted f1: 59.8
['F' 'M']
Classifier accuracy train: 65.75
===== dev set ====
Classifier: 51.00
             precision    recall  f1-score   support

          F     0.5055    0.9200    0.6525        50
          M     0.5556    0.1000    0.1695        50

avg / total     0.5305    0.5100    0.4110       100

weighted f1: 41.1
['F' 'M']
Classifier accuracy train: 77.31
===== dev set ====
Classifier: 63.00
             precision    recall  f1-score   support

          F     0.5823    0.9200    0.7132        50
          M     0.8095    0.3400    0.4789        50

avg / total     0.6959    0.6300    0.5960       100

weighted f1: 59.6
['F' 'M']
Classifier accuracy train: 54.07
===== dev set ====
Classifier: 51.00
             precision    recall  f1-score   support

          F     1.0000    0.0200    0.0392        50
          M     0.5051    1.0000    0.6711        50

avg / total     0.7525    0.5100    0.3552       100

weighted f1: 35.5
['F' 'M']
Classifier accuracy train: 85.46
===== dev set ====
Classifier: 65.00
             precision    recall  f1-score   support

          F     0.7586    0.4400    0.5570        50
          M     0.6056    0.8600    0.7107        50

avg / total     0.6821    0.6500    0.6339       100

weighted f1: 63.4
['F' 'M']
Classifier accuracy train: 86.78
===== dev set ====
Classifier: 74.00
             precision    recall  f1-score   support

          F     0.6818    0.9000    0.7759        50
          M     0.8529    0.5800    0.6905        50

avg / total     0.7674    0.7400    0.7332       100

weighted f1: 73.3
==================================
mean f1: 57.28 (11.39)
mean acc: 61.89 (6.83)
===
first instance
Majority weighted F1: 33.33 acc: 50.00
data data/FR-data-200tweets.json.balanced.punctCons
test None
analyze_features None
c_n_gram 0
show_instance False
pred False
rm_uu False
n_gram 3
folds 10
only_mean False
tf_idf False
C 1
embeds None
