load data..
vectorize data..
Vocab size: 1176
['F' 'M']
Classifier accuracy train: 71.08
===== dev set ====
Classifier: 59.80
             precision    recall  f1-score   support

          F     0.6190    0.5098    0.5591        51
          M     0.5833    0.6863    0.6306        51

avg / total     0.6012    0.5980    0.5949       102

weighted f1: 59.5
['F' 'M']
Classifier accuracy train: 68.32
===== dev set ====
Classifier: 66.67
             precision    recall  f1-score   support

          F     0.6197    0.8627    0.7213        51
          M     0.7742    0.4706    0.5854        51

avg / total     0.6970    0.6667    0.6533       102

weighted f1: 65.3
['F' 'M']
Classifier accuracy train: 50.77
===== dev set ====
Classifier: 50.00
             precision    recall  f1-score   support

          F     0.0000    0.0000    0.0000        51
          M     0.5000    1.0000    0.6667        51

avg / total     0.2500    0.5000    0.3333       102

weighted f1: 33.3
['F' 'M']
Classifier accuracy train: 57.28
===== dev set ====
Classifier: 53.92
             precision    recall  f1-score   support

          F     0.5204    1.0000    0.6846        51
          M     1.0000    0.0784    0.1455        51

avg / total     0.7602    0.5392    0.4150       102

weighted f1: 41.5
['F' 'M']
Classifier accuracy train: 67.62
===== dev set ====
Classifier: 59.00
             precision    recall  f1-score   support

          F     0.5616    0.8200    0.6667        50
          M     0.6667    0.3600    0.4675        50

avg / total     0.6142    0.5900    0.5671       100

weighted f1: 56.7
['F' 'M']
Classifier accuracy train: 51.54
===== dev set ====
Classifier: 50.00
             precision    recall  f1-score   support

          F     0.0000    0.0000    0.0000        50
          M     0.5000    1.0000    0.6667        50

avg / total     0.2500    0.5000    0.3333       100

weighted f1: 33.3
['F' 'M']
Classifier accuracy train: 53.96
===== dev set ====
Classifier: 56.00
             precision    recall  f1-score   support

          F     0.5319    1.0000    0.6944        50
          M     1.0000    0.1200    0.2143        50

avg / total     0.7660    0.5600    0.4544       100

weighted f1: 45.4
['F' 'M']
Classifier accuracy train: 56.39
===== dev set ====
Classifier: 50.00
             precision    recall  f1-score   support

          F     0.5000    0.9400    0.6528        50
          M     0.5000    0.0600    0.1071        50

avg / total     0.5000    0.5000    0.3800       100

weighted f1: 38.0
['F' 'M']
Classifier accuracy train: 59.58
===== dev set ====
Classifier: 58.00
             precision    recall  f1-score   support

          F     0.8333    0.2000    0.3226        50
          M     0.5455    0.9600    0.6957        50

avg / total     0.6894    0.5800    0.5091       100

weighted f1: 50.9
['F' 'M']
Classifier accuracy train: 53.41
===== dev set ====
Classifier: 53.00
             precision    recall  f1-score   support

          F     0.7143    0.1000    0.1754        50
          M     0.5161    0.9600    0.6713        50

avg / total     0.6152    0.5300    0.4234       100

weighted f1: 42.3
==================================
mean f1: 46.64 (10.53)
mean acc: 55.64 (5.11)
===
first instance
Majority weighted F1: 33.33 acc: 50.00
n_gram 2
tf_idf False
data data/FR-data-200tweets.json.balanced.punctAgr
show_instance False
only_mean False
analyze_features None
folds 10
rm_uu False
test None
c_n_gram 0
C 1
pred False
embeds None
