load data..
vectorize data..
Vocab size: 131660
['F' 'M']
Classifier accuracy train: 98.57
===== dev set ====
Classifier: 60.78
             precision    recall  f1-score   support

          F     0.6222    0.5490    0.5833        51
          M     0.5965    0.6667    0.6296        51

avg / total     0.6094    0.6078    0.6065       102

weighted f1: 60.6
['F' 'M']
Classifier accuracy train: 97.79
===== dev set ====
Classifier: 65.69
             precision    recall  f1-score   support

          F     0.6379    0.7255    0.6789        51
          M     0.6818    0.5882    0.6316        51

avg / total     0.6599    0.6569    0.6552       102

weighted f1: 65.5
['F' 'M']
Classifier accuracy train: 97.90
===== dev set ====
Classifier: 63.73
             precision    recall  f1-score   support

          F     0.6346    0.6471    0.6408        51
          M     0.6400    0.6275    0.6337        51

avg / total     0.6373    0.6373    0.6372       102

weighted f1: 63.7
['F' 'M']
Classifier accuracy train: 97.68
===== dev set ====
Classifier: 61.76
             precision    recall  f1-score   support

          F     0.6579    0.4902    0.5618        51
          M     0.5938    0.7451    0.6609        51

avg / total     0.6258    0.6176    0.6113       102

weighted f1: 61.1
['F' 'M']
Classifier accuracy train: 98.35
===== dev set ====
Classifier: 66.00
             precision    recall  f1-score   support

          F     0.6818    0.6000    0.6383        50
          M     0.6429    0.7200    0.6792        50

avg / total     0.6623    0.6600    0.6588       100

weighted f1: 65.9
['F' 'M']
Classifier accuracy train: 98.13
===== dev set ====
Classifier: 63.00
             precision    recall  f1-score   support

          F     0.6512    0.5600    0.6022        50
          M     0.6140    0.7000    0.6542        50

avg / total     0.6326    0.6300    0.6282       100

weighted f1: 62.8
['F' 'M']
Classifier accuracy train: 76.65
===== dev set ====
Classifier: 57.00
             precision    recall  f1-score   support

          F     0.7059    0.2400    0.3582        50
          M     0.5422    0.9000    0.6767        50

avg / total     0.6240    0.5700    0.5175       100

weighted f1: 51.7
['F' 'M']
Classifier accuracy train: 97.91
===== dev set ====
Classifier: 64.00
             precision    recall  f1-score   support

          F     0.6400    0.6400    0.6400        50
          M     0.6400    0.6400    0.6400        50

avg / total     0.6400    0.6400    0.6400       100

weighted f1: 64.0
['F' 'M']
Classifier accuracy train: 92.84
===== dev set ====
Classifier: 63.00
             precision    recall  f1-score   support

          F     0.6000    0.7800    0.6783        50
          M     0.6857    0.4800    0.5647        50

avg / total     0.6429    0.6300    0.6215       100

weighted f1: 62.1
['F' 'M']
Classifier accuracy train: 91.41
===== dev set ====
Classifier: 65.00
             precision    recall  f1-score   support

          F     0.5949    0.9400    0.7287        50
          M     0.8571    0.3600    0.5070        50

avg / total     0.7260    0.6500    0.6179       100

weighted f1: 61.8
==================================
mean f1: 61.94 (3.78)
mean acc: 63.00 (2.53)
===
first instance
Majority weighted F1: 33.33 acc: 50.00
embeds None
data data/FR-data-200tweets.json.balanced.punctCons
rm_uu False
C 1
show_instance False
n_gram 5
folds 10
tf_idf False
pred False
test None
analyze_features None
c_n_gram 0
only_mean False
