load data..
vectorize data..
Vocab size: 36019
['F' 'M']
Classifier accuracy train: 85.87
===== dev set ====
Classifier: 58.82
             precision    recall  f1-score   support

          F     0.6098    0.4902    0.5435        51
          M     0.5738    0.6863    0.6250        51

avg / total     0.5918    0.5882    0.5842       102

weighted f1: 58.4
['F' 'M']
Classifier accuracy train: 57.95
===== dev set ====
Classifier: 47.06
             precision    recall  f1-score   support

          F     0.2000    0.0196    0.0357        51
          M     0.4845    0.9216    0.6351        51

avg / total     0.3423    0.4706    0.3354       102

weighted f1: 33.5
['F' 'M']
Classifier accuracy train: 87.97
===== dev set ====
Classifier: 57.84
             precision    recall  f1-score   support

          F     0.5645    0.6863    0.6195        51
          M     0.6000    0.4706    0.5275        51

avg / total     0.5823    0.5784    0.5735       102

weighted f1: 57.3
['F' 'M']
Classifier accuracy train: 70.20
===== dev set ====
Classifier: 57.84
             precision    recall  f1-score   support

          F     0.7857    0.2157    0.3385        51
          M     0.5455    0.9412    0.6906        51

avg / total     0.6656    0.5784    0.5146       102

weighted f1: 51.5
['F' 'M']
Classifier accuracy train: 88.66
===== dev set ====
Classifier: 63.00
             precision    recall  f1-score   support

          F     0.6275    0.6400    0.6337        50
          M     0.6327    0.6200    0.6263        50

avg / total     0.6301    0.6300    0.6300       100

weighted f1: 63.0
['F' 'M']
Classifier accuracy train: 89.10
===== dev set ====
Classifier: 62.00
             precision    recall  f1-score   support

          F     0.6667    0.4800    0.5581        50
          M     0.5938    0.7600    0.6667        50

avg / total     0.6302    0.6200    0.6124       100

weighted f1: 61.2
['F' 'M']
Classifier accuracy train: 89.10
===== dev set ====
Classifier: 61.00
             precision    recall  f1-score   support

          F     0.6000    0.6600    0.6286        50
          M     0.6222    0.5600    0.5895        50

avg / total     0.6111    0.6100    0.6090       100

weighted f1: 60.9
['F' 'M']
Classifier accuracy train: 79.30
===== dev set ====
Classifier: 58.00
             precision    recall  f1-score   support

          F     0.5526    0.8400    0.6667        50
          M     0.6667    0.3200    0.4324        50

avg / total     0.6096    0.5800    0.5495       100

weighted f1: 55.0
['F' 'M']
Classifier accuracy train: 80.40
===== dev set ====
Classifier: 55.00
             precision    recall  f1-score   support

          F     0.5325    0.8200    0.6457        50
          M     0.6087    0.2800    0.3836        50

avg / total     0.5706    0.5500    0.5146       100

weighted f1: 51.5
['F' 'M']
Classifier accuracy train: 79.74
===== dev set ====
Classifier: 61.00
             precision    recall  f1-score   support

          F     0.6667    0.4400    0.5301        50
          M     0.5821    0.7800    0.6667        50

avg / total     0.6244    0.6100    0.5984       100

weighted f1: 59.8
==================================
mean f1: 55.22 (8.15)
mean acc: 58.16 (4.34)
===
first instance
Majority weighted F1: 33.33 acc: 50.00
pred False
analyze_features None
show_instance False
folds 10
embeds None
rm_uu False
data data/FR-data-200tweets.json.balanced.punctAgr
c_n_gram 0
test None
tf_idf False
n_gram 6
only_mean False
C 1
