load data..
vectorize data..
Vocab size: 85411
['F' 'M']
Classifier accuracy train: 52.87
===== dev set ====
Classifier: 50.98
             precision    recall  f1-score   support

          F     0.6667    0.0392    0.0741        51
          M     0.5051    0.9804    0.6667        51

avg / total     0.5859    0.5098    0.3704       102

weighted f1: 37.0
['F' 'M']
Classifier accuracy train: 55.52
===== dev set ====
Classifier: 54.90
             precision    recall  f1-score   support

          F     0.5258    1.0000    0.6892        51
          M     1.0000    0.0980    0.1786        51

avg / total     0.7629    0.5490    0.4339       102

weighted f1: 43.4
['F' 'M']
Classifier accuracy train: 55.63
===== dev set ====
Classifier: 54.90
             precision    recall  f1-score   support

          F     0.8571    0.1176    0.2069        51
          M     0.5263    0.9804    0.6849        51

avg / total     0.6917    0.5490    0.4459       102

weighted f1: 44.6
['F' 'M']
Classifier accuracy train: 85.21
===== dev set ====
Classifier: 68.63
             precision    recall  f1-score   support

          F     0.7021    0.6471    0.6735        51
          M     0.6727    0.7255    0.6981        51

avg / total     0.6874    0.6863    0.6858       102

weighted f1: 68.6
['F' 'M']
Classifier accuracy train: 79.96
===== dev set ====
Classifier: 68.00
             precision    recall  f1-score   support

          F     0.7812    0.5000    0.6098        50
          M     0.6324    0.8600    0.7288        50

avg / total     0.7068    0.6800    0.6693       100

weighted f1: 66.9
['F' 'M']
Classifier accuracy train: 73.90
===== dev set ====
Classifier: 55.00
             precision    recall  f1-score   support

          F     0.5309    0.8600    0.6565        50
          M     0.6316    0.2400    0.3478        50

avg / total     0.5812    0.5500    0.5022       100

weighted f1: 50.2
['F' 'M']
Classifier accuracy train: 72.91
===== dev set ====
Classifier: 63.00
             precision    recall  f1-score   support

          F     0.5844    0.9000    0.7087        50
          M     0.7826    0.3600    0.4932        50

avg / total     0.6835    0.6300    0.6009       100

weighted f1: 60.1
['F' 'M']
Classifier accuracy train: 60.57
===== dev set ====
Classifier: 53.00
             precision    recall  f1-score   support

          F     0.6667    0.1200    0.2034        50
          M     0.5165    0.9400    0.6667        50

avg / total     0.5916    0.5300    0.4350       100

weighted f1: 43.5
['F' 'M']
Classifier accuracy train: 56.94
===== dev set ====
Classifier: 56.00
             precision    recall  f1-score   support

          F     1.0000    0.1200    0.2143        50
          M     0.5319    1.0000    0.6944        50

avg / total     0.7660    0.5600    0.4544       100

weighted f1: 45.4
['F' 'M']
Classifier accuracy train: 51.65
===== dev set ====
Classifier: 52.00
             precision    recall  f1-score   support

          F     0.5102    1.0000    0.6757        50
          M     1.0000    0.0400    0.0769        50

avg / total     0.7551    0.5200    0.3763       100

weighted f1: 37.6
==================================
mean f1: 49.74 (10.91)
mean acc: 57.64 (6.16)
===
first instance
Majority weighted F1: 33.33 acc: 50.00
c_n_gram 0
rm_uu False
pred False
analyze_features None
show_instance False
folds 10
only_mean False
n_gram 1-3
data data/FR-data-200tweets.json.balanced.punctCons
C 1
tf_idf False
embeds None
test None
