load data..
vectorize data..
Vocab size: 198049
['F' 'M']
Classifier accuracy train: 74.06
===== dev set ====
Classifier: 65.69
             precision    recall  f1-score   support

          F     0.5952    0.9804    0.7407        51
          M     0.9444    0.3333    0.4928        51

avg / total     0.7698    0.6569    0.6167       102

weighted f1: 61.7
['F' 'M']
Classifier accuracy train: 89.96
===== dev set ====
Classifier: 68.63
             precision    recall  f1-score   support

          F     0.7317    0.5882    0.6522        51
          M     0.6557    0.7843    0.7143        51

avg / total     0.6937    0.6863    0.6832       102

weighted f1: 68.3
['F' 'M']
Classifier accuracy train: 68.43
===== dev set ====
Classifier: 58.82
             precision    recall  f1-score   support

          F     0.7368    0.2745    0.4000        51
          M     0.5542    0.9020    0.6866        51

avg / total     0.6455    0.5882    0.5433       102

weighted f1: 54.3
['F' 'M']
Classifier accuracy train: 88.08
===== dev set ====
Classifier: 61.76
             precision    recall  f1-score   support

          F     0.5882    0.7843    0.6723        51
          M     0.6765    0.4510    0.5412        51

avg / total     0.6324    0.6176    0.6067       102

weighted f1: 60.7
['F' 'M']
Classifier accuracy train: 77.75
===== dev set ====
Classifier: 63.00
             precision    recall  f1-score   support

          F     0.8095    0.3400    0.4789        50
          M     0.5823    0.9200    0.7132        50

avg / total     0.6959    0.6300    0.5960       100

weighted f1: 59.6
['F' 'M']
Classifier accuracy train: 76.65
===== dev set ====
Classifier: 59.00
             precision    recall  f1-score   support

          F     0.7368    0.2800    0.4058        50
          M     0.5556    0.9000    0.6870        50

avg / total     0.6462    0.5900    0.5464       100

weighted f1: 54.6
['F' 'M']
Classifier accuracy train: 92.51
===== dev set ====
Classifier: 68.00
             precision    recall  f1-score   support

          F     0.7045    0.6200    0.6596        50
          M     0.6607    0.7400    0.6981        50

avg / total     0.6826    0.6800    0.6788       100

weighted f1: 67.9
['F' 'M']
Classifier accuracy train: 80.07
===== dev set ====
Classifier: 59.00
             precision    recall  f1-score   support

          F     0.5542    0.9200    0.6917        50
          M     0.7647    0.2600    0.3881        50

avg / total     0.6595    0.5900    0.5399       100

weighted f1: 54.0
['F' 'M']
Classifier accuracy train: 57.60
===== dev set ====
Classifier: 52.00
             precision    recall  f1-score   support

          F     0.7500    0.0600    0.1111        50
          M     0.5104    0.9800    0.6712        50

avg / total     0.6302    0.5200    0.3912       100

weighted f1: 39.1
['F' 'M']
Classifier accuracy train: 82.71
===== dev set ====
Classifier: 68.00
             precision    recall  f1-score   support

          F     0.6184    0.9400    0.7460        50
          M     0.8750    0.4200    0.5676        50

avg / total     0.7467    0.6800    0.6568       100

weighted f1: 65.7
==================================
mean f1: 58.59 (8.25)
mean acc: 62.39 (5.07)
===
first instance
Majority weighted F1: 33.33 acc: 50.00
rm_uu False
data data/FR-data-200tweets.json.balanced.shape
embeds None
show_instance False
n_gram 1-4
test None
pred False
c_n_gram 0
analyze_features None
tf_idf False
only_mean False
folds 10
C 1
