load data..
vectorize data..
Vocab size: 17837
['F' 'M']
Classifier accuracy train: 80.57
===== dev set ====
Classifier: 67.65
             precision    recall  f1-score   support

          F     0.6364    0.8235    0.7179        51
          M     0.7500    0.5294    0.6207        51

avg / total     0.6932    0.6765    0.6693       102

weighted f1: 66.9
['F' 'M']
Classifier accuracy train: 64.02
===== dev set ====
Classifier: 59.80
             precision    recall  f1-score   support

          F     0.8571    0.2353    0.3692        51
          M     0.5568    0.9608    0.7050        51

avg / total     0.7070    0.5980    0.5371       102

weighted f1: 53.7
['F' 'M']
Classifier accuracy train: 63.47
===== dev set ====
Classifier: 54.90
             precision    recall  f1-score   support

          F     0.6667    0.1961    0.3030        51
          M     0.5287    0.9020    0.6667        51

avg / total     0.5977    0.5490    0.4848       102

weighted f1: 48.5
['F' 'M']
Classifier accuracy train: 57.95
===== dev set ====
Classifier: 54.90
             precision    recall  f1-score   support

          F     0.8571    0.1176    0.2069        51
          M     0.5263    0.9804    0.6849        51

avg / total     0.6917    0.5490    0.4459       102

weighted f1: 44.6
['F' 'M']
Classifier accuracy train: 67.95
===== dev set ====
Classifier: 53.00
             precision    recall  f1-score   support

          F     0.6000    0.1800    0.2769        50
          M     0.5176    0.8800    0.6519        50

avg / total     0.5588    0.5300    0.4644       100

weighted f1: 46.4
['F' 'M']
Classifier accuracy train: 62.33
===== dev set ====
Classifier: 56.00
             precision    recall  f1-score   support

          F     0.7500    0.1800    0.2903        50
          M     0.5341    0.9400    0.6812        50

avg / total     0.6420    0.5600    0.4857       100

weighted f1: 48.6
['F' 'M']
Classifier accuracy train: 80.07
===== dev set ====
Classifier: 67.00
             precision    recall  f1-score   support

          F     0.6308    0.8200    0.7130        50
          M     0.7429    0.5200    0.6118        50

avg / total     0.6868    0.6700    0.6624       100

weighted f1: 66.2
['F' 'M']
Classifier accuracy train: 70.15
===== dev set ====
Classifier: 60.00
             precision    recall  f1-score   support

          F     0.7500    0.3000    0.4286        50
          M     0.5625    0.9000    0.6923        50

avg / total     0.6562    0.6000    0.5604       100

weighted f1: 56.0
['F' 'M']
Classifier accuracy train: 79.30
===== dev set ====
Classifier: 70.00
             precision    recall  f1-score   support

          F     0.8333    0.5000    0.6250        50
          M     0.6429    0.9000    0.7500        50

avg / total     0.7381    0.7000    0.6875       100

weighted f1: 68.8
['F' 'M']
Classifier accuracy train: 75.99
===== dev set ====
Classifier: 65.00
             precision    recall  f1-score   support

          F     0.5949    0.9400    0.7287        50
          M     0.8571    0.3600    0.5070        50

avg / total     0.7260    0.6500    0.6179       100

weighted f1: 61.8
==================================
mean f1: 56.16 (8.71)
mean acc: 60.83 (5.85)
===
first instance
Majority weighted F1: 33.33 acc: 50.00
tf_idf False
test None
only_mean False
rm_uu False
embeds None
folds 10
analyze_features None
c_n_gram 0
pred False
C 1
n_gram 2
data data/FR-data-200tweets.json.balanced.shape
show_instance False
