load data..
vectorize data..
Vocab size: 288925
['F' 'M']
Classifier accuracy train: 100.00
===== dev set ====
Classifier: 63.73
             precision    recall  f1-score   support

          F     0.6296    0.6667    0.6476        51
          M     0.6458    0.6078    0.6263        51

avg / total     0.6377    0.6373    0.6369       102

weighted f1: 63.7
['F' 'M']
Classifier accuracy train: 100.00
===== dev set ====
Classifier: 74.51
             precision    recall  f1-score   support

          F     0.7273    0.7843    0.7547        51
          M     0.7660    0.7059    0.7347        51

avg / total     0.7466    0.7451    0.7447       102

weighted f1: 74.5
['F' 'M']
Classifier accuracy train: 100.00
===== dev set ====
Classifier: 57.84
             precision    recall  f1-score   support

          F     0.5741    0.6078    0.5905        51
          M     0.5833    0.5490    0.5657        51

avg / total     0.5787    0.5784    0.5781       102

weighted f1: 57.8
['F' 'M']
Classifier accuracy train: 100.00
===== dev set ====
Classifier: 67.65
             precision    recall  f1-score   support

          F     0.6800    0.6667    0.6733        51
          M     0.6731    0.6863    0.6796        51

avg / total     0.6765    0.6765    0.6764       102

weighted f1: 67.6
['F' 'M']
Classifier accuracy train: 100.00
===== dev set ====
Classifier: 56.00
             precision    recall  f1-score   support

          F     0.5600    0.5600    0.5600        50
          M     0.5600    0.5600    0.5600        50

avg / total     0.5600    0.5600    0.5600       100

weighted f1: 56.0
['F' 'M']
Classifier accuracy train: 100.00
===== dev set ====
Classifier: 62.00
             precision    recall  f1-score   support

          F     0.6250    0.6000    0.6122        50
          M     0.6154    0.6400    0.6275        50

avg / total     0.6202    0.6200    0.6198       100

weighted f1: 62.0
['F' 'M']
Classifier accuracy train: 100.00
===== dev set ====
Classifier: 71.00
             precision    recall  f1-score   support

          F     0.7561    0.6200    0.6813        50
          M     0.6780    0.8000    0.7339        50

avg / total     0.7170    0.7100    0.7076       100

weighted f1: 70.8
['F' 'M']
Classifier accuracy train: 100.00
===== dev set ====
Classifier: 63.00
             precision    recall  f1-score   support

          F     0.6066    0.7400    0.6667        50
          M     0.6667    0.5200    0.5843        50

avg / total     0.6366    0.6300    0.6255       100

weighted f1: 62.5
['F' 'M']
Classifier accuracy train: 100.00
===== dev set ====
Classifier: 72.00
             precision    recall  f1-score   support

          F     0.7200    0.7200    0.7200        50
          M     0.7200    0.7200    0.7200        50

avg / total     0.7200    0.7200    0.7200       100

weighted f1: 72.0
['F' 'M']
Classifier accuracy train: 100.00
===== dev set ====
Classifier: 62.00
             precision    recall  f1-score   support

          F     0.6154    0.6400    0.6275        50
          M     0.6250    0.6000    0.6122        50

avg / total     0.6202    0.6200    0.6198       100

weighted f1: 62.0
==================================
mean f1: 64.89 (5.81)
mean acc: 64.97 (5.82)
===
first instance
Majority weighted F1: 33.33 acc: 50.00
c_n_gram 0
pred False
only_mean False
test None
analyze_features None
data data/FR-data-200tweets.json.balanced.shape
n_gram 6
show_instance False
C 1
rm_uu False
folds 10
embeds None
tf_idf False
