load data..
vectorize data..
Vocab size: 689617
['F' 'M']
Classifier accuracy train: 77.37
===== dev set ====
Classifier: 62.75
             precision    recall  f1-score   support

          F     0.5730    1.0000    0.7286        51
          M     1.0000    0.2549    0.4062        51

avg / total     0.7865    0.6275    0.5674       102

weighted f1: 56.7
['F' 'M']
Classifier accuracy train: 96.80
===== dev set ====
Classifier: 73.53
             precision    recall  f1-score   support

          F     0.7857    0.6471    0.7097        51
          M     0.7000    0.8235    0.7568        51

avg / total     0.7429    0.7353    0.7332       102

weighted f1: 73.3
['F' 'M']
Classifier accuracy train: 88.74
===== dev set ====
Classifier: 62.75
             precision    recall  f1-score   support

          F     0.5890    0.8431    0.6935        51
          M     0.7241    0.4118    0.5250        51

avg / total     0.6566    0.6275    0.6093       102

weighted f1: 60.9
['F' 'M']
Classifier accuracy train: 90.62
===== dev set ====
Classifier: 62.75
             precision    recall  f1-score   support

          F     0.5890    0.8431    0.6935        51
          M     0.7241    0.4118    0.5250        51

avg / total     0.6566    0.6275    0.6093       102

weighted f1: 60.9
['F' 'M']
Classifier accuracy train: 95.15
===== dev set ====
Classifier: 67.00
             precision    recall  f1-score   support

          F     0.6269    0.8400    0.7179        50
          M     0.7576    0.5000    0.6024        50

avg / total     0.6922    0.6700    0.6602       100

weighted f1: 66.0
['F' 'M']
Classifier accuracy train: 96.81
===== dev set ====
Classifier: 59.00
             precision    recall  f1-score   support

          F     0.6452    0.4000    0.4938        50
          M     0.5652    0.7800    0.6555        50

avg / total     0.6052    0.5900    0.5746       100

weighted f1: 57.5
['F' 'M']
Classifier accuracy train: 93.83
===== dev set ====
Classifier: 74.00
             precision    recall  f1-score   support

          F     0.7000    0.8400    0.7636        50
          M     0.8000    0.6400    0.7111        50

avg / total     0.7500    0.7400    0.7374       100

weighted f1: 73.7
['F' 'M']
Classifier accuracy train: 96.04
===== dev set ====
Classifier: 61.00
             precision    recall  f1-score   support

          F     0.5775    0.8200    0.6777        50
          M     0.6897    0.4000    0.5063        50

avg / total     0.6336    0.6100    0.5920       100

weighted f1: 59.2
['F' 'M']
Classifier accuracy train: 93.94
===== dev set ====
Classifier: 72.00
             precision    recall  f1-score   support

          F     0.6719    0.8600    0.7544        50
          M     0.8056    0.5800    0.6744        50

avg / total     0.7387    0.7200    0.7144       100

weighted f1: 71.4
['F' 'M']
Classifier accuracy train: 94.60
===== dev set ====
Classifier: 65.00
             precision    recall  f1-score   support

          F     0.7027    0.5200    0.5977        50
          M     0.6190    0.7800    0.6903        50

avg / total     0.6609    0.6500    0.6440       100

weighted f1: 64.4
==================================
mean f1: 64.42 (6.14)
mean acc: 65.98 (5.14)
===
first instance
Majority weighted F1: 33.33 acc: 50.00
tf_idf False
pred False
data data/FR-data-200tweets.json.balanced.shape
embeds None
n_gram 1-6
c_n_gram 0
only_mean False
C 1
analyze_features None
folds 10
show_instance False
test None
rm_uu False
