load data..
vectorize data..
Vocab size: 121022
['F' 'M']
Classifier accuracy train: 99.23
===== dev set ====
Classifier: 61.76
             precision    recall  f1-score   support

          F     0.6304    0.5686    0.5979        51
          M     0.6071    0.6667    0.6355        51

avg / total     0.6188    0.6176    0.6167       102

weighted f1: 61.7
['F' 'M']
Classifier accuracy train: 99.56
===== dev set ====
Classifier: 74.51
             precision    recall  f1-score   support

          F     0.8049    0.6471    0.7174        51
          M     0.7049    0.8431    0.7679        51

avg / total     0.7549    0.7451    0.7426       102

weighted f1: 74.3
['F' 'M']
Classifier accuracy train: 99.01
===== dev set ====
Classifier: 65.69
             precision    recall  f1-score   support

          F     0.6481    0.6863    0.6667        51
          M     0.6667    0.6275    0.6465        51

avg / total     0.6574    0.6569    0.6566       102

weighted f1: 65.7
['F' 'M']
Classifier accuracy train: 98.57
===== dev set ====
Classifier: 69.61
             precision    recall  f1-score   support

          F     0.6724    0.7647    0.7156        51
          M     0.7273    0.6275    0.6737        51

avg / total     0.6998    0.6961    0.6946       102

weighted f1: 69.5
['F' 'M']
Classifier accuracy train: 95.70
===== dev set ====
Classifier: 62.00
             precision    recall  f1-score   support

          F     0.5909    0.7800    0.6724        50
          M     0.6765    0.4600    0.5476        50

avg / total     0.6337    0.6200    0.6100       100

weighted f1: 61.0
['F' 'M']
Classifier accuracy train: 99.34
===== dev set ====
Classifier: 66.00
             precision    recall  f1-score   support

          F     0.6905    0.5800    0.6304        50
          M     0.6379    0.7400    0.6852        50

avg / total     0.6642    0.6600    0.6578       100

weighted f1: 65.8
['F' 'M']
Classifier accuracy train: 99.01
===== dev set ====
Classifier: 71.00
             precision    recall  f1-score   support

          F     0.7333    0.6600    0.6947        50
          M     0.6909    0.7600    0.7238        50

avg / total     0.7121    0.7100    0.7093       100

weighted f1: 70.9
['F' 'M']
Classifier accuracy train: 99.12
===== dev set ====
Classifier: 65.00
             precision    recall  f1-score   support

          F     0.6230    0.7600    0.6847        50
          M     0.6923    0.5400    0.6067        50

avg / total     0.6576    0.6500    0.6457       100

weighted f1: 64.6
['F' 'M']
Classifier accuracy train: 98.46
===== dev set ====
Classifier: 67.00
             precision    recall  f1-score   support

          F     0.6491    0.7400    0.6916        50
          M     0.6977    0.6000    0.6452        50

avg / total     0.6734    0.6700    0.6684       100

weighted f1: 66.8
['F' 'M']
Classifier accuracy train: 99.01
===== dev set ====
Classifier: 67.00
             precision    recall  f1-score   support

          F     0.6604    0.7000    0.6796        50
          M     0.6809    0.6400    0.6598        50

avg / total     0.6706    0.6700    0.6697       100

weighted f1: 67.0
==================================
mean f1: 66.71 (3.83)
mean acc: 66.96 (3.72)
===
first instance
Majority weighted F1: 33.33 acc: 50.00
n_gram 4
analyze_features None
tf_idf False
only_mean False
pred False
C 1
test None
rm_uu False
embeds None
c_n_gram 0
show_instance False
data data/FR-data-200tweets.json.balanced.shape
folds 10
