load data..
vectorize data..
Vocab size: 1275078
['F' 'M']
Classifier accuracy train: 100.00
===== dev set ====
Classifier: 78.43
             precision    recall  f1-score   support

          F     0.7736    0.8039    0.7885        51
          M     0.7959    0.7647    0.7800        51

avg / total     0.7848    0.7843    0.7842       102

weighted f1: 78.4
['F' 'M']
Classifier accuracy train: 100.00
===== dev set ====
Classifier: 77.45
             precision    recall  f1-score   support

          F     0.7800    0.7647    0.7723        51
          M     0.7692    0.7843    0.7767        51

avg / total     0.7746    0.7745    0.7745       102

weighted f1: 77.4
['F' 'M']
Classifier accuracy train: 100.00
===== dev set ====
Classifier: 79.41
             precision    recall  f1-score   support

          F     0.7778    0.8235    0.8000        51
          M     0.8125    0.7647    0.7879        51

avg / total     0.7951    0.7941    0.7939       102

weighted f1: 79.4
['F' 'M']
Classifier accuracy train: 100.00
===== dev set ====
Classifier: 73.53
             precision    recall  f1-score   support

          F     0.7500    0.7059    0.7273        51
          M     0.7222    0.7647    0.7429        51

avg / total     0.7361    0.7353    0.7351       102

weighted f1: 73.5
['F' 'M']
Classifier accuracy train: 100.00
===== dev set ====
Classifier: 71.00
             precision    recall  f1-score   support

          F     0.7059    0.7200    0.7129        50
          M     0.7143    0.7000    0.7071        50

avg / total     0.7101    0.7100    0.7100       100

weighted f1: 71.0
['F' 'M']
Classifier accuracy train: 100.00
===== dev set ====
Classifier: 71.00
             precision    recall  f1-score   support

          F     0.7442    0.6400    0.6882        50
          M     0.6842    0.7800    0.7290        50

avg / total     0.7142    0.7100    0.7086       100

weighted f1: 70.9
['F' 'M']
Classifier accuracy train: 100.00
===== dev set ====
Classifier: 72.00
             precision    recall  f1-score   support

          F     0.7750    0.6200    0.6889        50
          M     0.6833    0.8200    0.7455        50

avg / total     0.7292    0.7200    0.7172       100

weighted f1: 71.7
['F' 'M']
Classifier accuracy train: 100.00
===== dev set ====
Classifier: 81.00
             precision    recall  f1-score   support

          F     0.7818    0.8600    0.8190        50
          M     0.8444    0.7600    0.8000        50

avg / total     0.8131    0.8100    0.8095       100

weighted f1: 81.0
['F' 'M']
Classifier accuracy train: 100.00
===== dev set ====
Classifier: 73.00
             precision    recall  f1-score   support

          F     0.7805    0.6400    0.7033        50
          M     0.6949    0.8200    0.7523        50

avg / total     0.7377    0.7300    0.7278       100

weighted f1: 72.8
['F' 'M']
Classifier accuracy train: 100.00
===== dev set ====
Classifier: 81.00
             precision    recall  f1-score   support

          F     0.8039    0.8200    0.8119        50
          M     0.8163    0.8000    0.8081        50

avg / total     0.8101    0.8100    0.8100       100

weighted f1: 81.0
==================================
mean f1: 75.71 (3.93)
mean acc: 75.78 (3.88)
===
first instance
Majority weighted F1: 33.33 acc: 50.00
rm_uu False
pred False
only_mean False
C 1
analyze_features None
data data/FR-data-200tweets.json.balanced.vowels
folds 10
test None
c_n_gram 0
embeds None
tf_idf False
n_gram 1-3
show_instance False
