load data..
vectorize data..
Vocab size: 4629829
['F' 'M']
Classifier accuracy train: 100.00
===== dev set ====
Classifier: 76.47
             precision    recall  f1-score   support

          F     0.7455    0.8039    0.7736        51
          M     0.7872    0.7255    0.7551        51

avg / total     0.7663    0.7647    0.7643       102

weighted f1: 76.4
['F' 'M']
Classifier accuracy train: 100.00
===== dev set ====
Classifier: 76.47
             precision    recall  f1-score   support

          F     0.7755    0.7451    0.7600        51
          M     0.7547    0.7843    0.7692        51

avg / total     0.7651    0.7647    0.7646       102

weighted f1: 76.5
['F' 'M']
Classifier accuracy train: 100.00
===== dev set ====
Classifier: 79.41
             precision    recall  f1-score   support

          F     0.7778    0.8235    0.8000        51
          M     0.8125    0.7647    0.7879        51

avg / total     0.7951    0.7941    0.7939       102

weighted f1: 79.4
['F' 'M']
Classifier accuracy train: 100.00
===== dev set ====
Classifier: 75.49
             precision    recall  f1-score   support

          F     0.7708    0.7255    0.7475        51
          M     0.7407    0.7843    0.7619        51

avg / total     0.7558    0.7549    0.7547       102

weighted f1: 75.5
['F' 'M']
Classifier accuracy train: 100.00
===== dev set ====
Classifier: 70.00
             precision    recall  f1-score   support

          F     0.6923    0.7200    0.7059        50
          M     0.7083    0.6800    0.6939        50

avg / total     0.7003    0.7000    0.6999       100

weighted f1: 70.0
['F' 'M']
Classifier accuracy train: 100.00
===== dev set ====
Classifier: 71.00
             precision    recall  f1-score   support

          F     0.7442    0.6400    0.6882        50
          M     0.6842    0.7800    0.7290        50

avg / total     0.7142    0.7100    0.7086       100

weighted f1: 70.9
['F' 'M']
Classifier accuracy train: 100.00
===== dev set ====
Classifier: 70.00
             precision    recall  f1-score   support

          F     0.7500    0.6000    0.6667        50
          M     0.6667    0.8000    0.7273        50

avg / total     0.7083    0.7000    0.6970       100

weighted f1: 69.7
['F' 'M']
Classifier accuracy train: 100.00
===== dev set ====
Classifier: 80.00
             precision    recall  f1-score   support

          F     0.7679    0.8600    0.8113        50
          M     0.8409    0.7400    0.7872        50

avg / total     0.8044    0.8000    0.7993       100

weighted f1: 79.9
['F' 'M']
Classifier accuracy train: 100.00
===== dev set ====
Classifier: 73.00
             precision    recall  f1-score   support

          F     0.7805    0.6400    0.7033        50
          M     0.6949    0.8200    0.7523        50

avg / total     0.7377    0.7300    0.7278       100

weighted f1: 72.8
['F' 'M']
Classifier accuracy train: 100.00
===== dev set ====
Classifier: 80.00
             precision    recall  f1-score   support

          F     0.7679    0.8600    0.8113        50
          M     0.8409    0.7400    0.7872        50

avg / total     0.8044    0.8000    0.7993       100

weighted f1: 79.9
==================================
mean f1: 75.09 (3.84)
mean acc: 75.18 (3.79)
===
first instance
Majority weighted F1: 33.33 acc: 50.00
tf_idf False
analyze_features None
show_instance False
n_gram 1-5
test None
C 1
only_mean False
rm_uu False
c_n_gram 0
pred False
folds 10
embeds None
data data/FR-data-200tweets.json.balanced.vowels
