load data..
vectorize data..
Vocab size: 325285
['F' 'M']
Classifier accuracy train: 100.00
===== dev set ====
Classifier: 82.35
             precision    recall  f1-score   support

          F     0.8235    0.8235    0.8235        51
          M     0.8235    0.8235    0.8235        51

avg / total     0.8235    0.8235    0.8235       102

weighted f1: 82.4
['F' 'M']
Classifier accuracy train: 100.00
===== dev set ====
Classifier: 75.49
             precision    recall  f1-score   support

          F     0.7600    0.7451    0.7525        51
          M     0.7500    0.7647    0.7573        51

avg / total     0.7550    0.7549    0.7549       102

weighted f1: 75.5
['F' 'M']
Classifier accuracy train: 100.00
===== dev set ====
Classifier: 78.43
             precision    recall  f1-score   support

          F     0.7636    0.8235    0.7925        51
          M     0.8085    0.7451    0.7755        51

avg / total     0.7861    0.7843    0.7840       102

weighted f1: 78.4
['F' 'M']
Classifier accuracy train: 100.00
===== dev set ====
Classifier: 75.49
             precision    recall  f1-score   support

          F     0.7500    0.7647    0.7573        51
          M     0.7600    0.7451    0.7525        51

avg / total     0.7550    0.7549    0.7549       102

weighted f1: 75.5
['F' 'M']
Classifier accuracy train: 100.00
===== dev set ====
Classifier: 72.00
             precision    recall  f1-score   support

          F     0.7200    0.7200    0.7200        50
          M     0.7200    0.7200    0.7200        50

avg / total     0.7200    0.7200    0.7200       100

weighted f1: 72.0
['F' 'M']
Classifier accuracy train: 100.00
===== dev set ====
Classifier: 71.00
             precision    recall  f1-score   support

          F     0.7561    0.6200    0.6813        50
          M     0.6780    0.8000    0.7339        50

avg / total     0.7170    0.7100    0.7076       100

weighted f1: 70.8
['F' 'M']
Classifier accuracy train: 100.00
===== dev set ====
Classifier: 70.00
             precision    recall  f1-score   support

          F     0.7632    0.5800    0.6591        50
          M     0.6613    0.8200    0.7321        50

avg / total     0.7122    0.7000    0.6956       100

weighted f1: 69.6
['F' 'M']
Classifier accuracy train: 100.00
===== dev set ====
Classifier: 80.00
             precision    recall  f1-score   support

          F     0.7679    0.8600    0.8113        50
          M     0.8409    0.7400    0.7872        50

avg / total     0.8044    0.8000    0.7993       100

weighted f1: 79.9
['F' 'M']
Classifier accuracy train: 100.00
===== dev set ====
Classifier: 72.00
             precision    recall  f1-score   support

          F     0.7750    0.6200    0.6889        50
          M     0.6833    0.8200    0.7455        50

avg / total     0.7292    0.7200    0.7172       100

weighted f1: 71.7
['F' 'M']
Classifier accuracy train: 100.00
===== dev set ====
Classifier: 78.00
             precision    recall  f1-score   support

          F     0.7593    0.8200    0.7885        50
          M     0.8043    0.7400    0.7708        50

avg / total     0.7818    0.7800    0.7796       100

weighted f1: 78.0
==================================
mean f1: 75.37 (4.06)
mean acc: 75.48 (3.96)
===
first instance
Majority weighted F1: 33.33 acc: 50.00
embeds None
data data/FR-data-200tweets.json.balanced.vowels
c_n_gram 0
rm_uu False
show_instance False
n_gram 1-2
test None
C 1
only_mean False
pred False
tf_idf False
analyze_features None
folds 10
