load data..
vectorize data..
Vocab size: 1431997
['F' 'M']
Classifier accuracy train: 90.55
===== dev set ====
Classifier: 76.67
             precision    recall  f1-score   support

          F     0.7000    0.9333    0.8000        45
          M     0.9000    0.6000    0.7200        45

avg / total     0.8000    0.7667    0.7600        90

weighted f1: 76.0
['F' 'M']
Classifier accuracy train: 81.22
===== dev set ====
Classifier: 58.89
             precision    recall  f1-score   support

          F     0.7222    0.2889    0.4127        45
          M     0.5556    0.8889    0.6838        45

avg / total     0.6389    0.5889    0.5482        90

weighted f1: 54.8
['F' 'M']
Classifier accuracy train: 95.65
===== dev set ====
Classifier: 73.33
             precision    recall  f1-score   support

          F     0.7333    0.7333    0.7333        45
          M     0.7333    0.7333    0.7333        45

avg / total     0.7333    0.7333    0.7333        90

weighted f1: 73.3
['F' 'M']
Classifier accuracy train: 56.47
===== dev set ====
Classifier: 53.33
             precision    recall  f1-score   support

          F     1.0000    0.0667    0.1250        45
          M     0.5172    1.0000    0.6818        45

avg / total     0.7586    0.5333    0.4034        90

weighted f1: 40.3
['F' 'M']
Classifier accuracy train: 84.45
===== dev set ====
Classifier: 72.22
             precision    recall  f1-score   support

          F     0.6471    0.9778    0.7788        45
          M     0.9545    0.4667    0.6269        45

avg / total     0.8008    0.7222    0.7028        90

weighted f1: 70.3
['F' 'M']
Classifier accuracy train: 66.17
===== dev set ====
Classifier: 63.33
             precision    recall  f1-score   support

          F     0.5789    0.9778    0.7273        45
          M     0.9286    0.2889    0.4407        45

avg / total     0.7538    0.6333    0.5840        90

weighted f1: 58.4
['F' 'M']
Classifier accuracy train: 83.83
===== dev set ====
Classifier: 67.78
             precision    recall  f1-score   support

          F     0.6212    0.9111    0.7387        45
          M     0.8333    0.4444    0.5797        45

avg / total     0.7273    0.6778    0.6592        90

weighted f1: 65.9
['F' 'M']
Classifier accuracy train: 91.44
===== dev set ====
Classifier: 67.05
             precision    recall  f1-score   support

          F     0.7586    0.5000    0.6027        44
          M     0.6271    0.8409    0.7184        44

avg / total     0.6929    0.6705    0.6606        88

weighted f1: 66.1
['F' 'M']
Classifier accuracy train: 85.48
===== dev set ====
Classifier: 64.77
             precision    recall  f1-score   support

          F     0.5970    0.9091    0.7207        44
          M     0.8095    0.3864    0.5231        44

avg / total     0.7033    0.6477    0.6219        88

weighted f1: 62.2
['F' 'M']
Classifier accuracy train: 93.67
===== dev set ====
Classifier: 72.73
             precision    recall  f1-score   support

          F     0.6852    0.8409    0.7551        44
          M     0.7941    0.6136    0.6923        44

avg / total     0.7397    0.7273    0.7237        88

weighted f1: 72.4
==================================
mean f1: 63.97 (10.14)
mean acc: 67.01 (6.82)
===
first instance
Majority weighted F1: 33.33 acc: 50.00
pred False
analyze_features None
show_instance False
tf_idf False
C 1
rm_uu False
c_n_gram 0
data data/NL-data-200tweets.json.balanced.comb
test None
n_gram 1-3
only_mean False
embeds None
folds 10
