load data..
vectorize data..
Vocab size: 2162483
['F' 'M']
Classifier accuracy train: 100.00
===== dev set ====
Classifier: 75.56
             precision    recall  f1-score   support

          F     0.7805    0.7111    0.7442        45
          M     0.7347    0.8000    0.7660        45

avg / total     0.7576    0.7556    0.7551        90

weighted f1: 75.5
['F' 'M']
Classifier accuracy train: 99.88
===== dev set ====
Classifier: 66.67
             precision    recall  f1-score   support

          F     0.6923    0.6000    0.6429        45
          M     0.6471    0.7333    0.6875        45

avg / total     0.6697    0.6667    0.6652        90

weighted f1: 66.5
['F' 'M']
Classifier accuracy train: 99.88
===== dev set ====
Classifier: 71.11
             precision    recall  f1-score   support

          F     0.6792    0.8000    0.7347        45
          M     0.7568    0.6222    0.6829        45

avg / total     0.7180    0.7111    0.7088        90

weighted f1: 70.9
['F' 'M']
Classifier accuracy train: 99.88
===== dev set ====
Classifier: 73.33
             precision    recall  f1-score   support

          F     0.6780    0.8889    0.7692        45
          M     0.8387    0.5778    0.6842        45

avg / total     0.7583    0.7333    0.7267        90

weighted f1: 72.7
['F' 'M']
Classifier accuracy train: 99.88
===== dev set ====
Classifier: 77.78
             precision    recall  f1-score   support

          F     0.7907    0.7556    0.7727        45
          M     0.7660    0.8000    0.7826        45

avg / total     0.7783    0.7778    0.7777        90

weighted f1: 77.8
['F' 'M']
Classifier accuracy train: 99.88
===== dev set ====
Classifier: 70.00
             precision    recall  f1-score   support

          F     0.6875    0.7333    0.7097        45
          M     0.7143    0.6667    0.6897        45

avg / total     0.7009    0.7000    0.6997        90

weighted f1: 70.0
['F' 'M']
Classifier accuracy train: 99.88
===== dev set ====
Classifier: 72.22
             precision    recall  f1-score   support

          F     0.7381    0.6889    0.7126        45
          M     0.7083    0.7556    0.7312        45

avg / total     0.7232    0.7222    0.7219        90

weighted f1: 72.2
['F' 'M']
Classifier accuracy train: 99.88
===== dev set ====
Classifier: 76.14
             precision    recall  f1-score   support

          F     0.8286    0.6591    0.7342        44
          M     0.7170    0.8636    0.7835        44

avg / total     0.7728    0.7614    0.7588        88

weighted f1: 75.9
['F' 'M']
Classifier accuracy train: 100.00
===== dev set ====
Classifier: 70.45
             precision    recall  f1-score   support

          F     0.7368    0.6364    0.6829        44
          M     0.6800    0.7727    0.7234        44

avg / total     0.7084    0.7045    0.7032        88

weighted f1: 70.3
['F' 'M']
Classifier accuracy train: 100.00
===== dev set ====
Classifier: 67.05
             precision    recall  f1-score   support

          F     0.6667    0.6818    0.6742        44
          M     0.6744    0.6591    0.6667        44

avg / total     0.6705    0.6705    0.6704        88

weighted f1: 67.0
==================================
mean f1: 71.87 (3.52)
mean acc: 72.03 (3.54)
===
first instance
Majority weighted F1: 33.33 acc: 50.00
data data/NL-data-200tweets.json.balanced.comb
analyze_features None
rm_uu False
C 1
embeds None
n_gram 5
only_mean False
c_n_gram 0
folds 10
tf_idf False
test None
show_instance False
pred False
