load data..
vectorize data..
Vocab size: 3088020
['F' 'M']
Classifier accuracy train: 88.56
===== dev set ====
Classifier: 73.33
             precision    recall  f1-score   support

          F     0.6567    0.9778    0.7857        45
          M     0.9565    0.4889    0.6471        45

avg / total     0.8066    0.7333    0.7164        90

weighted f1: 71.6
['F' 'M']
Classifier accuracy train: 96.39
===== dev set ====
Classifier: 63.33
             precision    recall  f1-score   support

          F     0.7000    0.4667    0.5600        45
          M     0.6000    0.8000    0.6857        45

avg / total     0.6500    0.6333    0.6229        90

weighted f1: 62.3
['F' 'M']
Classifier accuracy train: 97.76
===== dev set ====
Classifier: 71.11
             precision    recall  f1-score   support

          F     0.6863    0.7778    0.7292        45
          M     0.7436    0.6444    0.6905        45

avg / total     0.7149    0.7111    0.7098        90

weighted f1: 71.0
['F' 'M']
Classifier accuracy train: 86.44
===== dev set ====
Classifier: 71.11
             precision    recall  f1-score   support

          F     0.9130    0.4667    0.6176        45
          M     0.6418    0.9556    0.7679        45

avg / total     0.7774    0.7111    0.6928        90

weighted f1: 69.3
['F' 'M']
Classifier accuracy train: 84.20
===== dev set ====
Classifier: 71.11
             precision    recall  f1-score   support

          F     0.6377    0.9778    0.7719        45
          M     0.9524    0.4444    0.6061        45

avg / total     0.7950    0.7111    0.6890        90

weighted f1: 68.9
['F' 'M']
Classifier accuracy train: 93.66
===== dev set ====
Classifier: 77.78
             precision    recall  f1-score   support

          F     0.7119    0.9333    0.8077        45
          M     0.9032    0.6222    0.7368        45

avg / total     0.8075    0.7778    0.7723        90

weighted f1: 77.2
['F' 'M']
Classifier accuracy train: 94.65
===== dev set ====
Classifier: 73.33
             precision    recall  f1-score   support

          F     0.6909    0.8444    0.7600        45
          M     0.8000    0.6222    0.7000        45

avg / total     0.7455    0.7333    0.7300        90

weighted f1: 73.0
['F' 'M']
Classifier accuracy train: 97.15
===== dev set ====
Classifier: 70.45
             precision    recall  f1-score   support

          F     0.7500    0.6136    0.6750        44
          M     0.6731    0.7955    0.7292        44

avg / total     0.7115    0.7045    0.7021        88

weighted f1: 70.2
['F' 'M']
Classifier accuracy train: 79.40
===== dev set ====
Classifier: 67.05
             precision    recall  f1-score   support

          F     0.8571    0.4091    0.5538        44
          M     0.6119    0.9318    0.7387        44

avg / total     0.7345    0.6705    0.6463        88

weighted f1: 64.6
['F' 'M']
Classifier accuracy train: 90.57
===== dev set ====
Classifier: 70.45
             precision    recall  f1-score   support

          F     0.6452    0.9091    0.7547        44
          M     0.8462    0.5000    0.6286        44

avg / total     0.7457    0.7045    0.6916        88

weighted f1: 69.2
==================================
mean f1: 69.73 (3.94)
mean acc: 70.91 (3.63)
===
first instance
Majority weighted F1: 33.33 acc: 50.00
test None
rm_uu False
analyze_features None
pred False
folds 10
embeds None
data data/NL-data-200tweets.json.balanced.comb
tf_idf False
only_mean False
show_instance False
c_n_gram 0
C 1
n_gram 1-4
