load data..
vectorize data..
Vocab size: 12873
['F' 'M']
Classifier accuracy train: 100.00
===== dev set ====
Classifier: 60.00
             precision    recall  f1-score   support

          F     0.6047    0.5778    0.5909        45
          M     0.5957    0.6222    0.6087        45

avg / total     0.6002    0.6000    0.5998        90

weighted f1: 60.0
['F' 'M']
Classifier accuracy train: 100.00
===== dev set ====
Classifier: 62.22
             precision    recall  f1-score   support

          F     0.6170    0.6444    0.6304        45
          M     0.6279    0.6000    0.6136        45

avg / total     0.6225    0.6222    0.6220        90

weighted f1: 62.2
['F' 'M']
Classifier accuracy train: 100.00
===== dev set ====
Classifier: 50.00
             precision    recall  f1-score   support

          F     0.5000    0.4667    0.4828        45
          M     0.5000    0.5333    0.5161        45

avg / total     0.5000    0.5000    0.4994        90

weighted f1: 49.9
['F' 'M']
Classifier accuracy train: 100.00
===== dev set ====
Classifier: 56.67
             precision    recall  f1-score   support

          F     0.5600    0.6222    0.5895        45
          M     0.5750    0.5111    0.5412        45

avg / total     0.5675    0.5667    0.5653        90

weighted f1: 56.5
['F' 'M']
Classifier accuracy train: 100.00
===== dev set ====
Classifier: 62.22
             precision    recall  f1-score   support

          F     0.6341    0.5778    0.6047        45
          M     0.6122    0.6667    0.6383        45

avg / total     0.6232    0.6222    0.6215        90

weighted f1: 62.1
['F' 'M']
Classifier accuracy train: 100.00
===== dev set ====
Classifier: 65.56
             precision    recall  f1-score   support

          F     0.6667    0.6222    0.6437        45
          M     0.6458    0.6889    0.6667        45

avg / total     0.6562    0.6556    0.6552        90

weighted f1: 65.5
['F' 'M']
Classifier accuracy train: 100.00
===== dev set ====
Classifier: 60.00
             precision    recall  f1-score   support

          F     0.5957    0.6222    0.6087        45
          M     0.6047    0.5778    0.5909        45

avg / total     0.6002    0.6000    0.5998        90

weighted f1: 60.0
['F' 'M']
Classifier accuracy train: 100.00
===== dev set ====
Classifier: 64.77
             precision    recall  f1-score   support

          F     0.6512    0.6364    0.6437        44
          M     0.6444    0.6591    0.6517        44

avg / total     0.6478    0.6477    0.6477        88

weighted f1: 64.8
['F' 'M']
Classifier accuracy train: 100.00
===== dev set ====
Classifier: 62.50
             precision    recall  f1-score   support

          F     0.6410    0.5682    0.6024        44
          M     0.6122    0.6818    0.6452        44

avg / total     0.6266    0.6250    0.6238        88

weighted f1: 62.4
['F' 'M']
Classifier accuracy train: 100.00
===== dev set ====
Classifier: 63.64
             precision    recall  f1-score   support

          F     0.6304    0.6591    0.6444        44
          M     0.6429    0.6136    0.6279        44

avg / total     0.6366    0.6364    0.6362        88

weighted f1: 63.6
==================================
mean f1: 60.71 (4.35)
mean acc: 60.76 (4.34)
===
first instance
Majority weighted F1: 33.33 acc: 50.00
test None
c_n_gram 0
show_instance False
pred False
analyze_features None
only_mean False
folds 10
data data/NL-data-200tweets.json.balanced.frequency
tf_idf False
rm_uu False
C 1
n_gram 5
embeds None
