load data..
vectorize data..
Vocab size: 56
['F' 'M']
Classifier accuracy train: 51.62
===== dev set ====
Classifier: 52.22
             precision    recall  f1-score   support

          F     1.0000    0.0444    0.0851        45
          M     0.5114    1.0000    0.6767        45

avg / total     0.7557    0.5222    0.3809        90

weighted f1: 38.1
['F' 'M']
Classifier accuracy train: 52.49
===== dev set ====
Classifier: 54.44
             precision    recall  f1-score   support

          F     1.0000    0.0889    0.1633        45
          M     0.5233    1.0000    0.6870        45

avg / total     0.7616    0.5444    0.4251        90

weighted f1: 42.5
['F' 'M']
Classifier accuracy train: 53.48
===== dev set ====
Classifier: 53.33
             precision    recall  f1-score   support

          F     1.0000    0.0667    0.1250        45
          M     0.5172    1.0000    0.6818        45

avg / total     0.7586    0.5333    0.4034        90

weighted f1: 40.3
['F' 'M']
Classifier accuracy train: 62.19
===== dev set ====
Classifier: 58.89
             precision    recall  f1-score   support

          F     0.5541    0.9111    0.6891        45
          M     0.7500    0.2667    0.3934        45

avg / total     0.6520    0.5889    0.5413        90

weighted f1: 54.1
['F' 'M']
Classifier accuracy train: 61.44
===== dev set ====
Classifier: 58.89
             precision    recall  f1-score   support

          F     0.5541    0.9111    0.6891        45
          M     0.7500    0.2667    0.3934        45

avg / total     0.6520    0.5889    0.5413        90

weighted f1: 54.1
['F' 'M']
Classifier accuracy train: 50.87
===== dev set ====
Classifier: 50.00
             precision    recall  f1-score   support

          F     0.5000    1.0000    0.6667        45
          M     0.0000    0.0000    0.0000        45

avg / total     0.2500    0.5000    0.3333        90

weighted f1: 33.3
['F' 'M']
Classifier accuracy train: 60.95
===== dev set ====
Classifier: 62.22
             precision    recall  f1-score   support

          F     0.8667    0.2889    0.4333        45
          M     0.5733    0.9556    0.7167        45

avg / total     0.7200    0.6222    0.5750        90

weighted f1: 57.5
['F' 'M']
Classifier accuracy train: 63.52
===== dev set ====
Classifier: 59.09
             precision    recall  f1-score   support

          F     0.5556    0.9091    0.6897        44
          M     0.7500    0.2727    0.4000        44

avg / total     0.6528    0.5909    0.5448        88

weighted f1: 54.5
['F' 'M']
Classifier accuracy train: 57.82
===== dev set ====
Classifier: 52.27
             precision    recall  f1-score   support

          F     0.6667    0.0909    0.1600        44
          M     0.5122    0.9545    0.6667        44

avg / total     0.5894    0.5227    0.4133        88

weighted f1: 41.3
['F' 'M']
Classifier accuracy train: 56.20
===== dev set ====
Classifier: 55.68
             precision    recall  f1-score   support

          F     0.5309    0.9773    0.6880        44
          M     0.8571    0.1364    0.2353        44

avg / total     0.6940    0.5568    0.4616        88

weighted f1: 46.2
==================================
mean f1: 46.20 (7.90)
mean acc: 55.70 (3.71)
===
first instance
Majority weighted F1: 33.33 acc: 50.00
only_mean False
test None
embeds None
show_instance False
data data/NL-data-200tweets.json.balanced.frequency
c_n_gram 0
pred False
C 1
rm_uu False
tf_idf False
analyze_features None
n_gram 1-2
folds 10
