load data..
vectorize data..
Vocab size: 399
['F' 'M']
Classifier accuracy train: 69.03
===== dev set ====
Classifier: 66.67
             precision    recall  f1-score   support

          F     0.6056    0.9556    0.7414        45
          M     0.8947    0.3778    0.5312        45

avg / total     0.7502    0.6667    0.6363        90

weighted f1: 63.6
['F' 'M']
Classifier accuracy train: 53.11
===== dev set ====
Classifier: 55.56
             precision    recall  f1-score   support

          F     0.5294    1.0000    0.6923        45
          M     1.0000    0.1111    0.2000        45

avg / total     0.7647    0.5556    0.4462        90

weighted f1: 44.6
['F' 'M']
Classifier accuracy train: 81.84
===== dev set ====
Classifier: 55.56
             precision    recall  f1-score   support

          F     0.5424    0.7111    0.6154        45
          M     0.5806    0.4000    0.4737        45

avg / total     0.5615    0.5556    0.5445        90

weighted f1: 54.5
['F' 'M']
Classifier accuracy train: 81.09
===== dev set ====
Classifier: 57.78
             precision    recall  f1-score   support

          F     0.5854    0.5333    0.5581        45
          M     0.5714    0.6222    0.5957        45

avg / total     0.5784    0.5778    0.5769        90

weighted f1: 57.7
['F' 'M']
Classifier accuracy train: 77.49
===== dev set ====
Classifier: 67.78
             precision    recall  f1-score   support

          F     0.7500    0.5333    0.6234        45
          M     0.6379    0.8222    0.7184        45

avg / total     0.6940    0.6778    0.6709        90

weighted f1: 67.1
['F' 'M']
Classifier accuracy train: 60.07
===== dev set ====
Classifier: 54.44
             precision    recall  f1-score   support

          F     0.5244    0.9556    0.6772        45
          M     0.7500    0.1333    0.2264        45

avg / total     0.6372    0.5444    0.4518        90

weighted f1: 45.2
['F' 'M']
Classifier accuracy train: 58.08
===== dev set ====
Classifier: 57.78
             precision    recall  f1-score   support

          F     0.8182    0.2000    0.3214        45
          M     0.5443    0.9556    0.6935        45

avg / total     0.6812    0.5778    0.5075        90

weighted f1: 50.7
['F' 'M']
Classifier accuracy train: 71.71
===== dev set ====
Classifier: 63.64
             precision    recall  f1-score   support

          F     0.7500    0.4091    0.5294        44
          M     0.5938    0.8636    0.7037        44

avg / total     0.6719    0.6364    0.6166        88

weighted f1: 61.7
['F' 'M']
Classifier accuracy train: 55.33
===== dev set ====
Classifier: 56.82
             precision    recall  f1-score   support

          F     0.5375    0.9773    0.6935        44
          M     0.8750    0.1591    0.2692        44

avg / total     0.7062    0.5682    0.4814        88

weighted f1: 48.1
['F' 'M']
Classifier accuracy train: 64.52
===== dev set ====
Classifier: 52.27
             precision    recall  f1-score   support

          F     0.6000    0.1364    0.2222        44
          M     0.5128    0.9091    0.6557        44

avg / total     0.5564    0.5227    0.4390        88

weighted f1: 43.9
==================================
mean f1: 53.71 (8.05)
mean acc: 58.83 (5.04)
===
first instance
Majority weighted F1: 33.33 acc: 50.00
pred False
embeds None
C 1
data data/NL-data-200tweets.json.balanced.frequency
analyze_features None
folds 10
test None
n_gram 1-3
c_n_gram 0
rm_uu False
tf_idf False
only_mean False
show_instance False
