load data..
vectorize data..
Vocab size: 2303
['F' 'M']
Classifier accuracy train: 100.00
===== dev set ====
Classifier: 66.67
             precision    recall  f1-score   support

          F     0.6744    0.6444    0.6591        45
          M     0.6596    0.6889    0.6739        45

avg / total     0.6670    0.6667    0.6665        90

weighted f1: 66.7
['F' 'M']
Classifier accuracy train: 100.00
===== dev set ====
Classifier: 60.00
             precision    recall  f1-score   support

          F     0.6098    0.5556    0.5814        45
          M     0.5918    0.6444    0.6170        45

avg / total     0.6008    0.6000    0.5992        90

weighted f1: 59.9
['F' 'M']
Classifier accuracy train: 100.00
===== dev set ====
Classifier: 54.44
             precision    recall  f1-score   support

          F     0.5417    0.5778    0.5591        45
          M     0.5476    0.5111    0.5287        45

avg / total     0.5446    0.5444    0.5439        90

weighted f1: 54.4
['F' 'M']
Classifier accuracy train: 100.00
===== dev set ====
Classifier: 52.22
             precision    recall  f1-score   support

          F     0.5200    0.5778    0.5474        45
          M     0.5250    0.4667    0.4941        45

avg / total     0.5225    0.5222    0.5207        90

weighted f1: 52.1
['F' 'M']
Classifier accuracy train: 100.00
===== dev set ====
Classifier: 62.22
             precision    recall  f1-score   support

          F     0.6122    0.6667    0.6383        45
          M     0.6341    0.5778    0.6047        45

avg / total     0.6232    0.6222    0.6215        90

weighted f1: 62.1
['F' 'M']
Classifier accuracy train: 100.00
===== dev set ====
Classifier: 57.78
             precision    recall  f1-score   support

          F     0.5814    0.5556    0.5682        45
          M     0.5745    0.6000    0.5870        45

avg / total     0.5779    0.5778    0.5776        90

weighted f1: 57.8
['F' 'M']
Classifier accuracy train: 100.00
===== dev set ====
Classifier: 73.33
             precision    recall  f1-score   support

          F     0.7333    0.7333    0.7333        45
          M     0.7333    0.7333    0.7333        45

avg / total     0.7333    0.7333    0.7333        90

weighted f1: 73.3
['F' 'M']
Classifier accuracy train: 100.00
===== dev set ====
Classifier: 61.36
             precision    recall  f1-score   support

          F     0.6087    0.6364    0.6222        44
          M     0.6190    0.5909    0.6047        44

avg / total     0.6139    0.6136    0.6134        88

weighted f1: 61.3
['F' 'M']
Classifier accuracy train: 100.00
===== dev set ====
Classifier: 57.95
             precision    recall  f1-score   support

          F     0.5854    0.5455    0.5647        44
          M     0.5745    0.6136    0.5934        44

avg / total     0.5799    0.5795    0.5791        88

weighted f1: 57.9
['F' 'M']
Classifier accuracy train: 100.00
===== dev set ====
Classifier: 63.64
             precision    recall  f1-score   support

          F     0.6364    0.6364    0.6364        44
          M     0.6364    0.6364    0.6364        44

avg / total     0.6364    0.6364    0.6364        88

weighted f1: 63.6
==================================
mean f1: 60.92 (5.80)
mean acc: 60.96 (5.77)
===
first instance
Majority weighted F1: 33.33 acc: 50.00
pred False
rm_uu False
c_n_gram 0
n_gram 4
only_mean False
embeds None
C 1
analyze_features None
data data/NL-data-200tweets.json.balanced.frequency
folds 10
test None
tf_idf False
show_instance False
