load data..
vectorize data..
Vocab size: 343
['F' 'M']
Classifier accuracy train: 60.70
===== dev set ====
Classifier: 62.22
             precision    recall  f1-score   support

          F     0.5714    0.9778    0.7213        45
          M     0.9231    0.2667    0.4138        45

avg / total     0.7473    0.6222    0.5676        90

weighted f1: 56.8
['F' 'M']
Classifier accuracy train: 81.34
===== dev set ====
Classifier: 64.44
             precision    recall  f1-score   support

          F     0.6757    0.5556    0.6098        45
          M     0.6226    0.7333    0.6735        45

avg / total     0.6492    0.6444    0.6416        90

weighted f1: 64.2
['F' 'M']
Classifier accuracy train: 72.14
===== dev set ====
Classifier: 53.33
             precision    recall  f1-score   support

          F     0.5556    0.3333    0.4167        45
          M     0.5238    0.7333    0.6111        45

avg / total     0.5397    0.5333    0.5139        90

weighted f1: 51.4
['F' 'M']
Classifier accuracy train: 85.57
===== dev set ====
Classifier: 62.22
             precision    recall  f1-score   support

          F     0.6222    0.6222    0.6222        45
          M     0.6222    0.6222    0.6222        45

avg / total     0.6222    0.6222    0.6222        90

weighted f1: 62.2
['F' 'M']
Classifier accuracy train: 87.06
===== dev set ====
Classifier: 63.33
             precision    recall  f1-score   support

          F     0.6364    0.6222    0.6292        45
          M     0.6304    0.6444    0.6374        45

avg / total     0.6334    0.6333    0.6333        90

weighted f1: 63.3
['F' 'M']
Classifier accuracy train: 77.36
===== dev set ====
Classifier: 63.33
             precision    recall  f1-score   support

          F     0.7308    0.4222    0.5352        45
          M     0.5938    0.8444    0.6972        45

avg / total     0.6623    0.6333    0.6162        90

weighted f1: 61.6
['F' 'M']
Classifier accuracy train: 70.52
===== dev set ====
Classifier: 57.78
             precision    recall  f1-score   support

          F     0.5493    0.8667    0.6724        45
          M     0.6842    0.2889    0.4062        45

avg / total     0.6168    0.5778    0.5393        90

weighted f1: 53.9
['F' 'M']
Classifier accuracy train: 81.39
===== dev set ====
Classifier: 60.23
             precision    recall  f1-score   support

          F     0.5882    0.6818    0.6316        44
          M     0.6216    0.5227    0.5679        44

avg / total     0.6049    0.6023    0.5997        88

weighted f1: 60.0
['F' 'M']
Classifier accuracy train: 85.61
===== dev set ====
Classifier: 61.36
             precision    recall  f1-score   support

          F     0.6190    0.5909    0.6047        44
          M     0.6087    0.6364    0.6222        44

avg / total     0.6139    0.6136    0.6134        88

weighted f1: 61.3
['F' 'M']
Classifier accuracy train: 86.35
===== dev set ====
Classifier: 59.09
             precision    recall  f1-score   support

          F     0.5833    0.6364    0.6087        44
          M     0.6000    0.5455    0.5714        44

avg / total     0.5917    0.5909    0.5901        88

weighted f1: 59.0
==================================
mean f1: 59.37 (3.95)
mean acc: 60.73 (3.14)
===
first instance
Majority weighted F1: 33.33 acc: 50.00
n_gram 3
embeds None
analyze_features None
test None
tf_idf False
show_instance False
c_n_gram 0
data data/NL-data-200tweets.json.balanced.frequency
C 1
pred False
only_mean False
folds 10
rm_uu False
