load data..
vectorize data..
Vocab size: 2702
['F' 'M']
Classifier accuracy train: 93.16
===== dev set ====
Classifier: 67.78
             precision    recall  f1-score   support

          F     0.6905    0.6444    0.6667        45
          M     0.6667    0.7111    0.6882        45

avg / total     0.6786    0.6778    0.6774        90

weighted f1: 67.7
['F' 'M']
Classifier accuracy train: 82.59
===== dev set ====
Classifier: 60.00
             precision    recall  f1-score   support

          F     0.6800    0.3778    0.4857        45
          M     0.5692    0.8222    0.6727        45

avg / total     0.6246    0.6000    0.5792        90

weighted f1: 57.9
['F' 'M']
Classifier accuracy train: 89.30
===== dev set ====
Classifier: 53.33
             precision    recall  f1-score   support

          F     0.5238    0.7333    0.6111        45
          M     0.5556    0.3333    0.4167        45

avg / total     0.5397    0.5333    0.5139        90

weighted f1: 51.4
['F' 'M']
Classifier accuracy train: 94.78
===== dev set ====
Classifier: 54.44
             precision    recall  f1-score   support

          F     0.5455    0.5333    0.5393        45
          M     0.5435    0.5556    0.5495        45

avg / total     0.5445    0.5444    0.5444        90

weighted f1: 54.4
['F' 'M']
Classifier accuracy train: 93.03
===== dev set ====
Classifier: 62.22
             precision    recall  f1-score   support

          F     0.6486    0.5333    0.5854        45
          M     0.6038    0.7111    0.6531        45

avg / total     0.6262    0.6222    0.6192        90

weighted f1: 61.9
['F' 'M']
Classifier accuracy train: 93.66
===== dev set ====
Classifier: 56.67
             precision    recall  f1-score   support

          F     0.5789    0.4889    0.5301        45
          M     0.5577    0.6444    0.5979        45

avg / total     0.5683    0.5667    0.5640        90

weighted f1: 56.4
['F' 'M']
Classifier accuracy train: 82.59
===== dev set ====
Classifier: 67.78
             precision    recall  f1-score   support

          F     0.7667    0.5111    0.6133        45
          M     0.6333    0.8444    0.7238        45

avg / total     0.7000    0.6778    0.6686        90

weighted f1: 66.9
['F' 'M']
Classifier accuracy train: 81.89
===== dev set ====
Classifier: 64.77
             precision    recall  f1-score   support

          F     0.7600    0.4318    0.5507        44
          M     0.6032    0.8636    0.7103        44

avg / total     0.6816    0.6477    0.6305        88

weighted f1: 63.1
['F' 'M']
Classifier accuracy train: 92.68
===== dev set ====
Classifier: 63.64
             precision    recall  f1-score   support

          F     0.6071    0.7727    0.6800        44
          M     0.6875    0.5000    0.5789        44

avg / total     0.6473    0.6364    0.6295        88

weighted f1: 62.9
['F' 'M']
Classifier accuracy train: 93.55
===== dev set ====
Classifier: 57.95
             precision    recall  f1-score   support

          F     0.5660    0.6818    0.6186        44
          M     0.6000    0.4773    0.5316        44

avg / total     0.5830    0.5795    0.5751        88

weighted f1: 57.5
==================================
mean f1: 60.02 (5.07)
mean acc: 60.86 (4.95)
===
first instance
Majority weighted F1: 33.33 acc: 50.00
show_instance False
only_mean False
n_gram 1-4
folds 10
rm_uu False
pred False
data data/NL-data-200tweets.json.balanced.frequency
test None
c_n_gram 0
C 1
analyze_features None
embeds None
tf_idf False
