load data..
vectorize data..
Vocab size: 7
['F' 'M']
Classifier accuracy train: 50.00
===== dev set ====
Classifier: 50.00
             precision    recall  f1-score   support

          F     0.5000    1.0000    0.6667        45
          M     0.0000    0.0000    0.0000        45

avg / total     0.2500    0.5000    0.3333        90

weighted f1: 33.3
['F' 'M']
Classifier accuracy train: 51.87
===== dev set ====
Classifier: 53.33
             precision    recall  f1-score   support

          F     1.0000    0.0667    0.1250        45
          M     0.5172    1.0000    0.6818        45

avg / total     0.7586    0.5333    0.4034        90

weighted f1: 40.3
['F' 'M']
Classifier accuracy train: 61.19
===== dev set ====
Classifier: 56.67
             precision    recall  f1-score   support

          F     0.5429    0.8444    0.6609        45
          M     0.6500    0.2889    0.4000        45

avg / total     0.5964    0.5667    0.5304        90

weighted f1: 53.0
['F' 'M']
Classifier accuracy train: 49.88
===== dev set ====
Classifier: 50.00
             precision    recall  f1-score   support

          F     0.5000    1.0000    0.6667        45
          M     0.0000    0.0000    0.0000        45

avg / total     0.2500    0.5000    0.3333        90

weighted f1: 33.3
['F' 'M']
Classifier accuracy train: 55.97
===== dev set ====
Classifier: 55.56
             precision    recall  f1-score   support

          F     0.5316    0.9333    0.6774        45
          M     0.7273    0.1778    0.2857        45

avg / total     0.6295    0.5556    0.4816        90

weighted f1: 48.2
['F' 'M']
Classifier accuracy train: 50.37
===== dev set ====
Classifier: 51.11
             precision    recall  f1-score   support

          F     1.0000    0.0222    0.0435        45
          M     0.5056    1.0000    0.6716        45

avg / total     0.7528    0.5111    0.3576        90

weighted f1: 35.8
['F' 'M']
Classifier accuracy train: 56.34
===== dev set ====
Classifier: 53.33
             precision    recall  f1-score   support

          F     0.5195    0.8889    0.6557        45
          M     0.6154    0.1778    0.2759        45

avg / total     0.5674    0.5333    0.4658        90

weighted f1: 46.6
['F' 'M']
Classifier accuracy train: 51.61
===== dev set ====
Classifier: 51.14
             precision    recall  f1-score   support

          F     0.5057    1.0000    0.6718        44
          M     1.0000    0.0227    0.0444        44

avg / total     0.7529    0.5114    0.3581        88

weighted f1: 35.8
['F' 'M']
Classifier accuracy train: 50.74
===== dev set ====
Classifier: 51.14
             precision    recall  f1-score   support

          F     1.0000    0.0227    0.0444        44
          M     0.5057    1.0000    0.6718        44

avg / total     0.7529    0.5114    0.3581        88

weighted f1: 35.8
['F' 'M']
Classifier accuracy train: 50.00
===== dev set ====
Classifier: 50.00
             precision    recall  f1-score   support

          F     0.5000    1.0000    0.6667        44
          M     0.0000    0.0000    0.0000        44

avg / total     0.2500    0.5000    0.3333        88

weighted f1: 33.3
==================================
mean f1: 39.55 (6.82)
mean acc: 52.23 (2.27)
===
first instance
Majority weighted F1: 33.33 acc: 50.00
c_n_gram 0
embeds None
analyze_features None
show_instance False
tf_idf False
only_mean False
test None
n_gram 1
folds 10
data data/NL-data-200tweets.json.balanced.frequency
C 1
rm_uu False
pred False
