load data..
vectorize data..
Vocab size: 1419
['F' 'M']
Classifier accuracy train: 65.67
===== dev set ====
Classifier: 58.89
             precision    recall  f1-score   support

          F     0.8333    0.2222    0.3509        45
          M     0.5513    0.9556    0.6992        45

avg / total     0.6923    0.5889    0.5250        90

weighted f1: 52.5
['F' 'M']
Classifier accuracy train: 86.32
===== dev set ====
Classifier: 63.33
             precision    recall  f1-score   support

          F     0.6364    0.6222    0.6292        45
          M     0.6304    0.6444    0.6374        45

avg / total     0.6334    0.6333    0.6333        90

weighted f1: 63.3
['F' 'M']
Classifier accuracy train: 82.34
===== dev set ====
Classifier: 66.67
             precision    recall  f1-score   support

          F     0.6364    0.7778    0.7000        45
          M     0.7143    0.5556    0.6250        45

avg / total     0.6753    0.6667    0.6625        90

weighted f1: 66.3
['F' 'M']
Classifier accuracy train: 76.99
===== dev set ====
Classifier: 62.22
             precision    recall  f1-score   support

          F     0.5821    0.8667    0.6964        45
          M     0.7391    0.3778    0.5000        45

avg / total     0.6606    0.6222    0.5982        90

weighted f1: 59.8
['F' 'M']
Classifier accuracy train: 76.12
===== dev set ====
Classifier: 64.44
             precision    recall  f1-score   support

          F     0.5890    0.9556    0.7288        45
          M     0.8824    0.3333    0.4839        45

avg / total     0.7357    0.6444    0.6063        90

weighted f1: 60.6
['F' 'M']
Classifier accuracy train: 83.83
===== dev set ====
Classifier: 65.56
             precision    recall  f1-score   support

          F     0.6842    0.5778    0.6265        45
          M     0.6346    0.7333    0.6804        45

avg / total     0.6594    0.6556    0.6535        90

weighted f1: 65.3
['F' 'M']
Classifier accuracy train: 73.88
===== dev set ====
Classifier: 61.11
             precision    recall  f1-score   support

          F     0.5735    0.8667    0.6903        45
          M     0.7273    0.3556    0.4776        45

avg / total     0.6504    0.6111    0.5839        90

weighted f1: 58.4
['F' 'M']
Classifier accuracy train: 72.46
===== dev set ====
Classifier: 61.36
             precision    recall  f1-score   support

          F     0.7083    0.3864    0.5000        44
          M     0.5781    0.8409    0.6852        44

avg / total     0.6432    0.6136    0.5926        88

weighted f1: 59.3
['F' 'M']
Classifier accuracy train: 81.76
===== dev set ====
Classifier: 59.09
             precision    recall  f1-score   support

          F     0.6111    0.5000    0.5500        44
          M     0.5769    0.6818    0.6250        44

avg / total     0.5940    0.5909    0.5875        88

weighted f1: 58.8
['F' 'M']
Classifier accuracy train: 64.52
===== dev set ====
Classifier: 65.91
             precision    recall  f1-score   support

          F     0.6029    0.9318    0.7321        44
          M     0.8500    0.3864    0.5312        44

avg / total     0.7265    0.6591    0.6317        88

weighted f1: 63.2
==================================
mean f1: 60.75 (3.80)
mean acc: 62.86 (2.64)
===
first instance
Majority weighted F1: 33.33 acc: 50.00
test None
pred False
rm_uu False
only_mean False
c_n_gram 0
folds 10
data data/NL-data-200tweets.json.balanced.length
analyze_features None
C 1
tf_idf False
n_gram 1-2
embeds None
show_instance False
