load data..
vectorize data..
Vocab size: 674521
['F' 'M']
Classifier accuracy train: 100.00
===== dev set ====
Classifier: 58.89
             precision    recall  f1-score   support

          F     0.5800    0.6444    0.6105        45
          M     0.6000    0.5333    0.5647        45

avg / total     0.5900    0.5889    0.5876        90

weighted f1: 58.8
['F' 'M']
Classifier accuracy train: 100.00
===== dev set ====
Classifier: 55.56
             precision    recall  f1-score   support

          F     0.5510    0.6000    0.5745        45
          M     0.5610    0.5111    0.5349        45

avg / total     0.5560    0.5556    0.5547        90

weighted f1: 55.5
['F' 'M']
Classifier accuracy train: 100.00
===== dev set ====
Classifier: 50.00
             precision    recall  f1-score   support

          F     0.5000    0.6889    0.5794        45
          M     0.5000    0.3111    0.3836        45

avg / total     0.5000    0.5000    0.4815        90

weighted f1: 48.2
['F' 'M']
Classifier accuracy train: 100.00
===== dev set ====
Classifier: 56.67
             precision    recall  f1-score   support

          F     0.5556    0.6667    0.6061        45
          M     0.5833    0.4667    0.5185        45

avg / total     0.5694    0.5667    0.5623        90

weighted f1: 56.2
['F' 'M']
Classifier accuracy train: 100.00
===== dev set ====
Classifier: 64.44
             precision    recall  f1-score   support

          F     0.6182    0.7556    0.6800        45
          M     0.6857    0.5333    0.6000        45

avg / total     0.6519    0.6444    0.6400        90

weighted f1: 64.0
['F' 'M']
Classifier accuracy train: 100.00
===== dev set ====
Classifier: 56.67
             precision    recall  f1-score   support

          F     0.5500    0.7333    0.6286        45
          M     0.6000    0.4000    0.4800        45

avg / total     0.5750    0.5667    0.5543        90

weighted f1: 55.4
['F' 'M']
Classifier accuracy train: 100.00
===== dev set ====
Classifier: 66.67
             precision    recall  f1-score   support

          F     0.6230    0.8444    0.7170        45
          M     0.7586    0.4889    0.5946        45

avg / total     0.6908    0.6667    0.6558        90

weighted f1: 65.6
['F' 'M']
Classifier accuracy train: 100.00
===== dev set ====
Classifier: 60.23
             precision    recall  f1-score   support

          F     0.5849    0.7045    0.6392        44
          M     0.6286    0.5000    0.5570        44

avg / total     0.6067    0.6023    0.5981        88

weighted f1: 59.8
['F' 'M']
Classifier accuracy train: 100.00
===== dev set ====
Classifier: 59.09
             precision    recall  f1-score   support

          F     0.5800    0.6591    0.6170        44
          M     0.6053    0.5227    0.5610        44

avg / total     0.5926    0.5909    0.5890        88

weighted f1: 58.9
['F' 'M']
Classifier accuracy train: 100.00
===== dev set ====
Classifier: 55.68
             precision    recall  f1-score   support

          F     0.5472    0.6591    0.5979        44
          M     0.5714    0.4545    0.5063        44

avg / total     0.5593    0.5568    0.5521        88

weighted f1: 55.2
==================================
mean f1: 57.75 (4.67)
mean acc: 58.39 (4.48)
===
first instance
Majority weighted F1: 33.33 acc: 50.00
only_mean False
c_n_gram 0
show_instance False
analyze_features None
C 1
embeds None
tf_idf False
test None
rm_uu False
pred False
n_gram 6
folds 10
data data/NL-data-200tweets.json.balanced.length
