load data..
vectorize data..
Vocab size: 15629
['F' 'M']
Classifier accuracy train: 98.63
===== dev set ====
Classifier: 61.11
             precision    recall  f1-score   support

          F     0.6042    0.6444    0.6237        45
          M     0.6190    0.5778    0.5977        45

avg / total     0.6116    0.6111    0.6107        90

weighted f1: 61.1
['F' 'M']
Classifier accuracy train: 98.88
===== dev set ====
Classifier: 62.22
             precision    recall  f1-score   support

          F     0.6571    0.5111    0.5750        45
          M     0.6000    0.7333    0.6600        45

avg / total     0.6286    0.6222    0.6175        90

weighted f1: 61.7
['F' 'M']
Classifier accuracy train: 98.63
===== dev set ====
Classifier: 66.67
             precision    recall  f1-score   support

          F     0.6531    0.7111    0.6809        45
          M     0.6829    0.6222    0.6512        45

avg / total     0.6680    0.6667    0.6660        90

weighted f1: 66.6
['F' 'M']
Classifier accuracy train: 92.04
===== dev set ====
Classifier: 61.11
             precision    recall  f1-score   support

          F     0.6923    0.4000    0.5070        45
          M     0.5781    0.8222    0.6789        45

avg / total     0.6352    0.6111    0.5930        90

weighted f1: 59.3
['F' 'M']
Classifier accuracy train: 99.00
===== dev set ====
Classifier: 70.00
             precision    recall  f1-score   support

          F     0.6667    0.8000    0.7273        45
          M     0.7500    0.6000    0.6667        45

avg / total     0.7083    0.7000    0.6970        90

weighted f1: 69.7
['F' 'M']
Classifier accuracy train: 97.89
===== dev set ====
Classifier: 63.33
             precision    recall  f1-score   support

          F     0.6071    0.7556    0.6733        45
          M     0.6765    0.5111    0.5823        45

avg / total     0.6418    0.6333    0.6278        90

weighted f1: 62.8
['F' 'M']
Classifier accuracy train: 98.13
===== dev set ====
Classifier: 61.11
             precision    recall  f1-score   support

          F     0.5833    0.7778    0.6667        45
          M     0.6667    0.4444    0.5333        45

avg / total     0.6250    0.6111    0.6000        90

weighted f1: 60.0
['F' 'M']
Classifier accuracy train: 99.38
===== dev set ====
Classifier: 68.18
             precision    recall  f1-score   support

          F     0.7105    0.6136    0.6585        44
          M     0.6600    0.7500    0.7021        44

avg / total     0.6853    0.6818    0.6803        88

weighted f1: 68.0
['F' 'M']
Classifier accuracy train: 99.75
===== dev set ====
Classifier: 59.09
             precision    recall  f1-score   support

          F     0.5870    0.6136    0.6000        44
          M     0.5952    0.5682    0.5814        44

avg / total     0.5911    0.5909    0.5907        88

weighted f1: 59.1
['F' 'M']
Classifier accuracy train: 99.01
===== dev set ====
Classifier: 62.50
             precision    recall  f1-score   support

          F     0.6486    0.5455    0.5926        44
          M     0.6078    0.7045    0.6526        44

avg / total     0.6282    0.6250    0.6226        88

weighted f1: 62.3
==================================
mean f1: 63.06 (3.57)
mean acc: 63.53 (3.37)
===
first instance
Majority weighted F1: 33.33 acc: 50.00
tf_idf False
analyze_features None
folds 10
embeds None
C 1
c_n_gram 0
show_instance False
test None
data data/NL-data-200tweets.json.balanced.length
rm_uu False
only_mean False
n_gram 1-3
pred False
