load data..
vectorize data..
Vocab size: 1091455
['F' 'M']
Classifier accuracy train: 100.00
===== dev set ====
Classifier: 64.44
             precision    recall  f1-score   support

          F     0.6667    0.5778    0.6190        45
          M     0.6275    0.7111    0.6667        45

avg / total     0.6471    0.6444    0.6429        90

weighted f1: 64.3
['F' 'M']
Classifier accuracy train: 100.00
===== dev set ====
Classifier: 64.44
             precision    recall  f1-score   support

          F     0.6585    0.6000    0.6279        45
          M     0.6327    0.6889    0.6596        45

avg / total     0.6456    0.6444    0.6437        90

weighted f1: 64.4
['F' 'M']
Classifier accuracy train: 100.00
===== dev set ====
Classifier: 66.67
             precision    recall  f1-score   support

          F     0.6744    0.6444    0.6591        45
          M     0.6596    0.6889    0.6739        45

avg / total     0.6670    0.6667    0.6665        90

weighted f1: 66.7
['F' 'M']
Classifier accuracy train: 100.00
===== dev set ====
Classifier: 66.67
             precision    recall  f1-score   support

          F     0.6471    0.7333    0.6875        45
          M     0.6923    0.6000    0.6429        45

avg / total     0.6697    0.6667    0.6652        90

weighted f1: 66.5
['F' 'M']
Classifier accuracy train: 100.00
===== dev set ====
Classifier: 73.33
             precision    recall  f1-score   support

          F     0.7059    0.8000    0.7500        45
          M     0.7692    0.6667    0.7143        45

avg / total     0.7376    0.7333    0.7321        90

weighted f1: 73.2
['F' 'M']
Classifier accuracy train: 100.00
===== dev set ====
Classifier: 63.33
             precision    recall  f1-score   support

          F     0.6364    0.6222    0.6292        45
          M     0.6304    0.6444    0.6374        45

avg / total     0.6334    0.6333    0.6333        90

weighted f1: 63.3
['F' 'M']
Classifier accuracy train: 100.00
===== dev set ====
Classifier: 68.89
             precision    recall  f1-score   support

          F     0.6809    0.7111    0.6957        45
          M     0.6977    0.6667    0.6818        45

avg / total     0.6893    0.6889    0.6887        90

weighted f1: 68.9
['F' 'M']
Classifier accuracy train: 100.00
===== dev set ====
Classifier: 68.18
             precision    recall  f1-score   support

          F     0.7222    0.5909    0.6500        44
          M     0.6538    0.7727    0.7083        44

avg / total     0.6880    0.6818    0.6792        88

weighted f1: 67.9
['F' 'M']
Classifier accuracy train: 100.00
===== dev set ====
Classifier: 62.50
             precision    recall  f1-score   support

          F     0.6279    0.6136    0.6207        44
          M     0.6222    0.6364    0.6292        44

avg / total     0.6251    0.6250    0.6250        88

weighted f1: 62.5
['F' 'M']
Classifier accuracy train: 100.00
===== dev set ====
Classifier: 64.77
             precision    recall  f1-score   support

          F     0.6512    0.6364    0.6437        44
          M     0.6444    0.6591    0.6517        44

avg / total     0.6478    0.6477    0.6477        88

weighted f1: 64.8
==================================
mean f1: 66.24 (3.01)
mean acc: 66.32 (3.04)
===
first instance
Majority weighted F1: 33.33 acc: 50.00
n_gram 1-6
data data/NL-data-200tweets.json.balanced.length
embeds None
folds 10
C 1
c_n_gram 0
analyze_features None
rm_uu False
only_mean False
show_instance False
test None
pred False
tf_idf False
