load data..
vectorize data..
Vocab size: 78
['F' 'M']
Classifier accuracy train: 50.37
===== dev set ====
Classifier: 50.00
             precision    recall  f1-score   support

          F     0.5000    1.0000    0.6667        45
          M     0.0000    0.0000    0.0000        45

avg / total     0.2500    0.5000    0.3333        90

weighted f1: 33.3
['F' 'M']
Classifier accuracy train: 50.12
===== dev set ====
Classifier: 51.11
             precision    recall  f1-score   support

          F     1.0000    0.0222    0.0435        45
          M     0.5056    1.0000    0.6716        45

avg / total     0.7528    0.5111    0.3576        90

weighted f1: 35.8
['F' 'M']
Classifier accuracy train: 55.47
===== dev set ====
Classifier: 53.33
             precision    recall  f1-score   support

          F     0.8000    0.0889    0.1600        45
          M     0.5176    0.9778    0.6769        45

avg / total     0.6588    0.5333    0.4185        90

weighted f1: 41.8
['F' 'M']
Classifier accuracy train: 53.23
===== dev set ====
Classifier: 52.22
             precision    recall  f1-score   support

          F     1.0000    0.0444    0.0851        45
          M     0.5114    1.0000    0.6767        45

avg / total     0.7557    0.5222    0.3809        90

weighted f1: 38.1
['F' 'M']
Classifier accuracy train: 61.44
===== dev set ====
Classifier: 66.67
             precision    recall  f1-score   support

          F     0.6000    1.0000    0.7500        45
          M     1.0000    0.3333    0.5000        45

avg / total     0.8000    0.6667    0.6250        90

weighted f1: 62.5
['F' 'M']
Classifier accuracy train: 54.23
===== dev set ====
Classifier: 55.56
             precision    recall  f1-score   support

          F     0.5301    0.9778    0.6875        45
          M     0.8571    0.1333    0.2308        45

avg / total     0.6936    0.5556    0.4591        90

weighted f1: 45.9
['F' 'M']
Classifier accuracy train: 57.71
===== dev set ====
Classifier: 58.89
             precision    recall  f1-score   support

          F     0.5500    0.9778    0.7040        45
          M     0.9000    0.2000    0.3273        45

avg / total     0.7250    0.5889    0.5156        90

weighted f1: 51.6
['F' 'M']
Classifier accuracy train: 55.83
===== dev set ====
Classifier: 52.27
             precision    recall  f1-score   support

          F     0.5122    0.9545    0.6667        44
          M     0.6667    0.0909    0.1600        44

avg / total     0.5894    0.5227    0.4133        88

weighted f1: 41.3
['F' 'M']
Classifier accuracy train: 50.37
===== dev set ====
Classifier: 50.00
             precision    recall  f1-score   support

          F     0.5000    1.0000    0.6667        44
          M     0.0000    0.0000    0.0000        44

avg / total     0.2500    0.5000    0.3333        88

weighted f1: 33.3
['F' 'M']
Classifier accuracy train: 53.10
===== dev set ====
Classifier: 54.55
             precision    recall  f1-score   support

          F     0.5238    1.0000    0.6875        44
          M     1.0000    0.0909    0.1667        44

avg / total     0.7619    0.5455    0.4271        88

weighted f1: 42.7
==================================
mean f1: 42.64 (8.53)
mean acc: 54.46 (4.82)
===
first instance
Majority weighted F1: 33.33 acc: 50.00
n_gram 1
test None
show_instance False
data data/NL-data-200tweets.json.balanced.length
embeds None
only_mean False
pred False
C 1
c_n_gram 0
tf_idf False
rm_uu False
analyze_features None
folds 10
