load data..
vectorize data..
Vocab size: 105084
['F' 'M']
Classifier accuracy train: 100.00
===== dev set ====
Classifier: 63.33
             precision    recall  f1-score   support

          F     0.6429    0.6000    0.6207        45
          M     0.6250    0.6667    0.6452        45

avg / total     0.6339    0.6333    0.6329        90

weighted f1: 63.3
['F' 'M']
Classifier accuracy train: 100.00
===== dev set ====
Classifier: 60.00
             precision    recall  f1-score   support

          F     0.6000    0.6000    0.6000        45
          M     0.6000    0.6000    0.6000        45

avg / total     0.6000    0.6000    0.6000        90

weighted f1: 60.0
['F' 'M']
Classifier accuracy train: 100.00
===== dev set ====
Classifier: 73.33
             precision    recall  f1-score   support

          F     0.7561    0.6889    0.7209        45
          M     0.7143    0.7778    0.7447        45

avg / total     0.7352    0.7333    0.7328        90

weighted f1: 73.3
['F' 'M']
Classifier accuracy train: 100.00
===== dev set ====
Classifier: 61.11
             precision    recall  f1-score   support

          F     0.5926    0.7111    0.6465        45
          M     0.6389    0.5111    0.5679        45

avg / total     0.6157    0.6111    0.6072        90

weighted f1: 60.7
['F' 'M']
Classifier accuracy train: 100.00
===== dev set ====
Classifier: 68.89
             precision    recall  f1-score   support

          F     0.6545    0.8000    0.7200        45
          M     0.7429    0.5778    0.6500        45

avg / total     0.6987    0.6889    0.6850        90

weighted f1: 68.5
['F' 'M']
Classifier accuracy train: 100.00
===== dev set ====
Classifier: 63.33
             precision    recall  f1-score   support

          F     0.6429    0.6000    0.6207        45
          M     0.6250    0.6667    0.6452        45

avg / total     0.6339    0.6333    0.6329        90

weighted f1: 63.3
['F' 'M']
Classifier accuracy train: 100.00
===== dev set ====
Classifier: 68.89
             precision    recall  f1-score   support

          F     0.6889    0.6889    0.6889        45
          M     0.6889    0.6889    0.6889        45

avg / total     0.6889    0.6889    0.6889        90

weighted f1: 68.9
['F' 'M']
Classifier accuracy train: 100.00
===== dev set ====
Classifier: 64.77
             precision    recall  f1-score   support

          F     0.6857    0.5455    0.6076        44
          M     0.6226    0.7500    0.6804        44

avg / total     0.6542    0.6477    0.6440        88

weighted f1: 64.4
['F' 'M']
Classifier accuracy train: 100.00
===== dev set ====
Classifier: 56.82
             precision    recall  f1-score   support

          F     0.5714    0.5455    0.5581        44
          M     0.5652    0.5909    0.5778        44

avg / total     0.5683    0.5682    0.5680        88

weighted f1: 56.8
['F' 'M']
Classifier accuracy train: 100.00
===== dev set ====
Classifier: 64.77
             precision    recall  f1-score   support

          F     0.6444    0.6591    0.6517        44
          M     0.6512    0.6364    0.6437        44

avg / total     0.6478    0.6477    0.6477        88

weighted f1: 64.8
==================================
mean f1: 64.39 (4.57)
mean acc: 64.53 (4.58)
===
first instance
Majority weighted F1: 33.33 acc: 50.00
embeds None
analyze_features None
test None
only_mean False
rm_uu False
pred False
data data/NL-data-200tweets.json.balanced.length
folds 10
C 1
c_n_gram 0
show_instance False
tf_idf False
n_gram 1-4
