load data..
vectorize data..
Vocab size: 44588
['F' 'M']
Classifier accuracy train: 79.23
===== dev set ====
Classifier: 65.56
             precision    recall  f1-score   support

          F     0.6061    0.8889    0.7207        45
          M     0.7917    0.4222    0.5507        45

avg / total     0.6989    0.6556    0.6357        90

weighted f1: 63.6
['F' 'M']
Classifier accuracy train: 52.86
===== dev set ====
Classifier: 54.44
             precision    recall  f1-score   support

          F     0.5238    0.9778    0.6822        45
          M     0.8333    0.1111    0.1961        45

avg / total     0.6786    0.5444    0.4391        90

weighted f1: 43.9
['F' 'M']
Classifier accuracy train: 66.04
===== dev set ====
Classifier: 52.22
             precision    recall  f1-score   support

          F     0.5122    0.9333    0.6614        45
          M     0.6250    0.1111    0.1887        45

avg / total     0.5686    0.5222    0.4250        90

weighted f1: 42.5
['F' 'M']
Classifier accuracy train: 84.70
===== dev set ====
Classifier: 67.78
             precision    recall  f1-score   support

          F     0.6250    0.8889    0.7339        45
          M     0.8077    0.4667    0.5915        45

avg / total     0.7163    0.6778    0.6627        90

weighted f1: 66.3
['F' 'M']
Classifier accuracy train: 59.58
===== dev set ====
Classifier: 51.11
             precision    recall  f1-score   support

          F     0.6667    0.0444    0.0833        45
          M     0.5057    0.9778    0.6667        45

avg / total     0.5862    0.5111    0.3750        90

weighted f1: 37.5
['F' 'M']
Classifier accuracy train: 76.12
===== dev set ====
Classifier: 60.00
             precision    recall  f1-score   support

          F     0.5652    0.8667    0.6842        45
          M     0.7143    0.3333    0.4545        45

avg / total     0.6398    0.6000    0.5694        90

weighted f1: 56.9
['F' 'M']
Classifier accuracy train: 62.69
===== dev set ====
Classifier: 57.78
             precision    recall  f1-score   support

          F     0.8182    0.2000    0.3214        45
          M     0.5443    0.9556    0.6935        45

avg / total     0.6812    0.5778    0.5075        90

weighted f1: 50.7
['F' 'M']
Classifier accuracy train: 87.97
===== dev set ====
Classifier: 65.91
             precision    recall  f1-score   support

          F     0.7059    0.5455    0.6154        44
          M     0.6296    0.7727    0.6939        44

avg / total     0.6678    0.6591    0.6546        88

weighted f1: 65.5
['F' 'M']
Classifier accuracy train: 60.67
===== dev set ====
Classifier: 53.41
             precision    recall  f1-score   support

          F     0.5185    0.9545    0.6720        44
          M     0.7143    0.1136    0.1961        44

avg / total     0.6164    0.5341    0.4340        88

weighted f1: 43.4
['F' 'M']
Classifier accuracy train: 61.91
===== dev set ====
Classifier: 52.27
             precision    recall  f1-score   support

          F     0.5128    0.9091    0.6557        44
          M     0.6000    0.1364    0.2222        44

avg / total     0.5564    0.5227    0.4390        88

weighted f1: 43.9
==================================
mean f1: 51.42 (10.23)
mean acc: 58.05 (6.06)
===
first instance
Majority weighted F1: 33.33 acc: 50.00
folds 10
rm_uu False
data data/NL-data-200tweets.json.balanced.punctCons
only_mean False
tf_idf False
test None
C 1
n_gram 3
embeds None
analyze_features None
c_n_gram 0
show_instance False
pred False
