load data..
vectorize data..
Vocab size: 5170
['F' 'M']
Classifier accuracy train: 51.00
===== dev set ====
Classifier: 50.00
             precision    recall  f1-score   support

          F     0.0000    0.0000    0.0000        45
          M     0.5000    1.0000    0.6667        45

avg / total     0.2500    0.5000    0.3333        90

weighted f1: 33.3
['F' 'M']
Classifier accuracy train: 52.49
===== dev set ====
Classifier: 52.22
             precision    recall  f1-score   support

          F     1.0000    0.0444    0.0851        45
          M     0.5114    1.0000    0.6767        45

avg / total     0.7557    0.5222    0.3809        90

weighted f1: 38.1
['F' 'M']
Classifier accuracy train: 52.61
===== dev set ====
Classifier: 50.00
             precision    recall  f1-score   support

          F     0.5000    0.9778    0.6617        45
          M     0.5000    0.0222    0.0426        45

avg / total     0.5000    0.5000    0.3521        90

weighted f1: 35.2
['F' 'M']
Classifier accuracy train: 50.75
===== dev set ====
Classifier: 51.11
             precision    recall  f1-score   support

          F     0.5056    1.0000    0.6716        45
          M     1.0000    0.0222    0.0435        45

avg / total     0.7528    0.5111    0.3576        90

weighted f1: 35.8
['F' 'M']
Classifier accuracy train: 50.87
===== dev set ====
Classifier: 51.11
             precision    recall  f1-score   support

          F     1.0000    0.0222    0.0435        45
          M     0.5056    1.0000    0.6716        45

avg / total     0.7528    0.5111    0.3576        90

weighted f1: 35.8
['F' 'M']
Classifier accuracy train: 73.13
===== dev set ====
Classifier: 63.33
             precision    recall  f1-score   support

          F     0.5909    0.8667    0.7027        45
          M     0.7500    0.4000    0.5217        45

avg / total     0.6705    0.6333    0.6122        90

weighted f1: 61.2
['F' 'M']
Classifier accuracy train: 54.48
===== dev set ====
Classifier: 53.33
             precision    recall  f1-score   support

          F     0.5181    0.9556    0.6719        45
          M     0.7143    0.1111    0.1923        45

avg / total     0.6162    0.5333    0.4321        90

weighted f1: 43.2
['F' 'M']
Classifier accuracy train: 54.47
===== dev set ====
Classifier: 52.27
             precision    recall  f1-score   support

          F     0.5119    0.9773    0.6719        44
          M     0.7500    0.0682    0.1250        44

avg / total     0.6310    0.5227    0.3984        88

weighted f1: 39.8
['F' 'M']
Classifier accuracy train: 70.22
===== dev set ====
Classifier: 57.95
             precision    recall  f1-score   support

          F     0.5574    0.7727    0.6476        44
          M     0.6296    0.3864    0.4789        44

avg / total     0.5935    0.5795    0.5632        88

weighted f1: 56.3
['F' 'M']
Classifier accuracy train: 55.46
===== dev set ====
Classifier: 48.86
             precision    recall  f1-score   support

          F     0.3333    0.0227    0.0426        44
          M     0.4941    0.9545    0.6512        44

avg / total     0.4137    0.4886    0.3469        88

weighted f1: 34.7
==================================
mean f1: 41.34 (9.19)
mean acc: 53.02 (4.18)
===
first instance
Majority weighted F1: 33.33 acc: 50.00
C 1
test None
pred False
show_instance False
rm_uu False
tf_idf False
c_n_gram 0
only_mean False
embeds None
analyze_features None
folds 10
data data/NL-data-200tweets.json.balanced.punctAgr
n_gram 1-3
