load data..
vectorize data..
Vocab size: 146053
['F' 'M']
Classifier accuracy train: 61.44
===== dev set ====
Classifier: 58.89
             precision    recall  f1-score   support

          F     0.5500    0.9778    0.7040        45
          M     0.9000    0.2000    0.3273        45

avg / total     0.7250    0.5889    0.5156        90

weighted f1: 51.6
['F' 'M']
Classifier accuracy train: 54.98
===== dev set ====
Classifier: 53.33
             precision    recall  f1-score   support

          F     0.5176    0.9778    0.6769        45
          M     0.8000    0.0889    0.1600        45

avg / total     0.6588    0.5333    0.4185        90

weighted f1: 41.8
['F' 'M']
Classifier accuracy train: 84.58
===== dev set ====
Classifier: 67.78
             precision    recall  f1-score   support

          F     0.6250    0.8889    0.7339        45
          M     0.8077    0.4667    0.5915        45

avg / total     0.7163    0.6778    0.6627        90

weighted f1: 66.3
['F' 'M']
Classifier accuracy train: 73.26
===== dev set ====
Classifier: 65.56
             precision    recall  f1-score   support

          F     0.8500    0.3778    0.5231        45
          M     0.6000    0.9333    0.7304        45

avg / total     0.7250    0.6556    0.6268        90

weighted f1: 62.7
['F' 'M']
Classifier accuracy train: 58.71
===== dev set ====
Classifier: 57.78
             precision    recall  f1-score   support

          F     0.5422    1.0000    0.7031        45
          M     1.0000    0.1556    0.2692        45

avg / total     0.7711    0.5778    0.4862        90

weighted f1: 48.6
['F' 'M']
Classifier accuracy train: 77.11
===== dev set ====
Classifier: 61.11
             precision    recall  f1-score   support

          F     0.5758    0.8444    0.6847        45
          M     0.7083    0.3778    0.4928        45

avg / total     0.6420    0.6111    0.5887        90

weighted f1: 58.9
['F' 'M']
Classifier accuracy train: 57.46
===== dev set ====
Classifier: 55.56
             precision    recall  f1-score   support

          F     1.0000    0.1111    0.2000        45
          M     0.5294    1.0000    0.6923        45

avg / total     0.7647    0.5556    0.4462        90

weighted f1: 44.6
['F' 'M']
Classifier accuracy train: 54.47
===== dev set ====
Classifier: 52.27
             precision    recall  f1-score   support

          F     0.5119    0.9773    0.6719        44
          M     0.7500    0.0682    0.1250        44

avg / total     0.6310    0.5227    0.3984        88

weighted f1: 39.8
['F' 'M']
Classifier accuracy train: 87.84
===== dev set ====
Classifier: 63.64
             precision    recall  f1-score   support

          F     0.6250    0.6818    0.6522        44
          M     0.6500    0.5909    0.6190        44

avg / total     0.6375    0.6364    0.6356        88

weighted f1: 63.6
['F' 'M']
Classifier accuracy train: 64.14
===== dev set ====
Classifier: 54.55
             precision    recall  f1-score   support

          F     0.5263    0.9091    0.6667        44
          M     0.6667    0.1818    0.2857        44

avg / total     0.5965    0.5455    0.4762        88

weighted f1: 47.6
==================================
mean f1: 52.55 (9.12)
mean acc: 59.05 (5.06)
===
first instance
Majority weighted F1: 33.33 acc: 50.00
pred False
data data/NL-data-200tweets.json.balanced.punctCons
rm_uu False
show_instance False
tf_idf False
embeds None
n_gram 1-4
folds 10
C 1
c_n_gram 0
analyze_features None
only_mean False
test None
