load data..
vectorize data..
Vocab size: 112243
['F' 'M']
Classifier accuracy train: 97.14
===== dev set ====
Classifier: 64.44
             precision    recall  f1-score   support

          F     0.6102    0.8000    0.6923        45
          M     0.7097    0.4889    0.5789        45

avg / total     0.6599    0.6444    0.6356        90

weighted f1: 63.6
['F' 'M']
Classifier accuracy train: 98.88
===== dev set ====
Classifier: 65.56
             precision    recall  f1-score   support

          F     0.6591    0.6444    0.6517        45
          M     0.6522    0.6667    0.6593        45

avg / total     0.6556    0.6556    0.6555        90

weighted f1: 65.6
['F' 'M']
Classifier accuracy train: 93.53
===== dev set ====
Classifier: 61.11
             precision    recall  f1-score   support

          F     0.5735    0.8667    0.6903        45
          M     0.7273    0.3556    0.4776        45

avg / total     0.6504    0.6111    0.5839        90

weighted f1: 58.4
['F' 'M']
Classifier accuracy train: 97.64
===== dev set ====
Classifier: 60.00
             precision    recall  f1-score   support

          F     0.6452    0.4444    0.5263        45
          M     0.5763    0.7556    0.6538        45

avg / total     0.6107    0.6000    0.5901        90

weighted f1: 59.0
['F' 'M']
Classifier accuracy train: 99.00
===== dev set ====
Classifier: 63.33
             precision    recall  f1-score   support

          F     0.6250    0.6667    0.6452        45
          M     0.6429    0.6000    0.6207        45

avg / total     0.6339    0.6333    0.6329        90

weighted f1: 63.3
['F' 'M']
Classifier accuracy train: 98.76
===== dev set ====
Classifier: 63.33
             precision    recall  f1-score   support

          F     0.6250    0.6667    0.6452        45
          M     0.6429    0.6000    0.6207        45

avg / total     0.6339    0.6333    0.6329        90

weighted f1: 63.3
['F' 'M']
Classifier accuracy train: 98.88
===== dev set ====
Classifier: 65.56
             precision    recall  f1-score   support

          F     0.6522    0.6667    0.6593        45
          M     0.6591    0.6444    0.6517        45

avg / total     0.6556    0.6556    0.6555        90

weighted f1: 65.6
['F' 'M']
Classifier accuracy train: 98.64
===== dev set ====
Classifier: 69.32
             precision    recall  f1-score   support

          F     0.7073    0.6591    0.6824        44
          M     0.6809    0.7273    0.7033        44

avg / total     0.6941    0.6932    0.6928        88

weighted f1: 69.3
['F' 'M']
Classifier accuracy train: 96.40
===== dev set ====
Classifier: 57.95
             precision    recall  f1-score   support

          F     0.5946    0.5000    0.5432        44
          M     0.5686    0.6591    0.6105        44

avg / total     0.5816    0.5795    0.5769        88

weighted f1: 57.7
['F' 'M']
Classifier accuracy train: 98.26
===== dev set ====
Classifier: 60.23
             precision    recall  f1-score   support

          F     0.6098    0.5682    0.5882        44
          M     0.5957    0.6364    0.6154        44

avg / total     0.6028    0.6023    0.6018        88

weighted f1: 60.2
==================================
mean f1: 62.58 (3.53)
mean acc: 63.08 (3.18)
===
first instance
Majority weighted F1: 33.33 acc: 50.00
test None
n_gram 5
rm_uu False
analyze_features None
c_n_gram 0
embeds None
C 1
pred False
show_instance False
folds 10
tf_idf False
only_mean False
data data/NL-data-200tweets.json.balanced.punctCons
