load data..
vectorize data..
Vocab size: 22824
['F' 'M']
Classifier accuracy train: 72.89
===== dev set ====
Classifier: 64.44
             precision    recall  f1-score   support

          F     0.8824    0.3333    0.4839        45
          M     0.5890    0.9556    0.7288        45

avg / total     0.7357    0.6444    0.6063        90

weighted f1: 60.6
['F' 'M']
Classifier accuracy train: 85.95
===== dev set ====
Classifier: 60.00
             precision    recall  f1-score   support

          F     0.5818    0.7111    0.6400        45
          M     0.6286    0.4889    0.5500        45

avg / total     0.6052    0.6000    0.5950        90

weighted f1: 59.5
['F' 'M']
Classifier accuracy train: 87.19
===== dev set ====
Classifier: 60.00
             precision    recall  f1-score   support

          F     0.5714    0.8000    0.6667        45
          M     0.6667    0.4000    0.5000        45

avg / total     0.6190    0.6000    0.5833        90

weighted f1: 58.3
['F' 'M']
Classifier accuracy train: 71.89
===== dev set ====
Classifier: 58.89
             precision    recall  f1-score   support

          F     0.5513    0.9556    0.6992        45
          M     0.8333    0.2222    0.3509        45

avg / total     0.6923    0.5889    0.5250        90

weighted f1: 52.5
['F' 'M']
Classifier accuracy train: 60.20
===== dev set ====
Classifier: 55.56
             precision    recall  f1-score   support

          F     0.7778    0.1556    0.2593        45
          M     0.5309    0.9556    0.6825        45

avg / total     0.6543    0.5556    0.4709        90

weighted f1: 47.1
['F' 'M']
Classifier accuracy train: 90.55
===== dev set ====
Classifier: 55.56
             precision    recall  f1-score   support

          F     0.5581    0.5333    0.5455        45
          M     0.5532    0.5778    0.5652        45

avg / total     0.5557    0.5556    0.5553        90

weighted f1: 55.5
['F' 'M']
Classifier accuracy train: 67.04
===== dev set ====
Classifier: 54.44
             precision    recall  f1-score   support

          F     0.7000    0.1556    0.2545        45
          M     0.5250    0.9333    0.6720        45

avg / total     0.6125    0.5444    0.4633        90

weighted f1: 46.3
['F' 'M']
Classifier accuracy train: 87.97
===== dev set ====
Classifier: 55.68
             precision    recall  f1-score   support

          F     0.5455    0.6818    0.6061        44
          M     0.5758    0.4318    0.4935        44

avg / total     0.5606    0.5568    0.5498        88

weighted f1: 55.0
['F' 'M']
Classifier accuracy train: 86.97
===== dev set ====
Classifier: 56.82
             precision    recall  f1-score   support

          F     0.5833    0.4773    0.5250        44
          M     0.5577    0.6591    0.6042        44

avg / total     0.5705    0.5682    0.5646        88

weighted f1: 56.5
['F' 'M']
Classifier accuracy train: 72.08
===== dev set ====
Classifier: 54.55
             precision    recall  f1-score   support

          F     0.5278    0.8636    0.6552        44
          M     0.6250    0.2273    0.3333        44

avg / total     0.5764    0.5455    0.4943        88

weighted f1: 49.4
==================================
mean f1: 54.08 (4.82)
mean acc: 57.59 (3.03)
===
first instance
Majority weighted F1: 33.33 acc: 50.00
c_n_gram 0
only_mean False
analyze_features None
C 1
tf_idf False
pred False
rm_uu False
embeds None
data data/NL-data-200tweets.json.balanced.punctAgr
show_instance False
test None
folds 10
n_gram 5
