load data..
vectorize data..
Vocab size: 407351
['F' 'M']
Classifier accuracy train: 90.67
===== dev set ====
Classifier: 71.11
             precision    recall  f1-score   support

          F     0.7879    0.5778    0.6667        45
          M     0.6667    0.8444    0.7451        45

avg / total     0.7273    0.7111    0.7059        90

weighted f1: 70.6
['F' 'M']
Classifier accuracy train: 82.09
===== dev set ====
Classifier: 65.56
             precision    recall  f1-score   support

          F     0.8182    0.4000    0.5373        45
          M     0.6029    0.9111    0.7257        45

avg / total     0.7106    0.6556    0.6315        90

weighted f1: 63.1
['F' 'M']
Classifier accuracy train: 62.06
===== dev set ====
Classifier: 56.67
             precision    recall  f1-score   support

          F     0.8000    0.1778    0.2909        45
          M     0.5375    0.9556    0.6880        45

avg / total     0.6687    0.5667    0.4895        90

weighted f1: 48.9
['F' 'M']
Classifier accuracy train: 55.72
===== dev set ====
Classifier: 51.11
             precision    recall  f1-score   support

          F     1.0000    0.0222    0.0435        45
          M     0.5056    1.0000    0.6716        45

avg / total     0.7528    0.5111    0.3576        90

weighted f1: 35.8
['F' 'M']
Classifier accuracy train: 67.54
===== dev set ====
Classifier: 62.22
             precision    recall  f1-score   support

          F     0.5696    1.0000    0.7258        45
          M     1.0000    0.2444    0.3929        45

avg / total     0.7848    0.6222    0.5593        90

weighted f1: 55.9
['F' 'M']
Classifier accuracy train: 83.58
===== dev set ====
Classifier: 66.67
             precision    recall  f1-score   support

          F     0.6230    0.8444    0.7170        45
          M     0.7586    0.4889    0.5946        45

avg / total     0.6908    0.6667    0.6558        90

weighted f1: 65.6
['F' 'M']
Classifier accuracy train: 71.39
===== dev set ====
Classifier: 60.00
             precision    recall  f1-score   support

          F     0.8000    0.2667    0.4000        45
          M     0.5600    0.9333    0.7000        45

avg / total     0.6800    0.6000    0.5500        90

weighted f1: 55.0
['F' 'M']
Classifier accuracy train: 91.56
===== dev set ====
Classifier: 73.86
             precision    recall  f1-score   support

          F     0.7561    0.7045    0.7294        44
          M     0.7234    0.7727    0.7473        44

avg / total     0.7398    0.7386    0.7383        88

weighted f1: 73.8
['F' 'M']
Classifier accuracy train: 90.82
===== dev set ====
Classifier: 62.50
             precision    recall  f1-score   support

          F     0.6410    0.5682    0.6024        44
          M     0.6122    0.6818    0.6452        44

avg / total     0.6266    0.6250    0.6238        88

weighted f1: 62.4
['F' 'M']
Classifier accuracy train: 76.67
===== dev set ====
Classifier: 61.36
             precision    recall  f1-score   support

          F     0.5735    0.8864    0.6964        44
          M     0.7500    0.3409    0.4688        44

avg / total     0.6618    0.6136    0.5826        88

weighted f1: 58.3
==================================
mean f1: 58.94 (10.46)
mean acc: 63.11 (6.31)
===
first instance
Majority weighted F1: 33.33 acc: 50.00
analyze_features None
pred False
show_instance False
c_n_gram 0
tf_idf False
only_mean False
n_gram 1-6
folds 10
rm_uu False
C 1
test None
data data/NL-data-200tweets.json.balanced.punctCons
embeds None
