load data..
vectorize data..
Vocab size: 25443
['F' 'M']
Classifier accuracy train: 63.81
===== dev set ====
Classifier: 62.22
             precision    recall  f1-score   support

          F     0.8235    0.3111    0.4516        45
          M     0.5753    0.9333    0.7119        45

avg / total     0.6994    0.6222    0.5817        90

weighted f1: 58.2
['F' 'M']
Classifier accuracy train: 51.37
===== dev set ====
Classifier: 50.00
             precision    recall  f1-score   support

          F     0.0000    0.0000    0.0000        45
          M     0.5000    1.0000    0.6667        45

avg / total     0.2500    0.5000    0.3333        90

weighted f1: 33.3
['F' 'M']
Classifier accuracy train: 66.79
===== dev set ====
Classifier: 56.67
             precision    recall  f1-score   support

          F     0.6667    0.2667    0.3810        45
          M     0.5417    0.8667    0.6667        45

avg / total     0.6042    0.5667    0.5238        90

weighted f1: 52.4
['F' 'M']
Classifier accuracy train: 73.01
===== dev set ====
Classifier: 66.67
             precision    recall  f1-score   support

          F     0.8261    0.4222    0.5588        45
          M     0.6119    0.9111    0.7321        45

avg / total     0.7190    0.6667    0.6455        90

weighted f1: 64.5
['F' 'M']
Classifier accuracy train: 59.95
===== dev set ====
Classifier: 57.78
             precision    recall  f1-score   support

          F     0.5422    1.0000    0.7031        45
          M     1.0000    0.1556    0.2692        45

avg / total     0.7711    0.5778    0.4862        90

weighted f1: 48.6
['F' 'M']
Classifier accuracy train: 55.10
===== dev set ====
Classifier: 51.11
             precision    recall  f1-score   support

          F     0.5057    0.9778    0.6667        45
          M     0.6667    0.0444    0.0833        45

avg / total     0.5862    0.5111    0.3750        90

weighted f1: 37.5
['F' 'M']
Classifier accuracy train: 58.96
===== dev set ====
Classifier: 56.67
             precision    recall  f1-score   support

          F     0.8000    0.1778    0.2909        45
          M     0.5375    0.9556    0.6880        45

avg / total     0.6687    0.5667    0.4895        90

weighted f1: 48.9
['F' 'M']
Classifier accuracy train: 81.27
===== dev set ====
Classifier: 65.91
             precision    recall  f1-score   support

          F     0.6458    0.7045    0.6739        44
          M     0.6750    0.6136    0.6429        44

avg / total     0.6604    0.6591    0.6584        88

weighted f1: 65.8
['F' 'M']
Classifier accuracy train: 62.41
===== dev set ====
Classifier: 59.09
             precision    recall  f1-score   support

          F     0.7500    0.2727    0.4000        44
          M     0.5556    0.9091    0.6897        44

avg / total     0.6528    0.5909    0.5448        88

weighted f1: 54.5
['F' 'M']
Classifier accuracy train: 51.36
===== dev set ====
Classifier: 51.14
             precision    recall  f1-score   support

          F     0.5057    1.0000    0.6718        44
          M     1.0000    0.0227    0.0444        44

avg / total     0.7529    0.5114    0.3581        88

weighted f1: 35.8
==================================
mean f1: 49.96 (10.92)
mean acc: 57.72 (5.64)
===
first instance
Majority weighted F1: 33.33 acc: 50.00
pred False
only_mean False
folds 10
show_instance False
analyze_features None
n_gram 1-2
c_n_gram 0
embeds None
rm_uu False
test None
data data/NL-data-200tweets.json.balanced.punctCons
C 1
tf_idf False
