load data..
vectorize data..
Vocab size: 69930
['F' 'M']
Classifier accuracy train: 85.95
===== dev set ====
Classifier: 76.67
             precision    recall  f1-score   support

          F     0.7727    0.7556    0.7640        45
          M     0.7609    0.7778    0.7692        45

avg / total     0.7668    0.7667    0.7666        90

weighted f1: 76.7
['F' 'M']
Classifier accuracy train: 62.31
===== dev set ====
Classifier: 56.67
             precision    recall  f1-score   support

          F     0.8750    0.1556    0.2642        45
          M     0.5366    0.9778    0.6929        45

avg / total     0.7058    0.5667    0.4785        90

weighted f1: 47.9
['F' 'M']
Classifier accuracy train: 64.80
===== dev set ====
Classifier: 55.56
             precision    recall  f1-score   support

          F     0.6471    0.2444    0.3548        45
          M     0.5342    0.8667    0.6610        45

avg / total     0.5907    0.5556    0.5079        90

weighted f1: 50.8
['F' 'M']
Classifier accuracy train: 72.76
===== dev set ====
Classifier: 65.56
             precision    recall  f1-score   support

          F     0.5972    0.9556    0.7350        45
          M     0.8889    0.3556    0.5079        45

avg / total     0.7431    0.6556    0.6215        90

weighted f1: 62.1
['F' 'M']
Classifier accuracy train: 55.97
===== dev set ====
Classifier: 51.11
             precision    recall  f1-score   support

          F     0.6667    0.0444    0.0833        45
          M     0.5057    0.9778    0.6667        45

avg / total     0.5862    0.5111    0.3750        90

weighted f1: 37.5
['F' 'M']
Classifier accuracy train: 60.95
===== dev set ====
Classifier: 55.56
             precision    recall  f1-score   support

          F     1.0000    0.1111    0.2000        45
          M     0.5294    1.0000    0.6923        45

avg / total     0.7647    0.5556    0.4462        90

weighted f1: 44.6
['F' 'M']
Classifier accuracy train: 70.52
===== dev set ====
Classifier: 63.33
             precision    recall  f1-score   support

          F     0.5857    0.9111    0.7130        45
          M     0.8000    0.3556    0.4923        45

avg / total     0.6929    0.6333    0.6027        90

weighted f1: 60.3
['F' 'M']
Classifier accuracy train: 55.96
===== dev set ====
Classifier: 53.41
             precision    recall  f1-score   support

          F     0.5181    0.9773    0.6772        44
          M     0.8000    0.0909    0.1633        44

avg / total     0.6590    0.5341    0.4202        88

weighted f1: 42.0
['F' 'M']
Classifier accuracy train: 71.59
===== dev set ====
Classifier: 68.18
             precision    recall  f1-score   support

          F     0.7857    0.5000    0.6111        44
          M     0.6333    0.8636    0.7308        44

avg / total     0.7095    0.6818    0.6709        88

weighted f1: 67.1
['F' 'M']
Classifier accuracy train: 81.14
===== dev set ====
Classifier: 68.18
             precision    recall  f1-score   support

          F     0.7353    0.5682    0.6410        44
          M     0.6481    0.7955    0.7143        44

avg / total     0.6917    0.6818    0.6777        88

weighted f1: 67.8
==================================
mean f1: 55.67 (12.26)
mean acc: 61.42 (7.79)
===
first instance
Majority weighted F1: 33.33 acc: 50.00
embeds None
rm_uu False
tf_idf False
pred False
data data/NL-data-200tweets.json.balanced.punctCons
c_n_gram 0
analyze_features None
C 1
folds 10
n_gram 1-3
only_mean False
show_instance False
test None
