load data..
vectorize data..
Vocab size: 4138
['F' 'M']
Classifier accuracy train: 71.14
===== dev set ====
Classifier: 60.00
             precision    recall  f1-score   support

          F     0.7143    0.3333    0.4545        45
          M     0.5652    0.8667    0.6842        45

avg / total     0.6398    0.6000    0.5694        90

weighted f1: 56.9
['F' 'M']
Classifier accuracy train: 69.15
===== dev set ====
Classifier: 58.89
             precision    recall  f1-score   support

          F     0.5588    0.8444    0.6726        45
          M     0.6818    0.3333    0.4478        45

avg / total     0.6203    0.5889    0.5602        90

weighted f1: 56.0
['F' 'M']
Classifier accuracy train: 62.94
===== dev set ====
Classifier: 58.89
             precision    recall  f1-score   support

          F     0.7857    0.2444    0.3729        45
          M     0.5526    0.9333    0.6942        45

avg / total     0.6692    0.5889    0.5335        90

weighted f1: 53.4
['F' 'M']
Classifier accuracy train: 78.98
===== dev set ====
Classifier: 66.67
             precision    recall  f1-score   support

          F     0.6744    0.6444    0.6591        45
          M     0.6596    0.6889    0.6739        45

avg / total     0.6670    0.6667    0.6665        90

weighted f1: 66.7
['F' 'M']
Classifier accuracy train: 59.33
===== dev set ====
Classifier: 53.33
             precision    recall  f1-score   support

          F     0.5172    1.0000    0.6818        45
          M     1.0000    0.0667    0.1250        45

avg / total     0.7586    0.5333    0.4034        90

weighted f1: 40.3
['F' 'M']
Classifier accuracy train: 53.23
===== dev set ====
Classifier: 50.00
             precision    recall  f1-score   support

          F     0.5000    0.0222    0.0426        45
          M     0.5000    0.9778    0.6617        45

avg / total     0.5000    0.5000    0.3521        90

weighted f1: 35.2
['F' 'M']
Classifier accuracy train: 69.40
===== dev set ====
Classifier: 64.44
             precision    recall  f1-score   support

          F     0.8095    0.3778    0.5152        45
          M     0.5942    0.9111    0.7193        45

avg / total     0.7019    0.6444    0.6172        90

weighted f1: 61.7
['F' 'M']
Classifier accuracy train: 79.03
===== dev set ====
Classifier: 55.68
             precision    recall  f1-score   support

          F     0.5581    0.5455    0.5517        44
          M     0.5556    0.5682    0.5618        44

avg / total     0.5568    0.5568    0.5568        88

weighted f1: 55.7
['F' 'M']
Classifier accuracy train: 79.40
===== dev set ====
Classifier: 56.82
             precision    recall  f1-score   support

          F     0.5556    0.6818    0.6122        44
          M     0.5882    0.4545    0.5128        44

avg / total     0.5719    0.5682    0.5625        88

weighted f1: 56.3
['F' 'M']
Classifier accuracy train: 67.12
===== dev set ====
Classifier: 60.23
             precision    recall  f1-score   support

          F     0.8000    0.2727    0.4068        44
          M     0.5616    0.9318    0.7009        44

avg / total     0.6808    0.6023    0.5538        88

weighted f1: 55.4
==================================
mean f1: 53.75 (8.84)
mean acc: 58.49 (4.66)
===
first instance
Majority weighted F1: 33.33 acc: 50.00
show_instance False
analyze_features None
folds 10
rm_uu False
C 1
c_n_gram 0
embeds None
tf_idf False
test None
n_gram 3
data data/NL-data-200tweets.json.balanced.punctAgr
only_mean False
pred False
