load data..
vectorize data..
Vocab size: 11424
['F' 'M']
Classifier accuracy train: 78.23
===== dev set ====
Classifier: 64.44
             precision    recall  f1-score   support

          F     0.7407    0.4444    0.5556        45
          M     0.6032    0.8444    0.7037        45

avg / total     0.6720    0.6444    0.6296        90

weighted f1: 63.0
['F' 'M']
Classifier accuracy train: 85.45
===== dev set ====
Classifier: 63.33
             precision    recall  f1-score   support

          F     0.6579    0.5556    0.6024        45
          M     0.6154    0.7111    0.6598        45

avg / total     0.6366    0.6333    0.6311        90

weighted f1: 63.1
['F' 'M']
Classifier accuracy train: 59.95
===== dev set ====
Classifier: 52.22
             precision    recall  f1-score   support

          F     0.5119    0.9556    0.6667        45
          M     0.6667    0.0889    0.1569        45

avg / total     0.5893    0.5222    0.4118        90

weighted f1: 41.2
['F' 'M']
Classifier accuracy train: 70.52
===== dev set ====
Classifier: 64.44
             precision    recall  f1-score   support

          F     0.8421    0.3556    0.5000        45
          M     0.5915    0.9333    0.7241        45

avg / total     0.7168    0.6444    0.6121        90

weighted f1: 61.2
['F' 'M']
Classifier accuracy train: 73.51
===== dev set ====
Classifier: 65.56
             precision    recall  f1-score   support

          F     0.8182    0.4000    0.5373        45
          M     0.6029    0.9111    0.7257        45

avg / total     0.7106    0.6556    0.6315        90

weighted f1: 63.1
['F' 'M']
Classifier accuracy train: 58.46
===== dev set ====
Classifier: 51.11
             precision    recall  f1-score   support

          F     0.5057    0.9778    0.6667        45
          M     0.6667    0.0444    0.0833        45

avg / total     0.5862    0.5111    0.3750        90

weighted f1: 37.5
['F' 'M']
Classifier accuracy train: 66.92
===== dev set ====
Classifier: 61.11
             precision    recall  f1-score   support

          F     0.8125    0.2889    0.4262        45
          M     0.5676    0.9333    0.7059        45

avg / total     0.6900    0.6111    0.5661        90

weighted f1: 56.6
['F' 'M']
Classifier accuracy train: 75.81
===== dev set ====
Classifier: 44.32
             precision    recall  f1-score   support

          F     0.3913    0.2045    0.2687        44
          M     0.4615    0.6818    0.5505        44

avg / total     0.4264    0.4432    0.4096        88

weighted f1: 41.0
['F' 'M']
Classifier accuracy train: 57.57
===== dev set ====
Classifier: 52.27
             precision    recall  f1-score   support

          F     0.5125    0.9318    0.6613        44
          M     0.6250    0.1136    0.1923        44

avg / total     0.5687    0.5227    0.4268        88

weighted f1: 42.7
['F' 'M']
Classifier accuracy train: 64.27
===== dev set ====
Classifier: 51.14
             precision    recall  f1-score   support

          F     0.5556    0.1136    0.1887        44
          M     0.5063    0.9091    0.6504        44

avg / total     0.5309    0.5114    0.4195        88

weighted f1: 42.0
==================================
mean f1: 51.13 (10.50)
mean acc: 56.99 (7.18)
===
first instance
Majority weighted F1: 33.33 acc: 50.00
test None
rm_uu False
only_mean False
n_gram 4
analyze_features None
folds 10
tf_idf False
data data/NL-data-200tweets.json.balanced.punctAgr
c_n_gram 0
show_instance False
pred False
C 1
embeds None
