load data..
vectorize data..
Vocab size: 39418
['F' 'M']
Classifier accuracy train: 55.35
===== dev set ====
Classifier: 57.78
             precision    recall  f1-score   support

          F     1.0000    0.1556    0.2692        45
          M     0.5422    1.0000    0.7031        45

avg / total     0.7711    0.5778    0.4862        90

weighted f1: 48.6
['F' 'M']
Classifier accuracy train: 67.91
===== dev set ====
Classifier: 61.11
             precision    recall  f1-score   support

          F     0.5781    0.8222    0.6789        45
          M     0.6923    0.4000    0.5070        45

avg / total     0.6352    0.6111    0.5930        90

weighted f1: 59.3
['F' 'M']
Classifier accuracy train: 74.25
===== dev set ====
Classifier: 71.11
             precision    recall  f1-score   support

          F     0.8276    0.5333    0.6486        45
          M     0.6557    0.8889    0.7547        45

avg / total     0.7417    0.7111    0.7017        90

weighted f1: 70.2
['F' 'M']
Classifier accuracy train: 71.14
===== dev set ====
Classifier: 63.33
             precision    recall  f1-score   support

          F     0.5882    0.8889    0.7080        45
          M     0.7727    0.3778    0.5075        45

avg / total     0.6805    0.6333    0.6077        90

weighted f1: 60.8
['F' 'M']
Classifier accuracy train: 72.64
===== dev set ====
Classifier: 68.89
             precision    recall  f1-score   support

          F     0.8400    0.4667    0.6000        45
          M     0.6308    0.9111    0.7455        45

avg / total     0.7354    0.6889    0.6727        90

weighted f1: 67.3
['F' 'M']
Classifier accuracy train: 53.11
===== dev set ====
Classifier: 48.89
             precision    recall  f1-score   support

          F     0.4944    0.9778    0.6567        45
          M     0.0000    0.0000    0.0000        45

avg / total     0.2472    0.4889    0.3284        90

weighted f1: 32.8
['F' 'M']
Classifier accuracy train: 59.20
===== dev set ====
Classifier: 58.89
             precision    recall  f1-score   support

          F     0.8333    0.2222    0.3509        45
          M     0.5513    0.9556    0.6992        45

avg / total     0.6923    0.5889    0.5250        90

weighted f1: 52.5
['F' 'M']
Classifier accuracy train: 80.89
===== dev set ====
Classifier: 61.36
             precision    recall  f1-score   support

          F     0.6000    0.6818    0.6383        44
          M     0.6316    0.5455    0.5854        44

avg / total     0.6158    0.6136    0.6118        88

weighted f1: 61.2
['F' 'M']
Classifier accuracy train: 69.98
===== dev set ====
Classifier: 56.82
             precision    recall  f1-score   support

          F     0.5441    0.8409    0.6607        44
          M     0.6500    0.2955    0.4062        44

avg / total     0.5971    0.5682    0.5335        88

weighted f1: 53.3
['F' 'M']
Classifier accuracy train: 55.46
===== dev set ====
Classifier: 50.00
             precision    recall  f1-score   support

          F     0.5000    0.0455    0.0833        44
          M     0.5000    0.9545    0.6562        44

avg / total     0.5000    0.5000    0.3698        88

weighted f1: 37.0
==================================
mean f1: 54.30 (11.54)
mean acc: 59.82 (6.75)
===
first instance
Majority weighted F1: 33.33 acc: 50.00
n_gram 1-5
C 1
analyze_features None
embeds None
only_mean False
data data/NL-data-200tweets.json.balanced.punctAgr
folds 10
test None
pred False
tf_idf False
c_n_gram 0
rm_uu False
show_instance False
