load data..
vectorize data..
Vocab size: 76627
['F' 'M']
Classifier accuracy train: 60.20
===== dev set ====
Classifier: 54.44
             precision    recall  f1-score   support

          F     0.5233    1.0000    0.6870        45
          M     1.0000    0.0889    0.1633        45

avg / total     0.7616    0.5444    0.4251        90

weighted f1: 42.5
['F' 'M']
Classifier accuracy train: 83.96
===== dev set ====
Classifier: 63.33
             precision    recall  f1-score   support

          F     0.6667    0.5333    0.5926        45
          M     0.6111    0.7333    0.6667        45

avg / total     0.6389    0.6333    0.6296        90

weighted f1: 63.0
['F' 'M']
Classifier accuracy train: 70.02
===== dev set ====
Classifier: 54.44
             precision    recall  f1-score   support

          F     0.5256    0.9111    0.6667        45
          M     0.6667    0.1778    0.2807        45

avg / total     0.5962    0.5444    0.4737        90

weighted f1: 47.4
['F' 'M']
Classifier accuracy train: 74.50
===== dev set ====
Classifier: 68.89
             precision    recall  f1-score   support

          F     0.8400    0.4667    0.6000        45
          M     0.6308    0.9111    0.7455        45

avg / total     0.7354    0.6889    0.6727        90

weighted f1: 67.3
['F' 'M']
Classifier accuracy train: 82.09
===== dev set ====
Classifier: 77.78
             precision    recall  f1-score   support

          F     0.7778    0.7778    0.7778        45
          M     0.7778    0.7778    0.7778        45

avg / total     0.7778    0.7778    0.7778        90

weighted f1: 77.8
['F' 'M']
Classifier accuracy train: 60.57
===== dev set ====
Classifier: 51.11
             precision    recall  f1-score   support

          F     0.6667    0.0444    0.0833        45
          M     0.5057    0.9778    0.6667        45

avg / total     0.5862    0.5111    0.3750        90

weighted f1: 37.5
['F' 'M']
Classifier accuracy train: 59.58
===== dev set ====
Classifier: 56.67
             precision    recall  f1-score   support

          F     0.8000    0.1778    0.2909        45
          M     0.5375    0.9556    0.6880        45

avg / total     0.6687    0.5667    0.4895        90

weighted f1: 48.9
['F' 'M']
Classifier accuracy train: 80.77
===== dev set ====
Classifier: 62.50
             precision    recall  f1-score   support

          F     0.5902    0.8182    0.6857        44
          M     0.7037    0.4318    0.5352        44

avg / total     0.6469    0.6250    0.6105        88

weighted f1: 61.0
['F' 'M']
Classifier accuracy train: 60.42
===== dev set ====
Classifier: 59.09
             precision    recall  f1-score   support

          F     0.9000    0.2045    0.3333        44
          M     0.5513    0.9773    0.7049        44

avg / total     0.7256    0.5909    0.5191        88

weighted f1: 51.9
['F' 'M']
Classifier accuracy train: 77.30
===== dev set ====
Classifier: 64.77
             precision    recall  f1-score   support

          F     0.6102    0.8182    0.6990        44
          M     0.7241    0.4773    0.5753        44

avg / total     0.6672    0.6477    0.6372        88

weighted f1: 63.7
==================================
mean f1: 56.10 (11.83)
mean acc: 61.30 (7.56)
===
first instance
Majority weighted F1: 33.33 acc: 50.00
pred False
only_mean False
folds 10
c_n_gram 0
test None
n_gram 1-6
show_instance False
analyze_features None
C 1
data data/NL-data-200tweets.json.balanced.punctAgr
embeds None
tf_idf False
rm_uu False
