load data..
vectorize data..
Vocab size: 107
['F' 'M']
Classifier accuracy train: 50.62
===== dev set ====
Classifier: 50.00
             precision    recall  f1-score   support

          F     0.5000    1.0000    0.6667        45
          M     0.0000    0.0000    0.0000        45

avg / total     0.2500    0.5000    0.3333        90

weighted f1: 33.3
['F' 'M']
Classifier accuracy train: 50.87
===== dev set ====
Classifier: 48.89
             precision    recall  f1-score   support

          F     0.4944    0.9778    0.6567        45
          M     0.0000    0.0000    0.0000        45

avg / total     0.2472    0.4889    0.3284        90

weighted f1: 32.8
['F' 'M']
Classifier accuracy train: 52.86
===== dev set ====
Classifier: 54.44
             precision    recall  f1-score   support

          F     1.0000    0.0889    0.1633        45
          M     0.5233    1.0000    0.6870        45

avg / total     0.7616    0.5444    0.4251        90

weighted f1: 42.5
['F' 'M']
Classifier accuracy train: 52.24
===== dev set ====
Classifier: 51.11
             precision    recall  f1-score   support

          F     0.6667    0.0444    0.0833        45
          M     0.5057    0.9778    0.6667        45

avg / total     0.5862    0.5111    0.3750        90

weighted f1: 37.5
['F' 'M']
Classifier accuracy train: 53.11
===== dev set ====
Classifier: 57.78
             precision    recall  f1-score   support

          F     1.0000    0.1556    0.2692        45
          M     0.5422    1.0000    0.7031        45

avg / total     0.7711    0.5778    0.4862        90

weighted f1: 48.6
['F' 'M']
Classifier accuracy train: 56.34
===== dev set ====
Classifier: 48.89
             precision    recall  f1-score   support

          F     0.4286    0.0667    0.1154        45
          M     0.4940    0.9111    0.6406        45

avg / total     0.4613    0.4889    0.3780        90

weighted f1: 37.8
['F' 'M']
Classifier accuracy train: 53.61
===== dev set ====
Classifier: 51.11
             precision    recall  f1-score   support

          F     0.6000    0.0667    0.1200        45
          M     0.5059    0.9556    0.6615        45

avg / total     0.5529    0.5111    0.3908        90

weighted f1: 39.1
['F' 'M']
Classifier accuracy train: 61.41
===== dev set ====
Classifier: 57.95
             precision    recall  f1-score   support

          F     0.6522    0.3409    0.4478        44
          M     0.5538    0.8182    0.6606        44

avg / total     0.6030    0.5795    0.5542        88

weighted f1: 55.4
['F' 'M']
Classifier accuracy train: 50.00
===== dev set ====
Classifier: 48.86
             precision    recall  f1-score   support

          F     0.4941    0.9545    0.6512        44
          M     0.3333    0.0227    0.0426        44

avg / total     0.4137    0.4886    0.3469        88

weighted f1: 34.7
['F' 'M']
Classifier accuracy train: 52.61
===== dev set ====
Classifier: 54.55
             precision    recall  f1-score   support

          F     0.5238    1.0000    0.6875        44
          M     1.0000    0.0909    0.1667        44

avg / total     0.7619    0.5455    0.4271        88

weighted f1: 42.7
==================================
mean f1: 40.45 (6.78)
mean acc: 52.36 (3.39)
===
first instance
Majority weighted F1: 33.33 acc: 50.00
data data/NL-data-200tweets.json.balanced.punctAgr
pred False
embeds None
tf_idf False
folds 10
test None
c_n_gram 0
show_instance False
only_mean False
analyze_features None
rm_uu False
C 1
n_gram 1-1
