load data..
vectorize data..
Vocab size: 925
['F' 'M']
Classifier accuracy train: 59.70
===== dev set ====
Classifier: 60.00
             precision    recall  f1-score   support

          F     0.5556    1.0000    0.7143        45
          M     1.0000    0.2000    0.3333        45

avg / total     0.7778    0.6000    0.5238        90

weighted f1: 52.4
['F' 'M']
Classifier accuracy train: 50.87
===== dev set ====
Classifier: 47.78
             precision    recall  f1-score   support

          F     0.4886    0.9556    0.6466        45
          M     0.0000    0.0000    0.0000        45

avg / total     0.2443    0.4778    0.3233        90

weighted f1: 32.3
['F' 'M']
Classifier accuracy train: 51.12
===== dev set ====
Classifier: 50.00
             precision    recall  f1-score   support

          F     0.5000    1.0000    0.6667        45
          M     0.0000    0.0000    0.0000        45

avg / total     0.2500    0.5000    0.3333        90

weighted f1: 33.3
['F' 'M']
Classifier accuracy train: 63.31
===== dev set ====
Classifier: 57.78
             precision    recall  f1-score   support

          F     0.5455    0.9333    0.6885        45
          M     0.7692    0.2222    0.3448        45

avg / total     0.6573    0.5778    0.5167        90

weighted f1: 51.7
['F' 'M']
Classifier accuracy train: 54.98
===== dev set ====
Classifier: 54.44
             precision    recall  f1-score   support

          F     0.8333    0.1111    0.1961        45
          M     0.5238    0.9778    0.6822        45

avg / total     0.6786    0.5444    0.4391        90

weighted f1: 43.9
['F' 'M']
Classifier accuracy train: 66.92
===== dev set ====
Classifier: 54.44
             precision    recall  f1-score   support

          F     0.5270    0.8667    0.6555        45
          M     0.6250    0.2222    0.3279        45

avg / total     0.5760    0.5444    0.4917        90

weighted f1: 49.2
['F' 'M']
Classifier accuracy train: 52.49
===== dev set ====
Classifier: 54.44
             precision    recall  f1-score   support

          F     1.0000    0.0889    0.1633        45
          M     0.5233    1.0000    0.6870        45

avg / total     0.7616    0.5444    0.4251        90

weighted f1: 42.5
['F' 'M']
Classifier accuracy train: 58.44
===== dev set ====
Classifier: 48.86
             precision    recall  f1-score   support

          F     0.4000    0.0455    0.0816        44
          M     0.4940    0.9318    0.6457        44

avg / total     0.4470    0.4886    0.3637        88

weighted f1: 36.4
['F' 'M']
Classifier accuracy train: 53.47
===== dev set ====
Classifier: 52.27
             precision    recall  f1-score   support

          F     0.5116    1.0000    0.6769        44
          M     1.0000    0.0455    0.0870        44

avg / total     0.7558    0.5227    0.3819        88

weighted f1: 38.2
['F' 'M']
Classifier accuracy train: 60.79
===== dev set ====
Classifier: 55.68
             precision    recall  f1-score   support

          F     0.5333    0.9091    0.6723        44
          M     0.6923    0.2045    0.3158        44

avg / total     0.6128    0.5568    0.4940        88

weighted f1: 49.4
==================================
mean f1: 42.93 (7.19)
mean acc: 53.57 (3.69)
===
first instance
Majority weighted F1: 33.33 acc: 50.00
test None
analyze_features None
embeds None
n_gram 2
folds 10
pred False
rm_uu False
data data/NL-data-200tweets.json.balanced.punctAgr
c_n_gram 0
only_mean False
C 1
tf_idf False
show_instance False
