load data..
vectorize data..
Vocab size: 37209
['F' 'M']
Classifier accuracy train: 79.85
===== dev set ====
Classifier: 54.44
             precision    recall  f1-score   support

          F     0.5278    0.8444    0.6496        45
          M     0.6111    0.2444    0.3492        45

avg / total     0.5694    0.5444    0.4994        90

weighted f1: 49.9
['F' 'M']
Classifier accuracy train: 92.79
===== dev set ====
Classifier: 57.78
             precision    recall  f1-score   support

          F     0.5660    0.6667    0.6122        45
          M     0.5946    0.4889    0.5366        45

avg / total     0.5803    0.5778    0.5744        90

weighted f1: 57.4
['F' 'M']
Classifier accuracy train: 96.02
===== dev set ====
Classifier: 68.89
             precision    recall  f1-score   support

          F     0.6889    0.6889    0.6889        45
          M     0.6889    0.6889    0.6889        45

avg / total     0.6889    0.6889    0.6889        90

weighted f1: 68.9
['F' 'M']
Classifier accuracy train: 90.67
===== dev set ====
Classifier: 64.44
             precision    recall  f1-score   support

          F     0.7600    0.4222    0.5429        45
          M     0.6000    0.8667    0.7091        45

avg / total     0.6800    0.6444    0.6260        90

weighted f1: 62.6
['F' 'M']
Classifier accuracy train: 92.41
===== dev set ====
Classifier: 66.67
             precision    recall  f1-score   support

          F     0.6471    0.7333    0.6875        45
          M     0.6923    0.6000    0.6429        45

avg / total     0.6697    0.6667    0.6652        90

weighted f1: 66.5
['F' 'M']
Classifier accuracy train: 94.15
===== dev set ====
Classifier: 52.22
             precision    recall  f1-score   support

          F     0.5238    0.4889    0.5057        45
          M     0.5208    0.5556    0.5376        45

avg / total     0.5223    0.5222    0.5217        90

weighted f1: 52.2
['F' 'M']
Classifier accuracy train: 61.94
===== dev set ====
Classifier: 53.33
             precision    recall  f1-score   support

          F     0.5181    0.9556    0.6719        45
          M     0.7143    0.1111    0.1923        45

avg / total     0.6162    0.5333    0.4321        90

weighted f1: 43.2
['F' 'M']
Classifier accuracy train: 92.31
===== dev set ====
Classifier: 56.82
             precision    recall  f1-score   support

          F     0.5833    0.4773    0.5250        44
          M     0.5577    0.6591    0.6042        44

avg / total     0.5705    0.5682    0.5646        88

weighted f1: 56.5
['F' 'M']
Classifier accuracy train: 82.63
===== dev set ====
Classifier: 56.82
             precision    recall  f1-score   support

          F     0.6250    0.3409    0.4412        44
          M     0.5469    0.7955    0.6481        44

avg / total     0.5859    0.5682    0.5447        88

weighted f1: 54.5
['F' 'M']
Classifier accuracy train: 96.15
===== dev set ====
Classifier: 62.50
             precision    recall  f1-score   support

          F     0.6486    0.5455    0.5926        44
          M     0.6078    0.7045    0.6526        44

avg / total     0.6282    0.6250    0.6226        88

weighted f1: 62.3
==================================
mean f1: 57.39 (7.48)
mean acc: 59.39 (5.54)
===
first instance
Majority weighted F1: 33.33 acc: 50.00
folds 10
n_gram 6
C 1
data data/NL-data-200tweets.json.balanced.punctAgr
embeds None
analyze_features None
c_n_gram 0
rm_uu False
show_instance False
only_mean False
pred False
test None
tf_idf False
