load data..
vectorize data..
Vocab size: 17836
['F' 'M']
Classifier accuracy train: 77.49
===== dev set ====
Classifier: 63.33
             precision    recall  f1-score   support

          F     0.6000    0.8000    0.6857        45
          M     0.7000    0.4667    0.5600        45

avg / total     0.6500    0.6333    0.6229        90

weighted f1: 62.3
['F' 'M']
Classifier accuracy train: 85.07
===== dev set ====
Classifier: 68.89
             precision    recall  f1-score   support

          F     0.6809    0.7111    0.6957        45
          M     0.6977    0.6667    0.6818        45

avg / total     0.6893    0.6889    0.6887        90

weighted f1: 68.9
['F' 'M']
Classifier accuracy train: 59.33
===== dev set ====
Classifier: 54.44
             precision    recall  f1-score   support

          F     0.5233    1.0000    0.6870        45
          M     1.0000    0.0889    0.1633        45

avg / total     0.7616    0.5444    0.4251        90

weighted f1: 42.5
['F' 'M']
Classifier accuracy train: 56.47
===== dev set ====
Classifier: 53.33
             precision    recall  f1-score   support

          F     0.5176    0.9778    0.6769        45
          M     0.8000    0.0889    0.1600        45

avg / total     0.6588    0.5333    0.4185        90

weighted f1: 41.8
['F' 'M']
Classifier accuracy train: 70.90
===== dev set ====
Classifier: 63.33
             precision    recall  f1-score   support

          F     0.9286    0.2889    0.4407        45
          M     0.5789    0.9778    0.7273        45

avg / total     0.7538    0.6333    0.5840        90

weighted f1: 58.4
['F' 'M']
Classifier accuracy train: 63.68
===== dev set ====
Classifier: 58.89
             precision    recall  f1-score   support

          F     0.5513    0.9556    0.6992        45
          M     0.8333    0.2222    0.3509        45

avg / total     0.6923    0.5889    0.5250        90

weighted f1: 52.5
['F' 'M']
Classifier accuracy train: 67.66
===== dev set ====
Classifier: 64.44
             precision    recall  f1-score   support

          F     0.8824    0.3333    0.4839        45
          M     0.5890    0.9556    0.7288        45

avg / total     0.7357    0.6444    0.6063        90

weighted f1: 60.6
['F' 'M']
Classifier accuracy train: 62.90
===== dev set ====
Classifier: 56.82
             precision    recall  f1-score   support

          F     0.5375    0.9773    0.6935        44
          M     0.8750    0.1591    0.2692        44

avg / total     0.7062    0.5682    0.4814        88

weighted f1: 48.1
['F' 'M']
Classifier accuracy train: 74.81
===== dev set ====
Classifier: 63.64
             precision    recall  f1-score   support

          F     0.5857    0.9318    0.7193        44
          M     0.8333    0.3409    0.4839        44

avg / total     0.7095    0.6364    0.6016        88

weighted f1: 60.2
['F' 'M']
Classifier accuracy train: 85.36
===== dev set ====
Classifier: 78.41
             precision    recall  f1-score   support

          F     0.7778    0.7955    0.7865        44
          M     0.7907    0.7727    0.7816        44

avg / total     0.7842    0.7841    0.7841        88

weighted f1: 78.4
==================================
mean f1: 57.38 (10.90)
mean acc: 62.55 (7.03)
===
first instance
Majority weighted F1: 33.33 acc: 50.00
rm_uu False
tf_idf False
folds 10
n_gram 1-2
C 1
analyze_features None
show_instance False
embeds None
data data/NL-data-200tweets.json.balanced.shape
only_mean False
test None
pred False
c_n_gram 0
