load data..
vectorize data..
Vocab size: 95752
['F' 'M']
Classifier accuracy train: 98.38
===== dev set ====
Classifier: 68.89
             precision    recall  f1-score   support

          F     0.6604    0.7778    0.7143        45
          M     0.7297    0.6000    0.6585        45

avg / total     0.6951    0.6889    0.6864        90

weighted f1: 68.6
['F' 'M']
Classifier accuracy train: 98.38
===== dev set ====
Classifier: 67.78
             precision    recall  f1-score   support

          F     0.7105    0.6000    0.6506        45
          M     0.6538    0.7556    0.7010        45

avg / total     0.6822    0.6778    0.6758        90

weighted f1: 67.6
['F' 'M']
Classifier accuracy train: 98.63
===== dev set ====
Classifier: 72.22
             precision    recall  f1-score   support

          F     0.7381    0.6889    0.7126        45
          M     0.7083    0.7556    0.7312        45

avg / total     0.7232    0.7222    0.7219        90

weighted f1: 72.2
['F' 'M']
Classifier accuracy train: 98.76
===== dev set ====
Classifier: 75.56
             precision    recall  f1-score   support

          F     0.7347    0.8000    0.7660        45
          M     0.7805    0.7111    0.7442        45

avg / total     0.7576    0.7556    0.7551        90

weighted f1: 75.5
['F' 'M']
Classifier accuracy train: 97.76
===== dev set ====
Classifier: 70.00
             precision    recall  f1-score   support

          F     0.7045    0.6889    0.6966        45
          M     0.6957    0.7111    0.7033        45

avg / total     0.7001    0.7000    0.7000        90

weighted f1: 70.0
['F' 'M']
Classifier accuracy train: 96.64
===== dev set ====
Classifier: 62.22
             precision    recall  f1-score   support

          F     0.6774    0.4667    0.5526        45
          M     0.5932    0.7778    0.6731        45

avg / total     0.6353    0.6222    0.6129        90

weighted f1: 61.3
['F' 'M']
Classifier accuracy train: 97.64
===== dev set ====
Classifier: 73.33
             precision    recall  f1-score   support

          F     0.8000    0.6222    0.7000        45
          M     0.6909    0.8444    0.7600        45

avg / total     0.7455    0.7333    0.7300        90

weighted f1: 73.0
['F' 'M']
Classifier accuracy train: 94.79
===== dev set ====
Classifier: 65.91
             precision    recall  f1-score   support

          F     0.7188    0.5227    0.6053        44
          M     0.6250    0.7955    0.7000        44

avg / total     0.6719    0.6591    0.6526        88

weighted f1: 65.3
['F' 'M']
Classifier accuracy train: 99.13
===== dev set ====
Classifier: 60.23
             precision    recall  f1-score   support

          F     0.6098    0.5682    0.5882        44
          M     0.5957    0.6364    0.6154        44

avg / total     0.6028    0.6023    0.6018        88

weighted f1: 60.2
['F' 'M']
Classifier accuracy train: 99.01
===== dev set ====
Classifier: 67.05
             precision    recall  f1-score   support

          F     0.6923    0.6136    0.6506        44
          M     0.6531    0.7273    0.6882        44

avg / total     0.6727    0.6705    0.6694        88

weighted f1: 66.9
==================================
mean f1: 68.06 (4.67)
mean acc: 68.32 (4.54)
===
first instance
Majority weighted F1: 33.33 acc: 50.00
analyze_features None
tf_idf False
data data/NL-data-200tweets.json.balanced.shape
c_n_gram 0
n_gram 4
rm_uu False
pred False
embeds None
show_instance False
only_mean False
test None
folds 10
C 1
