load data..
vectorize data..
Vocab size: 2535
['F' 'M']
Classifier accuracy train: 56.22
===== dev set ====
Classifier: 55.56
             precision    recall  f1-score   support

          F     1.0000    0.1111    0.2000        45
          M     0.5294    1.0000    0.6923        45

avg / total     0.7647    0.5556    0.4462        90

weighted f1: 44.6
['F' 'M']
Classifier accuracy train: 73.38
===== dev set ====
Classifier: 71.11
             precision    recall  f1-score   support

          F     0.6939    0.7556    0.7234        45
          M     0.7317    0.6667    0.6977        45

avg / total     0.7128    0.7111    0.7105        90

weighted f1: 71.1
['F' 'M']
Classifier accuracy train: 55.10
===== dev set ====
Classifier: 51.11
             precision    recall  f1-score   support

          F     0.6667    0.0444    0.0833        45
          M     0.5057    0.9778    0.6667        45

avg / total     0.5862    0.5111    0.3750        90

weighted f1: 37.5
['F' 'M']
Classifier accuracy train: 50.00
===== dev set ====
Classifier: 50.00
             precision    recall  f1-score   support

          F     0.0000    0.0000    0.0000        45
          M     0.5000    1.0000    0.6667        45

avg / total     0.2500    0.5000    0.3333        90

weighted f1: 33.3
['F' 'M']
Classifier accuracy train: 54.23
===== dev set ====
Classifier: 54.44
             precision    recall  f1-score   support

          F     0.5244    0.9556    0.6772        45
          M     0.7500    0.1333    0.2264        45

avg / total     0.6372    0.5444    0.4518        90

weighted f1: 45.2
['F' 'M']
Classifier accuracy train: 57.21
===== dev set ====
Classifier: 56.67
             precision    recall  f1-score   support

          F     0.8000    0.1778    0.2909        45
          M     0.5375    0.9556    0.6880        45

avg / total     0.6687    0.5667    0.4895        90

weighted f1: 48.9
['F' 'M']
Classifier accuracy train: 50.75
===== dev set ====
Classifier: 50.00
             precision    recall  f1-score   support

          F     0.0000    0.0000    0.0000        45
          M     0.5000    1.0000    0.6667        45

avg / total     0.2500    0.5000    0.3333        90

weighted f1: 33.3
['F' 'M']
Classifier accuracy train: 54.47
===== dev set ====
Classifier: 53.41
             precision    recall  f1-score   support

          F     0.8000    0.0909    0.1633        44
          M     0.5181    0.9773    0.6772        44

avg / total     0.6590    0.5341    0.4202        88

weighted f1: 42.0
['F' 'M']
Classifier accuracy train: 51.86
===== dev set ====
Classifier: 51.14
             precision    recall  f1-score   support

          F     1.0000    0.0227    0.0444        44
          M     0.5057    1.0000    0.6718        44

avg / total     0.7529    0.5114    0.3581        88

weighted f1: 35.8
['F' 'M']
Classifier accuracy train: 59.43
===== dev set ====
Classifier: 57.95
             precision    recall  f1-score   support

          F     1.0000    0.1591    0.2745        44
          M     0.5432    1.0000    0.7040        44

avg / total     0.7716    0.5795    0.4893        88

weighted f1: 48.9
==================================
mean f1: 44.07 (10.60)
mean acc: 55.14 (5.95)
===
first instance
Majority weighted F1: 33.33 acc: 50.00
data data/NL-data-200tweets.json.balanced.shape
C 1
n_gram 1
embeds None
folds 10
pred False
c_n_gram 0
tf_idf False
analyze_features None
rm_uu False
test None
show_instance False
only_mean False
