load data..
vectorize data..
Vocab size: 46400
['F' 'M']
Classifier accuracy train: 78.98
===== dev set ====
Classifier: 58.89
             precision    recall  f1-score   support

          F     0.5541    0.9111    0.6891        45
          M     0.7500    0.2667    0.3934        45

avg / total     0.6520    0.5889    0.5413        90

weighted f1: 54.1
['F' 'M']
Classifier accuracy train: 77.36
===== dev set ====
Classifier: 66.67
             precision    recall  f1-score   support

          F     0.6087    0.9333    0.7368        45
          M     0.8571    0.4000    0.5455        45

avg / total     0.7329    0.6667    0.6411        90

weighted f1: 64.1
['F' 'M']
Classifier accuracy train: 74.50
===== dev set ====
Classifier: 64.44
             precision    recall  f1-score   support

          F     0.8824    0.3333    0.4839        45
          M     0.5890    0.9556    0.7288        45

avg / total     0.7357    0.6444    0.6063        90

weighted f1: 60.6
['F' 'M']
Classifier accuracy train: 95.65
===== dev set ====
Classifier: 70.00
             precision    recall  f1-score   support

          F     0.6800    0.7556    0.7158        45
          M     0.7250    0.6444    0.6824        45

avg / total     0.7025    0.7000    0.6991        90

weighted f1: 69.9
['F' 'M']
Classifier accuracy train: 54.73
===== dev set ====
Classifier: 51.11
             precision    recall  f1-score   support

          F     0.6667    0.0444    0.0833        45
          M     0.5057    0.9778    0.6667        45

avg / total     0.5862    0.5111    0.3750        90

weighted f1: 37.5
['F' 'M']
Classifier accuracy train: 70.90
===== dev set ====
Classifier: 52.22
             precision    recall  f1-score   support

          F     0.6000    0.1333    0.2182        45
          M     0.5125    0.9111    0.6560        45

avg / total     0.5563    0.5222    0.4371        90

weighted f1: 43.7
['F' 'M']
Classifier accuracy train: 75.62
===== dev set ====
Classifier: 64.44
             precision    recall  f1-score   support

          F     0.9333    0.3111    0.4667        45
          M     0.5867    0.9778    0.7333        45

avg / total     0.7600    0.6444    0.6000        90

weighted f1: 60.0
['F' 'M']
Classifier accuracy train: 93.18
===== dev set ====
Classifier: 64.77
             precision    recall  f1-score   support

          F     0.6102    0.8182    0.6990        44
          M     0.7241    0.4773    0.5753        44

avg / total     0.6672    0.6477    0.6372        88

weighted f1: 63.7
['F' 'M']
Classifier accuracy train: 86.97
===== dev set ====
Classifier: 61.36
             precision    recall  f1-score   support

          F     0.5781    0.8409    0.6852        44
          M     0.7083    0.3864    0.5000        44

avg / total     0.6432    0.6136    0.5926        88

weighted f1: 59.3
['F' 'M']
Classifier accuracy train: 62.53
===== dev set ====
Classifier: 56.82
             precision    recall  f1-score   support

          F     0.5375    0.9773    0.6935        44
          M     0.8750    0.1591    0.2692        44

avg / total     0.7062    0.5682    0.4814        88

weighted f1: 48.1
==================================
mean f1: 56.11 (9.62)
mean acc: 61.07 (5.90)
===
first instance
Majority weighted F1: 33.33 acc: 50.00
test None
pred False
data data/NL-data-200tweets.json.balanced.shape
folds 10
only_mean False
tf_idf False
C 1
rm_uu False
c_n_gram 0
embeds None
n_gram 3
analyze_features None
show_instance False
