load data..
vectorize data..
Vocab size: 2658113
['F' 'M']
Classifier accuracy train: 100.00
===== dev set ====
Classifier: 76.67
             precision    recall  f1-score   support

          F     0.8000    0.7111    0.7529        45
          M     0.7400    0.8222    0.7789        45

avg / total     0.7700    0.7667    0.7659        90

weighted f1: 76.6
['F' 'M']
Classifier accuracy train: 100.00
===== dev set ====
Classifier: 67.78
             precision    recall  f1-score   support

          F     0.6905    0.6444    0.6667        45
          M     0.6667    0.7111    0.6882        45

avg / total     0.6786    0.6778    0.6774        90

weighted f1: 67.7
['F' 'M']
Classifier accuracy train: 100.00
===== dev set ====
Classifier: 70.00
             precision    recall  f1-score   support

          F     0.6800    0.7556    0.7158        45
          M     0.7250    0.6444    0.6824        45

avg / total     0.7025    0.7000    0.6991        90

weighted f1: 69.9
['F' 'M']
Classifier accuracy train: 100.00
===== dev set ====
Classifier: 74.44
             precision    recall  f1-score   support

          F     0.7391    0.7556    0.7473        45
          M     0.7500    0.7333    0.7416        45

avg / total     0.7446    0.7444    0.7444        90

weighted f1: 74.4
['F' 'M']
Classifier accuracy train: 100.00
===== dev set ====
Classifier: 76.67
             precision    recall  f1-score   support

          F     0.7500    0.8000    0.7742        45
          M     0.7857    0.7333    0.7586        45

avg / total     0.7679    0.7667    0.7664        90

weighted f1: 76.6
['F' 'M']
Classifier accuracy train: 100.00
===== dev set ====
Classifier: 74.44
             precision    recall  f1-score   support

          F     0.8056    0.6444    0.7160        45
          M     0.7037    0.8444    0.7677        45

avg / total     0.7546    0.7444    0.7419        90

weighted f1: 74.2
['F' 'M']
Classifier accuracy train: 100.00
===== dev set ====
Classifier: 75.56
             precision    recall  f1-score   support

          F     0.7674    0.7333    0.7500        45
          M     0.7447    0.7778    0.7609        45

avg / total     0.7561    0.7556    0.7554        90

weighted f1: 75.5
['F' 'M']
Classifier accuracy train: 100.00
===== dev set ====
Classifier: 68.18
             precision    recall  f1-score   support

          F     0.6739    0.7045    0.6889        44
          M     0.6905    0.6591    0.6744        44

avg / total     0.6822    0.6818    0.6817        88

weighted f1: 68.2
['F' 'M']
Classifier accuracy train: 100.00
===== dev set ====
Classifier: 73.86
             precision    recall  f1-score   support

          F     0.7059    0.8182    0.7579        44
          M     0.7838    0.6591    0.7160        44

avg / total     0.7448    0.7386    0.7370        88

weighted f1: 73.7
['F' 'M']
Classifier accuracy train: 100.00
===== dev set ====
Classifier: 73.86
             precision    recall  f1-score   support

          F     0.7333    0.7500    0.7416        44
          M     0.7442    0.7273    0.7356        44

avg / total     0.7388    0.7386    0.7386        88

weighted f1: 73.9
==================================
mean f1: 73.08 (3.13)
mean acc: 73.15 (3.14)
===
first instance
Majority weighted F1: 33.33 acc: 50.00
rm_uu False
show_instance False
only_mean False
c_n_gram 0
n_gram 1-4
tf_idf False
C 1
embeds None
folds 10
data data/NL-data-200tweets.json.balanced.vowels
pred False
test None
analyze_features None
