load data..
vectorize data..
Vocab size: 1477547
['F' 'M']
Classifier accuracy train: 100.00
===== dev set ====
Classifier: 61.11
             precision    recall  f1-score   support

          F     0.6087    0.6222    0.6154        45
          M     0.6136    0.6000    0.6067        45

avg / total     0.6112    0.6111    0.6111        90

weighted f1: 61.1
['F' 'M']
Classifier accuracy train: 100.00
===== dev set ====
Classifier: 47.78
             precision    recall  f1-score   support

          F     0.4815    0.5778    0.5253        45
          M     0.4722    0.3778    0.4198        45

avg / total     0.4769    0.4778    0.4725        90

weighted f1: 47.3
['F' 'M']
Classifier accuracy train: 100.00
===== dev set ====
Classifier: 58.89
             precision    recall  f1-score   support

          F     0.5714    0.7111    0.6337        45
          M     0.6176    0.4667    0.5316        45

avg / total     0.5945    0.5889    0.5827        90

weighted f1: 58.3
['F' 'M']
Classifier accuracy train: 100.00
===== dev set ====
Classifier: 55.56
             precision    recall  f1-score   support

          F     0.6000    0.3333    0.4286        45
          M     0.5385    0.7778    0.6364        45

avg / total     0.5692    0.5556    0.5325        90

weighted f1: 53.2
['F' 'M']
Classifier accuracy train: 100.00
===== dev set ====
Classifier: 45.56
             precision    recall  f1-score   support

          F     0.4000    0.1778    0.2462        45
          M     0.4714    0.7333    0.5739        45

avg / total     0.4357    0.4556    0.4100        90

weighted f1: 41.0
['F' 'M']
Classifier accuracy train: 100.00
===== dev set ====
Classifier: 57.78
             precision    recall  f1-score   support

          F     0.5507    0.8444    0.6667        45
          M     0.6667    0.3111    0.4242        45

avg / total     0.6087    0.5778    0.5455        90

weighted f1: 54.5
['F' 'M']
Classifier accuracy train: 100.00
===== dev set ====
Classifier: 54.44
             precision    recall  f1-score   support

          F     0.5455    0.5333    0.5393        45
          M     0.5435    0.5556    0.5495        45

avg / total     0.5445    0.5444    0.5444        90

weighted f1: 54.4
['F' 'M']
Classifier accuracy train: 100.00
===== dev set ====
Classifier: 55.68
             precision    recall  f1-score   support

          F     0.5490    0.6364    0.5895        44
          M     0.5676    0.4773    0.5185        44

avg / total     0.5583    0.5568    0.5540        88

weighted f1: 55.4
['F' 'M']
Classifier accuracy train: 100.00
===== dev set ====
Classifier: 53.41
             precision    recall  f1-score   support

          F     0.5405    0.4545    0.4938        44
          M     0.5294    0.6136    0.5684        44

avg / total     0.5350    0.5341    0.5311        88

weighted f1: 53.1
['F' 'M']
Classifier accuracy train: 100.00
===== dev set ====
Classifier: 55.68
             precision    recall  f1-score   support

          F     0.5510    0.6136    0.5806        44
          M     0.5641    0.5000    0.5301        44

avg / total     0.5576    0.5568    0.5554        88

weighted f1: 55.5
==================================
mean f1: 53.39 (5.34)
mean acc: 54.59 (4.52)
===
first instance
Majority weighted F1: 33.33 acc: 50.00
C 1
c_n_gram 0
embeds None
analyze_features None
tf_idf False
rm_uu False
test None
folds 10
only_mean False
data data/NL-data-200tweets.json.balanced.vowels
show_instance False
n_gram 6
pred False
