load data..
vectorize data..
Vocab size: 336212
['F' 'M']
Classifier accuracy train: 100.00
===== dev set ====
Classifier: 75.56
             precision    recall  f1-score   support

          F     0.7674    0.7333    0.7500        45
          M     0.7447    0.7778    0.7609        45

avg / total     0.7561    0.7556    0.7554        90

weighted f1: 75.5
['F' 'M']
Classifier accuracy train: 100.00
===== dev set ====
Classifier: 66.67
             precision    recall  f1-score   support

          F     0.6829    0.6222    0.6512        45
          M     0.6531    0.7111    0.6809        45

avg / total     0.6680    0.6667    0.6660        90

weighted f1: 66.6
['F' 'M']
Classifier accuracy train: 100.00
===== dev set ====
Classifier: 66.67
             precision    recall  f1-score   support

          F     0.6471    0.7333    0.6875        45
          M     0.6923    0.6000    0.6429        45

avg / total     0.6697    0.6667    0.6652        90

weighted f1: 66.5
['F' 'M']
Classifier accuracy train: 100.00
===== dev set ====
Classifier: 72.22
             precision    recall  f1-score   support

          F     0.7174    0.7333    0.7253        45
          M     0.7273    0.7111    0.7191        45

avg / total     0.7223    0.7222    0.7222        90

weighted f1: 72.2
['F' 'M']
Classifier accuracy train: 100.00
===== dev set ====
Classifier: 65.56
             precision    recall  f1-score   support

          F     0.6400    0.7111    0.6737        45
          M     0.6750    0.6000    0.6353        45

avg / total     0.6575    0.6556    0.6545        90

weighted f1: 65.4
['F' 'M']
Classifier accuracy train: 100.00
===== dev set ====
Classifier: 64.44
             precision    recall  f1-score   support

          F     0.6970    0.5111    0.5897        45
          M     0.6140    0.7778    0.6863        45

avg / total     0.6555    0.6444    0.6380        90

weighted f1: 63.8
['F' 'M']
Classifier accuracy train: 100.00
===== dev set ====
Classifier: 68.89
             precision    recall  f1-score   support

          F     0.6889    0.6889    0.6889        45
          M     0.6889    0.6889    0.6889        45

avg / total     0.6889    0.6889    0.6889        90

weighted f1: 68.9
['F' 'M']
Classifier accuracy train: 100.00
===== dev set ====
Classifier: 64.77
             precision    recall  f1-score   support

          F     0.6585    0.6136    0.6353        44
          M     0.6383    0.6818    0.6593        44

avg / total     0.6484    0.6477    0.6473        88

weighted f1: 64.7
['F' 'M']
Classifier accuracy train: 100.00
===== dev set ====
Classifier: 71.59
             precision    recall  f1-score   support

          F     0.6863    0.7955    0.7368        44
          M     0.7568    0.6364    0.6914        44

avg / total     0.7215    0.7159    0.7141        88

weighted f1: 71.4
['F' 'M']
Classifier accuracy train: 100.00
===== dev set ====
Classifier: 65.91
             precision    recall  f1-score   support

          F     0.6458    0.7045    0.6739        44
          M     0.6750    0.6136    0.6429        44

avg / total     0.6604    0.6591    0.6584        88

weighted f1: 65.8
==================================
mean f1: 68.10 (3.61)
mean acc: 68.23 (3.54)
===
first instance
Majority weighted F1: 33.33 acc: 50.00
only_mean False
c_n_gram 0
analyze_features None
tf_idf False
pred False
rm_uu False
n_gram 2
test None
data data/NL-data-200tweets.json.balanced.vowels
show_instance False
C 1
embeds None
folds 10
