load data..
vectorize data..
Vocab size: 1547462
['F' 'M']
Classifier accuracy train: 100.00
===== dev set ====
Classifier: 64.44
             precision    recall  f1-score   support

          F     0.6140    0.7778    0.6863        45
          M     0.6970    0.5111    0.5897        45

avg / total     0.6555    0.6444    0.6380        90

weighted f1: 63.8
['F' 'M']
Classifier accuracy train: 100.00
===== dev set ====
Classifier: 52.22
             precision    recall  f1-score   support

          F     0.5200    0.5778    0.5474        45
          M     0.5250    0.4667    0.4941        45

avg / total     0.5225    0.5222    0.5207        90

weighted f1: 52.1
['F' 'M']
Classifier accuracy train: 100.00
===== dev set ====
Classifier: 58.89
             precision    recall  f1-score   support

          F     0.5690    0.7333    0.6408        45
          M     0.6250    0.4444    0.5195        45

avg / total     0.5970    0.5889    0.5801        90

weighted f1: 58.0
['F' 'M']
Classifier accuracy train: 100.00
===== dev set ====
Classifier: 60.00
             precision    recall  f1-score   support

          F     0.5918    0.6444    0.6170        45
          M     0.6098    0.5556    0.5814        45

avg / total     0.6008    0.6000    0.5992        90

weighted f1: 59.9
['F' 'M']
Classifier accuracy train: 100.00
===== dev set ====
Classifier: 51.11
             precision    recall  f1-score   support

          F     0.5111    0.5111    0.5111        45
          M     0.5111    0.5111    0.5111        45

avg / total     0.5111    0.5111    0.5111        90

weighted f1: 51.1
['F' 'M']
Classifier accuracy train: 100.00
===== dev set ====
Classifier: 61.11
             precision    recall  f1-score   support

          F     0.5926    0.7111    0.6465        45
          M     0.6389    0.5111    0.5679        45

avg / total     0.6157    0.6111    0.6072        90

weighted f1: 60.7
['F' 'M']
Classifier accuracy train: 100.00
===== dev set ====
Classifier: 63.33
             precision    recall  f1-score   support

          F     0.6000    0.8000    0.6857        45
          M     0.7000    0.4667    0.5600        45

avg / total     0.6500    0.6333    0.6229        90

weighted f1: 62.3
['F' 'M']
Classifier accuracy train: 100.00
===== dev set ====
Classifier: 65.91
             precision    recall  f1-score   support

          F     0.6296    0.7727    0.6939        44
          M     0.7059    0.5455    0.6154        44

avg / total     0.6678    0.6591    0.6546        88

weighted f1: 65.5
['F' 'M']
Classifier accuracy train: 100.00
===== dev set ====
Classifier: 56.82
             precision    recall  f1-score   support

          F     0.5577    0.6591    0.6042        44
          M     0.5833    0.4773    0.5250        44

avg / total     0.5705    0.5682    0.5646        88

weighted f1: 56.5
['F' 'M']
Classifier accuracy train: 100.00
===== dev set ====
Classifier: 56.82
             precision    recall  f1-score   support

          F     0.5556    0.6818    0.6122        44
          M     0.5882    0.4545    0.5128        44

avg / total     0.5719    0.5682    0.5625        88

weighted f1: 56.3
==================================
mean f1: 58.61 (4.51)
mean acc: 59.07 (4.68)
===
first instance
Majority weighted F1: 33.33 acc: 50.00
folds 10
rm_uu False
c_n_gram 0
pred False
data data/NL-data-200tweets.json.balanced.vowels
embeds None
test None
tf_idf False
only_mean False
C 1
analyze_features None
n_gram 5
show_instance False
