load data..
vectorize data..
Vocab size: 5683122
['F' 'M']
Classifier accuracy train: 100.00
===== dev set ====
Classifier: 76.67
             precision    recall  f1-score   support

          F     0.8000    0.7111    0.7529        45
          M     0.7400    0.8222    0.7789        45

avg / total     0.7700    0.7667    0.7659        90

weighted f1: 76.6
['F' 'M']
Classifier accuracy train: 100.00
===== dev set ====
Classifier: 68.89
             precision    recall  f1-score   support

          F     0.7073    0.6444    0.6744        45
          M     0.6735    0.7333    0.7021        45

avg / total     0.6904    0.6889    0.6883        90

weighted f1: 68.8
['F' 'M']
Classifier accuracy train: 100.00
===== dev set ====
Classifier: 68.89
             precision    recall  f1-score   support

          F     0.6667    0.7556    0.7083        45
          M     0.7179    0.6222    0.6667        45

avg / total     0.6923    0.6889    0.6875        90

weighted f1: 68.8
['F' 'M']
Classifier accuracy train: 100.00
===== dev set ====
Classifier: 75.56
             precision    recall  f1-score   support

          F     0.7556    0.7556    0.7556        45
          M     0.7556    0.7556    0.7556        45

avg / total     0.7556    0.7556    0.7556        90

weighted f1: 75.6
['F' 'M']
Classifier accuracy train: 100.00
===== dev set ====
Classifier: 74.44
             precision    recall  f1-score   support

          F     0.7292    0.7778    0.7527        45
          M     0.7619    0.7111    0.7356        45

avg / total     0.7455    0.7444    0.7442        90

weighted f1: 74.4
['F' 'M']
Classifier accuracy train: 100.00
===== dev set ====
Classifier: 74.44
             precision    recall  f1-score   support

          F     0.8056    0.6444    0.7160        45
          M     0.7037    0.8444    0.7677        45

avg / total     0.7546    0.7444    0.7419        90

weighted f1: 74.2
['F' 'M']
Classifier accuracy train: 100.00
===== dev set ====
Classifier: 76.67
             precision    recall  f1-score   support

          F     0.7727    0.7556    0.7640        45
          M     0.7609    0.7778    0.7692        45

avg / total     0.7668    0.7667    0.7666        90

weighted f1: 76.7
['F' 'M']
Classifier accuracy train: 100.00
===== dev set ====
Classifier: 71.59
             precision    recall  f1-score   support

          F     0.7209    0.7045    0.7126        44
          M     0.7111    0.7273    0.7191        44

avg / total     0.7160    0.7159    0.7159        88

weighted f1: 71.6
['F' 'M']
Classifier accuracy train: 100.00
===== dev set ====
Classifier: 76.14
             precision    recall  f1-score   support

          F     0.7347    0.8182    0.7742        44
          M     0.7949    0.7045    0.7470        44

avg / total     0.7648    0.7614    0.7606        88

weighted f1: 76.1
['F' 'M']
Classifier accuracy train: 100.00
===== dev set ====
Classifier: 73.86
             precision    recall  f1-score   support

          F     0.7333    0.7500    0.7416        44
          M     0.7442    0.7273    0.7356        44

avg / total     0.7388    0.7386    0.7386        88

weighted f1: 73.9
==================================
mean f1: 73.65 (2.82)
mean acc: 73.71 (2.81)
===
first instance
Majority weighted F1: 33.33 acc: 50.00
analyze_features None
c_n_gram 0
show_instance False
tf_idf False
embeds None
pred False
n_gram 1-6
only_mean False
data data/NL-data-200tweets.json.balanced.vowels
test None
folds 10
C 1
rm_uu False
