load data..
vectorize data..
Vocab size: 1276823
['F' 'M']
Classifier accuracy train: 100.00
===== dev set ====
Classifier: 75.56
             precision    recall  f1-score   support

          F     0.7949    0.6889    0.7381        45
          M     0.7255    0.8222    0.7708        45

avg / total     0.7602    0.7556    0.7545        90

weighted f1: 75.4
['F' 'M']
Classifier accuracy train: 100.00
===== dev set ====
Classifier: 67.78
             precision    recall  f1-score   support

          F     0.6818    0.6667    0.6742        45
          M     0.6739    0.6889    0.6813        45

avg / total     0.6779    0.6778    0.6777        90

weighted f1: 67.8
['F' 'M']
Classifier accuracy train: 100.00
===== dev set ====
Classifier: 70.00
             precision    recall  f1-score   support

          F     0.6731    0.7778    0.7216        45
          M     0.7368    0.6222    0.6747        45

avg / total     0.7050    0.7000    0.6982        90

weighted f1: 69.8
['F' 'M']
Classifier accuracy train: 100.00
===== dev set ====
Classifier: 74.44
             precision    recall  f1-score   support

          F     0.7391    0.7556    0.7473        45
          M     0.7500    0.7333    0.7416        45

avg / total     0.7446    0.7444    0.7444        90

weighted f1: 74.4
['F' 'M']
Classifier accuracy train: 99.88
===== dev set ====
Classifier: 74.44
             precision    recall  f1-score   support

          F     0.7292    0.7778    0.7527        45
          M     0.7619    0.7111    0.7356        45

avg / total     0.7455    0.7444    0.7442        90

weighted f1: 74.4
['F' 'M']
Classifier accuracy train: 100.00
===== dev set ====
Classifier: 72.22
             precision    recall  f1-score   support

          F     0.7941    0.6000    0.6835        45
          M     0.6786    0.8444    0.7525        45

avg / total     0.7363    0.7222    0.7180        90

weighted f1: 71.8
['F' 'M']
Classifier accuracy train: 100.00
===== dev set ====
Classifier: 74.44
             precision    recall  f1-score   support

          F     0.7619    0.7111    0.7356        45
          M     0.7292    0.7778    0.7527        45

avg / total     0.7455    0.7444    0.7442        90

weighted f1: 74.4
['F' 'M']
Classifier accuracy train: 100.00
===== dev set ====
Classifier: 67.05
             precision    recall  f1-score   support

          F     0.6667    0.6818    0.6742        44
          M     0.6744    0.6591    0.6667        44

avg / total     0.6705    0.6705    0.6704        88

weighted f1: 67.0
['F' 'M']
Classifier accuracy train: 100.00
===== dev set ====
Classifier: 72.73
             precision    recall  f1-score   support

          F     0.7000    0.7955    0.7447        44
          M     0.7632    0.6591    0.7073        44

avg / total     0.7316    0.7273    0.7260        88

weighted f1: 72.6
['F' 'M']
Classifier accuracy train: 100.00
===== dev set ====
Classifier: 75.00
             precision    recall  f1-score   support

          F     0.7391    0.7727    0.7556        44
          M     0.7619    0.7273    0.7442        44

avg / total     0.7505    0.7500    0.7499        88

weighted f1: 75.0
==================================
mean f1: 72.27 (2.92)
mean acc: 72.37 (2.92)
===
first instance
Majority weighted F1: 33.33 acc: 50.00
embeds None
C 1
pred False
n_gram 1-3
show_instance False
only_mean False
data data/NL-data-200tweets.json.balanced.vowels
test None
analyze_features None
c_n_gram 0
tf_idf False
folds 10
rm_uu False
