load data..
vectorize data..
Vocab size: 2741645
['F' 'M']
Classifier accuracy train: 87.78
===== dev set ====
Classifier: 74.03
             precision    recall  f1-score   support

          F     0.6888    0.8766    0.7714       154
          M     0.8304    0.6039    0.6992       154

avg / total     0.7596    0.7403    0.7353       308

weighted f1: 73.5
['F' 'M']
Classifier accuracy train: 89.23
===== dev set ====
Classifier: 76.30
             precision    recall  f1-score   support

          F     0.7455    0.7987    0.7712       154
          M     0.7832    0.7273    0.7542       154

avg / total     0.7643    0.7630    0.7627       308

weighted f1: 76.3
['F' 'M']
Classifier accuracy train: 79.84
===== dev set ====
Classifier: 69.48
             precision    recall  f1-score   support

          F     0.6364    0.9091    0.7487       154
          M     0.8409    0.4805    0.6116       154

avg / total     0.7386    0.6948    0.6801       308

weighted f1: 68.0
['F' 'M']
Classifier accuracy train: 88.80
===== dev set ====
Classifier: 71.57
             precision    recall  f1-score   support

          F     0.6854    0.7974    0.7372       153
          M     0.7578    0.6340    0.6904       153

avg / total     0.7216    0.7157    0.7138       306

weighted f1: 71.4
['F' 'M']
Classifier accuracy train: 72.86
===== dev set ====
Classifier: 69.28
             precision    recall  f1-score   support

          F     0.6234    0.9739    0.7602       153
          M     0.9403    0.4118    0.5727       153

avg / total     0.7819    0.6928    0.6665       306

weighted f1: 66.6
['F' 'M']
Classifier accuracy train: 65.62
===== dev set ====
Classifier: 61.44
             precision    recall  f1-score   support

          F     0.9268    0.2484    0.3918       153
          M     0.5660    0.9804    0.7177       153

avg / total     0.7464    0.6144    0.5547       306

weighted f1: 55.5
['F' 'M']
Classifier accuracy train: 84.71
===== dev set ====
Classifier: 68.95
             precision    recall  f1-score   support

          F     0.7636    0.5490    0.6388       153
          M     0.6480    0.8301    0.7278       153

avg / total     0.7058    0.6895    0.6833       306

weighted f1: 68.3
['F' 'M']
Classifier accuracy train: 54.60
===== dev set ====
Classifier: 51.63
             precision    recall  f1-score   support

          F     0.7778    0.0458    0.0864       153
          M     0.5084    0.9869    0.6711       153

avg / total     0.6431    0.5163    0.3788       306

weighted f1: 37.9
['F' 'M']
Classifier accuracy train: 87.39
===== dev set ====
Classifier: 70.59
             precision    recall  f1-score   support

          F     0.7647    0.5948    0.6691       153
          M     0.6684    0.8170    0.7353       153

avg / total     0.7166    0.7059    0.7022       306

weighted f1: 70.2
['F' 'M']
Classifier accuracy train: 88.26
===== dev set ====
Classifier: 71.57
             precision    recall  f1-score   support

          F     0.7578    0.6340    0.6904       153
          M     0.6854    0.7974    0.7372       153

avg / total     0.7216    0.7157    0.7138       306

weighted f1: 71.4
==================================
mean f1: 65.91 (10.72)
mean acc: 68.48 (6.71)
===
first instance
Majority weighted F1: 33.33 acc: 50.00
only_mean False
embeds None
test None
show_instance False
c_n_gram 0
folds 10
data data/PT-data-200tweets.json.balanced.comb
rm_uu False
C 1
tf_idf False
pred False
n_gram 1-3
analyze_features None
