load data..
vectorize data..
Vocab size: 628350
['F' 'M']
Classifier accuracy train: 68.93
===== dev set ====
Classifier: 63.64
             precision    recall  f1-score   support

          F     0.8750    0.3182    0.4667       154
          M     0.5833    0.9545    0.7241       154

avg / total     0.7292    0.6364    0.5954       308

weighted f1: 59.5
['F' 'M']
Classifier accuracy train: 58.88
===== dev set ====
Classifier: 55.84
             precision    recall  f1-score   support

          F     0.8214    0.1494    0.2527       154
          M     0.5321    0.9675    0.6866       154

avg / total     0.6768    0.5584    0.4697       308

weighted f1: 47.0
['F' 'M']
Classifier accuracy train: 81.80
===== dev set ====
Classifier: 70.13
             precision    recall  f1-score   support

          F     0.7583    0.5909    0.6642       154
          M     0.6649    0.8117    0.7310       154

avg / total     0.7116    0.7013    0.6976       308

weighted f1: 69.8
['F' 'M']
Classifier accuracy train: 85.25
===== dev set ====
Classifier: 73.86
             precision    recall  f1-score   support

          F     0.7296    0.7582    0.7436       153
          M     0.7483    0.7190    0.7333       153

avg / total     0.7389    0.7386    0.7385       306

weighted f1: 73.8
['F' 'M']
Classifier accuracy train: 65.25
===== dev set ====
Classifier: 64.71
             precision    recall  f1-score   support

          F     0.5875    0.9869    0.7366       153
          M     0.9592    0.3072    0.4653       153

avg / total     0.7734    0.6471    0.6010       306

weighted f1: 60.1
['F' 'M']
Classifier accuracy train: 83.66
===== dev set ====
Classifier: 75.16
             precision    recall  f1-score   support

          F     0.8080    0.6601    0.7266       153
          M     0.7127    0.8431    0.7725       153

avg / total     0.7604    0.7516    0.7495       306

weighted f1: 75.0
['F' 'M']
Classifier accuracy train: 84.57
===== dev set ====
Classifier: 71.24
             precision    recall  f1-score   support

          F     0.6738    0.8235    0.7412       153
          M     0.7731    0.6013    0.6765       153

avg / total     0.7235    0.7124    0.7088       306

weighted f1: 70.9
['F' 'M']
Classifier accuracy train: 86.09
===== dev set ====
Classifier: 74.18
             precision    recall  f1-score   support

          F     0.7467    0.7320    0.7393       153
          M     0.7372    0.7516    0.7443       153

avg / total     0.7419    0.7418    0.7418       306

weighted f1: 74.2
['F' 'M']
Classifier accuracy train: 79.31
===== dev set ====
Classifier: 72.55
             precision    recall  f1-score   support

          F     0.6547    0.9542    0.7766       153
          M     0.9157    0.4967    0.6441       153

avg / total     0.7852    0.7255    0.7103       306

weighted f1: 71.0
['F' 'M']
Classifier accuracy train: 86.45
===== dev set ====
Classifier: 74.18
             precision    recall  f1-score   support

          F     0.7229    0.7843    0.7524       153
          M     0.7643    0.6993    0.7304       153

avg / total     0.7436    0.7418    0.7414       306

weighted f1: 74.1
==================================
mean f1: 67.54 (8.68)
mean acc: 69.55 (5.93)
===
first instance
Majority weighted F1: 33.33 acc: 50.00
folds 10
c_n_gram 0
test None
embeds None
show_instance False
n_gram 1-2
tf_idf False
rm_uu False
pred False
analyze_features None
data data/PT-data-200tweets.json.balanced.comb
only_mean False
C 1
