load data..
vectorize data..
Vocab size: 584
['F' 'M']
Classifier accuracy train: 61.06
===== dev set ====
Classifier: 60.06
             precision    recall  f1-score   support

          F     0.5581    0.9675    0.7078       154
          M     0.8780    0.2338    0.3692       154

avg / total     0.7181    0.6006    0.5385       308

weighted f1: 53.9
['F' 'M']
Classifier accuracy train: 64.29
===== dev set ====
Classifier: 57.14
             precision    recall  f1-score   support

          F     0.5426    0.9091    0.6796       154
          M     0.7200    0.2338    0.3529       154

avg / total     0.6313    0.5714    0.5163       308

weighted f1: 51.6
['F' 'M']
Classifier accuracy train: 58.81
===== dev set ====
Classifier: 56.82
             precision    recall  f1-score   support

          F     0.7442    0.2078    0.3249       154
          M     0.5396    0.9286    0.6826       154

avg / total     0.6419    0.5682    0.5037       308

weighted f1: 50.4
['F' 'M']
Classifier accuracy train: 50.29
===== dev set ====
Classifier: 50.33
             precision    recall  f1-score   support

          F     1.0000    0.0065    0.0130       153
          M     0.5016    1.0000    0.6681       153

avg / total     0.7508    0.5033    0.3406       306

weighted f1: 34.1
['F' 'M']
Classifier accuracy train: 57.46
===== dev set ====
Classifier: 55.56
             precision    recall  f1-score   support

          F     0.9048    0.1242    0.2184       153
          M     0.5298    0.9869    0.6895       153

avg / total     0.7173    0.5556    0.4539       306

weighted f1: 45.4
['F' 'M']
Classifier accuracy train: 50.80
===== dev set ====
Classifier: 50.98
             precision    recall  f1-score   support

          F     0.8000    0.0261    0.0506       153
          M     0.5050    0.9935    0.6696       153

avg / total     0.6525    0.5098    0.3601       306

weighted f1: 36.0
['F' 'M']
Classifier accuracy train: 63.80
===== dev set ====
Classifier: 63.07
             precision    recall  f1-score   support

          F     0.7703    0.3725    0.5022       153
          M     0.5862    0.8889    0.7065       153

avg / total     0.6782    0.6307    0.6043       306

weighted f1: 60.4
['F' 'M']
Classifier accuracy train: 61.78
===== dev set ====
Classifier: 54.90
             precision    recall  f1-score   support

          F     0.7143    0.1634    0.2660       153
          M     0.5277    0.9346    0.6745       153

avg / total     0.6210    0.5490    0.4702       306

weighted f1: 47.0
['F' 'M']
Classifier accuracy train: 60.40
===== dev set ====
Classifier: 60.46
             precision    recall  f1-score   support

          F     0.5620    0.9477    0.7056       153
          M     0.8333    0.2614    0.3980       153

avg / total     0.6977    0.6046    0.5518       306

weighted f1: 55.2
['F' 'M']
Classifier accuracy train: 62.14
===== dev set ====
Classifier: 59.15
             precision    recall  f1-score   support

          F     0.6892    0.3333    0.4493       153
          M     0.5603    0.8497    0.6753       153

avg / total     0.6248    0.5915    0.5623       306

weighted f1: 56.2
==================================
mean f1: 49.02 (8.14)
mean acc: 56.85 (3.87)
===
first instance
Majority weighted F1: 33.33 acc: 50.00
data data/PT-data-200tweets.json.balanced.frequency
analyze_features None
c_n_gram 0
only_mean False
test None
pred False
C 1
n_gram 1-3
folds 10
rm_uu False
embeds None
show_instance False
tf_idf False
