load data..
vectorize data..
Vocab size: 114511
['F' 'M']
Classifier accuracy train: 100.00
===== dev set ====
Classifier: 58.77
             precision    recall  f1-score   support

          F     0.5906    0.5714    0.5809       154
          M     0.5849    0.6039    0.5942       154

avg / total     0.5878    0.5877    0.5876       308

weighted f1: 58.8
['F' 'M']
Classifier accuracy train: 100.00
===== dev set ====
Classifier: 55.19
             precision    recall  f1-score   support

          F     0.5556    0.5195    0.5369       154
          M     0.5488    0.5844    0.5660       154

avg / total     0.5522    0.5519    0.5515       308

weighted f1: 55.1
['F' 'M']
Classifier accuracy train: 100.00
===== dev set ====
Classifier: 57.47
             precision    recall  f1-score   support

          F     0.5680    0.6234    0.5944       154
          M     0.5827    0.5260    0.5529       154

avg / total     0.5754    0.5747    0.5737       308

weighted f1: 57.4
['F' 'M']
Classifier accuracy train: 100.00
===== dev set ====
Classifier: 58.50
             precision    recall  f1-score   support

          F     0.5793    0.6209    0.5994       153
          M     0.5915    0.5490    0.5695       153

avg / total     0.5854    0.5850    0.5844       306

weighted f1: 58.4
['F' 'M']
Classifier accuracy train: 100.00
===== dev set ====
Classifier: 57.52
             precision    recall  f1-score   support

          F     0.5793    0.5490    0.5638       153
          M     0.5714    0.6013    0.5860       153

avg / total     0.5754    0.5752    0.5749       306

weighted f1: 57.5
['F' 'M']
Classifier accuracy train: 100.00
===== dev set ====
Classifier: 56.54
             precision    recall  f1-score   support

          F     0.5610    0.6013    0.5804       153
          M     0.5704    0.5294    0.5492       153

avg / total     0.5657    0.5654    0.5648       306

weighted f1: 56.5
['F' 'M']
Classifier accuracy train: 100.00
===== dev set ====
Classifier: 64.38
             precision    recall  f1-score   support

          F     0.6392    0.6601    0.6495       153
          M     0.6486    0.6275    0.6379       153

avg / total     0.6439    0.6438    0.6437       306

weighted f1: 64.4
['F' 'M']
Classifier accuracy train: 100.00
===== dev set ====
Classifier: 58.17
             precision    recall  f1-score   support

          F     0.5796    0.5948    0.5871       153
          M     0.5839    0.5686    0.5762       153

avg / total     0.5818    0.5817    0.5816       306

weighted f1: 58.2
['F' 'M']
Classifier accuracy train: 100.00
===== dev set ====
Classifier: 64.38
             precision    recall  f1-score   support

          F     0.6429    0.6471    0.6450       153
          M     0.6447    0.6405    0.6426       153

avg / total     0.6438    0.6438    0.6438       306

weighted f1: 64.4
['F' 'M']
Classifier accuracy train: 100.00
===== dev set ====
Classifier: 58.17
             precision    recall  f1-score   support

          F     0.5839    0.5686    0.5762       153
          M     0.5796    0.5948    0.5871       153

avg / total     0.5818    0.5817    0.5816       306

weighted f1: 58.2
==================================
mean f1: 58.88 (2.92)
mean acc: 58.91 (2.91)
===
first instance
Majority weighted F1: 33.33 acc: 50.00
show_instance False
pred False
analyze_features None
folds 10
test None
C 1
tf_idf False
data data/PT-data-200tweets.json.balanced.frequency
only_mean False
rm_uu False
c_n_gram 0
n_gram 6
embeds None
