load data..
vectorize data..
Vocab size: 72
['F' 'M']
Classifier accuracy train: 50.83
===== dev set ====
Classifier: 50.00
             precision    recall  f1-score   support

          F     0.5000    0.9870    0.6638       154
          M     0.5000    0.0130    0.0253       154

avg / total     0.5000    0.5000    0.3445       308

weighted f1: 34.5
['F' 'M']
Classifier accuracy train: 56.35
===== dev set ====
Classifier: 54.87
             precision    recall  f1-score   support

          F     0.7419    0.1494    0.2486       154
          M     0.5271    0.9481    0.6775       154

avg / total     0.6345    0.5487    0.4631       308

weighted f1: 46.3
['F' 'M']
Classifier accuracy train: 50.51
===== dev set ====
Classifier: 51.30
             precision    recall  f1-score   support

          F     1.0000    0.0260    0.0506       154
          M     0.5066    1.0000    0.6725       154

avg / total     0.7533    0.5130    0.3616       308

weighted f1: 36.2
['F' 'M']
Classifier accuracy train: 52.17
===== dev set ====
Classifier: 52.29
             precision    recall  f1-score   support

          F     0.5118    0.9935    0.6756       153
          M     0.8889    0.0523    0.0988       153

avg / total     0.7003    0.5229    0.3872       306

weighted f1: 38.7
['F' 'M']
Classifier accuracy train: 50.04
===== dev set ====
Classifier: 50.00
             precision    recall  f1-score   support

          F     0.0000    0.0000    0.0000       153
          M     0.5000    1.0000    0.6667       153

avg / total     0.2500    0.5000    0.3333       306

weighted f1: 33.3
['F' 'M']
Classifier accuracy train: 53.88
===== dev set ====
Classifier: 51.31
             precision    recall  f1-score   support

          F     0.6000    0.0784    0.1387       153
          M     0.5070    0.9477    0.6606       153

avg / total     0.5535    0.5131    0.3997       306

weighted f1: 40.0
['F' 'M']
Classifier accuracy train: 56.78
===== dev set ====
Classifier: 50.33
             precision    recall  f1-score   support

          F     0.5018    0.9346    0.6530       153
          M     0.5238    0.0719    0.1264       153

avg / total     0.5128    0.5033    0.3897       306

weighted f1: 39.0
['F' 'M']
Classifier accuracy train: 62.57
===== dev set ====
Classifier: 61.76
             precision    recall  f1-score   support

          F     0.5756    0.8954    0.7008       153
          M     0.7647    0.3399    0.4706       153

avg / total     0.6702    0.6176    0.5857       306

weighted f1: 58.6
['F' 'M']
Classifier accuracy train: 57.43
===== dev set ====
Classifier: 55.88
             precision    recall  f1-score   support

          F     0.8214    0.1503    0.2541       153
          M     0.5324    0.9673    0.6868       153

avg / total     0.6769    0.5588    0.4705       306

weighted f1: 47.0
['F' 'M']
Classifier accuracy train: 53.70
===== dev set ====
Classifier: 54.90
             precision    recall  f1-score   support

          F     0.5258    1.0000    0.6892       153
          M     1.0000    0.0980    0.1786       153

avg / total     0.7629    0.5490    0.4339       306

weighted f1: 43.4
==================================
mean f1: 41.69 (7.14)
mean acc: 53.26 (3.51)
===
first instance
Majority weighted F1: 33.33 acc: 50.00
pred False
tf_idf False
test None
only_mean False
show_instance False
C 1
n_gram 1-2
c_n_gram 0
embeds None
rm_uu False
folds 10
data data/PT-data-200tweets.json.balanced.frequency
analyze_features None
