load data..
vectorize data..
Vocab size: 8
['F' 'M']
Classifier accuracy train: 63.71
===== dev set ====
Classifier: 63.64
             precision    recall  f1-score   support

          F     0.6382    0.6299    0.6340       154
          M     0.6346    0.6429    0.6387       154

avg / total     0.6364    0.6364    0.6363       308

weighted f1: 63.6
['F' 'M']
Classifier accuracy train: 50.04
===== dev set ====
Classifier: 50.00
             precision    recall  f1-score   support

          F     0.0000    0.0000    0.0000       154
          M     0.5000    1.0000    0.6667       154

avg / total     0.2500    0.5000    0.3333       308

weighted f1: 33.3
['F' 'M']
Classifier accuracy train: 50.54
===== dev set ====
Classifier: 50.00
             precision    recall  f1-score   support

          F     0.5000    0.0130    0.0253       154
          M     0.5000    0.9870    0.6638       154

avg / total     0.5000    0.5000    0.3445       308

weighted f1: 34.5
['F' 'M']
Classifier accuracy train: 50.80
===== dev set ====
Classifier: 50.00
             precision    recall  f1-score   support

          F     0.5000    0.9869    0.6637       153
          M     0.5000    0.0131    0.0255       153

avg / total     0.5000    0.5000    0.3446       306

weighted f1: 34.5
['F' 'M']
Classifier accuracy train: 49.96
===== dev set ====
Classifier: 50.00
             precision    recall  f1-score   support

          F     0.0000    0.0000    0.0000       153
          M     0.5000    1.0000    0.6667       153

avg / total     0.2500    0.5000    0.3333       306

weighted f1: 33.3
['F' 'M']
Classifier accuracy train: 50.00
===== dev set ====
Classifier: 50.00
             precision    recall  f1-score   support

          F     0.0000    0.0000    0.0000       153
          M     0.5000    1.0000    0.6667       153

avg / total     0.2500    0.5000    0.3333       306

weighted f1: 33.3
['F' 'M']
Classifier accuracy train: 52.83
===== dev set ====
Classifier: 49.67
             precision    recall  f1-score   support

          F     0.4983    0.9673    0.6578       153
          M     0.4444    0.0261    0.0494       153

avg / total     0.4714    0.4967    0.3536       306

weighted f1: 35.4
['F' 'M']
Classifier accuracy train: 50.00
===== dev set ====
Classifier: 50.00
             precision    recall  f1-score   support

          F     0.0000    0.0000    0.0000       153
          M     0.5000    1.0000    0.6667       153

avg / total     0.2500    0.5000    0.3333       306

weighted f1: 33.3
['F' 'M']
Classifier accuracy train: 50.07
===== dev set ====
Classifier: 50.00
             precision    recall  f1-score   support

          F     0.0000    0.0000    0.0000       153
          M     0.5000    1.0000    0.6667       153

avg / total     0.2500    0.5000    0.3333       306

weighted f1: 33.3
['F' 'M']
Classifier accuracy train: 59.13
===== dev set ====
Classifier: 60.78
             precision    recall  f1-score   support

          F     0.5647    0.9412    0.7059       153
          M     0.8235    0.2745    0.4118       153

avg / total     0.6941    0.6078    0.5588       306

weighted f1: 55.9
==================================
mean f1: 39.05 (10.52)
mean acc: 52.41 (4.94)
===
first instance
Majority weighted F1: 33.33 acc: 50.00
tf_idf False
show_instance False
folds 10
analyze_features None
data data/PT-data-200tweets.json.balanced.frequency
embeds None
only_mean False
pred False
n_gram 1
C 1
rm_uu False
test None
c_n_gram 0
