load data..
vectorize data..
Vocab size: 4465
['F' 'M']
Classifier accuracy train: 66.10
===== dev set ====
Classifier: 58.12
             precision    recall  f1-score   support

          F     0.5479    0.9286    0.6892       154
          M     0.7660    0.2338    0.3582       154

avg / total     0.6569    0.5812    0.5237       308

weighted f1: 52.4
['F' 'M']
Classifier accuracy train: 87.35
===== dev set ====
Classifier: 59.09
             precision    recall  f1-score   support

          F     0.6014    0.5390    0.5685       154
          M     0.5824    0.6429    0.6111       154

avg / total     0.5919    0.5909    0.5898       308

weighted f1: 59.0
['F' 'M']
Classifier accuracy train: 86.73
===== dev set ====
Classifier: 64.29
             precision    recall  f1-score   support

          F     0.6549    0.6039    0.6284       154
          M     0.6325    0.6818    0.6562       154

avg / total     0.6437    0.6429    0.6423       308

weighted f1: 64.2
['F' 'M']
Classifier accuracy train: 86.81
===== dev set ====
Classifier: 58.82
             precision    recall  f1-score   support

          F     0.5714    0.7059    0.6316       153
          M     0.6154    0.4706    0.5333       153

avg / total     0.5934    0.5882    0.5825       306

weighted f1: 58.2
['F' 'M']
Classifier accuracy train: 67.39
===== dev set ====
Classifier: 52.94
             precision    recall  f1-score   support

          F     0.6098    0.1634    0.2577       153
          M     0.5170    0.8954    0.6555       153

avg / total     0.5634    0.5294    0.4566       306

weighted f1: 45.7
['F' 'M']
Classifier accuracy train: 71.41
===== dev set ====
Classifier: 56.21
             precision    recall  f1-score   support

          F     0.6557    0.2614    0.3738       153
          M     0.5388    0.8627    0.6633       153

avg / total     0.5973    0.5621    0.5186       306

weighted f1: 51.9
['F' 'M']
Classifier accuracy train: 85.29
===== dev set ====
Classifier: 57.19
             precision    recall  f1-score   support

          F     0.5809    0.5163    0.5467       153
          M     0.5647    0.6275    0.5944       153

avg / total     0.5728    0.5719    0.5706       306

weighted f1: 57.1
['F' 'M']
Classifier accuracy train: 53.59
===== dev set ====
Classifier: 52.61
             precision    recall  f1-score   support

          F     0.5136    0.9869    0.6756       153
          M     0.8333    0.0654    0.1212       153

avg / total     0.6735    0.5261    0.3984       306

weighted f1: 39.8
['F' 'M']
Classifier accuracy train: 87.61
===== dev set ====
Classifier: 59.80
             precision    recall  f1-score   support

          F     0.6136    0.5294    0.5684       153
          M     0.5862    0.6667    0.6239       153

avg / total     0.5999    0.5980    0.5961       306

weighted f1: 59.6
['F' 'M']
Classifier accuracy train: 87.97
===== dev set ====
Classifier: 63.40
             precision    recall  f1-score   support

          F     0.6289    0.6536    0.6410       153
          M     0.6395    0.6144    0.6267       153

avg / total     0.6342    0.6340    0.6338       306

weighted f1: 63.4
==================================
mean f1: 55.12 (7.36)
mean acc: 58.25 (3.63)
===
first instance
Majority weighted F1: 33.33 acc: 50.00
test None
only_mean False
pred False
C 1
show_instance False
analyze_features None
n_gram 1-4
rm_uu False
data data/PT-data-200tweets.json.balanced.frequency
c_n_gram 0
folds 10
embeds None
tf_idf False
