load data..
vectorize data..
Vocab size: 113638
['F' 'M']
Classifier accuracy train: 100.00
===== dev set ====
Classifier: 61.36
             precision    recall  f1-score   support

          F     0.6336    0.5390    0.5825       154
          M     0.5989    0.6883    0.6405       154

avg / total     0.6162    0.6136    0.6115       308

weighted f1: 61.1
['F' 'M']
Classifier accuracy train: 100.00
===== dev set ====
Classifier: 63.96
             precision    recall  f1-score   support

          F     0.6287    0.6818    0.6542       154
          M     0.6525    0.5974    0.6237       154

avg / total     0.6406    0.6396    0.6390       308

weighted f1: 63.9
['F' 'M']
Classifier accuracy train: 100.00
===== dev set ====
Classifier: 60.39
             precision    recall  f1-score   support

          F     0.6143    0.5584    0.5850       154
          M     0.5952    0.6494    0.6211       154

avg / total     0.6048    0.6039    0.6031       308

weighted f1: 60.3
['F' 'M']
Classifier accuracy train: 100.00
===== dev set ====
Classifier: 63.40
             precision    recall  f1-score   support

          F     0.6376    0.6209    0.6291       153
          M     0.6306    0.6471    0.6387       153

avg / total     0.6341    0.6340    0.6339       306

weighted f1: 63.4
['F' 'M']
Classifier accuracy train: 99.96
===== dev set ====
Classifier: 63.73
             precision    recall  f1-score   support

          F     0.6479    0.6013    0.6237       153
          M     0.6280    0.6732    0.6498       153

avg / total     0.6380    0.6373    0.6368       306

weighted f1: 63.7
['F' 'M']
Classifier accuracy train: 100.00
===== dev set ====
Classifier: 64.05
             precision    recall  f1-score   support

          F     0.6369    0.6536    0.6452       153
          M     0.6443    0.6275    0.6358       153

avg / total     0.6406    0.6405    0.6405       306

weighted f1: 64.0
['F' 'M']
Classifier accuracy train: 100.00
===== dev set ====
Classifier: 62.75
             precision    recall  f1-score   support

          F     0.6226    0.6471    0.6346       153
          M     0.6327    0.6078    0.6200       153

avg / total     0.6276    0.6275    0.6273       306

weighted f1: 62.7
['F' 'M']
Classifier accuracy train: 100.00
===== dev set ====
Classifier: 60.78
             precision    recall  f1-score   support

          F     0.6065    0.6144    0.6104       153
          M     0.6093    0.6013    0.6053       153

avg / total     0.6079    0.6078    0.6078       306

weighted f1: 60.8
['F' 'M']
Classifier accuracy train: 100.00
===== dev set ====
Classifier: 62.42
             precision    recall  f1-score   support

          F     0.6418    0.5621    0.5993       153
          M     0.6105    0.6863    0.6462       153

avg / total     0.6261    0.6242    0.6227       306

weighted f1: 62.3
['F' 'M']
Classifier accuracy train: 99.93
===== dev set ====
Classifier: 58.50
             precision    recall  f1-score   support

          F     0.6121    0.4641    0.5279       153
          M     0.5684    0.7059    0.6297       153

avg / total     0.5902    0.5850    0.5788       306

weighted f1: 57.9
==================================
mean f1: 62.01 (1.88)
mean acc: 62.13 (1.74)
===
first instance
Majority weighted F1: 33.33 acc: 50.00
pred False
embeds None
folds 10
n_gram 1-4
analyze_features None
C 1
test None
only_mean False
data data/PT-data-200tweets.json.balanced.length
show_instance False
c_n_gram 0
tf_idf False
rm_uu False
