load data..
vectorize data..
Vocab size: 1838
['F' 'M']
Classifier accuracy train: 65.30
===== dev set ====
Classifier: 61.04
             precision    recall  f1-score   support

          F     0.5680    0.9221    0.7030       154
          M     0.7931    0.2987    0.4340       154

avg / total     0.6806    0.6104    0.5685       308

weighted f1: 56.8
['F' 'M']
Classifier accuracy train: 67.48
===== dev set ====
Classifier: 61.04
             precision    recall  f1-score   support

          F     0.7361    0.3442    0.4690       154
          M     0.5720    0.8766    0.6923       154

avg / total     0.6541    0.6104    0.5807       308

weighted f1: 58.1
['F' 'M']
Classifier accuracy train: 54.71
===== dev set ====
Classifier: 52.60
             precision    recall  f1-score   support

          F     0.5138    0.9675    0.6712       154
          M     0.7222    0.0844    0.1512       154

avg / total     0.6180    0.5260    0.4112       308

weighted f1: 41.1
['F' 'M']
Classifier accuracy train: 75.72
===== dev set ====
Classifier: 63.73
             precision    recall  f1-score   support

          F     0.6019    0.8105    0.6908       153
          M     0.7100    0.4641    0.5613       153

avg / total     0.6560    0.6373    0.6260       306

weighted f1: 62.6
['F' 'M']
Classifier accuracy train: 74.49
===== dev set ====
Classifier: 64.05
             precision    recall  f1-score   support

          F     0.6162    0.7451    0.6746       153
          M     0.6777    0.5359    0.5985       153

avg / total     0.6470    0.6405    0.6365       306

weighted f1: 63.7
['F' 'M']
Classifier accuracy train: 76.05
===== dev set ====
Classifier: 64.38
             precision    recall  f1-score   support

          F     0.6358    0.6732    0.6540       153
          M     0.6528    0.6144    0.6330       153

avg / total     0.6443    0.6438    0.6435       306

weighted f1: 64.3
['F' 'M']
Classifier accuracy train: 75.80
===== dev set ====
Classifier: 62.42
             precision    recall  f1-score   support

          F     0.6418    0.5621    0.5993       153
          M     0.6105    0.6863    0.6462       153

avg / total     0.6261    0.6242    0.6227       306

weighted f1: 62.3
['F' 'M']
Classifier accuracy train: 68.91
===== dev set ====
Classifier: 61.76
             precision    recall  f1-score   support

          F     0.7250    0.3791    0.4979       153
          M     0.5796    0.8562    0.6913       153

avg / total     0.6523    0.6176    0.5946       306

weighted f1: 59.5
['F' 'M']
Classifier accuracy train: 52.64
===== dev set ====
Classifier: 51.96
             precision    recall  f1-score   support

          F     0.5101    0.9935    0.6741       153
          M     0.8750    0.0458    0.0870       153

avg / total     0.6925    0.5196    0.3805       306

weighted f1: 38.1
['F' 'M']
Classifier accuracy train: 51.09
===== dev set ====
Classifier: 50.00
             precision    recall  f1-score   support

          F     0.5000    0.0065    0.0129       153
          M     0.5000    0.9935    0.6652       153

avg / total     0.5000    0.5000    0.3391       306

weighted f1: 33.9
==================================
mean f1: 54.03 (11.05)
mean acc: 59.30 (5.24)
===
first instance
Majority weighted F1: 33.33 acc: 50.00
c_n_gram 0
tf_idf False
only_mean False
folds 10
show_instance False
analyze_features None
data data/PT-data-200tweets.json.balanced.length
n_gram 2
C 1
test None
embeds None
pred False
rm_uu False
