load data..
vectorize data..
Vocab size: 95989
['F' 'M']
Classifier accuracy train: 100.00
===== dev set ====
Classifier: 60.71
             precision    recall  f1-score   support

          F     0.6122    0.5844    0.5980       154
          M     0.6025    0.6299    0.6159       154

avg / total     0.6074    0.6071    0.6069       308

weighted f1: 60.7
['F' 'M']
Classifier accuracy train: 100.00
===== dev set ====
Classifier: 61.69
             precision    recall  f1-score   support

          F     0.6098    0.6494    0.6289       154
          M     0.6250    0.5844    0.6040       154

avg / total     0.6174    0.6169    0.6165       308

weighted f1: 61.6
['F' 'M']
Classifier accuracy train: 100.00
===== dev set ====
Classifier: 57.79
             precision    recall  f1-score   support

          F     0.5822    0.5519    0.5667       154
          M     0.5741    0.6039    0.5886       154

avg / total     0.5781    0.5779    0.5776       308

weighted f1: 57.8
['F' 'M']
Classifier accuracy train: 100.00
===== dev set ====
Classifier: 59.48
             precision    recall  f1-score   support

          F     0.5935    0.6013    0.5974       153
          M     0.5960    0.5882    0.5921       153

avg / total     0.5948    0.5948    0.5948       306

weighted f1: 59.5
['F' 'M']
Classifier accuracy train: 100.00
===== dev set ====
Classifier: 59.80
             precision    recall  f1-score   support

          F     0.5974    0.6013    0.5993       153
          M     0.5987    0.5948    0.5967       153

avg / total     0.5980    0.5980    0.5980       306

weighted f1: 59.8
['F' 'M']
Classifier accuracy train: 100.00
===== dev set ====
Classifier: 61.11
             precision    recall  f1-score   support

          F     0.6118    0.6078    0.6098       153
          M     0.6104    0.6144    0.6124       153

avg / total     0.6111    0.6111    0.6111       306

weighted f1: 61.1
['F' 'M']
Classifier accuracy train: 100.00
===== dev set ====
Classifier: 58.17
             precision    recall  f1-score   support

          F     0.5786    0.6013    0.5897       153
          M     0.5850    0.5621    0.5733       153

avg / total     0.5818    0.5817    0.5815       306

weighted f1: 58.2
['F' 'M']
Classifier accuracy train: 100.00
===== dev set ====
Classifier: 53.59
             precision    recall  f1-score   support

          F     0.5329    0.5817    0.5563       153
          M     0.5396    0.4902    0.5137       153

avg / total     0.5363    0.5359    0.5350       306

weighted f1: 53.5
['F' 'M']
Classifier accuracy train: 100.00
===== dev set ====
Classifier: 56.54
             precision    recall  f1-score   support

          F     0.5758    0.4967    0.5333       153
          M     0.5575    0.6340    0.5933       153

avg / total     0.5666    0.5654    0.5633       306

weighted f1: 56.3
['F' 'M']
Classifier accuracy train: 100.00
===== dev set ====
Classifier: 56.54
             precision    recall  f1-score   support

          F     0.5617    0.5948    0.5778       153
          M     0.5694    0.5359    0.5522       153

avg / total     0.5656    0.5654    0.5650       306

weighted f1: 56.5
==================================
mean f1: 58.50 (2.42)
mean acc: 58.54 (2.39)
===
first instance
Majority weighted F1: 33.33 acc: 50.00
folds 10
show_instance False
n_gram 4
c_n_gram 0
data data/PT-data-200tweets.json.balanced.length
analyze_features None
tf_idf False
test None
only_mean False
rm_uu False
pred False
embeds None
C 1
