load data..
vectorize data..
Vocab size: 1799538
['F' 'M']
Classifier accuracy train: 100.00
===== dev set ====
Classifier: 64.94
             precision    recall  f1-score   support

          F     0.6575    0.6234    0.6400       154
          M     0.6420    0.6753    0.6582       154

avg / total     0.6498    0.6494    0.6491       308

weighted f1: 64.9
['F' 'M']
Classifier accuracy train: 99.96
===== dev set ====
Classifier: 66.88
             precision    recall  f1-score   support

          F     0.6625    0.6883    0.6752       154
          M     0.6757    0.6494    0.6623       154

avg / total     0.6691    0.6688    0.6687       308

weighted f1: 66.9
['F' 'M']
Classifier accuracy train: 100.00
===== dev set ====
Classifier: 64.29
             precision    recall  f1-score   support

          F     0.6467    0.6299    0.6382       154
          M     0.6392    0.6558    0.6474       154

avg / total     0.6430    0.6429    0.6428       308

weighted f1: 64.3
['F' 'M']
Classifier accuracy train: 100.00
===== dev set ====
Classifier: 67.97
             precision    recall  f1-score   support

          F     0.6647    0.7255    0.6937       153
          M     0.6978    0.6340    0.6644       153

avg / total     0.6813    0.6797    0.6791       306

weighted f1: 67.9
['F' 'M']
Classifier accuracy train: 100.00
===== dev set ====
Classifier: 66.67
             precision    recall  f1-score   support

          F     0.6711    0.6536    0.6623       153
          M     0.6624    0.6797    0.6710       153

avg / total     0.6668    0.6667    0.6666       306

weighted f1: 66.7
['F' 'M']
Classifier accuracy train: 100.00
===== dev set ====
Classifier: 66.34
             precision    recall  f1-score   support

          F     0.6667    0.6536    0.6601       153
          M     0.6603    0.6732    0.6667       153

avg / total     0.6635    0.6634    0.6634       306

weighted f1: 66.3
['F' 'M']
Classifier accuracy train: 100.00
===== dev set ====
Classifier: 65.03
             precision    recall  f1-score   support

          F     0.6438    0.6732    0.6581       153
          M     0.6575    0.6275    0.6421       153

avg / total     0.6506    0.6503    0.6501       306

weighted f1: 65.0
['F' 'M']
Classifier accuracy train: 100.00
===== dev set ====
Classifier: 61.76
             precision    recall  f1-score   support

          F     0.6184    0.6144    0.6164       153
          M     0.6169    0.6209    0.6189       153

avg / total     0.6177    0.6176    0.6176       306

weighted f1: 61.8
['F' 'M']
Classifier accuracy train: 100.00
===== dev set ====
Classifier: 64.71
             precision    recall  f1-score   support

          F     0.6552    0.6209    0.6376       153
          M     0.6398    0.6732    0.6561       153

avg / total     0.6475    0.6471    0.6468       306

weighted f1: 64.7
['F' 'M']
Classifier accuracy train: 100.00
===== dev set ====
Classifier: 63.40
             precision    recall  f1-score   support

          F     0.6199    0.6928    0.6543       153
          M     0.6519    0.5752    0.6111       153

avg / total     0.6359    0.6340    0.6327       306

weighted f1: 63.3
==================================
mean f1: 65.17 (1.74)
mean acc: 65.20 (1.74)
===
first instance
Majority weighted F1: 33.33 acc: 50.00
C 1
pred False
analyze_features None
test None
show_instance False
embeds None
data data/PT-data-200tweets.json.balanced.length
folds 10
rm_uu False
only_mean False
c_n_gram 0
n_gram 1-6
tf_idf False
