load data..
vectorize data..
Vocab size: 17649
['F' 'M']
Classifier accuracy train: 73.97
===== dev set ====
Classifier: 61.04
             precision    recall  f1-score   support

          F     0.5720    0.8766    0.6923       154
          M     0.7361    0.3442    0.4690       154

avg / total     0.6541    0.6104    0.5807       308

weighted f1: 58.1
['F' 'M']
Classifier accuracy train: 91.91
===== dev set ====
Classifier: 60.39
             precision    recall  f1-score   support

          F     0.6039    0.6039    0.6039       154
          M     0.6039    0.6039    0.6039       154

avg / total     0.6039    0.6039    0.6039       308

weighted f1: 60.4
['F' 'M']
Classifier accuracy train: 92.13
===== dev set ====
Classifier: 62.01
             precision    recall  f1-score   support

          F     0.6370    0.5584    0.5952       154
          M     0.6069    0.6818    0.6422       154

avg / total     0.6220    0.6201    0.6187       308

weighted f1: 61.9
['F' 'M']
Classifier accuracy train: 88.66
===== dev set ====
Classifier: 64.71
             precision    recall  f1-score   support

          F     0.6829    0.5490    0.6087       153
          M     0.6230    0.7451    0.6786       153

avg / total     0.6529    0.6471    0.6436       306

weighted f1: 64.4
['F' 'M']
Classifier accuracy train: 92.25
===== dev set ====
Classifier: 66.01
             precision    recall  f1-score   support

          F     0.6601    0.6601    0.6601       153
          M     0.6601    0.6601    0.6601       153

avg / total     0.6601    0.6601    0.6601       306

weighted f1: 66.0
['F' 'M']
Classifier accuracy train: 89.82
===== dev set ====
Classifier: 59.48
             precision    recall  f1-score   support

          F     0.6142    0.5098    0.5571       153
          M     0.5810    0.6797    0.6265       153

avg / total     0.5976    0.5948    0.5918       306

weighted f1: 59.2
['F' 'M']
Classifier accuracy train: 81.34
===== dev set ====
Classifier: 55.88
             precision    recall  f1-score   support

          F     0.5402    0.7908    0.6419       153
          M     0.6098    0.3268    0.4255       153

avg / total     0.5750    0.5588    0.5337       306

weighted f1: 53.4
['F' 'M']
Classifier accuracy train: 61.20
===== dev set ====
Classifier: 54.58
             precision    recall  f1-score   support

          F     0.7333    0.1438    0.2404       153
          M     0.5254    0.9477    0.6760       153

avg / total     0.6293    0.5458    0.4582       306

weighted f1: 45.8
['F' 'M']
Classifier accuracy train: 80.11
===== dev set ====
Classifier: 64.71
             precision    recall  f1-score   support

          F     0.6047    0.8497    0.7065       153
          M     0.7473    0.4444    0.5574       153

avg / total     0.6760    0.6471    0.6319       306

weighted f1: 63.2
['F' 'M']
Classifier accuracy train: 90.33
===== dev set ====
Classifier: 61.11
             precision    recall  f1-score   support

          F     0.5904    0.7255    0.6510       153
          M     0.6441    0.4967    0.5609       153

avg / total     0.6172    0.6111    0.6060       306

weighted f1: 60.6
==================================
mean f1: 59.29 (5.60)
mean acc: 60.99 (3.52)
===
first instance
Majority weighted F1: 33.33 acc: 50.00
c_n_gram 0
data data/PT-data-200tweets.json.balanced.length
analyze_features None
only_mean False
rm_uu False
n_gram 1-3
pred False
show_instance False
folds 10
embeds None
C 1
tf_idf False
test None
