load data..
vectorize data..
Vocab size: 20860
['F' 'M']
Classifier accuracy train: 64.07
===== dev set ====
Classifier: 60.06
             precision    recall  f1-score   support

          F     0.5598    0.9416    0.7022       154
          M     0.8163    0.2597    0.3941       154

avg / total     0.6881    0.6006    0.5481       308

weighted f1: 54.8
['F' 'M']
Classifier accuracy train: 74.76
===== dev set ====
Classifier: 62.99
             precision    recall  f1-score   support

          F     0.5990    0.7857    0.6798       154
          M     0.6887    0.4740    0.5615       154

avg / total     0.6438    0.6299    0.6207       308

weighted f1: 62.1
['F' 'M']
Classifier accuracy train: 74.66
===== dev set ====
Classifier: 64.29
             precision    recall  f1-score   support

          F     0.6100    0.7922    0.6893       154
          M     0.7037    0.4935    0.5802       154

avg / total     0.6569    0.6429    0.6347       308

weighted f1: 63.5
['F' 'M']
Classifier accuracy train: 62.32
===== dev set ====
Classifier: 56.21
             precision    recall  f1-score   support

          F     0.7436    0.1895    0.3021       153
          M     0.5356    0.9346    0.6810       153

avg / total     0.6396    0.5621    0.4915       306

weighted f1: 49.2
['F' 'M']
Classifier accuracy train: 63.95
===== dev set ====
Classifier: 58.17
             precision    recall  f1-score   support

          F     0.5472    0.9477    0.6938       153
          M     0.8049    0.2157    0.3402       153

avg / total     0.6760    0.5817    0.5170       306

weighted f1: 51.7
['F' 'M']
Classifier accuracy train: 57.17
===== dev set ====
Classifier: 53.92
             precision    recall  f1-score   support

          F     0.5205    0.9935    0.6831       153
          M     0.9286    0.0850    0.1557       153

avg / total     0.7246    0.5392    0.4194       306

weighted f1: 41.9
['F' 'M']
Classifier accuracy train: 65.65
===== dev set ====
Classifier: 58.82
             precision    recall  f1-score   support

          F     0.5529    0.9216    0.6912       153
          M     0.7647    0.2549    0.3824       153

avg / total     0.6588    0.5882    0.5368       306

weighted f1: 53.7
['F' 'M']
Classifier accuracy train: 55.69
===== dev set ====
Classifier: 55.23
             precision    recall  f1-score   support

          F     0.8333    0.1307    0.2260       153
          M     0.5284    0.9739    0.6851       153

avg / total     0.6809    0.5523    0.4555       306

weighted f1: 45.6
['F' 'M']
Classifier accuracy train: 55.72
===== dev set ====
Classifier: 54.90
             precision    recall  f1-score   support

          F     0.5263    0.9804    0.6849       153
          M     0.8571    0.1176    0.2069       153

avg / total     0.6917    0.5490    0.4459       306

weighted f1: 44.6
['F' 'M']
Classifier accuracy train: 50.22
===== dev set ====
Classifier: 50.00
             precision    recall  f1-score   support

          F     0.0000    0.0000    0.0000       153
          M     0.5000    1.0000    0.6667       153

avg / total     0.2500    0.5000    0.3333       306

weighted f1: 33.3
==================================
mean f1: 50.03 (8.71)
mean acc: 57.46 (4.09)
===
first instance
Majority weighted F1: 33.33 acc: 50.00
test None
only_mean False
tf_idf False
show_instance False
rm_uu False
embeds None
c_n_gram 0
folds 10
data data/PT-data-200tweets.json.balanced.punctAgr
pred False
n_gram 4
C 1
analyze_features None
