load data..
vectorize data..
Vocab size: 86521
['F' 'M']
Classifier accuracy train: 58.12
===== dev set ====
Classifier: 53.57
             precision    recall  f1-score   support

          F     0.7200    0.1169    0.2011       154
          M     0.5194    0.9545    0.6728       154

avg / total     0.6197    0.5357    0.4369       308

weighted f1: 43.7
['F' 'M']
Classifier accuracy train: 57.43
===== dev set ====
Classifier: 52.92
             precision    recall  f1-score   support

          F     0.7647    0.0844    0.1520       154
          M     0.5155    0.9740    0.6742       154

avg / total     0.6401    0.5292    0.4131       308

weighted f1: 41.3
['F' 'M']
Classifier accuracy train: 56.93
===== dev set ====
Classifier: 53.90
             precision    recall  f1-score   support

          F     0.8750    0.0909    0.1647       154
          M     0.5205    0.9870    0.6816       154

avg / total     0.6978    0.5390    0.4232       308

weighted f1: 42.3
['F' 'M']
Classifier accuracy train: 80.22
===== dev set ====
Classifier: 67.65
             precision    recall  f1-score   support

          F     0.6776    0.6732    0.6754       153
          M     0.6753    0.6797    0.6775       153

avg / total     0.6765    0.6765    0.6765       306

weighted f1: 67.6
['F' 'M']
Classifier accuracy train: 59.13
===== dev set ====
Classifier: 54.25
             precision    recall  f1-score   support

          F     0.8095    0.1111    0.1954       153
          M     0.5228    0.9739    0.6804       153

avg / total     0.6662    0.5425    0.4379       306

weighted f1: 43.8
['F' 'M']
Classifier accuracy train: 72.86
===== dev set ====
Classifier: 60.78
             precision    recall  f1-score   support

          F     0.6941    0.3856    0.4958       153
          M     0.5747    0.8301    0.6791       153

avg / total     0.6344    0.6078    0.5875       306

weighted f1: 58.7
['F' 'M']
Classifier accuracy train: 62.97
===== dev set ====
Classifier: 59.48
             precision    recall  f1-score   support

          F     0.5535    0.9804    0.7075       153
          M     0.9143    0.2092    0.3404       153

avg / total     0.7339    0.5948    0.5240       306

weighted f1: 52.4
['F' 'M']
Classifier accuracy train: 80.54
===== dev set ====
Classifier: 68.95
             precision    recall  f1-score   support

          F     0.6629    0.7712    0.7130       153
          M     0.7266    0.6078    0.6619       153

avg / total     0.6947    0.6895    0.6875       306

weighted f1: 68.7
['F' 'M']
Classifier accuracy train: 59.57
===== dev set ====
Classifier: 55.23
             precision    recall  f1-score   support

          F     0.5280    0.9869    0.6879       153
          M     0.9000    0.1176    0.2081       153

avg / total     0.7140    0.5523    0.4480       306

weighted f1: 44.8
['F' 'M']
Classifier accuracy train: 69.96
===== dev set ====
Classifier: 65.69
             precision    recall  f1-score   support

          F     0.5992    0.9477    0.7342       153
          M     0.8750    0.3660    0.5161       153

avg / total     0.7371    0.6569    0.6252       306

weighted f1: 62.5
==================================
mean f1: 52.60 (10.36)
mean acc: 59.24 (5.92)
===
first instance
Majority weighted F1: 33.33 acc: 50.00
C 1
only_mean False
tf_idf False
analyze_features None
test None
embeds None
pred False
rm_uu False
data data/PT-data-200tweets.json.balanced.punctCons
folds 10
show_instance False
c_n_gram 0
n_gram 3
