load data..
vectorize data..
Vocab size: 142345
['F' 'M']
Classifier accuracy train: 69.47
===== dev set ====
Classifier: 66.23
             precision    recall  f1-score   support

          F     0.6042    0.9416    0.7360       154
          M     0.8676    0.3831    0.5315       154

avg / total     0.7359    0.6623    0.6338       308

weighted f1: 63.4
['F' 'M']
Classifier accuracy train: 54.31
===== dev set ====
Classifier: 52.92
             precision    recall  f1-score   support

          F     0.8462    0.0714    0.1317       154
          M     0.5153    0.9870    0.6771       154

avg / total     0.6807    0.5292    0.4044       308

weighted f1: 40.4
['F' 'M']
Classifier accuracy train: 74.84
===== dev set ====
Classifier: 69.16
             precision    recall  f1-score   support

          F     0.6411    0.8701    0.7383       154
          M     0.7980    0.5130    0.6245       154

avg / total     0.7196    0.6916    0.6814       308

weighted f1: 68.1
['F' 'M']
Classifier accuracy train: 56.45
===== dev set ====
Classifier: 51.63
             precision    recall  f1-score   support

          F     0.6667    0.0654    0.1190       153
          M     0.5086    0.9673    0.6667       153

avg / total     0.5876    0.5163    0.3929       306

weighted f1: 39.3
['F' 'M']
Classifier accuracy train: 67.21
===== dev set ====
Classifier: 61.44
             precision    recall  f1-score   support

          F     0.8182    0.2941    0.4327       153
          M     0.5697    0.9346    0.7079       153

avg / total     0.6940    0.6144    0.5703       306

weighted f1: 57.0
['F' 'M']
Classifier accuracy train: 54.75
===== dev set ====
Classifier: 53.27
             precision    recall  f1-score   support

          F     0.8571    0.0784    0.1437       153
          M     0.5171    0.9869    0.6787       153

avg / total     0.6871    0.5327    0.4112       306

weighted f1: 41.1
['F' 'M']
Classifier accuracy train: 55.94
===== dev set ====
Classifier: 53.27
             precision    recall  f1-score   support

          F     0.6923    0.1176    0.2011       153
          M     0.5179    0.9477    0.6697       153

avg / total     0.6051    0.5327    0.4354       306

weighted f1: 43.5
['F' 'M']
Classifier accuracy train: 66.85
===== dev set ====
Classifier: 60.46
             precision    recall  f1-score   support

          F     0.5620    0.9477    0.7056       153
          M     0.8333    0.2614    0.3980       153

avg / total     0.6977    0.6046    0.5518       306

weighted f1: 55.2
['F' 'M']
Classifier accuracy train: 57.43
===== dev set ====
Classifier: 55.88
             precision    recall  f1-score   support

          F     0.5315    0.9935    0.6925       153
          M     0.9500    0.1242    0.2197       153

avg / total     0.7407    0.5588    0.4561       306

weighted f1: 45.6
['F' 'M']
Classifier accuracy train: 63.37
===== dev set ====
Classifier: 59.48
             precision    recall  f1-score   support

          F     0.8085    0.2484    0.3800       153
          M     0.5560    0.9412    0.6990       153

avg / total     0.6822    0.5948    0.5395       306

weighted f1: 54.0
==================================
mean f1: 50.77 (9.70)
mean acc: 58.37 (5.71)
===
first instance
Majority weighted F1: 33.33 acc: 50.00
only_mean False
tf_idf False
C 1
folds 10
test None
data data/PT-data-200tweets.json.balanced.punctCons
pred False
c_n_gram 0
rm_uu False
n_gram 1-3
embeds None
show_instance False
analyze_features None
