load data..
vectorize data..
Vocab size: 1998
['F' 'M']
Classifier accuracy train: 55.15
===== dev set ====
Classifier: 54.22
             precision    recall  f1-score   support

          F     0.5223    0.9870    0.6831       154
          M     0.8824    0.0974    0.1754       154

avg / total     0.7023    0.5422    0.4293       308

weighted f1: 42.9
['F' 'M']
Classifier accuracy train: 53.34
===== dev set ====
Classifier: 50.97
             precision    recall  f1-score   support

          F     0.5050    0.9935    0.6696       154
          M     0.8000    0.0260    0.0503       154

avg / total     0.6525    0.5097    0.3599       308

weighted f1: 36.0
['F' 'M']
Classifier accuracy train: 52.68
===== dev set ====
Classifier: 52.27
             precision    recall  f1-score   support

          F     0.8182    0.0584    0.1091       154
          M     0.5118    0.9870    0.6741       154

avg / total     0.6650    0.5227    0.3916       308

weighted f1: 39.2
['F' 'M']
Classifier accuracy train: 52.57
===== dev set ====
Classifier: 51.96
             precision    recall  f1-score   support

          F     0.6875    0.0719    0.1302       153
          M     0.5103    0.9673    0.6682       153

avg / total     0.5989    0.5196    0.3992       306

weighted f1: 39.9
['F' 'M']
Classifier accuracy train: 55.04
===== dev set ====
Classifier: 51.96
             precision    recall  f1-score   support

          F     0.8000    0.0523    0.0982       153
          M     0.5101    0.9869    0.6726       153

avg / total     0.6551    0.5196    0.3854       306

weighted f1: 38.5
['F' 'M']
Classifier accuracy train: 57.07
===== dev set ====
Classifier: 55.88
             precision    recall  f1-score   support

          F     0.5321    0.9739    0.6882       153
          M     0.8462    0.1438    0.2458       153

avg / total     0.6891    0.5588    0.4670       306

weighted f1: 46.7
['F' 'M']
Classifier accuracy train: 53.59
===== dev set ====
Classifier: 52.61
             precision    recall  f1-score   support

          F     0.5139    0.9673    0.6712       153
          M     0.7222    0.0850    0.1520       153

avg / total     0.6181    0.5261    0.4116       306

weighted f1: 41.2
['F' 'M']
Classifier accuracy train: 52.14
===== dev set ====
Classifier: 53.92
             precision    recall  f1-score   support

          F     0.9286    0.0850    0.1557       153
          M     0.5205    0.9935    0.6831       153

avg / total     0.7246    0.5392    0.4194       306

weighted f1: 41.9
['F' 'M']
Classifier accuracy train: 50.87
===== dev set ====
Classifier: 50.65
             precision    recall  f1-score   support

          F     1.0000    0.0131    0.0258       153
          M     0.5033    1.0000    0.6696       153

avg / total     0.7516    0.5065    0.3477       306

weighted f1: 34.8
['F' 'M']
Classifier accuracy train: 52.75
===== dev set ====
Classifier: 51.96
             precision    recall  f1-score   support

          F     0.5100    1.0000    0.6755       153
          M     1.0000    0.0392    0.0755       153

avg / total     0.7550    0.5196    0.3755       306

weighted f1: 37.5
==================================
mean f1: 39.87 (3.33)
mean acc: 52.64 (1.51)
===
first instance
Majority weighted F1: 33.33 acc: 50.00
show_instance False
c_n_gram 0
n_gram 2
C 1
tf_idf False
pred False
folds 10
only_mean False
data data/PT-data-200tweets.json.balanced.punctAgr
embeds None
analyze_features None
test None
rm_uu False
