load data..
vectorize data..
Vocab size: 139433
['F' 'M']
Classifier accuracy train: 79.26
===== dev set ====
Classifier: 67.21
             precision    recall  f1-score   support

          F     0.6210    0.8831    0.7292       154
          M     0.7978    0.4610    0.5844       154

avg / total     0.7094    0.6721    0.6568       308

weighted f1: 65.7
['F' 'M']
Classifier accuracy train: 55.08
===== dev set ====
Classifier: 51.95
             precision    recall  f1-score   support

          F     0.8000    0.0519    0.0976       154
          M     0.5101    0.9870    0.6726       154

avg / total     0.6550    0.5195    0.3851       308

weighted f1: 38.5
['F' 'M']
Classifier accuracy train: 82.60
===== dev set ====
Classifier: 67.53
             precision    recall  f1-score   support

          F     0.6378    0.8117    0.7143       154
          M     0.7411    0.5390    0.6241       154

avg / total     0.6894    0.6753    0.6692       308

weighted f1: 66.9
['F' 'M']
Classifier accuracy train: 83.04
===== dev set ====
Classifier: 65.36
             precision    recall  f1-score   support

          F     0.6942    0.5490    0.6131       153
          M     0.6270    0.7582    0.6864       153

avg / total     0.6606    0.6536    0.6498       306

weighted f1: 65.0
['F' 'M']
Classifier accuracy train: 72.25
===== dev set ====
Classifier: 62.42
             precision    recall  f1-score   support

          F     0.5772    0.9281    0.7118       153
          M     0.8167    0.3203    0.4601       153

avg / total     0.6970    0.6242    0.5859       306

weighted f1: 58.6
['F' 'M']
Classifier accuracy train: 65.80
===== dev set ====
Classifier: 57.84
             precision    recall  f1-score   support

          F     0.5444    0.9608    0.6950       153
          M     0.8333    0.1961    0.3175       153

avg / total     0.6889    0.5784    0.5062       306

weighted f1: 50.6
['F' 'M']
Classifier accuracy train: 51.74
===== dev set ====
Classifier: 51.31
             precision    recall  f1-score   support

          F     0.8333    0.0327    0.0629       153
          M     0.5067    0.9935    0.6711       153

avg / total     0.6700    0.5131    0.3670       306

weighted f1: 36.7
['F' 'M']
Classifier accuracy train: 61.99
===== dev set ====
Classifier: 56.21
             precision    recall  f1-score   support

          F     0.8276    0.1569    0.2637       153
          M     0.5343    0.9673    0.6884       153

avg / total     0.6809    0.5621    0.4761       306

weighted f1: 47.6
['F' 'M']
Classifier accuracy train: 62.25
===== dev set ====
Classifier: 52.61
             precision    recall  f1-score   support

          F     0.7000    0.0915    0.1618       153
          M     0.5140    0.9608    0.6697       153

avg / total     0.6070    0.5261    0.4158       306

weighted f1: 41.6
['F' 'M']
Classifier accuracy train: 57.90
===== dev set ====
Classifier: 57.52
             precision    recall  f1-score   support

          F     0.5409    0.9935    0.7005       153
          M     0.9600    0.1569    0.2697       153

avg / total     0.7505    0.5752    0.4851       306

weighted f1: 48.5
==================================
mean f1: 51.97 (10.86)
mean acc: 59.00 (5.94)
===
first instance
Majority weighted F1: 33.33 acc: 50.00
test None
data data/PT-data-200tweets.json.balanced.punctCons
only_mean False
analyze_features None
c_n_gram 0
folds 10
show_instance False
C 1
pred False
embeds None
tf_idf False
rm_uu False
n_gram 4
