load data..
vectorize data..
Vocab size: 2250
['F' 'M']
Classifier accuracy train: 51.74
===== dev set ====
Classifier: 52.27
             precision    recall  f1-score   support

          F     0.5116    1.0000    0.6769       154
          M     1.0000    0.0455    0.0870       154

avg / total     0.7558    0.5227    0.3819       308

weighted f1: 38.2
['F' 'M']
Classifier accuracy train: 60.37
===== dev set ====
Classifier: 58.12
             precision    recall  f1-score   support

          F     0.5468    0.9481    0.6936       154
          M     0.8049    0.2143    0.3385       154

avg / total     0.6758    0.5812    0.5160       308

weighted f1: 51.6
['F' 'M']
Classifier accuracy train: 52.39
===== dev set ====
Classifier: 52.60
             precision    recall  f1-score   support

          F     0.5134    0.9935    0.6770       154
          M     0.9000    0.0584    0.1098       154

avg / total     0.7067    0.5260    0.3934       308

weighted f1: 39.3
['F' 'M']
Classifier accuracy train: 61.52
===== dev set ====
Classifier: 60.13
             precision    recall  f1-score   support

          F     0.5608    0.9346    0.7010       153
          M     0.8039    0.2680    0.4020       153

avg / total     0.6824    0.6013    0.5515       306

weighted f1: 55.1
['F' 'M']
Classifier accuracy train: 61.96
===== dev set ====
Classifier: 58.50
             precision    recall  f1-score   support

          F     0.5504    0.9281    0.6910       153
          M     0.7708    0.2418    0.3682       153

avg / total     0.6606    0.5850    0.5296       306

weighted f1: 53.0
['F' 'M']
Classifier accuracy train: 52.36
===== dev set ====
Classifier: 53.59
             precision    recall  f1-score   support

          F     0.9231    0.0784    0.1446       153
          M     0.5188    0.9935    0.6816       153

avg / total     0.7209    0.5359    0.4131       306

weighted f1: 41.3
['F' 'M']
Classifier accuracy train: 51.20
===== dev set ====
Classifier: 51.31
             precision    recall  f1-score   support

          F     0.5066    1.0000    0.6725       153
          M     1.0000    0.0261    0.0510       153

avg / total     0.7533    0.5131    0.3617       306

weighted f1: 36.2
['F' 'M']
Classifier accuracy train: 69.13
===== dev set ====
Classifier: 70.92
             precision    recall  f1-score   support

          F     0.6882    0.7647    0.7245       153
          M     0.7353    0.6536    0.6920       153

avg / total     0.7118    0.7092    0.7082       306

weighted f1: 70.8
['F' 'M']
Classifier accuracy train: 51.12
===== dev set ====
Classifier: 50.98
             precision    recall  f1-score   support

          F     1.0000    0.0196    0.0385       153
          M     0.5050    1.0000    0.6711       153

avg / total     0.7525    0.5098    0.3548       306

weighted f1: 35.5
['F' 'M']
Classifier accuracy train: 51.92
===== dev set ====
Classifier: 52.29
             precision    recall  f1-score   support

          F     0.5117    1.0000    0.6770       153
          M     1.0000    0.0458    0.0875       153

avg / total     0.7559    0.5229    0.3822       306

weighted f1: 38.2
==================================
mean f1: 45.92 (10.84)
mean acc: 56.07 (5.85)
===
first instance
Majority weighted F1: 33.33 acc: 50.00
rm_uu False
C 1
pred False
test None
data data/PT-data-200tweets.json.balanced.punctAgr
only_mean False
analyze_features None
show_instance False
embeds None
c_n_gram 0
n_gram 1-2
folds 10
tf_idf False
