load data..
vectorize data..
Vocab size: 13001
['F' 'M']
Classifier accuracy train: 69.72
===== dev set ====
Classifier: 65.91
             precision    recall  f1-score   support

          F     0.7579    0.4675    0.5783       154
          M     0.6150    0.8506    0.7139       154

avg / total     0.6865    0.6591    0.6461       308

weighted f1: 64.6
['F' 'M']
Classifier accuracy train: 73.75
===== dev set ====
Classifier: 70.78
             precision    recall  f1-score   support

          F     0.7025    0.7208    0.7115       154
          M     0.7133    0.6948    0.7039       154

avg / total     0.7079    0.7078    0.7077       308

weighted f1: 70.8
['F' 'M']
Classifier accuracy train: 62.80
===== dev set ====
Classifier: 60.06
             precision    recall  f1-score   support

          F     0.8163    0.2597    0.3941       154
          M     0.5598    0.9416    0.7022       154

avg / total     0.6881    0.6006    0.5481       308

weighted f1: 54.8
['F' 'M']
Classifier accuracy train: 51.96
===== dev set ====
Classifier: 51.63
             precision    recall  f1-score   support

          F     0.5084    0.9935    0.6726       153
          M     0.8571    0.0392    0.0750       153

avg / total     0.6828    0.5163    0.3738       306

weighted f1: 37.4
['F' 'M']
Classifier accuracy train: 52.14
===== dev set ====
Classifier: 50.98
             precision    recall  f1-score   support

          F     1.0000    0.0196    0.0385       153
          M     0.5050    1.0000    0.6711       153

avg / total     0.7525    0.5098    0.3548       306

weighted f1: 35.5
['F' 'M']
Classifier accuracy train: 54.46
===== dev set ====
Classifier: 54.90
             precision    recall  f1-score   support

          F     0.5263    0.9804    0.6849       153
          M     0.8571    0.1176    0.2069       153

avg / total     0.6917    0.5490    0.4459       306

weighted f1: 44.6
['F' 'M']
Classifier accuracy train: 70.65
===== dev set ====
Classifier: 66.34
             precision    recall  f1-score   support

          F     0.6214    0.8366    0.7131       153
          M     0.7500    0.4902    0.5929       153

avg / total     0.6857    0.6634    0.6530       306

weighted f1: 65.3
['F' 'M']
Classifier accuracy train: 72.25
===== dev set ====
Classifier: 69.28
             precision    recall  f1-score   support

          F     0.7122    0.6471    0.6781       153
          M     0.6766    0.7386    0.7063       153

avg / total     0.6944    0.6928    0.6922       306

weighted f1: 69.2
['F' 'M']
Classifier accuracy train: 52.75
===== dev set ====
Classifier: 51.63
             precision    recall  f1-score   support

          F     0.5084    0.9935    0.6726       153
          M     0.8571    0.0392    0.0750       153

avg / total     0.6828    0.5163    0.3738       306

weighted f1: 37.4
['F' 'M']
Classifier accuracy train: 57.86
===== dev set ====
Classifier: 58.17
             precision    recall  f1-score   support

          F     0.5458    0.9739    0.6995       153
          M     0.8788    0.1895    0.3118       153

avg / total     0.7123    0.5817    0.5057       306

weighted f1: 50.6
==================================
mean f1: 53.01 (13.19)
mean acc: 59.97 (7.27)
===
first instance
Majority weighted F1: 33.33 acc: 50.00
n_gram 1
data data/PT-data-200tweets.json.balanced.punctCons
folds 10
pred False
C 1
tf_idf False
embeds None
rm_uu False
analyze_features None
show_instance False
only_mean False
test None
c_n_gram 0
