load data..
vectorize data..
Vocab size: 10151
['F' 'M']
Classifier accuracy train: 50.65
===== dev set ====
Classifier: 50.32
             precision    recall  f1-score   support

          F     0.5016    1.0000    0.6681       154
          M     1.0000    0.0065    0.0129       154

avg / total     0.7508    0.5032    0.3405       308

weighted f1: 34.1
['F' 'M']
Classifier accuracy train: 59.03
===== dev set ====
Classifier: 55.52
             precision    recall  f1-score   support

          F     0.5300    0.9740    0.6865       154
          M     0.8400    0.1364    0.2346       154

avg / total     0.6850    0.5552    0.4606       308

weighted f1: 46.1
['F' 'M']
Classifier accuracy train: 51.12
===== dev set ====
Classifier: 50.65
             precision    recall  f1-score   support

          F     0.7500    0.0195    0.0380       154
          M     0.5033    0.9935    0.6681       154

avg / total     0.6266    0.5065    0.3530       308

weighted f1: 35.3
['F' 'M']
Classifier accuracy train: 54.86
===== dev set ====
Classifier: 54.90
             precision    recall  f1-score   support

          F     0.5258    1.0000    0.6892       153
          M     1.0000    0.0980    0.1786       153

avg / total     0.7629    0.5490    0.4339       306

weighted f1: 43.4
['F' 'M']
Classifier accuracy train: 52.32
===== dev set ====
Classifier: 51.63
             precision    recall  f1-score   support

          F     0.5083    1.0000    0.6740       153
          M     1.0000    0.0327    0.0633       153

avg / total     0.7542    0.5163    0.3686       306

weighted f1: 36.9
['F' 'M']
Classifier accuracy train: 57.21
===== dev set ====
Classifier: 57.19
             precision    recall  f1-score   support

          F     0.8056    0.1895    0.3069       153
          M     0.5407    0.9542    0.6903       153

avg / total     0.6731    0.5719    0.4986       306

weighted f1: 49.9
['F' 'M']
Classifier accuracy train: 54.60
===== dev set ====
Classifier: 53.92
             precision    recall  f1-score   support

          F     0.5207    0.9869    0.6817       153
          M     0.8750    0.0915    0.1657       153

avg / total     0.6978    0.5392    0.4237       306

weighted f1: 42.4
['F' 'M']
Classifier accuracy train: 59.24
===== dev set ====
Classifier: 57.84
             precision    recall  f1-score   support

          F     0.7857    0.2157    0.3385       153
          M     0.5455    0.9412    0.6906       153

avg / total     0.6656    0.5784    0.5146       306

weighted f1: 51.5
['F' 'M']
Classifier accuracy train: 52.25
===== dev set ====
Classifier: 51.63
             precision    recall  f1-score   support

          F     1.0000    0.0327    0.0633       153
          M     0.5083    1.0000    0.6740       153

avg / total     0.7542    0.5163    0.3686       306

weighted f1: 36.9
['F' 'M']
Classifier accuracy train: 57.07
===== dev set ====
Classifier: 56.21
             precision    recall  f1-score   support

          F     0.5336    0.9869    0.6927       153
          M     0.9130    0.1373    0.2386       153

avg / total     0.7233    0.5621    0.4656       306

weighted f1: 46.6
==================================
mean f1: 42.28 (5.92)
mean acc: 53.98 (2.62)
===
first instance
Majority weighted F1: 33.33 acc: 50.00
show_instance False
rm_uu False
analyze_features None
tf_idf False
folds 10
embeds None
test None
n_gram 1-3
only_mean False
data data/PT-data-200tweets.json.balanced.punctAgr
pred False
C 1
c_n_gram 0
