load data..
vectorize data..
Vocab size: 135704
['F' 'M']
Classifier accuracy train: 75.56
===== dev set ====
Classifier: 69.48
             precision    recall  f1-score   support

          F     0.6852    0.7208    0.7025       154
          M     0.7055    0.6688    0.6867       154

avg / total     0.6953    0.6948    0.6946       308

weighted f1: 69.5
['F' 'M']
Classifier accuracy train: 56.16
===== dev set ====
Classifier: 52.92
             precision    recall  f1-score   support

          F     0.5153    0.9870    0.6771       154
          M     0.8462    0.0714    0.1317       154

avg / total     0.6807    0.5292    0.4044       308

weighted f1: 40.4
['F' 'M']
Classifier accuracy train: 56.93
===== dev set ====
Classifier: 55.19
             precision    recall  f1-score   support

          F     0.5278    0.9870    0.6878       154
          M     0.9000    0.1169    0.2069       154

avg / total     0.7139    0.5519    0.4473       308

weighted f1: 44.7
['F' 'M']
Classifier accuracy train: 51.34
===== dev set ====
Classifier: 50.33
             precision    recall  f1-score   support

          F     0.6000    0.0196    0.0380       153
          M     0.5017    0.9869    0.6652       153

avg / total     0.5508    0.5033    0.3516       306

weighted f1: 35.2
['F' 'M']
Classifier accuracy train: 53.30
===== dev set ====
Classifier: 50.33
             precision    recall  f1-score   support

          F     0.6000    0.0196    0.0380       153
          M     0.5017    0.9869    0.6652       153

avg / total     0.5508    0.5033    0.3516       306

weighted f1: 35.2
['F' 'M']
Classifier accuracy train: 66.74
===== dev set ====
Classifier: 61.11
             precision    recall  f1-score   support

          F     0.5685    0.9216    0.7032       153
          M     0.7931    0.3007    0.4360       153

avg / total     0.6808    0.6111    0.5696       306

weighted f1: 57.0
['F' 'M']
Classifier accuracy train: 58.12
===== dev set ====
Classifier: 51.96
             precision    recall  f1-score   support

          F     0.5882    0.1307    0.2139       153
          M     0.5110    0.9085    0.6541       153

avg / total     0.5496    0.5196    0.4340       306

weighted f1: 43.4
['F' 'M']
Classifier accuracy train: 75.22
===== dev set ====
Classifier: 70.26
             precision    recall  f1-score   support

          F     0.7013    0.7059    0.7036       153
          M     0.7039    0.6993    0.7016       153

avg / total     0.7026    0.7026    0.7026       306

weighted f1: 70.3
['F' 'M']
Classifier accuracy train: 63.62
===== dev set ====
Classifier: 56.21
             precision    recall  f1-score   support

          F     0.5348    0.9542    0.6854       153
          M     0.7879    0.1699    0.2796       153

avg / total     0.6613    0.5621    0.4825       306

weighted f1: 48.3
['F' 'M']
Classifier accuracy train: 68.66
===== dev set ====
Classifier: 63.40
             precision    recall  f1-score   support

          F     0.7595    0.3922    0.5172       153
          M     0.5903    0.8758    0.7053       153

avg / total     0.6749    0.6340    0.6113       306

weighted f1: 61.1
==================================
mean f1: 50.50 (12.51)
mean acc: 58.12 (7.15)
===
first instance
Majority weighted F1: 33.33 acc: 50.00
tf_idf False
test None
data data/PT-data-200tweets.json.balanced.punctAgr
C 1
n_gram 1-6
analyze_features None
pred False
c_n_gram 0
folds 10
show_instance False
only_mean False
embeds None
rm_uu False
