load data..
vectorize data..
Vocab size: 108444
['F' 'M']
Classifier accuracy train: 71.03
===== dev set ====
Classifier: 64.29
             precision    recall  f1-score   support

          F     0.5894    0.9416    0.7250       154
          M     0.8548    0.3442    0.4907       154

avg / total     0.7221    0.6429    0.6079       308

weighted f1: 60.8
['F' 'M']
Classifier accuracy train: 81.44
===== dev set ====
Classifier: 67.21
             precision    recall  f1-score   support

          F     0.6779    0.6558    0.6667       154
          M     0.6667    0.6883    0.6773       154

avg / total     0.6723    0.6721    0.6720       308

weighted f1: 67.2
['F' 'M']
Classifier accuracy train: 81.25
===== dev set ====
Classifier: 70.78
             precision    recall  f1-score   support

          F     0.6798    0.7857    0.7289       154
          M     0.7462    0.6299    0.6831       154

avg / total     0.7130    0.7078    0.7060       308

weighted f1: 70.6
['F' 'M']
Classifier accuracy train: 54.53
===== dev set ====
Classifier: 50.33
             precision    recall  f1-score   support

          F     0.5385    0.0458    0.0843       153
          M     0.5017    0.9608    0.6592       153

avg / total     0.5201    0.5033    0.3718       306

weighted f1: 37.2
['F' 'M']
Classifier accuracy train: 59.38
===== dev set ====
Classifier: 53.59
             precision    recall  f1-score   support

          F     0.8235    0.0915    0.1647       153
          M     0.5190    0.9804    0.6787       153

avg / total     0.6713    0.5359    0.4217       306

weighted f1: 42.2
['F' 'M']
Classifier accuracy train: 76.81
===== dev set ====
Classifier: 64.38
             precision    recall  f1-score   support

          F     0.6930    0.5163    0.5918       153
          M     0.6146    0.7712    0.6841       153

avg / total     0.6538    0.6438    0.6379       306

weighted f1: 63.8
['F' 'M']
Classifier accuracy train: 72.97
===== dev set ====
Classifier: 64.71
             precision    recall  f1-score   support

          F     0.5934    0.9346    0.7259       153
          M     0.8462    0.3595    0.5046       153

avg / total     0.7198    0.6471    0.6152       306

weighted f1: 61.5
['F' 'M']
Classifier accuracy train: 67.97
===== dev set ====
Classifier: 57.52
             precision    recall  f1-score   support

          F     0.7170    0.2484    0.3689       153
          M     0.5455    0.9020    0.6798       153

avg / total     0.6312    0.5752    0.5244       306

weighted f1: 52.4
['F' 'M']
Classifier accuracy train: 61.52
===== dev set ====
Classifier: 56.21
             precision    recall  f1-score   support

          F     0.9130    0.1373    0.2386       153
          M     0.5336    0.9869    0.6927       153

avg / total     0.7233    0.5621    0.4656       306

weighted f1: 46.6
['F' 'M']
Classifier accuracy train: 54.49
===== dev set ====
Classifier: 55.23
             precision    recall  f1-score   support

          F     0.5276    1.0000    0.6907       153
          M     1.0000    0.1046    0.1893       153

avg / total     0.7638    0.5523    0.4400       306

weighted f1: 44.0
==================================
mean f1: 54.63 (11.07)
mean acc: 60.42 (6.36)
===
first instance
Majority weighted F1: 33.33 acc: 50.00
c_n_gram 0
analyze_features None
tf_idf False
rm_uu False
show_instance False
only_mean False
test None
folds 10
C 1
embeds None
n_gram 1-3
pred False
data data/PT-data-200tweets.json.balanced.shape
