load data..
vectorize data..
Vocab size: 599075
['F' 'M']
Classifier accuracy train: 88.11
===== dev set ====
Classifier: 71.43
             precision    recall  f1-score   support

          F     0.6941    0.7662    0.7284       154
          M     0.7391    0.6623    0.6986       154

avg / total     0.7166    0.7143    0.7135       308

weighted f1: 71.4
['F' 'M']
Classifier accuracy train: 62.76
===== dev set ====
Classifier: 55.52
             precision    recall  f1-score   support

          F     0.7931    0.1494    0.2514       154
          M     0.5305    0.9610    0.6836       154

avg / total     0.6618    0.5552    0.4675       308

weighted f1: 46.7
['F' 'M']
Classifier accuracy train: 59.83
===== dev set ====
Classifier: 59.42
             precision    recall  f1-score   support

          F     0.5527    0.9870    0.7086       154
          M     0.9394    0.2013    0.3316       154

avg / total     0.7461    0.5942    0.5201       308

weighted f1: 52.0
['F' 'M']
Classifier accuracy train: 81.34
===== dev set ====
Classifier: 64.38
             precision    recall  f1-score   support

          F     0.5924    0.9216    0.7212       153
          M     0.8235    0.3660    0.5068       153

avg / total     0.7080    0.6438    0.6140       306

weighted f1: 61.4
['F' 'M']
Classifier accuracy train: 87.32
===== dev set ====
Classifier: 67.65
             precision    recall  f1-score   support

          F     0.6500    0.7647    0.7027       153
          M     0.7143    0.5882    0.6452       153

avg / total     0.6821    0.6765    0.6739       306

weighted f1: 67.4
['F' 'M']
Classifier accuracy train: 62.75
===== dev set ====
Classifier: 53.59
             precision    recall  f1-score   support

          F     0.6667    0.1438    0.2366       153
          M     0.5201    0.9281    0.6667       153

avg / total     0.5934    0.5359    0.4516       306

weighted f1: 45.2
['F' 'M']
Classifier accuracy train: 86.52
===== dev set ====
Classifier: 67.65
             precision    recall  f1-score   support

          F     0.6849    0.6536    0.6689       153
          M     0.6687    0.6993    0.6837       153

avg / total     0.6768    0.6765    0.6763       306

weighted f1: 67.6
['F' 'M']
Classifier accuracy train: 88.80
===== dev set ====
Classifier: 65.36
             precision    recall  f1-score   support

          F     0.6516    0.6601    0.6558       153
          M     0.6556    0.6471    0.6513       153

avg / total     0.6536    0.6536    0.6536       306

weighted f1: 65.4
['F' 'M']
Classifier accuracy train: 87.28
===== dev set ====
Classifier: 71.90
             precision    recall  f1-score   support

          F     0.6893    0.7974    0.7394       153
          M     0.7597    0.6405    0.6950       153

avg / total     0.7245    0.7190    0.7172       306

weighted f1: 71.7
['F' 'M']
Classifier accuracy train: 80.72
===== dev set ====
Classifier: 66.01
             precision    recall  f1-score   support

          F     0.7952    0.4314    0.5593       153
          M     0.6099    0.8889    0.7234       153

avg / total     0.7025    0.6601    0.6414       306

weighted f1: 64.1
==================================
mean f1: 61.29 (9.33)
mean acc: 64.29 (5.92)
===
first instance
Majority weighted F1: 33.33 acc: 50.00
tf_idf False
only_mean False
data data/PT-data-200tweets.json.balanced.shape
analyze_features None
pred False
folds 10
embeds None
c_n_gram 0
rm_uu False
test None
show_instance False
C 1
n_gram 1-5
