load data..
vectorize data..
Vocab size: 313500
['F' 'M']
Classifier accuracy train: 96.30
===== dev set ====
Classifier: 68.18
             precision    recall  f1-score   support

          F     0.6591    0.7532    0.7030       154
          M     0.7121    0.6104    0.6573       154

avg / total     0.6856    0.6818    0.6802       308

weighted f1: 68.0
['F' 'M']
Classifier accuracy train: 95.47
===== dev set ====
Classifier: 65.26
             precision    recall  f1-score   support

          F     0.6218    0.7792    0.6916       154
          M     0.7043    0.5260    0.6022       154

avg / total     0.6631    0.6526    0.6469       308

weighted f1: 64.7
['F' 'M']
Classifier accuracy train: 97.93
===== dev set ====
Classifier: 63.31
             precision    recall  f1-score   support

          F     0.6454    0.5909    0.6169       154
          M     0.6228    0.6753    0.6480       154

avg / total     0.6341    0.6331    0.6325       308

weighted f1: 63.2
['F' 'M']
Classifier accuracy train: 97.90
===== dev set ====
Classifier: 65.69
             precision    recall  f1-score   support

          F     0.6644    0.6340    0.6488       153
          M     0.6500    0.6797    0.6645       153

avg / total     0.6572    0.6569    0.6567       306

weighted f1: 65.7
['F' 'M']
Classifier accuracy train: 97.25
===== dev set ====
Classifier: 65.69
             precision    recall  f1-score   support

          F     0.6558    0.6601    0.6580       153
          M     0.6579    0.6536    0.6557       153

avg / total     0.6569    0.6569    0.6569       306

weighted f1: 65.7
['F' 'M']
Classifier accuracy train: 95.11
===== dev set ====
Classifier: 68.63
             precision    recall  f1-score   support

          F     0.6575    0.7778    0.7126       153
          M     0.7280    0.5948    0.6547       153

avg / total     0.6927    0.6863    0.6836       306

weighted f1: 68.4
['F' 'M']
Classifier accuracy train: 97.10
===== dev set ====
Classifier: 62.09
             precision    recall  f1-score   support

          F     0.6022    0.7124    0.6527       153
          M     0.6480    0.5294    0.5827       153

avg / total     0.6251    0.6209    0.6177       306

weighted f1: 61.8
['F' 'M']
Classifier accuracy train: 97.46
===== dev set ====
Classifier: 64.38
             precision    recall  f1-score   support

          F     0.6692    0.5686    0.6148       153
          M     0.6250    0.7190    0.6687       153

avg / total     0.6471    0.6438    0.6418       306

weighted f1: 64.2
['F' 'M']
Classifier accuracy train: 96.70
===== dev set ====
Classifier: 71.24
             precision    recall  f1-score   support

          F     0.6816    0.7974    0.7349       153
          M     0.7559    0.6275    0.6857       153

avg / total     0.7187    0.7124    0.7103       306

weighted f1: 71.0
['F' 'M']
Classifier accuracy train: 97.75
===== dev set ====
Classifier: 66.67
             precision    recall  f1-score   support

          F     0.6917    0.6013    0.6434       153
          M     0.6474    0.7320    0.6871       153

avg / total     0.6696    0.6667    0.6652       306

weighted f1: 66.5
==================================
mean f1: 65.92 (2.57)
mean acc: 66.11 (2.56)
===
first instance
Majority weighted F1: 33.33 acc: 50.00
analyze_features None
data data/PT-data-200tweets.json.balanced.shape
rm_uu False
folds 10
only_mean False
n_gram 5
show_instance False
tf_idf False
test None
c_n_gram 0
pred False
C 1
embeds None
