load data..
vectorize data..
Vocab size: 4214
['F' 'M']
Classifier accuracy train: 50.11
===== dev set ====
Classifier: 50.00
             precision    recall  f1-score   support

          F     0.0000    0.0000    0.0000       154
          M     0.5000    1.0000    0.6667       154

avg / total     0.2500    0.5000    0.3333       308

weighted f1: 33.3
['F' 'M']
Classifier accuracy train: 50.36
===== dev set ====
Classifier: 50.97
             precision    recall  f1-score   support

          F     1.0000    0.0195    0.0382       154
          M     0.5049    1.0000    0.6710       154

avg / total     0.7525    0.5097    0.3546       308

weighted f1: 35.5
['F' 'M']
Classifier accuracy train: 56.45
===== dev set ====
Classifier: 57.79
             precision    recall  f1-score   support

          F     0.5426    0.9935    0.7018       154
          M     0.9615    0.1623    0.2778       154

avg / total     0.7520    0.5779    0.4898       308

weighted f1: 49.0
['F' 'M']
Classifier accuracy train: 54.49
===== dev set ====
Classifier: 51.31
             precision    recall  f1-score   support

          F     0.5769    0.0980    0.1676       153
          M     0.5071    0.9281    0.6559       153

avg / total     0.5420    0.5131    0.4117       306

weighted f1: 41.2
['F' 'M']
Classifier accuracy train: 53.77
===== dev set ====
Classifier: 51.31
             precision    recall  f1-score   support

          F     0.6429    0.0588    0.1078       153
          M     0.5068    0.9673    0.6652       153

avg / total     0.5749    0.5131    0.3865       306

weighted f1: 38.6
['F' 'M']
Classifier accuracy train: 52.14
===== dev set ====
Classifier: 52.29
             precision    recall  f1-score   support

          F     0.7692    0.0654    0.1205       153
          M     0.5119    0.9804    0.6726       153

avg / total     0.6406    0.5229    0.3966       306

weighted f1: 39.7
['F' 'M']
Classifier accuracy train: 56.16
===== dev set ====
Classifier: 54.58
             precision    recall  f1-score   support

          F     0.5245    0.9804    0.6834       153
          M     0.8500    0.1111    0.1965       153

avg / total     0.6872    0.5458    0.4400       306

weighted f1: 44.0
['F' 'M']
Classifier accuracy train: 64.06
===== dev set ====
Classifier: 59.80
             precision    recall  f1-score   support

          F     0.5573    0.9542    0.7036       153
          M     0.8409    0.2418    0.3756       153

avg / total     0.6991    0.5980    0.5396       306

weighted f1: 54.0
['F' 'M']
Classifier accuracy train: 62.75
===== dev set ====
Classifier: 61.44
             precision    recall  f1-score   support

          F     0.5692    0.9412    0.7094       153
          M     0.8302    0.2876    0.4272       153

avg / total     0.6997    0.6144    0.5683       306

weighted f1: 56.8
['F' 'M']
Classifier accuracy train: 51.99
===== dev set ====
Classifier: 52.61
             precision    recall  f1-score   support

          F     0.8333    0.0654    0.1212       153
          M     0.5136    0.9869    0.6756       153

avg / total     0.6735    0.5261    0.3984       306

weighted f1: 39.8
==================================
mean f1: 43.19 (7.36)
mean acc: 54.21 (3.84)
===
first instance
Majority weighted F1: 33.33 acc: 50.00
rm_uu False
data data/PT-data-200tweets.json.balanced.shape
only_mean False
test None
analyze_features None
embeds None
show_instance False
c_n_gram 0
n_gram 1-1
C 1
folds 10
tf_idf False
pred False
