load data..
vectorize data..
Vocab size: 29355
['F' 'M']
Classifier accuracy train: 62.44
===== dev set ====
Classifier: 59.42
             precision    recall  f1-score   support

          F     0.5527    0.9870    0.7086       154
          M     0.9394    0.2013    0.3316       154

avg / total     0.7461    0.5942    0.5201       308

weighted f1: 52.0
['F' 'M']
Classifier accuracy train: 50.54
===== dev set ====
Classifier: 50.65
             precision    recall  f1-score   support

          F     1.0000    0.0130    0.0256       154
          M     0.5033    1.0000    0.6696       154

avg / total     0.7516    0.5065    0.3476       308

weighted f1: 34.8
['F' 'M']
Classifier accuracy train: 57.87
===== dev set ====
Classifier: 54.87
             precision    recall  f1-score   support

          F     0.7778    0.1364    0.2320       154
          M     0.5267    0.9610    0.6805       154

avg / total     0.6522    0.5487    0.4563       308

weighted f1: 45.6
['F' 'M']
Classifier accuracy train: 67.79
===== dev set ====
Classifier: 59.48
             precision    recall  f1-score   support

          F     0.5551    0.9542    0.7019       153
          M     0.8372    0.2353    0.3673       153

avg / total     0.6962    0.5948    0.5346       306

weighted f1: 53.5
['F' 'M']
Classifier accuracy train: 50.65
===== dev set ====
Classifier: 50.00
             precision    recall  f1-score   support

          F     0.5000    0.0065    0.0129       153
          M     0.5000    0.9935    0.6652       153

avg / total     0.5000    0.5000    0.3391       306

weighted f1: 33.9
['F' 'M']
Classifier accuracy train: 74.02
===== dev set ====
Classifier: 68.30
             precision    recall  f1-score   support

          F     0.7121    0.6144    0.6596       153
          M     0.6609    0.7516    0.7034       153

avg / total     0.6865    0.6830    0.6815       306

weighted f1: 68.2
['F' 'M']
Classifier accuracy train: 65.69
===== dev set ====
Classifier: 61.11
             precision    recall  f1-score   support

          F     0.5669    0.9412    0.7076       153
          M     0.8269    0.2810    0.4195       153

avg / total     0.6969    0.6111    0.5636       306

weighted f1: 56.4
['F' 'M']
Classifier accuracy train: 71.85
===== dev set ====
Classifier: 65.03
             precision    recall  f1-score   support

          F     0.6018    0.8889    0.7177       153
          M     0.7875    0.4118    0.5408       153

avg / total     0.6946    0.6503    0.6292       306

weighted f1: 62.9
['F' 'M']
Classifier accuracy train: 61.92
===== dev set ====
Classifier: 58.82
             precision    recall  f1-score   support

          F     0.5498    0.9739    0.7028       153
          M     0.8857    0.2026    0.3298       153

avg / total     0.7178    0.5882    0.5163       306

weighted f1: 51.6
['F' 'M']
Classifier accuracy train: 53.95
===== dev set ====
Classifier: 54.58
             precision    recall  f1-score   support

          F     0.5243    0.9869    0.6848       153
          M     0.8889    0.1046    0.1871       153

avg / total     0.7066    0.5458    0.4360       306

weighted f1: 43.6
==================================
mean f1: 50.24 (10.52)
mean acc: 58.23 (5.56)
===
first instance
Majority weighted F1: 33.33 acc: 50.00
folds 10
show_instance False
C 1
analyze_features None
c_n_gram 0
pred False
data data/PT-data-200tweets.json.balanced.shape
embeds None
only_mean False
rm_uu False
tf_idf False
test None
n_gram 1-2
