load data..
vectorize data..
Vocab size: 15767905
['F' 'M']
Classifier accuracy train: 100.00
===== dev set ====
Classifier: 72.73
             precision    recall  f1-score   support

          F     0.7273    0.7273    0.7273       154
          M     0.7273    0.7273    0.7273       154

avg / total     0.7273    0.7273    0.7273       308

weighted f1: 72.7
['F' 'M']
Classifier accuracy train: 100.00
===== dev set ====
Classifier: 70.45
             precision    recall  f1-score   support

          F     0.7059    0.7013    0.7036       154
          M     0.7032    0.7078    0.7055       154

avg / total     0.7046    0.7045    0.7045       308

weighted f1: 70.5
['F' 'M']
Classifier accuracy train: 100.00
===== dev set ====
Classifier: 73.05
             precision    recall  f1-score   support

          F     0.7320    0.7273    0.7296       154
          M     0.7290    0.7338    0.7314       154

avg / total     0.7305    0.7305    0.7305       308

weighted f1: 73.1
['F' 'M']
Classifier accuracy train: 100.00
===== dev set ====
Classifier: 74.51
             precision    recall  f1-score   support

          F     0.7660    0.7059    0.7347       153
          M     0.7273    0.7843    0.7547       153

avg / total     0.7466    0.7451    0.7447       306

weighted f1: 74.5
['F' 'M']
Classifier accuracy train: 100.00
===== dev set ====
Classifier: 75.16
             precision    recall  f1-score   support

          F     0.7550    0.7451    0.7500       153
          M     0.7484    0.7582    0.7532       153

avg / total     0.7517    0.7516    0.7516       306

weighted f1: 75.2
['F' 'M']
Classifier accuracy train: 100.00
===== dev set ====
Classifier: 74.84
             precision    recall  f1-score   support

          F     0.7346    0.7778    0.7556       153
          M     0.7639    0.7190    0.7407       153

avg / total     0.7492    0.7484    0.7481       306

weighted f1: 74.8
['F' 'M']
Classifier accuracy train: 100.00
===== dev set ====
Classifier: 70.92
             precision    recall  f1-score   support

          F     0.6951    0.7451    0.7192       153
          M     0.7254    0.6732    0.6983       153

avg / total     0.7102    0.7092    0.7088       306

weighted f1: 70.9
['F' 'M']
Classifier accuracy train: 100.00
===== dev set ====
Classifier: 70.26
             precision    recall  f1-score   support

          F     0.6914    0.7320    0.7111       153
          M     0.7153    0.6732    0.6936       153

avg / total     0.7033    0.7026    0.7024       306

weighted f1: 70.2
['F' 'M']
Classifier accuracy train: 100.00
===== dev set ====
Classifier: 74.18
             precision    recall  f1-score   support

          F     0.7434    0.7386    0.7410       153
          M     0.7403    0.7451    0.7427       153

avg / total     0.7418    0.7418    0.7418       306

weighted f1: 74.2
['F' 'M']
Classifier accuracy train: 100.00
===== dev set ====
Classifier: 73.86
             precision    recall  f1-score   support

          F     0.7239    0.7712    0.7468       153
          M     0.7552    0.7059    0.7297       153

avg / total     0.7396    0.7386    0.7383       306

weighted f1: 73.8
==================================
mean f1: 72.98 (1.76)
mean acc: 73.00 (1.76)
===
first instance
Majority weighted F1: 33.33 acc: 50.00
n_gram 1-6
c_n_gram 0
analyze_features None
tf_idf False
show_instance False
rm_uu False
test None
embeds None
pred False
data data/PT-data-200tweets.json.balanced.vowels
C 1
only_mean False
folds 10
