load data..
vectorize data..
Vocab size: 538511
['F' 'M']
Classifier accuracy train: 100.00
===== dev set ====
Classifier: 72.40
             precision    recall  f1-score   support

          F     0.7379    0.6948    0.7157       154
          M     0.7117    0.7532    0.7319       154

avg / total     0.7248    0.7240    0.7238       308

weighted f1: 72.4
['F' 'M']
Classifier accuracy train: 100.00
===== dev set ====
Classifier: 68.83
             precision    recall  f1-score   support

          F     0.6908    0.6818    0.6863       154
          M     0.6859    0.6948    0.6903       154

avg / total     0.6883    0.6883    0.6883       308

weighted f1: 68.8
['F' 'M']
Classifier accuracy train: 100.00
===== dev set ====
Classifier: 70.13
             precision    recall  f1-score   support

          F     0.7095    0.6818    0.6954       154
          M     0.6937    0.7208    0.7070       154

avg / total     0.7016    0.7013    0.7012       308

weighted f1: 70.1
['F' 'M']
Classifier accuracy train: 99.96
===== dev set ====
Classifier: 69.61
             precision    recall  f1-score   support

          F     0.7174    0.6471    0.6804       153
          M     0.6786    0.7451    0.7103       153

avg / total     0.6980    0.6961    0.6953       306

weighted f1: 69.5
['F' 'M']
Classifier accuracy train: 99.96
===== dev set ====
Classifier: 74.51
             precision    recall  f1-score   support

          F     0.7517    0.7320    0.7417       153
          M     0.7389    0.7582    0.7484       153

avg / total     0.7453    0.7451    0.7451       306

weighted f1: 74.5
['F' 'M']
Classifier accuracy train: 99.96
===== dev set ====
Classifier: 73.86
             precision    recall  f1-score   support

          F     0.7355    0.7451    0.7403       153
          M     0.7417    0.7320    0.7368       153

avg / total     0.7386    0.7386    0.7386       306

weighted f1: 73.9
['F' 'M']
Classifier accuracy train: 100.00
===== dev set ====
Classifier: 68.63
             precision    recall  f1-score   support

          F     0.6887    0.6797    0.6842       153
          M     0.6839    0.6928    0.6883       153

avg / total     0.6863    0.6863    0.6863       306

weighted f1: 68.6
['F' 'M']
Classifier accuracy train: 100.00
===== dev set ====
Classifier: 68.95
             precision    recall  f1-score   support

          F     0.6859    0.6993    0.6926       153
          M     0.6933    0.6797    0.6865       153

avg / total     0.6896    0.6895    0.6895       306

weighted f1: 69.0
['F' 'M']
Classifier accuracy train: 99.96
===== dev set ====
Classifier: 69.93
             precision    recall  f1-score   support

          F     0.6918    0.7190    0.7051       153
          M     0.7075    0.6797    0.6933       153

avg / total     0.6997    0.6993    0.6992       306

weighted f1: 69.9
['F' 'M']
Classifier accuracy train: 100.00
===== dev set ====
Classifier: 70.59
             precision    recall  f1-score   support

          F     0.6957    0.7320    0.7134       153
          M     0.7172    0.6797    0.6980       153

avg / total     0.7064    0.7059    0.7057       306

weighted f1: 70.6
==================================
mean f1: 70.73 (2.01)
mean acc: 70.74 (2.01)
===
first instance
Majority weighted F1: 33.33 acc: 50.00
test None
only_mean False
folds 10
C 1
tf_idf False
pred False
n_gram 1-2
c_n_gram 0
rm_uu False
embeds None
show_instance False
data data/PT-data-200tweets.json.balanced.vowels
analyze_features None
