load data..
vectorize data..
Vocab size: 11193682
['F' 'M']
Classifier accuracy train: 100.00
===== dev set ====
Classifier: 74.03
             precision    recall  f1-score   support

          F     0.7434    0.7338    0.7386       154
          M     0.7372    0.7468    0.7419       154

avg / total     0.7403    0.7403    0.7402       308

weighted f1: 74.0
['F' 'M']
Classifier accuracy train: 100.00
===== dev set ====
Classifier: 70.45
             precision    recall  f1-score   support

          F     0.7006    0.7143    0.7074       154
          M     0.7086    0.6948    0.7016       154

avg / total     0.7046    0.7045    0.7045       308

weighted f1: 70.5
['F' 'M']
Classifier accuracy train: 100.00
===== dev set ====
Classifier: 73.05
             precision    recall  f1-score   support

          F     0.7351    0.7208    0.7279       154
          M     0.7261    0.7403    0.7331       154

avg / total     0.7306    0.7305    0.7305       308

weighted f1: 73.0
['F' 'M']
Classifier accuracy train: 100.00
===== dev set ====
Classifier: 73.20
             precision    recall  f1-score   support

          F     0.7518    0.6928    0.7211       153
          M     0.7152    0.7712    0.7421       153

avg / total     0.7335    0.7320    0.7316       306

weighted f1: 73.2
['F' 'M']
Classifier accuracy train: 100.00
===== dev set ====
Classifier: 76.14
             precision    recall  f1-score   support

          F     0.7632    0.7582    0.7607       153
          M     0.7597    0.7647    0.7622       153

avg / total     0.7614    0.7614    0.7614       306

weighted f1: 76.1
['F' 'M']
Classifier accuracy train: 100.00
===== dev set ====
Classifier: 74.51
             precision    recall  f1-score   support

          F     0.7358    0.7647    0.7500       153
          M     0.7551    0.7255    0.7400       153

avg / total     0.7455    0.7451    0.7450       306

weighted f1: 74.5
['F' 'M']
Classifier accuracy train: 100.00
===== dev set ====
Classifier: 70.59
             precision    recall  f1-score   support

          F     0.6933    0.7386    0.7152       153
          M     0.7203    0.6732    0.6959       153

avg / total     0.7068    0.7059    0.7056       306

weighted f1: 70.6
['F' 'M']
Classifier accuracy train: 100.00
===== dev set ====
Classifier: 70.92
             precision    recall  f1-score   support

          F     0.7000    0.7320    0.7157       153
          M     0.7192    0.6863    0.7023       153

avg / total     0.7096    0.7092    0.7090       306

weighted f1: 70.9
['F' 'M']
Classifier accuracy train: 100.00
===== dev set ====
Classifier: 74.18
             precision    recall  f1-score   support

          F     0.7372    0.7516    0.7443       153
          M     0.7467    0.7320    0.7393       153

avg / total     0.7419    0.7418    0.7418       306

weighted f1: 74.2
['F' 'M']
Classifier accuracy train: 100.00
===== dev set ====
Classifier: 74.51
             precision    recall  f1-score   support

          F     0.7329    0.7712    0.7516       153
          M     0.7586    0.7190    0.7383       153

avg / total     0.7458    0.7451    0.7449       306

weighted f1: 74.5
==================================
mean f1: 73.15 (1.83)
mean acc: 73.16 (1.83)
===
first instance
Majority weighted F1: 33.33 acc: 50.00
folds 10
C 1
show_instance False
analyze_features None
embeds None
test None
c_n_gram 0
pred False
only_mean False
tf_idf False
data data/PT-data-200tweets.json.balanced.vowels
n_gram 1-5
rm_uu False
