load data..
vectorize data..
Vocab size: 55440
['F' 'M']
Classifier accuracy train: 93.69
===== dev set ====
Classifier: 69.48
             precision    recall  f1-score   support

          F     0.6596    0.8052    0.7251       154
          M     0.7500    0.5844    0.6569       154

avg / total     0.7048    0.6948    0.6910       308

weighted f1: 69.1
['F' 'M']
Classifier accuracy train: 73.79
===== dev set ====
Classifier: 60.39
             precision    recall  f1-score   support

          F     0.7424    0.3182    0.4455       154
          M     0.5661    0.8896    0.6919       154

avg / total     0.6543    0.6039    0.5687       308

weighted f1: 56.9
['F' 'M']
Classifier accuracy train: 86.08
===== dev set ====
Classifier: 65.26
             precision    recall  f1-score   support

          F     0.6054    0.8766    0.7162       154
          M     0.7765    0.4286    0.5523       154

avg / total     0.6909    0.6526    0.6342       308

weighted f1: 63.4
['F' 'M']
Classifier accuracy train: 96.30
===== dev set ====
Classifier: 66.34
             precision    recall  f1-score   support

          F     0.6488    0.7124    0.6791       153
          M     0.6812    0.6144    0.6460       153

avg / total     0.6650    0.6634    0.6626       306

weighted f1: 66.3
['F' 'M']
Classifier accuracy train: 96.01
===== dev set ====
Classifier: 70.59
             precision    recall  f1-score   support

          F     0.6909    0.7451    0.7170       153
          M     0.7234    0.6667    0.6939       153

avg / total     0.7072    0.7059    0.7054       306

weighted f1: 70.5
['F' 'M']
Classifier accuracy train: 95.11
===== dev set ====
Classifier: 70.26
             precision    recall  f1-score   support

          F     0.6742    0.7843    0.7251       153
          M     0.7422    0.6209    0.6762       153

avg / total     0.7082    0.7026    0.7006       306

weighted f1: 70.1
['F' 'M']
Classifier accuracy train: 95.00
===== dev set ====
Classifier: 64.71
             precision    recall  f1-score   support

          F     0.6271    0.7255    0.6727       153
          M     0.6744    0.5686    0.6170       153

avg / total     0.6508    0.6471    0.6449       306

weighted f1: 64.5
['F' 'M']
Classifier accuracy train: 95.62
===== dev set ====
Classifier: 66.01
             precision    recall  f1-score   support

          F     0.6667    0.6405    0.6533       153
          M     0.6541    0.6797    0.6667       153

avg / total     0.6604    0.6601    0.6600       306

weighted f1: 66.0
['F' 'M']
Classifier accuracy train: 96.30
===== dev set ====
Classifier: 73.86
             precision    recall  f1-score   support

          F     0.7355    0.7451    0.7403       153
          M     0.7417    0.7320    0.7368       153

avg / total     0.7386    0.7386    0.7386       306

weighted f1: 73.9
['F' 'M']
Classifier accuracy train: 96.30
===== dev set ====
Classifier: 71.24
             precision    recall  f1-score   support

          F     0.7070    0.7255    0.7161       153
          M     0.7181    0.6993    0.7086       153

avg / total     0.7126    0.7124    0.7124       306

weighted f1: 71.2
==================================
mean f1: 67.18 (4.63)
mean acc: 67.81 (3.76)
===
first instance
Majority weighted F1: 33.33 acc: 50.00
only_mean False
n_gram 1-1
pred False
folds 10
tf_idf False
C 1
show_instance False
test None
c_n_gram 0
embeds None
analyze_features None
data data/PT-data-200tweets.json.balanced.vowels
rm_uu False
