load data..
vectorize data..
Vocab size: 6391094
['F' 'M']
Classifier accuracy train: 100.00
===== dev set ====
Classifier: 73.05
             precision    recall  f1-score   support

          F     0.7383    0.7143    0.7261       154
          M     0.7233    0.7468    0.7348       154

avg / total     0.7308    0.7305    0.7304       308

weighted f1: 73.0
['F' 'M']
Classifier accuracy train: 100.00
===== dev set ====
Classifier: 71.75
             precision    recall  f1-score   support

          F     0.7161    0.7208    0.7184       154
          M     0.7190    0.7143    0.7166       154

avg / total     0.7175    0.7175    0.7175       308

weighted f1: 71.8
['F' 'M']
Classifier accuracy train: 100.00
===== dev set ====
Classifier: 72.40
             precision    recall  f1-score   support

          F     0.7285    0.7143    0.7213       154
          M     0.7197    0.7338    0.7267       154

avg / total     0.7241    0.7240    0.7240       308

weighted f1: 72.4
['F' 'M']
Classifier accuracy train: 100.00
===== dev set ====
Classifier: 73.86
             precision    recall  f1-score   support

          F     0.7589    0.6993    0.7279       153
          M     0.7212    0.7778    0.7484       153

avg / total     0.7400    0.7386    0.7382       306

weighted f1: 73.8
['F' 'M']
Classifier accuracy train: 100.00
===== dev set ====
Classifier: 75.82
             precision    recall  f1-score   support

          F     0.7582    0.7582    0.7582       153
          M     0.7582    0.7582    0.7582       153

avg / total     0.7582    0.7582    0.7582       306

weighted f1: 75.8
['F' 'M']
Classifier accuracy train: 100.00
===== dev set ====
Classifier: 74.51
             precision    recall  f1-score   support

          F     0.7389    0.7582    0.7484       153
          M     0.7517    0.7320    0.7417       153

avg / total     0.7453    0.7451    0.7451       306

weighted f1: 74.5
['F' 'M']
Classifier accuracy train: 100.00
===== dev set ====
Classifier: 71.24
             precision    recall  f1-score   support

          F     0.6994    0.7451    0.7215       153
          M     0.7273    0.6797    0.7027       153

avg / total     0.7133    0.7124    0.7121       306

weighted f1: 71.2
['F' 'M']
Classifier accuracy train: 100.00
===== dev set ====
Classifier: 70.59
             precision    recall  f1-score   support

          F     0.6981    0.7255    0.7115       153
          M     0.7143    0.6863    0.7000       153

avg / total     0.7062    0.7059    0.7058       306

weighted f1: 70.6
['F' 'M']
Classifier accuracy train: 100.00
===== dev set ====
Classifier: 73.86
             precision    recall  f1-score   support

          F     0.7325    0.7516    0.7419       153
          M     0.7450    0.7255    0.7351       153

avg / total     0.7387    0.7386    0.7385       306

weighted f1: 73.9
['F' 'M']
Classifier accuracy train: 100.00
===== dev set ====
Classifier: 74.18
             precision    recall  f1-score   support

          F     0.7312    0.7647    0.7476       153
          M     0.7534    0.7190    0.7358       153

avg / total     0.7423    0.7418    0.7417       306

weighted f1: 74.2
==================================
mean f1: 73.11 (1.54)
mean acc: 73.13 (1.54)
===
first instance
Majority weighted F1: 33.33 acc: 50.00
pred False
test None
data data/PT-data-200tweets.json.balanced.vowels
n_gram 1-4
C 1
show_instance False
embeds None
rm_uu False
folds 10
only_mean False
c_n_gram 0
analyze_features None
tf_idf False
