load data..
vectorize data..
Vocab size: 2243435
['F' 'M']
Classifier accuracy train: 100.00
===== dev set ====
Classifier: 52.32
             precision    recall  f1-score   support

          F     0.6243    0.1164    0.1962      4056
          M     0.5128    0.9300    0.6611      4056

avg / total     0.5686    0.5232    0.4286      8112

weighted f1: 42.9
accuracy: 52.3
===
first instance
Majority weighted F1: 33.33 acc: 50.00
data data/EN-data-200tweets.json.balanced.comb
analyze_features None
test data/ES-data-200tweets.json.balanced.comb
tf_idf False
embeds None
folds 10
show_instance False
pred False
n_gram 5
C 1
c_n_gram 0
only_mean False
rm_uu False
