load data..
vectorize data..
Vocab size: 4756960
['F' 'M']
Classifier accuracy train: 100.00
===== dev set ====
Classifier: 52.80
             precision    recall  f1-score   support

          F     0.5151    0.9553    0.6693       447
          M     0.6923    0.1007    0.1758       447

avg / total     0.6037    0.5280    0.4225       894

weighted f1: 42.3
accuracy: 52.8
===
first instance
Majority weighted F1: 33.33 acc: 50.00
analyze_features None
data data/EN-data-200tweets.json.balanced
pred False
embeds None
folds 10
show_instance False
only_mean False
C 1
test data/NL-data-200tweets.json.balanced
tf_idf False
c_n_gram 3-6
rm_uu False
n_gram 1-2
