load data..
vectorize data..
Vocab size: 2243435
['F' 'M']
Classifier accuracy train: 100.00
===== dev set ====
Classifier: 53.47
             precision    recall  f1-score   support

          F     0.6566    0.1454    0.2381       447
          M     0.5195    0.9239    0.6651       447

avg / total     0.5880    0.5347    0.4516       894

weighted f1: 45.2
accuracy: 53.5
===
first instance
Majority weighted F1: 33.33 acc: 50.00
folds 10
analyze_features None
c_n_gram 0
rm_uu False
tf_idf False
data data/EN-data-200tweets.json.balanced.comb
embeds None
n_gram 5
only_mean False
pred False
C 1
test data/NL-data-200tweets.json.balanced.comb
show_instance False
