load data..
vectorize data..
Vocab size: 2243435
['F' 'M']
Classifier accuracy train: 100.00
===== dev set ====
Classifier: 50.49
             precision    recall  f1-score   support

          F     0.5263    0.0978    0.1650      1533
          M     0.5027    0.9119    0.6481      1533

avg / total     0.5145    0.5049    0.4066      3066

weighted f1: 40.7
accuracy: 50.5
===
first instance
Majority weighted F1: 33.33 acc: 50.00
tf_idf False
folds 10
pred False
n_gram 5
data data/EN-data-200tweets.json.balanced.comb
c_n_gram 0
C 1
analyze_features None
rm_uu False
test data/PT-data-200tweets.json.balanced.comb
only_mean False
embeds None
show_instance False
