load data..
vectorize data..
Vocab size: 19777788
['F' 'M']
Classifier accuracy train: 100.00
===== dev set ====
Classifier: 50.11
             precision    recall  f1-score   support

          F     1.0000    0.0022    0.0045       447
          M     0.5006    1.0000    0.6672       447

avg / total     0.7503    0.5011    0.3358       894

weighted f1: 33.6
accuracy: 50.1
===
first instance
Majority weighted F1: 33.33 acc: 50.00
test data/NL-data-200tweets.json.balanced
embeds None
only_mean False
folds 10
analyze_features None
data data/ES-data-200tweets.json.balanced
pred False
c_n_gram 3-6
show_instance False
rm_uu False
C 1
tf_idf False
n_gram 1-2
