load data..
vectorize data..
Vocab size: 13568044
['F' 'M']
Classifier accuracy train: 98.82
===== dev set ====
Classifier: 51.45
             precision    recall  f1-score   support

          F     0.8095    0.0380    0.0726       447
          M     0.5074    0.9911    0.6712       447

avg / total     0.6585    0.5145    0.3719       894

weighted f1: 37.2
accuracy: 51.5
===
first instance
Majority weighted F1: 33.33 acc: 50.00
rm_uu False
n_gram 5
show_instance False
folds 10
pred False
C 1
test data/NL-data-200tweets.json.balanced.comb
data data/ES-data-200tweets.json.balanced.comb
tf_idf False
embeds None
analyze_features None
c_n_gram 0
only_mean False
