load data..
vectorize data..
Vocab size: 13568044
['F' 'M']
Classifier accuracy train: 98.82
===== dev set ====
Classifier: 64.81
             precision    recall  f1-score   support

          F     0.7360    0.4618    0.5675      1533
          M     0.6079    0.8343    0.7033      1533

avg / total     0.6719    0.6481    0.6354      3066

weighted f1: 63.5
accuracy: 64.8
===
first instance
Majority weighted F1: 33.33 acc: 50.00
test data/PT-data-200tweets.json.balanced.comb
only_mean False
folds 10
tf_idf False
pred False
rm_uu False
n_gram 5
data data/ES-data-200tweets.json.balanced.comb
c_n_gram 0
embeds None
show_instance False
analyze_features None
C 1
