load data..
vectorize data..
Vocab size: 2396129
['F' 'M']
Classifier accuracy train: 100.00
===== dev set ====
Classifier: 62.38
             precision    recall  f1-score   support

          F     0.6152    0.6607    0.6372      4056
          M     0.6337    0.5868    0.6093      4056

avg / total     0.6244    0.6238    0.6233      8112

weighted f1: 62.3
accuracy: 62.4
===
first instance
Majority weighted F1: 33.33 acc: 50.00
data data/FR-data-200tweets.json.balanced.comb
n_gram 5
C 1
tf_idf False
c_n_gram 0
show_instance False
embeds None
test data/ES-data-200tweets.json.balanced.comb
pred False
rm_uu False
folds 10
analyze_features None
only_mean False
