load data..
vectorize data..
Vocab size: 4532682
['F' 'M']
Classifier accuracy train: 100.00
===== dev set ====
Classifier: 55.18
             precision    recall  f1-score   support

          F     0.7245    0.1671    0.2715       425
          M     0.5293    0.9365    0.6763       425

avg / total     0.6269    0.5518    0.4739       850

weighted f1: 47.4
accuracy: 55.2
===
first instance
Majority weighted F1: 33.33 acc: 50.00
folds 10
only_mean False
analyze_features None
test data/EN-data-200tweets.json.balanced
tf_idf False
C 1
embeds None
pred False
data data/FR-data-200tweets.json.balanced
show_instance False
rm_uu False
c_n_gram 3-6
n_gram 1-2
