load data..
vectorize data..
Vocab size: 2396129
['F' 'M']
Classifier accuracy train: 100.00
===== dev set ====
Classifier: 58.47
             precision    recall  f1-score   support

          F     0.5586    0.8071    0.6603       425
          M     0.6525    0.3624    0.4660       425

avg / total     0.6056    0.5847    0.5631       850

weighted f1: 56.3
accuracy: 58.5
===
first instance
Majority weighted F1: 33.33 acc: 50.00
c_n_gram 0
tf_idf False
pred False
folds 10
test data/EN-data-200tweets.json.balanced.comb
embeds None
show_instance False
analyze_features None
n_gram 5
only_mean False
C 1
data data/FR-data-200tweets.json.balanced.comb
rm_uu False
