load data..
vectorize data..
Vocab size: 2396129
['F' 'M']
Classifier accuracy train: 100.00
===== dev set ====
Classifier: 62.75
             precision    recall  f1-score   support

          F     0.6757    0.4902    0.5682        51
          M     0.6000    0.7647    0.6724        51

avg / total     0.6378    0.6275    0.6203       102

weighted f1: 62.0
['F' 'M']
Classifier accuracy train: 100.00
===== dev set ====
Classifier: 73.53
             precision    recall  f1-score   support

          F     0.7000    0.8235    0.7568        51
          M     0.7857    0.6471    0.7097        51

avg / total     0.7429    0.7353    0.7332       102

weighted f1: 73.3
['F' 'M']
Classifier accuracy train: 100.00
===== dev set ====
Classifier: 68.63
             precision    recall  f1-score   support

          F     0.7568    0.5490    0.6364        51
          M     0.6462    0.8235    0.7241        51

avg / total     0.7015    0.6863    0.6803       102

weighted f1: 68.0
['F' 'M']
Classifier accuracy train: 100.00
===== dev set ====
Classifier: 69.61
             precision    recall  f1-score   support

          F     0.6724    0.7647    0.7156        51
          M     0.7273    0.6275    0.6737        51

avg / total     0.6998    0.6961    0.6946       102

weighted f1: 69.5
['F' 'M']
Classifier accuracy train: 100.00
===== dev set ====
Classifier: 64.00
             precision    recall  f1-score   support

          F     0.6667    0.5600    0.6087        50
          M     0.6207    0.7200    0.6667        50

avg / total     0.6437    0.6400    0.6377       100

weighted f1: 63.8
['F' 'M']
Classifier accuracy train: 100.00
===== dev set ====
Classifier: 59.00
             precision    recall  f1-score   support

          F     0.6286    0.4400    0.5176        50
          M     0.5692    0.7400    0.6435        50

avg / total     0.5989    0.5900    0.5806       100

weighted f1: 58.1
['F' 'M']
Classifier accuracy train: 100.00
===== dev set ====
Classifier: 73.00
             precision    recall  f1-score   support

          F     0.7255    0.7400    0.7327        50
          M     0.7347    0.7200    0.7273        50

avg / total     0.7301    0.7300    0.7300       100

weighted f1: 73.0
['F' 'M']
Classifier accuracy train: 100.00
===== dev set ====
Classifier: 70.00
             precision    recall  f1-score   support

          F     0.6724    0.7800    0.7222        50
          M     0.7381    0.6200    0.6739        50

avg / total     0.7053    0.7000    0.6981       100

weighted f1: 69.8
['F' 'M']
Classifier accuracy train: 100.00
===== dev set ====
Classifier: 71.00
             precision    recall  f1-score   support

          F     0.6981    0.7400    0.7184        50
          M     0.7234    0.6800    0.7010        50

avg / total     0.7108    0.7100    0.7097       100

weighted f1: 71.0
['F' 'M']
Classifier accuracy train: 100.00
===== dev set ====
Classifier: 72.00
             precision    recall  f1-score   support

          F     0.6833    0.8200    0.7455        50
          M     0.7750    0.6200    0.6889        50

avg / total     0.7292    0.7200    0.7172       100

weighted f1: 71.7
==================================
mean f1: 68.02 (4.84)
mean acc: 68.35 (4.59)
===
first instance
Majority weighted F1: 33.33 acc: 50.00
analyze_features None
only_mean False
test None
pred False
rm_uu False
c_n_gram 0
embeds None
tf_idf False
show_instance False
n_gram 5
folds 10
C 1
data data/FR-data-200tweets.json.balanced.comb
