load data..
vectorize data..
Vocab size: 4532682
['F' 'M']
Classifier accuracy train: 100.00
===== dev set ====
Classifier: 50.00
             precision    recall  f1-score   support

          F     0.0000    0.0000    0.0000       447
          M     0.5000    1.0000    0.6667       447

avg / total     0.2500    0.5000    0.3333       894

weighted f1: 33.3
accuracy: 50.0
===
first instance
Majority weighted F1: 33.33 acc: 50.00
n_gram 1-2
embeds None
show_instance False
folds 10
test data/NL-data-200tweets.json.balanced
pred False
C 1
rm_uu False
data data/FR-data-200tweets.json.balanced
c_n_gram 3-6
only_mean False
analyze_features None
tf_idf False
