load data..
vectorize data..
Vocab size: 2396129
['F' 'M']
Classifier accuracy train: 100.00
===== dev set ====
Classifier: 65.88
             precision    recall  f1-score   support

          F     0.6360    0.7427    0.6852       447
          M     0.6909    0.5749    0.6276       447

avg / total     0.6634    0.6588    0.6564       894

weighted f1: 65.6
accuracy: 65.9
===
first instance
Majority weighted F1: 33.33 acc: 50.00
c_n_gram 0
pred False
data data/FR-data-200tweets.json.balanced.comb
folds 10
rm_uu False
n_gram 5
C 1
show_instance False
only_mean False
test data/NL-data-200tweets.json.balanced.comb
tf_idf False
analyze_features None
embeds None
