load data..
vectorize data..
Vocab size: 2396129
['F' 'M']
Classifier accuracy train: 100.00
===== dev set ====
Classifier: 64.74
             precision    recall  f1-score   support

          F     0.6260    0.7326    0.6751      1533
          M     0.6777    0.5623    0.6146      1533

avg / total     0.6518    0.6474    0.6448      3066

weighted f1: 64.5
accuracy: 64.7
===
first instance
Majority weighted F1: 33.33 acc: 50.00
tf_idf False
n_gram 5
rm_uu False
show_instance False
data data/FR-data-200tweets.json.balanced.comb
only_mean False
analyze_features None
pred False
c_n_gram 0
C 1
folds 10
embeds None
test data/PT-data-200tweets.json.balanced.comb
