load data..
vectorize data..
Vocab size: 4762071
['F' 'M']
Classifier accuracy train: 100.00
===== dev set ====
Classifier: 50.30
             precision    recall  f1-score   support

          F     0.8000    0.0079    0.0157       504
          M     0.5015    0.9980    0.6676       504

avg / total     0.6507    0.5030    0.3416      1008

weighted f1: 34.2
accuracy: 50.3
===
first instance
Majority weighted F1: 33.33 acc: 50.00
folds 10
rm_uu False
show_instance False
analyze_features None
data data/NL-data-200tweets.json.balanced
tf_idf False
test data/FR-data-200tweets.json.balanced
only_mean False
c_n_gram 3-6
n_gram 1-2
C 1
pred False
embeds None
