load data..
vectorize data..
Vocab size: 2162419
['F' 'M']
Classifier accuracy train: 99.88
===== dev set ====
Classifier: 75.56
             precision    recall  f1-score   support

          F     0.7347    0.8000    0.7660        45
          M     0.7805    0.7111    0.7442        45

avg / total     0.7576    0.7556    0.7551        90

weighted f1: 75.5
['F' 'M']
Classifier accuracy train: 99.88
===== dev set ====
Classifier: 66.67
             precision    recall  f1-score   support

          F     0.6923    0.6000    0.6429        45
          M     0.6471    0.7333    0.6875        45

avg / total     0.6697    0.6667    0.6652        90

weighted f1: 66.5
['F' 'M']
Classifier accuracy train: 99.88
===== dev set ====
Classifier: 72.22
             precision    recall  f1-score   support

          F     0.6923    0.8000    0.7423        45
          M     0.7632    0.6444    0.6988        45

avg / total     0.7277    0.7222    0.7205        90

weighted f1: 72.1
['F' 'M']
Classifier accuracy train: 99.88
===== dev set ====
Classifier: 70.00
             precision    recall  f1-score   support

          F     0.6731    0.7778    0.7216        45
          M     0.7368    0.6222    0.6747        45

avg / total     0.7050    0.7000    0.6982        90

weighted f1: 69.8
['F' 'M']
Classifier accuracy train: 99.88
===== dev set ====
Classifier: 77.78
             precision    recall  f1-score   support

          F     0.7358    0.8667    0.7959        45
          M     0.8378    0.6889    0.7561        45

avg / total     0.7868    0.7778    0.7760        90

weighted f1: 77.6
['F' 'M']
Classifier accuracy train: 99.88
===== dev set ====
Classifier: 68.89
             precision    recall  f1-score   support

          F     0.6977    0.6667    0.6818        45
          M     0.6809    0.7111    0.6957        45

avg / total     0.6893    0.6889    0.6887        90

weighted f1: 68.9
['F' 'M']
Classifier accuracy train: 99.88
===== dev set ====
Classifier: 71.11
             precision    recall  f1-score   support

          F     0.7209    0.6889    0.7045        45
          M     0.7021    0.7333    0.7174        45

avg / total     0.7115    0.7111    0.7110        90

weighted f1: 71.1
['F' 'M']
Classifier accuracy train: 99.88
===== dev set ====
Classifier: 73.86
             precision    recall  f1-score   support

          F     0.7692    0.6818    0.7229        44
          M     0.7143    0.7955    0.7527        44

avg / total     0.7418    0.7386    0.7378        88

weighted f1: 73.8
['F' 'M']
Classifier accuracy train: 99.88
===== dev set ====
Classifier: 72.73
             precision    recall  f1-score   support

          F     0.7083    0.7727    0.7391        44
          M     0.7500    0.6818    0.7143        44

avg / total     0.7292    0.7273    0.7267        88

weighted f1: 72.7
['F' 'M']
Classifier accuracy train: 100.00
===== dev set ====
Classifier: 69.32
             precision    recall  f1-score   support

          F     0.6809    0.7273    0.7033        44
          M     0.7073    0.6591    0.6824        44

avg / total     0.6941    0.6932    0.6928        88

weighted f1: 69.3
==================================
mean f1: 71.72 (3.15)
mean acc: 71.81 (3.16)
===
first instance
Majority weighted F1: 33.33 acc: 50.00
rm_uu False
pred False
tf_idf False
only_mean False
analyze_features None
C 1
c_n_gram 0
folds 10
show_instance False
embeds None
n_gram 5
data data/NL-data-200tweets.json.balanced.comb
test None
