load data..
vectorize data..
Vocab size: 4762071
['F' 'M']
Classifier accuracy train: 100.00
===== dev set ====
Classifier: 83.33
             precision    recall  f1-score   support

          F     0.8125    0.8667    0.8387        45
          M     0.8571    0.8000    0.8276        45

avg / total     0.8348    0.8333    0.8331        90

weighted f1: 83.3
['F' 'M']
Classifier accuracy train: 100.00
===== dev set ====
Classifier: 72.22
             precision    recall  f1-score   support

          F     0.7174    0.7333    0.7253        45
          M     0.7273    0.7111    0.7191        45

avg / total     0.7223    0.7222    0.7222        90

weighted f1: 72.2
['F' 'M']
Classifier accuracy train: 100.00
===== dev set ====
Classifier: 88.89
             precision    recall  f1-score   support

          F     0.9070    0.8667    0.8864        45
          M     0.8723    0.9111    0.8913        45

avg / total     0.8897    0.8889    0.8888        90

weighted f1: 88.9
['F' 'M']
Classifier accuracy train: 100.00
===== dev set ====
Classifier: 84.44
             precision    recall  f1-score   support

          F     0.8444    0.8444    0.8444        45
          M     0.8444    0.8444    0.8444        45

avg / total     0.8444    0.8444    0.8444        90

weighted f1: 84.4
['F' 'M']
Classifier accuracy train: 100.00
===== dev set ====
Classifier: 83.33
             precision    recall  f1-score   support

          F     0.8125    0.8667    0.8387        45
          M     0.8571    0.8000    0.8276        45

avg / total     0.8348    0.8333    0.8331        90

weighted f1: 83.3
['F' 'M']
Classifier accuracy train: 100.00
===== dev set ====
Classifier: 80.00
             precision    recall  f1-score   support

          F     0.8000    0.8000    0.8000        45
          M     0.8000    0.8000    0.8000        45

avg / total     0.8000    0.8000    0.8000        90

weighted f1: 80.0
['F' 'M']
Classifier accuracy train: 100.00
===== dev set ====
Classifier: 80.00
             precision    recall  f1-score   support

          F     0.7755    0.8444    0.8085        45
          M     0.8293    0.7556    0.7907        45

avg / total     0.8024    0.8000    0.7996        90

weighted f1: 80.0
['F' 'M']
Classifier accuracy train: 100.00
===== dev set ====
Classifier: 78.41
             precision    recall  f1-score   support

          F     0.7660    0.8182    0.7912        44
          M     0.8049    0.7500    0.7765        44

avg / total     0.7854    0.7841    0.7838        88

weighted f1: 78.4
['F' 'M']
Classifier accuracy train: 100.00
===== dev set ====
Classifier: 84.09
             precision    recall  f1-score   support

          F     0.8571    0.8182    0.8372        44
          M     0.8261    0.8636    0.8444        44

avg / total     0.8416    0.8409    0.8408        88

weighted f1: 84.1
['F' 'M']
Classifier accuracy train: 100.00
===== dev set ====
Classifier: 78.41
             precision    recall  f1-score   support

          F     0.7778    0.7955    0.7865        44
          M     0.7907    0.7727    0.7816        44

avg / total     0.7842    0.7841    0.7841        88

weighted f1: 78.4
==================================
mean f1: 81.30 (4.31)
mean acc: 81.31 (4.31)
===
first instance
Majority weighted F1: 33.33 acc: 50.00
pred False
show_instance False
test None
only_mean False
folds 10
tf_idf False
analyze_features None
embeds None
data data/NL-data-200tweets.json.balanced
C 1
rm_uu False
n_gram 1-2
c_n_gram 3-6
