load data..
vectorize data..
Vocab size: 4762071
['F' 'M']
Classifier accuracy train: 100.00
===== dev set ====
Classifier: 50.03
             precision    recall  f1-score   support

          F     0.5714    0.0026    0.0052      1533
          M     0.5002    0.9980    0.6664      1533

avg / total     0.5358    0.5003    0.3358      3066

weighted f1: 33.6
accuracy: 50.0
===
first instance
Majority weighted F1: 33.33 acc: 50.00
tf_idf False
rm_uu False
test data/PT-data-200tweets.json.balanced
n_gram 1-2
analyze_features None
only_mean False
data data/NL-data-200tweets.json.balanced
show_instance False
embeds None
C 1
folds 10
pred False
c_n_gram 3-6
