load data..
vectorize data..
Vocab size: 5797917
['F' 'M']
Classifier accuracy train: 97.20
===== dev set ====
Classifier: 55.53
             precision    recall  f1-score   support

          F     0.6556    0.2329    0.3438       425
          M     0.5336    0.8776    0.6637       425

avg / total     0.5946    0.5553    0.5037       850

weighted f1: 50.4
accuracy: 55.5
===
first instance
Majority weighted F1: 33.33 acc: 50.00
data data/PT-data-200tweets.json.balanced.comb
pred False
show_instance False
c_n_gram 0
folds 10
rm_uu False
only_mean False
n_gram 5
embeds None
analyze_features None
test data/EN-data-200tweets.json.balanced.comb
tf_idf False
C 1
