load data..
vectorize data..
Vocab size: 5797725
['F' 'M']
Classifier accuracy train: 90.28
===== dev set ====
Classifier: 54.66
             precision    recall  f1-score   support

          F     0.5250    0.9786    0.6834      4056
          M     0.8424    0.1146    0.2018      4056

avg / total     0.6837    0.5466    0.4426      8112

weighted f1: 44.3
accuracy: 54.7
===
first instance
Majority weighted F1: 33.33 acc: 50.00
tf_idf False
c_n_gram 0
test data/ES-data-200tweets.json.balanced.comb
folds 10
analyze_features None
only_mean False
rm_uu False
embeds None
n_gram 5
C 1
pred False
show_instance False
data data/PT-data-200tweets.json.balanced.comb
