load data..
vectorize data..
Vocab size: 9607836
['F' 'M']
Classifier accuracy train: 100.00
===== dev set ====
Classifier: 59.62
             precision    recall  f1-score   support

          F     0.5712    0.7718    0.6565       504
          M     0.6483    0.4206    0.5102       504

avg / total     0.6098    0.5962    0.5834      1008

weighted f1: 58.3
accuracy: 59.6
===
first instance
Majority weighted F1: 33.33 acc: 50.00
c_n_gram 3-6
tf_idf False
data data/PT-data-200tweets.json.balanced
only_mean False
embeds None
C 1
n_gram 1-2
analyze_features None
folds 10
rm_uu False
pred False
show_instance False
test data/FR-data-200tweets.json.balanced
