load data..
vectorize data..
Vocab size: 5797725
['F' 'M']
Classifier accuracy train: 98.88
===== dev set ====
Classifier: 73.05
             precision    recall  f1-score   support

          F     0.7152    0.7662    0.7398       154
          M     0.7483    0.6948    0.7205       154

avg / total     0.7317    0.7305    0.7302       308

weighted f1: 73.0
['F' 'M']
Classifier accuracy train: 99.09
===== dev set ====
Classifier: 68.83
             precision    recall  f1-score   support

          F     0.6790    0.7143    0.6962       154
          M     0.6986    0.6623    0.6800       154

avg / total     0.6888    0.6883    0.6881       308

weighted f1: 68.8
['F' 'M']
Classifier accuracy train: 99.67
===== dev set ====
Classifier: 65.58
             precision    recall  f1-score   support

          F     0.6579    0.6494    0.6536       154
          M     0.6538    0.6623    0.6581       154

avg / total     0.6559    0.6558    0.6558       308

weighted f1: 65.6
['F' 'M']
Classifier accuracy train: 99.78
===== dev set ====
Classifier: 72.22
             precision    recall  f1-score   support

          F     0.7208    0.7255    0.7231       153
          M     0.7237    0.7190    0.7213       153

avg / total     0.7222    0.7222    0.7222       306

weighted f1: 72.2
['F' 'M']
Classifier accuracy train: 95.25
===== dev set ====
Classifier: 61.76
             precision    recall  f1-score   support

          F     0.8103    0.3072    0.4455       153
          M     0.5726    0.9281    0.7082       153

avg / total     0.6915    0.6176    0.5769       306

weighted f1: 57.7
['F' 'M']
Classifier accuracy train: 99.35
===== dev set ====
Classifier: 69.61
             precision    recall  f1-score   support

          F     0.6829    0.7320    0.7066       153
          M     0.7113    0.6601    0.6847       153

avg / total     0.6971    0.6961    0.6957       306

weighted f1: 69.6
['F' 'M']
Classifier accuracy train: 98.73
===== dev set ====
Classifier: 63.07
             precision    recall  f1-score   support

          F     0.6852    0.4837    0.5670       153
          M     0.6010    0.7778    0.6781       153

avg / total     0.6431    0.6307    0.6226       306

weighted f1: 62.3
['F' 'M']
Classifier accuracy train: 96.85
===== dev set ====
Classifier: 65.69
             precision    recall  f1-score   support

          F     0.6121    0.8562    0.7139       153
          M     0.7609    0.4575    0.5714       153

avg / total     0.6865    0.6569    0.6427       306

weighted f1: 64.3
['F' 'M']
Classifier accuracy train: 99.75
===== dev set ====
Classifier: 70.59
             precision    recall  f1-score   support

          F     0.7006    0.7190    0.7097       153
          M     0.7114    0.6928    0.7020       153

avg / total     0.7060    0.7059    0.7058       306

weighted f1: 70.6
['F' 'M']
Classifier accuracy train: 99.82
===== dev set ====
Classifier: 70.92
             precision    recall  f1-score   support

          F     0.7353    0.6536    0.6920       153
          M     0.6882    0.7647    0.7245       153

avg / total     0.7118    0.7092    0.7082       306

weighted f1: 70.8
==================================
mean f1: 67.48 (4.66)
mean acc: 68.13 (3.69)
===
first instance
Majority weighted F1: 33.33 acc: 50.00
c_n_gram 0
analyze_features None
embeds None
rm_uu False
pred False
C 1
n_gram 5
only_mean False
tf_idf False
folds 10
show_instance False
test None
data data/PT-data-200tweets.json.balanced.comb
