load data..
vectorize data..
Vocab size: 4004921
['F' 'M']
Classifier accuracy train: 100.00
===== dev set ====
Classifier: 81.00
             precision    recall  f1-score   support

          F     0.8039    0.8200    0.8119       100
          M     0.8163    0.8000    0.8081       100

avg / total     0.8101    0.8100    0.8100       200

weighted f1: 81.0
accuracy: 81.0
===
first instance
Majority weighted F1: 33.33 acc: 50.00
C 1
test data_humans/NL.filtered.test
c_n_gram 3-6
rm_uu False
folds 10
n_gram 1-2
data data_humans/NL.filtered.train
tf_idf False
embeds None
show_instance False
only_mean False
analyze_features None
pred False
