load data..
vectorize data..
Vocab size: 4004921
['F' 'M']
Classifier accuracy train: 100.00
===== dev set ====
Classifier: 69.00
             precision    recall  f1-score   support

          F     0.7065    0.6500    0.6771       100
          M     0.6759    0.7300    0.7019       100

avg / total     0.6912    0.6900    0.6895       200

weighted f1: 69.0
accuracy: 69.0
===
first instance
Majority weighted F1: 33.33 acc: 50.00
rm_uu False
folds 10
show_instance False
n_gram 1-2
c_n_gram 3-6
only_mean False
pred False
embeds None
test data_humans/NL.filtered.test.20
analyze_features None
C 1
tf_idf False
data data_humans/NL.filtered.train
