load data..
vectorize data..
Vocab size: 4532682
['F' 'M']
Classifier accuracy train: 100.00
===== dev set ====
Classifier: 50.00
             precision    recall  f1-score   support

          F     0.0000    0.0000    0.0000       100
          M     0.5000    1.0000    0.6667       100

avg / total     0.2500    0.5000    0.3333       200

weighted f1: 33.3
accuracy: 50.0
===
first instance
Majority weighted F1: 33.33 acc: 50.00
folds 10
data data/FR-data-200tweets.json.balanced
n_gram 1-2
embeds None
C 1
analyze_features None
only_mean False
test data_humans/NL.filtered.test.20
pred False
rm_uu False
c_n_gram 3-6
show_instance False
tf_idf False
